number,value,datetime_start,datetime_complete,duration,params_colsample_bytree,params_gamma,params_learning_rate,params_max_depth,params_min_child_weight,params_reg_alpha,params_reg_lambda,params_subsample,state
174,0.8849364613880744,2026-03-23 17:59:38.528827,2026-03-23 17:59:38.834596,0 days 00:00:00.305769,0.921550795468297,2.6307557205672834,0.11123117392751691,8,1.1889167649678458,0.0012890927499986148,0.03899658804464125,0.8279490997370771,COMPLETE
175,0.8861153470185729,2026-03-23 17:59:38.854686,2026-03-23 17:59:39.171536,0 days 00:00:00.316850,0.9340181556462218,3.2338427135809242,0.10058652168805551,8,1.1384362227816582,0.00309343161404664,0.06890197807382406,0.8629820322924245,COMPLETE
176,0.8846041055718475,2026-03-23 17:59:39.190036,2026-03-23 17:59:39.505437,0 days 00:00:00.315401,0.9345277153209937,3.2270453096103324,0.10086397102658806,8,1.1304624912389114,0.003239492404469625,0.06944553784460049,0.8716912524865036,COMPLETE
177,0.8853225806451612,2026-03-23 17:59:39.526235,2026-03-23 17:59:39.820054,0 days 00:00:00.293819,0.9426790558203411,2.3763150375336,0.12595324022464618,8,1.0466098027908148,0.0018677480642041338,0.06004239268748704,0.8526471123006677,COMPLETE
178,0.8836959921798633,2026-03-23 17:59:39.842581,2026-03-23 17:59:40.159518,0 days 00:00:00.316937,0.9868108283821662,2.1939113051545,0.10950388753599631,8,1.313338312785456,0.015147325369359149,0.026890555865762684,0.8070629294218563,COMPLETE
179,0.8857996089931575,2026-03-23 17:59:40.178190,2026-03-23 17:59:40.505370,0 days 00:00:00.327180,0.9311387280824923,2.4436027158166937,0.08606311965354073,8,1.103408633084917,0.00022888125005621177,0.04880556578555003,0.8806724059213824,COMPLETE
180,0.8841182795698925,2026-03-23 17:59:40.525944,2026-03-23 17:59:40.860947,0 days 00:00:00.335003,0.9030158124266098,3.024850039774294,0.0887307604911774,8,1.117678046931135,0.0001981983039360391,0.08190055074692412,0.9057969011535133,COMPLETE
181,0.8839775171065495,2026-03-23 17:59:40.877988,2026-03-23 17:59:41.189749,0 days 00:00:00.311761,0.9311996324197763,2.4848571857197745,0.09631920943956224,8,1.175507685431292,0.0004502853105107689,0.05704292214498433,0.8818905773812914,COMPLETE
182,0.8836705767350929,2026-03-23 17:59:41.210823,2026-03-23 17:59:41.524084,0 days 00:00:00.313261,0.9215886292168665,2.3159149101304197,0.0839583249358865,8,1.239463100156397,0.0028462820919694784,0.048783235339775285,0.8626891937266915,COMPLETE
183,0.8854164222873901,2026-03-23 17:59:41.543977,2026-03-23 17:59:41.850475,0 days 00:00:00.306498,0.9498743895634338,2.736023171210253,0.11641427110439499,8,1.0684916560762412,0.0010776337778315398,0.03377239551004145,0.8964955811289956,COMPLETE
184,0.8865601173020528,2026-03-23 17:59:41.869753,2026-03-23 17:59:42.185182,0 days 00:00:00.315429,0.9405533730537524,2.566123063942268,0.10509429318843629,8,1.1340774068775168,0.005003803705930085,0.04158267016963666,0.8769796534827654,COMPLETE
185,0.8840518084066472,2026-03-23 17:59:42.204033,2026-03-23 17:59:42.511882,0 days 00:00:00.307849,0.965176933396718,2.629192966892244,0.1052866053648713,8,1.1025711422136866,0.008044775208213235,0.015945429724407243,0.8829263036386888,COMPLETE
186,0.8842834799608993,2026-03-23 17:59:42.531960,2026-03-23 17:59:42.863100,0 days 00:00:00.331140,0.941172360513267,2.4253515524119127,0.09255730768827991,8,1.1597401941614942,0.0004950353506324808,0.028477527590809817,0.8728185928925851,COMPLETE
187,0.8825503421309874,2026-03-23 17:59:42.883906,2026-03-23 17:59:43.210726,0 days 00:00:00.326820,0.9125676635106137,2.8021883501819858,0.09846499885684586,8,1.0320833600589494,0.0002450841381277668,0.03767566334788508,0.837068599270772,COMPLETE
188,0.8838250244379277,2026-03-23 17:59:43.230463,2026-03-23 17:59:43.527210,0 days 00:00:00.296747,0.926756690360258,2.581662247710448,0.10438781353717112,8,1.0859886504661922,0.0016508108401810202,0.020042896523293767,0.8642355716896254,COMPLETE
189,0.8827565982404693,2026-03-23 17:59:43.546133,2026-03-23 17:59:43.847553,0 days 00:00:00.301420,0.9615092365484305,2.427512407070143,0.08514358877125054,8,1.1441577002739691,0.0008016268048383777,0.07126534088753018,0.8769689497064359,COMPLETE
190,0.8852306940371455,2026-03-23 17:59:43.867714,2026-03-23 17:59:44.188167,0 days 00:00:00.320453,0.9516052833411506,2.2747867010729794,0.11597596879573731,8,1.001404855069645,0.00033942652823396063,0.04027132305007846,0.890031795414101,COMPLETE
191,0.8870840664711632,2026-03-23 17:59:44.208126,2026-03-23 17:59:44.510722,0 days 00:00:00.302596,0.9380911262182936,2.540071654147953,0.13971919330598523,8,1.2527309940881002,0.004312845109215754,0.048150918520031526,0.8568799473271819,COMPLETE
192,0.8860654936461388,2026-03-23 17:59:44.528357,2026-03-23 17:59:44.850389,0 days 00:00:00.322032,0.9390536705324752,2.5310367738698774,0.1417261931621593,8,1.253062956840952,0.0026295597823527772,0.05486800217958968,0.8473639680519972,COMPLETE
193,0.8847458455522972,2026-03-23 17:59:44.868952,2026-03-23 17:59:45.168674,0 days 00:00:00.299722,0.9389724615764535,2.5298288110739104,0.144247804011408,8,1.2563793956167204,0.005562992159925056,0.0555866548763602,0.8437872686614525,COMPLETE
194,0.8850400782013685,2026-03-23 17:59:45.189629,2026-03-23 17:59:45.489714,0 days 00:00:00.300085,0.9247611609850868,2.6229485283732648,0.1592836499591678,8,1.1849434379173502,0.0034934552867385213,0.049718652983859,0.8591473199336012,COMPLETE
195,0.8856608015640274,2026-03-23 17:59:45.507315,2026-03-23 17:59:45.807292,0 days 00:00:00.299977,0.9173453411237718,2.701123332181928,0.12922467862854098,8,1.1226807854438767,0.009802005029090786,0.08514863410882897,0.8495037923044347,COMPLETE
196,0.8854740957966765,2026-03-23 17:59:45.827967,2026-03-23 17:59:46.112528,0 days 00:00:00.284561,0.9179755522966193,2.7045910823161305,0.12940148346726546,8,1.3420104493281029,0.009361040839793253,0.09163914782985813,0.8677703336919006,COMPLETE
197,0.8860351906158357,2026-03-23 17:59:46.131722,2026-03-23 17:59:46.451592,0 days 00:00:00.319870,0.9087881432478094,2.4826990653459826,0.13561989011141093,8,1.267396073278354,0.006080321341140047,0.06342314674973512,0.847551286859358,COMPLETE
198,0.8839149560117301,2026-03-23 17:59:46.470820,2026-03-23 17:59:46.770525,0 days 00:00:00.299705,0.9045224944339657,2.3885497133023263,0.14770952364910536,8,1.2533563094645988,0.03346355313630937,0.07911763058895974,0.8484871191209123,COMPLETE
199,0.8852228739002933,2026-03-23 17:59:46.790607,2026-03-23 17:59:47.060314,0 days 00:00:00.269707,0.8948068032128533,2.4394697342162606,0.15424285246724567,8,1.0806932616824492,0.014219799209986917,0.06600149823633562,0.8608819705091797,COMPLETE
200,0.8837448680351906,2026-03-23 17:59:47.080148,2026-03-23 17:59:47.385524,0 days 00:00:00.305376,0.9111944889134256,2.3263637273664735,0.13782580424723628,8,1.3859036365348818,0.006012867101123438,0.09480425294659486,0.8394783400916019,COMPLETE
201,0.8873958944281526,2026-03-23 17:59:47.404569,2026-03-23 17:59:47.717247,0 days 00:00:00.312678,0.9277888386347173,2.5437844509480882,0.13092817245424287,8,1.19786218202067,0.004148922289818982,0.05597119863959787,0.8484341622016811,COMPLETE
202,0.8838162267839687,2026-03-23 17:59:47.735682,2026-03-23 17:59:48.058708,0 days 00:00:00.323026,0.9304018158044194,2.528298488192096,0.12674556224740682,8,1.1478501398284042,0.009791650250221348,0.06385084761373061,0.8557634561285875,COMPLETE
203,0.8839687194525905,2026-03-23 17:59:48.079315,2026-03-23 17:59:48.392508,0 days 00:00:00.313193,0.9176717379586796,2.6566603987907227,0.14068526771577705,8,1.2935375058669136,0.00342990190379116,0.05782064887991273,0.8445888485182496,COMPLETE
204,0.8837350928641252,2026-03-23 17:59:48.410675,2026-03-23 17:59:48.745604,0 days 00:00:00.334929,0.9257381301943133,2.1671230200003273,0.13260127408017583,8,1.2119179158661637,0.004037719465371256,0.07808310474064759,0.824459660909507,COMPLETE
205,0.8856089931573803,2026-03-23 17:59:48.767694,2026-03-23 17:59:49.091460,0 days 00:00:00.323766,0.942451611059172,2.4895504321896063,0.12307622107950131,8,1.1420848036823137,0.006841707196698303,0.043911739973571236,0.8497226375374473,COMPLETE
206,0.883733137829912,2026-03-23 17:59:49.110902,2026-03-23 17:59:49.412780,0 days 00:00:00.301878,0.9377191831918287,2.7824844431218554,0.12200496694148066,8,1.0420105272203861,0.010869549599203027,0.06741028463486534,0.8671628963505491,COMPLETE
207,0.8846754643206255,2026-03-23 17:59:49.433307,2026-03-23 17:59:49.767858,0 days 00:00:00.334551,0.9090734616347895,2.5756370144586023,0.14255026162637283,8,1.139322604580046,0.020922426228178873,0.031935183287903735,0.8343786819310325,COMPLETE
208,0.8845317693059629,2026-03-23 17:59:49.788860,2026-03-23 17:59:50.107598,0 days 00:00:00.318738,0.9215359646005635,2.716451021398185,0.12472013527385968,8,1.0796902586315813,0.006340001125312558,0.05100603767513235,0.8159053844758273,COMPLETE
209,0.885099706744868,2026-03-23 17:59:50.126741,2026-03-23 17:59:50.400568,0 days 00:00:00.273827,0.9317233672667486,2.4598979921956827,0.1343180151206314,8,1.178389665005266,0.0023928048575386873,0.04139324072823514,0.8461451994806963,COMPLETE
210,0.8854711632453568,2026-03-23 17:59:50.420635,2026-03-23 17:59:50.701835,0 days 00:00:00.281200,0.9394166243980089,2.2800101044796093,0.11225951776684343,8,1.114886368397812,0.005969293153802806,0.057552455001567,0.8586657734312724,COMPLETE
211,0.8859530791788855,2026-03-23 17:59:50.722659,2026-03-23 17:59:51.036507,0 days 00:00:00.313848,0.9447225495639907,2.5521450379641886,0.1217849618391903,8,1.2267379424811924,0.004426079270047751,0.04565664709152907,0.8513066271121207,COMPLETE
212,0.883880742913001,2026-03-23 17:59:51.056270,2026-03-23 17:59:51.393741,0 days 00:00:00.337471,0.9276555829150767,2.5305416095343314,0.12193768609777567,8,1.202393708662377,0.004786693629949187,0.041380255257880014,0.8408316445569868,COMPLETE
213,0.886603128054741,2026-03-23 17:59:51.413714,2026-03-23 17:59:51.744580,0 days 00:00:00.330866,0.9453290217276712,2.6013623321493453,0.13151767647753523,8,1.2483513478617536,0.010152717943577952,0.03474257859522205,0.8507067672774107,COMPLETE
214,0.8815112414467253,2026-03-23 17:59:51.763499,2026-03-23 17:59:52.063482,0 days 00:00:00.299983,0.9156902819093197,2.6523959120135174,0.1506258613169724,8,1.2396514498250726,0.002414215213802392,0.03491876103233691,0.8302486371895493,COMPLETE
215,0.8853401759530792,2026-03-23 17:59:52.079700,2026-03-23 17:59:52.389262,0 days 00:00:00.309562,0.9553390744399527,2.7880180635088143,0.13190732033360822,8,1.2587184370092315,0.013765941940429613,0.02860222417615266,0.8685508931229196,COMPLETE
216,0.8857194525904203,2026-03-23 17:59:52.408579,2026-03-23 17:59:52.729523,0 days 00:00:00.320944,0.9323570464346977,2.6243600442455524,0.14055031827850903,8,1.1784498443159181,0.003760429451356766,0.05307730978550412,0.8783584356322163,COMPLETE
217,0.8833206256109482,2026-03-23 17:59:52.749114,2026-03-23 17:59:53.047466,0 days 00:00:00.298352,0.9337658985493339,2.5929188986634673,0.1422857266950801,8,1.338132632790405,0.003484163212164493,0.050149086770743756,0.8828176799980209,COMPLETE
218,0.8853333333333334,2026-03-23 17:59:53.067246,2026-03-23 17:59:53.398863,0 days 00:00:00.331617,0.9458587037545138,2.351680956668081,0.1750403978269311,8,1.1865298547760044,0.001556898844028865,0.03593679024272365,0.8764966550331265,COMPLETE
219,0.8861212121212122,2026-03-23 17:59:53.417435,2026-03-23 17:59:53.736594,0 days 00:00:00.319159,0.9376496100421529,2.56195009584706,0.13696896320094826,8,1.0649504881233842,0.002230163682618616,0.058585242862017835,0.8601255484251052,COMPLETE
220,0.8850869990224829,2026-03-23 17:59:53.757311,2026-03-23 17:59:52.086885,-1 days +23:59:58.329574,0.95290069733023,3.351924359550729,0.16894255925276663,8,1.0580891841486404,0.0021195252272406487,0.023078666363919212,0.8619878152418801,COMPLETE
221,0.8886275659824047,2026-03-23 17:59:52.106290,2026-03-23 17:59:52.419491,0 days 00:00:00.313201,0.9380837746855037,2.574393122767878,0.13824681720279208,8,1.1901339235163628,0.0041059764543498415,0.05656015219586593,0.8558081158585114,COMPLETE
222,0.8853812316715541,2026-03-23 17:59:52.440903,2026-03-23 17:59:52.721136,0 days 00:00:00.280233,0.9407518169004863,2.4008128502252575,0.1350864101815949,8,1.0916770751685796,0.0028910738511471233,0.06362042645602985,0.8547719206071696,COMPLETE
223,0.8827360703812316,2026-03-23 17:59:52.740417,2026-03-23 17:59:53.049306,0 days 00:00:00.308889,0.9248815729327615,2.548965521404042,0.15067456099395593,8,1.251803366530433,0.00536705882044319,0.04441122765918238,0.8408504786026588,COMPLETE
224,0.8860303030303031,2026-03-23 17:59:53.070208,2026-03-23 17:59:53.386593,0 days 00:00:00.316385,0.9458314786093791,2.440137198065667,0.11765951079562335,8,1.0423848070194222,0.0018643114712467161,0.058722160988429854,0.8599578839344281,COMPLETE
225,0.8834907135874879,2026-03-23 17:59:53.410970,2026-03-23 17:59:53.759102,0 days 00:00:00.348132,0.9477215788747705,0.15800170258003687,0.11634513591910181,8,1.0456895147657252,0.001832851260702838,0.06860978277901823,0.8597472262160087,COMPLETE
226,0.8827057673509286,2026-03-23 17:59:53.778166,2026-03-23 17:59:54.084788,0 days 00:00:00.306622,0.9578682173143283,2.5624184378301704,0.12676164545944366,8,4.973745152070588,0.002687674586193356,0.05728020200185682,0.8499457139922706,COMPLETE
227,0.8765972629521015,2026-03-23 17:59:54.105156,2026-03-23 17:59:54.410345,0 days 00:00:00.305189,0.9696626842967963,2.6976521641527076,0.015177228948972032,8,1.0356962169267314,0.004412285070120649,0.03045153666387014,0.8677511504073834,COMPLETE
228,0.8842502443792768,2026-03-23 17:59:54.429386,2026-03-23 17:59:54.768503,0 days 00:00:00.339117,0.938487041414847,2.2057794719552435,0.11128582159026179,8,1.2048808207373911,0.001550656669050349,0.07306421888524581,0.8351207873970974,COMPLETE
229,0.8841466275659824,2026-03-23 17:59:54.787828,2026-03-23 17:59:55.079078,0 days 00:00:00.291250,0.9462013654599435,2.8070136151567207,0.18903646545458222,8,1.3125424205765446,0.0009890507923104638,0.042843260908909594,0.8553218372758485,COMPLETE
230,0.8842649071358748,2026-03-23 17:59:55.098564,2026-03-23 17:59:55.433906,0 days 00:00:00.335342,0.9248602941924327,2.365117763159676,0.11974543259811891,8,1.1492631219956255,0.00225140817394941,0.03564731955352897,0.8432943292284987,COMPLETE
231,0.8846627565982406,2026-03-23 17:59:55.454376,2026-03-23 17:59:55.782531,0 days 00:00:00.328155,0.9339893161695193,2.4411716939420787,0.14081379660875662,8,1.101600473961804,0.0042035458537662915,0.05049378692632229,0.8704680245498874,COMPLETE
232,0.8848299120234604,2026-03-23 17:59:55.802076,2026-03-23 17:59:56.087465,0 days 00:00:00.285389,0.9394264056600068,2.484408391808437,0.13243119281543697,8,1.0002904826973056,0.0013731456704565103,0.05813975090081251,0.8632143922642209,COMPLETE
233,0.8846823069403714,2026-03-23 17:59:56.106271,2026-03-23 17:59:56.418529,0 days 00:00:00.312258,0.9299487700137805,2.5849295800649874,0.12688239883337502,8,1.0925453612348037,0.007145773337529183,0.04937264140465082,0.8523635616183528,COMPLETE
234,0.8867429130009774,2026-03-23 17:59:56.439551,2026-03-23 17:59:56.754009,0 days 00:00:00.314458,0.9541824551026534,2.6320511890932954,0.1093494511295448,8,1.1491083618234383,0.003021082312800397,0.03791069601340177,0.8280295661997886,COMPLETE
235,0.8841788856304986,2026-03-23 17:59:56.777105,2026-03-23 17:59:57.096100,0 days 00:00:00.318995,0.9769068754532954,2.666692218654876,0.11130205647523332,8,1.2020775223562328,0.002727556883340488,1.9537308895424716,0.8258965742227679,COMPLETE
236,0.8851309872922776,2026-03-23 17:59:57.115002,2026-03-23 17:59:57.434905,0 days 00:00:00.319903,0.9615649424998015,2.5643387567230627,0.11836759729081295,8,1.1476444464209736,0.001872596941573009,0.036338386963395884,0.8328809994397451,COMPLETE
237,0.8853831867057673,2026-03-23 17:59:57.455163,2026-03-23 17:59:57.798095,0 days 00:00:00.342932,0.9542116346711907,2.874594234525743,0.10863484549461909,8,1.2569978283919563,0.004168165210677844,0.027483864112220563,0.8199108098697692,COMPLETE
238,0.8844506353861192,2026-03-23 17:59:57.818100,2026-03-23 17:59:58.098699,0 days 00:00:00.280599,0.9480153804759011,2.755905200783155,0.1560951796629102,8,1.175861405343141,0.003033707258494586,0.040791629047966925,0.8413682922120955,COMPLETE
239,0.887386119257087,2026-03-23 17:59:58.117972,2026-03-23 17:59:58.424065,0 days 00:00:00.306093,0.9414068593503166,2.636268878669871,0.13520191753265537,8,1.058829000507447,0.00750766889846957,0.031912285212757414,0.8482973775082107,COMPLETE
240,0.8862189638318672,2026-03-23 17:59:58.443753,2026-03-23 17:59:58.767163,0 days 00:00:00.323410,0.9592089055661697,2.3048622321944277,0.13273953184507584,8,1.0535355155583734,0.010356532779674531,0.032147579330402645,0.8467543013443951,COMPLETE
241,0.885900293255132,2026-03-23 17:59:58.788352,2026-03-23 17:59:59.119024,0 days 00:00:00.330672,0.967180251560024,2.2725052055347335,0.13408204343786112,8,1.04748179268821,0.007591678777798802,0.030864614101369817,0.8492662099426554,COMPLETE
242,0.8872922776148582,2026-03-23 17:59:59.138774,2026-03-23 17:59:59.460748,0 days 00:00:00.321974,0.9716637506089214,2.3638741334712554,0.13584315052959925,8,1.0637126312677512,0.00928967131666244,0.03129475765415548,0.8465459661296316,COMPLETE
243,0.8859364613880742,2026-03-23 17:59:59.483459,2026-03-23 17:59:59.808786,0 days 00:00:00.325327,0.956894547599348,2.1214022193579507,0.13673140750318855,8,1.0426639418174246,0.019553883678826784,0.03209981357470327,0.8584143702892635,COMPLETE
244,0.8869765395894429,2026-03-23 17:59:59.828282,2026-03-23 18:00:00.156863,0 days 00:00:00.328581,0.9653350147271483,2.2868132810371486,0.14566690582543879,8,1.0371764645574544,0.020290669285293474,0.03182366291133842,0.8589874772911841,COMPLETE
245,0.8877008797653959,2026-03-23 18:00:00.177348,2026-03-23 18:00:00.475696,0 days 00:00:00.298348,0.9630877997771929,2.1181768790178426,0.14573040538679455,8,1.011036462636666,0.02962955582696052,0.0324224660010974,0.8606981019846108,COMPLETE
246,0.886605083088954,2026-03-23 18:00:00.498189,2026-03-23 18:00:00.839855,0 days 00:00:00.341666,0.9611554272270053,2.060618944595846,0.14848317296437116,8,1.016757499429644,0.019698036067386644,0.03604016386681748,0.8648068307133341,COMPLETE
247,0.8862942326490713,2026-03-23 18:00:00.861514,2026-03-23 18:00:01.178948,0 days 00:00:00.317434,0.9786796003772973,2.070931402765864,0.16238064470223051,8,1.0199500475488097,0.023793522025813002,0.026769127023149604,0.8627253073698997,COMPLETE
248,0.8827673509286413,2026-03-23 18:00:01.201917,2026-03-23 18:00:01.532420,0 days 00:00:00.330503,0.9853046760238048,2.1324477213487714,0.16083076679977684,8,1.0033937416728433,0.03152359263757044,0.026256644170728743,0.8649068035667764,COMPLETE
249,0.8877233626588464,2026-03-23 18:00:01.556431,2026-03-23 18:00:01.887991,0 days 00:00:00.331560,0.9773754225963939,2.018993896052653,0.14774118154891544,8,1.006142698757603,0.050051365085924164,0.03574574164477337,0.8718103930830079,COMPLETE
250,0.8854565004887585,2026-03-23 18:00:01.908921,2026-03-23 18:00:02.195936,0 days 00:00:00.287015,0.9759101343891088,2.0654550965816165,0.150163981438404,8,1.0267353161858386,0.09246452350101725,0.03651919780562082,0.8699695913300727,COMPLETE
251,0.8868621700879765,2026-03-23 18:00:02.216240,2026-03-23 18:00:02.521124,0 days 00:00:00.304884,0.9858842553362417,2.0776485646121077,0.16144086124189222,8,1.0148060943270545,0.051004916971276626,0.028593108178025316,0.8694445516678021,COMPLETE
252,0.8851221896383188,2026-03-23 18:00:02.542436,2026-03-23 18:00:02.858937,0 days 00:00:00.316501,0.9887764100724784,1.9489044288929367,0.16239771291367688,8,1.0016285838799337,0.029533836762648532,0.027605298558869392,0.8722232851090774,COMPLETE
253,0.885646138807429,2026-03-23 18:00:02.879833,2026-03-23 18:00:03.191414,0 days 00:00:00.311581,0.9942760298059719,2.104726547244112,0.1492268388920545,8,1.0022746779162341,0.04607388714400343,0.033059402926162745,0.870483396482028,COMPLETE
254,0.8866578690127077,2026-03-23 18:00:03.210053,2026-03-23 18:00:03.591515,0 days 00:00:00.381462,0.9779734667733332,2.0168141484256252,0.18329299243137565,8,1.0620210395781433,0.06269095767166452,0.025426135533521566,0.8630300616888275,COMPLETE
255,0.8843108504398827,2026-03-23 18:00:03.623759,2026-03-23 18:00:04.059565,0 days 00:00:00.435806,0.9765896838777245,2.0447526225316817,0.18660420985457812,8,1.053552436642567,0.05262905531205478,0.02343056983882847,0.875379570298997,COMPLETE
256,0.8825151515151515,2026-03-23 18:00:04.083385,2026-03-23 18:00:04.377464,0 days 00:00:00.294079,0.9802691467574097,1.9637175128687334,0.17483372806711184,8,1.0012932359616182,0.06269957333478775,0.027542265462409704,0.8634504036933031,COMPLETE
257,0.8856187683284458,2026-03-23 18:00:04.408911,2026-03-23 18:00:04.824615,0 days 00:00:00.415704,0.9671357801688394,1.9846120959406621,0.1688023833684805,8,1.0694429948294393,0.10771702253383297,0.030780782316019297,0.8862038616708012,COMPLETE
258,0.8849941348973607,2026-03-23 18:00:04.856595,2026-03-23 18:00:05.286801,0 days 00:00:00.430206,0.98631720077994,1.8851239569153675,0.1569827344316702,8,1.067159239162973,0.045213406356944694,0.023032268812970047,0.8633027959566997,COMPLETE
259,0.8853734115347018,2026-03-23 18:00:05.318838,2026-03-23 18:00:05.704685,0 days 00:00:00.385847,0.9712376658936474,2.1589056045935826,0.1864258492715885,8,1.089729061209111,0.02571278207066894,0.03832547527582869,0.8577223788188107,COMPLETE
260,0.8865444770283479,2026-03-23 18:00:05.741399,2026-03-23 18:00:06.161488,0 days 00:00:00.420089,0.9950611296015595,2.0049727635293744,0.14950535274227206,8,1.0507009266405871,0.06724866897968558,0.03212968891621646,0.8750222841740206,COMPLETE
261,0.8852590420332356,2026-03-23 18:00:06.193776,2026-03-23 18:00:06.568407,0 days 00:00:00.374631,0.9920702993396524,2.0469143165503136,0.19841636200199678,8,2.8479727634609064,0.05050169005192079,0.029797419838858905,0.8773605844741929,COMPLETE
