number,value,datetime_start,datetime_complete,duration,params_colsample_bytree,params_gamma,params_learning_rate,params_max_depth,params_min_child_weight,params_reg_alpha,params_reg_lambda,params_subsample,state
1142,0.8814418377321602,2026-03-23 18:04:23.541734,2026-03-23 18:04:23.850770,0 days 00:00:00.309036,0.9820509517729678,1.3274292133109018,0.12456920444341807,8,6.575468363292715,0.009933950428262903,0.013870151727907372,0.8788397589186846,COMPLETE
1143,0.8855278592375366,2026-03-23 18:04:23.866166,2026-03-23 18:04:24.143157,0 days 00:00:00.276991,0.96460887948237,1.151339586717544,0.19604932776134548,8,1.4256457111728134,0.027890529613362695,0.03544818900801762,0.8563606449421666,COMPLETE
1144,0.8803519061583577,2026-03-23 18:04:24.156880,2026-03-23 18:04:24.416285,0 days 00:00:00.259405,0.9779356705387704,1.4236476614956997,0.14205664223484168,8,1.265420340981183,0.01890031367630821,0.017483874452439048,0.871455837477981,COMPLETE
1145,0.88572238514174,2026-03-23 18:04:24.431832,2026-03-23 18:04:24.703375,0 days 00:00:00.271543,0.9858368402016049,1.5192808085089897,0.1310735191992813,8,1.2261615597596944,0.003987120659966957,1.4117409038473754,0.861881935308194,COMPLETE
1146,0.8818338220918865,2026-03-23 18:04:24.720400,2026-03-23 18:04:25.081842,0 days 00:00:00.361442,0.9729535860196966,1.2997640068935352,0.16691419188206186,3,1.3764027378976054,0.014938635540229573,0.02265910165822935,0.8421520200737672,COMPLETE
1147,0.8840742913000977,2026-03-23 18:04:25.097288,2026-03-23 18:04:25.368126,0 days 00:00:00.270838,0.7166332633839295,1.4477270660254973,0.15448916153471937,8,2.9223522171653027,5.514126562324287e-08,0.029240983477160132,0.8498132075716235,COMPLETE
1148,0.8853900293255133,2026-03-23 18:04:25.384007,2026-03-23 18:04:25.673472,0 days 00:00:00.289465,0.9495838682530201,0.9816916144037392,0.12034096844638859,8,1.2863390531093086,0.02925275489224478,0.025202804895426107,0.8824561958419153,COMPLETE
1149,0.8852267839687195,2026-03-23 18:04:25.690133,2026-03-23 18:04:25.973835,0 days 00:00:00.283702,0.9934794411927277,1.5462719489737562,0.1374693508101596,8,1.1734124944716593,0.0412995382479213,0.04053613594427204,0.8682803223223167,COMPLETE
1150,0.8855767350928642,2026-03-23 18:04:25.990980,2026-03-23 18:04:26.275359,0 days 00:00:00.284379,0.9855857913604766,1.078230703140295,0.12401668142081115,8,1.2123373047235486,2.0824910516560133,0.017838766294682864,0.8621754437373842,COMPLETE
1151,0.8853655913978495,2026-03-23 18:04:26.291647,2026-03-23 18:04:24.585257,-1 days +23:59:58.293610,0.9612838402377526,1.489770015804043,0.14943849568279677,8,1.3073636177917531,0.008647905274827028,2.2538622452248016,0.8879614932040569,COMPLETE
1152,0.8850469208211144,2026-03-23 18:04:24.601051,2026-03-23 18:04:24.881730,0 days 00:00:00.280679,0.9762397113434119,1.2482267382744614,0.13024160293164008,8,1.1999017937600032,0.02086046280065971,0.011657076211165813,0.8746639588358892,COMPLETE
1153,0.8844838709677418,2026-03-23 18:04:24.898160,2026-03-23 18:04:25.228367,0 days 00:00:00.330207,0.9676496345241933,1.6325106371552995,0.06384144623368444,8,1.3421828780966534,0.06067731292081824,0.03040062407160122,0.9067845017644524,COMPLETE
1154,0.8840635386119258,2026-03-23 18:04:25.244650,2026-03-23 18:04:25.547887,0 days 00:00:00.303237,0.9992815891488136,0.8938416865077601,0.17878100280660966,8,1.1645327677095973,0.04540231045082147,0.015573464393233776,0.85364082338333,COMPLETE
1155,0.8853167155425221,2026-03-23 18:04:25.562157,2026-03-23 18:04:25.852565,0 days 00:00:00.290408,0.9828911894949924,1.592895568059644,0.11987094143221548,8,1.2629818410210303,0.02071193177036301,0.021688695373085213,0.842476049759915,COMPLETE
1156,0.8858748778103618,2026-03-23 18:04:25.870022,2026-03-23 18:04:26.138489,0 days 00:00:00.268467,0.9924093029387339,1.5417048795640333,0.14332446781064903,8,1.562512206139796,0.005188500723272287,0.03548800093365805,0.8591164190802447,COMPLETE
1157,0.8837448680351907,2026-03-23 18:04:26.154384,2026-03-23 18:04:26.404124,0 days 00:00:00.249740,0.9556922606886038,1.4198479966026385,0.16170607953994087,8,2.702202073693846,0.0773413491848345,0.026426710568551753,0.6044302276431961,COMPLETE
1158,0.8844369501466275,2026-03-23 18:04:26.420457,2026-03-23 18:04:26.708349,0 days 00:00:00.287892,0.9754370429227862,1.642165165873975,0.1160358975006395,8,1.1623590183149164,0.012233331448906083,0.04883705003858644,0.8684700820316321,COMPLETE
1159,0.8801260997067448,2026-03-23 18:04:26.723793,2026-03-23 18:04:27.245489,0 days 00:00:00.521696,0.9864084165080294,2.6014500060673367,0.018914981076617186,7,3.4940437714826706,1.443520788947489,0.013973371679417524,0.8500276648259518,COMPLETE
1160,0.8854369501466276,2026-03-23 18:04:27.261459,2026-03-23 18:04:27.557726,0 days 00:00:00.296267,0.9677399126411175,1.3474778138036514,0.13371230311759805,8,1.201290214221804,0.03052085324120856,0.019941931039112536,0.8756270414889413,COMPLETE
1161,0.8832277614858262,2026-03-23 18:04:27.573595,2026-03-23 18:04:27.890249,0 days 00:00:00.316654,0.9802053322181133,1.4663861418235786,0.1721188591125839,8,1.1281899672846594,0.00227315904429889,0.03138915625920734,0.8619210113821762,COMPLETE
1162,0.8788699902248289,2026-03-23 18:04:27.909509,2026-03-23 18:04:28.164287,0 days 00:00:00.254778,0.992712423764796,2.433896007461836,0.12691260897354414,8,8.012670101531837,0.006099787437101564,0.024472059678329206,0.837504656146495,COMPLETE
1163,0.8837800586510265,2026-03-23 18:04:28.180164,2026-03-23 18:04:28.458506,0 days 00:00:00.278342,0.9468066760366185,2.771608205124785,0.14415742007305532,8,1.4432219419481742,0.11732168176136047,0.040034589525057646,0.8824213033031945,COMPLETE
1164,0.8869051808406647,2026-03-23 18:04:28.473898,2026-03-23 18:04:28.760817,0 days 00:00:00.286919,0.9604861943170849,1.596236800170068,0.15432663350300865,8,1.2644678909331553,0.9862773928164447,0.018158860448401037,0.8943446877516639,COMPLETE
1165,0.8858328445747801,2026-03-23 18:04:28.780191,2026-03-23 18:04:29.028030,0 days 00:00:00.247839,0.9747800580874882,1.688877417122347,0.18740053809874455,8,1.1147850901016225,0.06113918962422621,0.03502231851212105,0.8695051433245552,COMPLETE
1166,0.8836041055718475,2026-03-23 18:04:29.043970,2026-03-23 18:04:29.321679,0 days 00:00:00.277709,0.9861049385322322,1.1892747032799622,0.11804921984912936,8,1.2036143053256583,0.04038320871376869,0.022589786379022272,0.7094504615280526,COMPLETE
1167,0.8844310850439883,2026-03-23 18:04:29.336580,2026-03-23 18:04:29.610715,0 days 00:00:00.274135,0.9993626517390484,2.883670093707694,0.13754654894137724,8,1.0439110253036155,0.013592602896036527,0.027336290684385513,0.8549914137584042,COMPLETE
1168,0.8860957966764419,2026-03-23 18:04:29.627712,2026-03-23 18:04:29.912653,0 days 00:00:00.284941,0.9789231824572243,1.4482360339176663,0.1113631883275009,8,1.337484652560842,0.08485340749210811,0.01538695953993675,0.8462833462870881,COMPLETE
1169,0.8843870967741936,2026-03-23 18:04:29.929247,2026-03-23 18:04:30.205352,0 days 00:00:00.276105,0.8561150291206676,1.5648794432565059,0.1259070553440647,8,1.1456839402639292,0.7808712680158333,0.04328423556453257,0.8629006632336635,COMPLETE
1170,0.8851505376344087,2026-03-23 18:04:30.221852,2026-03-23 18:04:30.498537,0 days 00:00:00.276685,0.9686468530281622,1.7050657141393912,0.16236555544953207,8,1.0735239015177367,0.027980248893182378,0.019574478116789203,0.8751337652170337,COMPLETE
1171,0.8848494623655915,2026-03-23 18:04:30.514263,2026-03-23 18:04:30.784726,0 days 00:00:00.270463,0.987177789009328,1.7807648070648499,0.1477103142933371,8,1.2194653582752755,0.11096835405133408,0.03204163706330077,0.8876985872863398,COMPLETE
1172,0.8847409579667644,2026-03-23 18:04:30.800833,2026-03-23 18:04:31.061027,0 days 00:00:00.260194,0.9542793138154876,2.5287243942405095,0.13387290043745315,8,1.0956358022207122,0.008578304535912129,0.02506915650686418,0.8502186713269558,COMPLETE
1173,0.8878739002932551,2026-03-23 18:04:31.076848,2026-03-23 18:04:31.346248,0 days 00:00:00.269400,0.9815412532404406,1.3334749203096101,0.12179395372919409,8,1.2668645514263162,0.6078277334556276,0.012147997580458309,0.8662759937792737,COMPLETE
1174,0.8883128054740959,2026-03-23 18:04:31.361782,2026-03-23 18:04:31.689420,0 days 00:00:00.327638,0.9932260369066647,1.4154364674450217,0.11675377528162487,8,1.4030777891751007,0.7676024360930924,0.012270932786334416,0.8811942666739067,COMPLETE
1175,0.8858836754643207,2026-03-23 18:04:31.704673,2026-03-23 18:04:31.997508,0 days 00:00:00.292835,0.9931967225235281,1.1757174081900816,0.11024134901574063,8,1.4238466735494548,1.0434702424106173,0.010386053526037631,0.8964627793818714,COMPLETE
1176,0.8846217008797654,2026-03-23 18:04:32.013550,2026-03-23 18:04:32.289810,0 days 00:00:00.276260,0.994677540639839,1.3898883556691002,0.11560351409156577,8,1.4018482816134923,2.0277778286071224,0.01140861558406789,0.8881793458709459,COMPLETE
1177,0.8862629521016618,2026-03-23 18:04:32.305293,2026-03-23 18:04:32.589329,0 days 00:00:00.284036,0.9935466998301525,1.222735485363205,0.1059831952986133,8,1.4308702056354776,0.5920559104789113,0.0145611743688862,0.8808999970702006,COMPLETE
1178,0.8858602150537634,2026-03-23 18:04:32.605268,2026-03-23 18:04:32.893242,0 days 00:00:00.287974,0.9938053806703263,1.2852406339866165,0.11558965146001744,8,1.3906879452946603,1.3091994704811312,0.012165319753084176,0.8855252877127352,COMPLETE
1179,0.8854496578690128,2026-03-23 18:04:32.908139,2026-03-23 18:04:33.217354,0 days 00:00:00.309215,0.999860712171159,1.2421007581670296,0.10842304164304438,8,1.4761499184297076,0.7541014121086786,0.012147523343533886,0.8925846875133289,COMPLETE
1180,0.8832130987292278,2026-03-23 18:04:33.234494,2026-03-23 18:04:33.544366,0 days 00:00:00.309872,0.9873338876966506,1.3249301259343453,0.1173840025332018,8,1.508451386776739,1.2564768771978814,0.011494632520821519,0.9003443108935998,COMPLETE
1181,0.8869696969696971,2026-03-23 18:04:33.560199,2026-03-23 18:04:33.885425,0 days 00:00:00.325226,0.9894191775523333,1.0661687646677127,0.12082618554184434,8,1.3665588772788493,0.5613417484154284,0.012137464395267453,0.8821064371432416,COMPLETE
1182,0.8850087976539589,2026-03-23 18:04:33.902001,2026-03-23 18:04:34.220749,0 days 00:00:00.318748,0.9843942711698699,1.124814738715318,0.11069896895639364,8,1.480323577092187,0.8473231672144789,0.01048540493114666,0.902775026763606,COMPLETE
1183,0.8871114369501466,2026-03-23 18:04:34.237994,2026-03-23 18:04:34.541363,0 days 00:00:00.303369,0.999475137067898,1.2930178797687728,0.12136378581803411,8,1.3420112288522712,1.5432668862770107,0.012381857169019787,0.8734005071095923,COMPLETE
1184,0.8864477028347997,2026-03-23 18:04:34.558096,2026-03-23 18:04:34.859088,0 days 00:00:00.300992,0.9888256863430768,0.9989639555269412,0.11426524848540517,8,1.3186590662493953,0.5476632931408913,0.01279278928437865,0.8765639866649733,COMPLETE
1185,0.8872903225806452,2026-03-23 18:04:34.875083,2026-03-23 18:04:35.166422,0 days 00:00:00.291339,0.9927037999538356,1.3182846950452531,0.10361054062621117,8,1.3523511051150254,0.8711343834908307,0.011064435758264294,0.8901173300811035,COMPLETE
1186,0.8842600195503423,2026-03-23 18:04:35.181805,2026-03-23 18:04:35.468402,0 days 00:00:00.286597,0.9998065821412261,1.3548379698087074,0.12216667265581947,8,1.289231545878123,1.889148924727483,0.0103492095273671,0.86889127208972,COMPLETE
1187,0.8843411534701858,2026-03-23 18:04:35.484387,2026-03-23 18:04:35.795266,0 days 00:00:00.310879,0.9828480804386023,1.1691174600461214,0.11190412876755214,8,1.51395089433987,0.5206150572231381,0.012886944078300315,0.8799510074332646,COMPLETE
1188,0.8851661779081134,2026-03-23 18:04:35.809141,2026-03-23 18:04:36.102349,0 days 00:00:00.293208,0.9864547595594515,1.3871609222099284,0.12142698625875666,8,1.3719107638274,2.5298828666838586,0.010100432363390234,0.8662214382991751,COMPLETE
1189,0.8865640273704789,2026-03-23 18:04:36.118936,2026-03-23 18:04:36.477565,0 days 00:00:00.358629,0.9995645860074215,1.4157445247036344,0.10424136156855135,8,1.3014341747439127,1.0959329934554503,0.013249721537388574,0.8358991183617485,COMPLETE
1190,0.8849755620723363,2026-03-23 18:04:36.492978,2026-03-23 18:04:36.808079,0 days 00:00:00.315101,0.9820573591789428,1.2513782875557407,0.11408239276868981,8,1.4659898748342166,0.38514066224223426,0.012226784959270733,0.8591633090978117,COMPLETE
1191,0.8870879765395895,2026-03-23 18:04:36.823805,2026-03-23 18:04:37.096305,0 days 00:00:00.272500,0.991129305622519,1.459210932986302,0.12378439573204893,8,1.5958861359635694,0.6801058949507354,0.013804723829091436,0.8779363922708069,COMPLETE
1192,0.8873988269794721,2026-03-23 18:04:37.113186,2026-03-23 18:04:37.429627,0 days 00:00:00.316441,0.9814202759465311,1.3613050468954024,0.10073305998916185,8,1.315398753835945,0.438755733950398,0.01595551731490921,0.8674444940626133,COMPLETE
1193,0.8862043010752688,2026-03-23 18:04:37.443586,2026-03-23 18:04:37.728297,0 days 00:00:00.284711,0.9928833469714378,1.4727831822511128,0.1164647810840483,8,1.3934820465572,0.8858118518690064,0.010311138928475159,0.8418214525343661,COMPLETE
1194,0.8879814271749755,2026-03-23 18:04:37.746005,2026-03-23 18:04:38.049560,0 days 00:00:00.303555,0.9808643962692232,1.293402759669947,0.1075325787136022,8,1.2699380766630002,0.6576708010501726,0.01718279710363759,0.8894266550393807,COMPLETE
1195,0.886347018572825,2026-03-23 18:04:38.063680,2026-03-23 18:04:38.336534,0 days 00:00:00.272854,0.9762165479609413,1.3006468527264274,0.09887771660661909,8,1.338551707366614,1.0957308917334565,0.013926470587308297,0.8996011195190519,COMPLETE
1196,0.8859853372434018,2026-03-23 18:04:38.351252,2026-03-23 18:04:38.664581,0 days 00:00:00.313329,0.9757596102258262,1.0220102453527549,0.09121383407043589,8,1.3984544259797698,0.7472928345868914,0.013913233193341734,0.8883651531347524,COMPLETE
1197,0.8853870967741935,2026-03-23 18:04:38.680858,2026-03-23 18:04:38.979574,0 days 00:00:00.298716,0.9800818989279223,1.268434232556513,0.09655405771549773,7,1.2613412639068105,1.5771852518850256,0.014863964523177037,0.9080639507194752,COMPLETE
1198,0.8874056695992179,2026-03-23 18:04:38.995763,2026-03-23 18:04:39.289097,0 days 00:00:00.293334,0.9713858619243098,1.0668760025805637,0.10911416241878162,8,1.296629247099086,0.6000427021848207,0.014949492405270806,0.8932827890021111,COMPLETE
1199,0.8853499511241447,2026-03-23 18:04:39.305205,2026-03-23 18:04:39.599027,0 days 00:00:00.293822,0.9811701604061606,1.2324223679650945,0.10432494450565717,8,1.4522534477583526,1.3311348447115974,0.011960983651113354,0.905420411625642,COMPLETE
1200,0.8852336265884654,2026-03-23 18:04:39.615444,2026-03-23 18:04:39.905307,0 days 00:00:00.289863,0.9735235046774661,1.0954422707572344,0.10577252610775378,8,1.2862179154320474,0.8937117167487867,0.01594392449201035,0.918541281739064,COMPLETE
1201,0.8880068426197458,2026-03-23 18:04:39.922368,2026-03-23 18:04:40.206937,0 days 00:00:00.284569,0.98014366007679,1.4808188319315208,0.10188122720582567,8,1.3547077376541456,0.534369334708598,0.01386301252814246,0.9116439473321287,COMPLETE
1202,0.8842101661779082,2026-03-23 18:04:40.223051,2026-03-23 18:04:40.529515,0 days 00:00:00.306464,0.9721694276679268,1.285861157445658,0.09279740989245806,8,1.3932008163829304,0.7463584334300354,0.010931901016623329,0.9073045982884117,COMPLETE
1203,0.8864525904203323,2026-03-23 18:04:40.543770,2026-03-23 18:04:40.850891,0 days 00:00:00.307121,0.9734655200587468,1.342091434623409,0.09786695857485862,8,1.3497215510787504,1.2257688025085696,0.010782039703269478,0.9134080203881473,COMPLETE
1204,0.8810860215053764,2026-03-23 18:04:40.867437,2026-03-23 18:04:41.146316,0 days 00:00:00.278879,0.9783079634082738,1.1412161219701273,0.10671868635964618,8,1.4032901990083184,3.190270444247333,0.013866292286819843,0.8936285728670545,COMPLETE
1205,0.883909090909091,2026-03-23 18:04:41.163474,2026-03-23 18:04:41.446534,0 days 00:00:00.283060,0.9664597646948323,1.1966928173496776,0.0971052074922283,8,1.3298004951869529,1.7458944615507115,0.01255757602817815,0.9034394329203886,COMPLETE
1206,0.883099706744868,2026-03-23 18:04:41.462517,2026-03-23 18:04:41.818134,0 days 00:00:00.355617,0.9784799760426448,1.1817016854566442,0.08577878638534424,8,1.277784904527112,0.9207169542125289,0.015616588605973137,0.921749269341946,COMPLETE
1207,0.8856422287390029,2026-03-23 18:04:41.833997,2026-03-23 18:04:42.143169,0 days 00:00:00.309172,0.9678149558107988,1.3620374905153247,0.0984262615994319,8,1.270173804223073,0.5349156952293843,0.013209235384441366,0.9128170935634824,COMPLETE
1208,0.8834164222873899,2026-03-23 18:04:42.159986,2026-03-23 18:04:42.466773,0 days 00:00:00.306787,0.9821586561136628,1.3592983204514817,0.10300730106835752,8,1.353632061656089,0.6464095022185871,0.010212565429354694,0.9436138610777948,COMPLETE
1209,0.8833186705767351,2026-03-23 18:04:42.481595,2026-03-23 18:04:42.807383,0 days 00:00:00.325788,0.9738118650733749,1.2317802471608064,0.10724301172518465,6,1.2595963571964475,0.460368227738077,0.013508674762575727,0.9136233307742732,COMPLETE
1210,0.8822697947214077,2026-03-23 18:04:42.824013,2026-03-23 18:04:43.164716,0 days 00:00:00.340703,0.9824530990165506,1.4339088825246935,0.1054960486897023,8,1.4438081060982142,2.6549246739004757,0.011824873630281837,0.8781214436353413,COMPLETE
1211,0.885041055718475,2026-03-23 18:04:43.180751,2026-03-23 18:04:43.486354,0 days 00:00:00.305603,0.9654768711770771,1.299627166230453,0.09944313994805473,8,1.3027269789306255,0.7863616689304884,0.0189907349294702,0.9020438378820296,COMPLETE
1212,0.884546432062561,2026-03-23 18:04:43.499910,2026-03-23 18:04:43.861201,0 days 00:00:00.361291,0.9766760923827804,1.4181307357935844,0.0490236327392971,8,1.37144076516509,1.2936051967681648,0.010054818273012195,0.8977597942611064,COMPLETE
1213,0.8854946236559138,2026-03-23 18:04:43.877519,2026-03-23 18:04:44.199052,0 days 00:00:00.321533,0.98417241434313,1.168858645437683,0.09139686607747248,8,1.2541744278308813,0.5071181867873639,0.014453016430244173,0.9308076584428953,COMPLETE
1214,0.8833929618768329,2026-03-23 18:04:44.215464,2026-03-23 18:04:44.509131,0 days 00:00:00.293667,0.9701296624133806,1.4333010694974706,0.1101261665509015,8,1.2424730907279615,1.0151132332253374,0.015122224623704422,0.9232788016310909,COMPLETE
1215,0.8856246334310851,2026-03-23 18:04:44.524064,2026-03-23 18:04:44.819223,0 days 00:00:00.295159,0.985218008709021,1.3806912891082535,0.10137688793754272,8,1.3456998370988267,0.6356417594325285,0.01268522670743737,0.9355202112386751,COMPLETE
1216,0.8857839687194526,2026-03-23 18:04:44.835287,2026-03-23 18:04:45.226276,0 days 00:00:00.390989,0.9754886647261546,1.2786710673814434,0.11258528781935198,8,1.4558665328715157,1.7258885959801982,0.015519191642355632,0.9308822085452315,COMPLETE
1217,0.8848396871945259,2026-03-23 18:04:45.243021,2026-03-23 18:04:45.526024,0 days 00:00:00.283003,0.9601748398459102,1.4716528349471154,0.09490115845626547,8,1.2602066304790196,0.42365359671941627,0.01693516476768639,0.9143017477842116,COMPLETE
1218,0.8872326490713587,2026-03-23 18:04:45.543533,2026-03-23 18:04:45.845606,0 days 00:00:00.302073,0.9867772137292155,1.4919080435757217,0.10836967714023767,8,1.3037859324967263,0.7860429406629018,0.015948803450826197,0.8989384363168503,COMPLETE
1219,0.885830889540567,2026-03-23 18:04:45.861492,2026-03-23 18:04:46.172782,0 days 00:00:00.311290,0.9791965238247009,1.3474504485972676,0.10205084631311713,8,1.3355434386849787,0.40006721233801756,0.012333405875528456,0.9214816710109573,COMPLETE
1220,0.8811348973607038,2026-03-23 18:04:46.188436,2026-03-23 18:04:46.527398,0 days 00:00:00.338962,0.9713708232282917,1.220193106496776,0.11209975961793078,8,7.0785028505294845,0.6064034299369832,0.01706960174142007,0.8897089694050434,COMPLETE
1221,0.8873274682306941,2026-03-23 18:04:46.544065,2026-03-23 18:04:46.831379,0 days 00:00:00.287314,0.9634635155686799,1.4870449219074866,0.10524455108713139,8,1.2257973343916888,1.0510749053602384,0.013819161748723463,0.9097449709471185,COMPLETE
1222,0.8863225806451613,2026-03-23 18:04:46.847263,2026-03-23 18:04:47.145788,0 days 00:00:00.298525,0.9872048579074036,1.3433294064848704,0.11646773639781477,8,1.2348068127588576,1.5298241929870748,0.016527920025745862,0.8967458944969471,COMPLETE
1223,0.8835620723362659,2026-03-23 18:04:47.161828,2026-03-23 18:04:47.440481,0 days 00:00:00.278653,0.7509265905884331,1.50384175537398,0.11140012818910919,8,1.3846055320591788,0.5395084771659462,0.013897276149031974,0.9126231092661781,COMPLETE
1224,0.8865894428152492,2026-03-23 18:04:47.455716,2026-03-23 18:04:47.744681,0 days 00:00:00.288965,0.9800785710259866,1.4197644720627889,0.11044537960702402,8,1.2350463630954795,0.41923002551813526,0.012528511874430338,0.9188731205406319,COMPLETE
1225,0.8849872922776147,2026-03-23 18:04:47.759485,2026-03-23 18:04:48.057421,0 days 00:00:00.297936,0.9454272643816655,1.1189327131071856,0.09963329674243925,8,1.3033830309904744,0.9309118982024087,0.01685397876115546,0.884108853329917,COMPLETE
1226,0.8826608015640274,2026-03-23 18:04:48.072639,2026-03-23 18:04:48.408458,0 days 00:00:00.335819,0.9683612694482191,1.5245461454416458,0.11814002320376223,8,1.499758720069837,2.3817446917695464,0.010121718422758564,0.8885422415379685,COMPLETE
1227,0.8853216031280547,2026-03-23 18:04:48.421764,2026-03-23 18:04:48.702583,0 days 00:00:00.280819,0.9845595500307527,1.2431552167209121,0.11477446676794183,7,1.2172823436258593,0.3718676915774262,0.017772920501826415,0.8839071194217423,COMPLETE
1228,0.8867712609970673,2026-03-23 18:04:48.720076,2026-03-23 18:04:49.000502,0 days 00:00:00.280426,0.9756383044077979,1.3920136379704564,0.10830817596964604,8,1.2894871736242708,0.6065160894510561,0.011206530607773255,0.9043885363580544,COMPLETE
1229,0.8849579667644184,2026-03-23 18:04:49.015486,2026-03-23 18:04:49.288029,0 days 00:00:00.272543,0.9873919133028559,1.545850945291753,0.10238605077900617,8,1.3772784964200846,1.1633815076350968,0.016262385045242123,0.8932292820918543,COMPLETE
