number,value,datetime_start,datetime_complete,duration,params_colsample_bytree,params_gamma,params_learning_rate,params_max_depth,params_min_child_weight,params_reg_alpha,params_reg_lambda,params_subsample,state
262,0.8862785923753665,2026-03-23 18:00:06.603462,2026-03-23 18:00:07.028802,0 days 00:00:00.425340,0.9838905087743929,2.001955447599926,0.166034717378996,8,1.0554701839999487,0.16868420783958482,0.035601771428662485,0.8897350595622023,COMPLETE
263,0.8880449657869012,2026-03-23 18:00:07.062316,2026-03-23 18:00:07.456915,0 days 00:00:00.394599,0.9969431449343442,1.98704252595238,0.16968234261971687,8,1.048993908889953,0.130836659928467,0.024901203006968325,0.8802766100522806,COMPLETE
264,0.8862678396871945,2026-03-23 18:00:07.495818,2026-03-23 18:00:07.902090,0 days 00:00:00.406272,0.9950145980369071,2.0038060122786785,0.16746594960374234,8,1.0007582310811691,0.41125593045840575,0.025635892995779227,0.894019448154815,COMPLETE
265,0.882336265884653,2026-03-23 18:00:07.918868,2026-03-23 18:00:08.211617,0 days 00:00:00.292749,0.9961484848249433,1.901997879229727,0.17690873283769315,8,1.0045180974270982,0.06705402401938233,0.021418484077150222,0.9018291895609083,COMPLETE
266,0.8847409579667644,2026-03-23 18:00:08.245467,2026-03-23 18:00:08.583268,0 days 00:00:00.337801,0.9827404743554164,2.0355759317682094,0.16191837927873814,8,1.0046154113852428,0.21741010629594656,0.025668501395449912,0.9163102882801389,COMPLETE
267,0.8843558162267839,2026-03-23 18:00:08.600232,2026-03-23 18:00:08.973616,0 days 00:00:00.373384,0.99981467651015,1.9812558277949206,0.16951851375144117,8,1.057796613025826,0.15442270727043042,0.026327504587645566,0.8924677853873891,COMPLETE
268,0.8851016617790812,2026-03-23 18:00:08.997663,2026-03-23 18:00:09.406290,0 days 00:00:00.408627,0.9916304821491698,1.8290860606187924,0.18145200088439908,8,1.055731386953745,0.3410895455529162,0.03142169759552518,0.8879018293660305,COMPLETE
269,0.88388954056696,2026-03-23 18:00:09.436578,2026-03-23 18:00:09.851971,0 days 00:00:00.415393,0.9815170372109012,2.124534177220064,0.16360596835591676,6,1.103317379356045,0.4534921813929549,0.018847239717418973,0.8938807216590429,COMPLETE
270,0.8855581622678399,2026-03-23 18:00:09.882724,2026-03-23 18:00:10.274102,0 days 00:00:00.391378,0.9865152074820457,2.0016163209223254,0.15338122274561267,8,1.0466535618783932,0.09700128176482493,0.035275363626217436,0.8982054183038595,COMPLETE
271,0.8866246334310851,2026-03-23 18:00:10.305180,2026-03-23 18:00:10.678208,0 days 00:00:00.373028,0.999765558454669,2.2088523993844085,0.14832931175427985,8,1.001733996282199,0.21309545357557688,0.024955810879451503,0.8849387662415975,COMPLETE
272,0.8813499511241447,2026-03-23 18:00:10.707772,2026-03-23 18:00:11.084050,0 days 00:00:00.376278,0.9996272959137449,2.1497823825641094,0.14898968192077652,4,1.002259916296682,0.2538855311357476,0.022932207257101194,0.8815324717621323,COMPLETE
273,0.8851876832844575,2026-03-23 18:00:11.114156,2026-03-23 18:00:11.490970,0 days 00:00:00.376814,0.9912116813128278,2.2154647310572204,0.16834569419520565,8,1.0982817256136703,0.20800232318027193,0.024877277783949207,0.9079389489119537,COMPLETE
274,0.8848123167155424,2026-03-23 18:00:11.517764,2026-03-23 18:00:11.901432,0 days 00:00:00.383668,0.9771903497057111,1.9082591090516212,0.15879293233575664,8,1.1140409800159539,0.13679401996008758,0.020208714902504463,0.8851156616695522,COMPLETE
275,0.8863978494623656,2026-03-23 18:00:11.937253,2026-03-23 18:00:12.286783,0 days 00:00:00.349530,0.993260887575816,2.0453839578963797,0.1463630100218394,8,1.038963921248755,0.01980095693559776,0.02837681593191048,0.8756969666956071,COMPLETE
276,0.884284457478006,2026-03-23 18:00:12.305267,2026-03-23 18:00:12.588184,0 days 00:00:00.282917,0.980079878103426,2.073729537322576,0.146446399367355,8,1.0915848940601194,0.02268527962588698,0.037452821004441625,0.8751522051446357,COMPLETE
277,0.8851896383186706,2026-03-23 18:00:12.608383,2026-03-23 18:00:12.899595,0 days 00:00:00.291212,0.9704587366282444,1.7959601302366217,0.15255604565497696,8,1.1266388984935194,0.04071496024179663,0.029628526144363707,0.8836407525583624,COMPLETE
278,0.8854946236559139,2026-03-23 18:00:12.919367,2026-03-23 18:00:13.276537,0 days 00:00:00.357170,0.9858082557162109,2.2087079598536166,0.1462854368056247,8,1.0453336165239564,0.014984292714769261,0.03814696659093917,0.8769383584643402,COMPLETE
279,0.8843763440860214,2026-03-23 18:00:13.295539,2026-03-23 18:00:13.583542,0 days 00:00:00.288003,0.9685418898812003,2.1053065581571633,0.15567854345163362,8,1.049233673721299,0.07971203897852804,0.029839903693561227,0.8722078459405589,COMPLETE
280,0.8864887585532747,2026-03-23 18:00:13.605367,2026-03-23 18:00:13.890398,0 days 00:00:00.285031,0.9993613621099852,1.8945985553912956,0.14677850572241666,8,3.1800499143917986,0.018364790525357732,0.03527155243097809,0.8862243672056723,COMPLETE
281,0.8862267839687195,2026-03-23 18:00:13.911059,2026-03-23 18:00:14.230780,0 days 00:00:00.319721,0.9960078302369906,1.9017449584589035,0.1770000705324831,8,1.0788353442242427,0.02032755527028717,0.034878388549456414,0.8863560566580684,COMPLETE
282,0.8865239491691105,2026-03-23 18:00:14.249801,2026-03-23 18:00:14.617960,0 days 00:00:00.368159,0.9869630268882786,1.7492440905240714,0.14497759147965186,8,3.756360016635353,0.03310274170086328,0.022041702886083977,0.8800617455424552,COMPLETE
283,0.8831564027370479,2026-03-23 18:00:14.637118,2026-03-23 18:00:14.939266,0 days 00:00:00.302148,0.9901477435352789,1.857077117844252,0.14312088158548178,8,3.90659061140264,0.033726127726167315,0.017651213435841067,0.8782662963157359,COMPLETE
284,0.8866089931573803,2026-03-23 18:00:14.958705,2026-03-23 18:00:15.274128,0 days 00:00:00.315423,0.9761834616796783,1.8033583779608422,0.14533071522319013,8,3.3173563473028556,0.015380937093735848,0.02225360488937535,0.870393594041595,COMPLETE
285,0.8823069403714565,2026-03-23 18:00:15.292923,2026-03-23 18:00:15.604973,0 days 00:00:00.312050,0.9957297278747281,1.7938657704444858,0.1423547374545715,8,3.492435858001354,0.012043706004168323,0.021542471069968566,0.8749411013000022,COMPLETE
286,0.8827057673509286,2026-03-23 18:00:15.624180,2026-03-23 18:00:15.955775,0 days 00:00:00.331595,0.999595687112095,1.6811382873882743,0.14403669683467926,8,3.2823727730157635,0.017715619090346964,0.016683767089644284,0.8828160791282648,COMPLETE
287,0.8834037145650049,2026-03-23 18:00:15.974273,2026-03-23 18:00:16.271549,0 days 00:00:00.297276,0.9623978626537067,1.9393966845633206,0.15291704988863203,8,4.083098480459012,0.06923672236409019,0.02163411661496417,0.8779121818040935,COMPLETE
288,0.8826187683284457,2026-03-23 18:00:16.288760,2026-03-23 18:00:16.601435,0 days 00:00:00.312675,0.972928160487502,1.8102026398317608,0.14658851982857474,8,3.798375399793987,0.03241222710079578,6.929009464329207,0.8697040299810703,COMPLETE
289,0.8813978494623655,2026-03-23 18:00:16.620879,2026-03-23 18:00:16.939329,0 days 00:00:00.318450,0.9887502936562279,2.229123797515508,0.15170412371528222,8,7.235317725351178,0.014719293861040298,0.02850470774566889,0.8716331465484344,COMPLETE
290,0.8839305962854349,2026-03-23 18:00:16.961701,2026-03-23 18:00:17.272266,0 days 00:00:00.310565,0.9634986947831898,1.7220623044670005,0.13916010677355575,8,1.1435594728294245,0.0337258582761399,0.02371062569515728,0.9542428035561423,COMPLETE
291,0.8847380254154447,2026-03-23 18:00:17.291394,2026-03-23 18:00:17.610123,0 days 00:00:00.318729,0.9815393475689825,1.7487467656896307,0.1542859167102491,8,3.6601671309977797,0.05357556954915584,0.03133230537497747,0.8980505226452995,COMPLETE
292,0.8837624633431085,2026-03-23 18:00:17.628724,2026-03-23 18:00:17.950724,0 days 00:00:00.322000,0.9710297606258705,1.9201104328710792,0.14311226977529498,8,4.096604190206434,0.01903676083434595,0.040338096275430904,0.8888710200287563,COMPLETE
293,0.8832463343108503,2026-03-23 18:00:17.971220,2026-03-23 18:00:18.317602,0 days 00:00:00.346382,0.9898560112854493,0.886093027873244,0.13804096471955452,8,4.3344558866737986,0.011845430723968505,0.02584176111636196,0.8679687470864734,COMPLETE
294,0.884791788856305,2026-03-23 18:00:18.337479,2026-03-23 18:00:18.666693,0 days 00:00:00.329214,0.9752945846827331,2.303918983103058,0.14810312793176947,8,1.1348868289036464,0.08729552452740212,0.020013861677319413,0.8807980952959579,COMPLETE
295,0.8792512218963833,2026-03-23 18:00:18.685765,2026-03-23 18:00:19.009643,0 days 00:00:00.323878,0.9988407355006164,2.154899578041987,0.1573332775025809,3,3.2080537943827463,0.02414330844231052,0.03225199215587061,0.8706433376252052,COMPLETE
296,0.8849423264907137,2026-03-23 18:00:19.029264,2026-03-23 18:00:19.328848,0 days 00:00:00.299584,0.9645104254288365,2.007101783637869,0.1998013023573027,8,3.3520357036376276,0.0399140224226401,0.04015296428135475,0.8652429775216468,COMPLETE
297,0.886030303030303,2026-03-23 18:00:19.348228,2026-03-23 18:00:19.674210,0 days 00:00:00.325982,0.9828450531152131,1.8489985695268176,0.1369203384940899,8,3.010000155573873,0.010072769509120562,1.4397307721661137,0.856788711314812,COMPLETE
298,0.8849257086999023,2026-03-23 18:00:19.694409,2026-03-23 18:00:20.052937,0 days 00:00:00.358528,0.9572661364708279,2.177336883465868,0.1596064031071153,8,1.0967377960793978,0.01652405861827924,0.01836072975490332,0.8815513218054034,COMPLETE
299,0.8847204301075269,2026-03-23 18:00:20.072329,2026-03-23 18:00:20.424294,0 days 00:00:00.351965,0.9894531711288044,2.0638205339968048,0.14606742782156934,8,3.782469826473325,0.06428774451244726,0.02802040526275959,0.888296643681746,COMPLETE
300,0.8853841642228739,2026-03-23 18:00:20.443373,2026-03-23 18:00:20.788145,0 days 00:00:00.344772,0.974861671056975,2.350729800232623,0.17297947268559405,8,3.5414641980407864,0.12487226406289266,0.02355256030376914,0.858147318221878,COMPLETE
301,0.8825698924731183,2026-03-23 18:00:20.806958,2026-03-23 18:00:21.168634,0 days 00:00:00.361676,0.9629249947835493,0.6809414677829628,0.13436618511843604,6,2.3325977551245964,0.027451646880208028,0.033987953875526986,0.8692461928049977,COMPLETE
302,0.8824545454545454,2026-03-23 18:00:21.190169,2026-03-23 18:00:21.514465,0 days 00:00:00.324296,0.9809301439915067,1.70065209605547,0.14289498493594235,8,7.790159308336385,0.00926229535013307,0.04126677034067889,0.8552795638556836,COMPLETE
303,0.8841221896383187,2026-03-23 18:00:21.536021,2026-03-23 18:00:21.828294,0 days 00:00:00.292273,0.9997230955758317,4.596519031264933,0.1547436788654488,8,1.1474892954902671,0.044841416508721664,0.02889984473723398,0.8755499232047089,COMPLETE
304,0.8862043010752689,2026-03-23 18:00:21.849784,2026-03-23 18:00:22.160775,0 days 00:00:00.310991,0.9892280854072488,1.9438823127657159,0.1320855909214136,8,2.6794050591900906,0.014940989334075545,0.03676016088599267,0.8643910906597705,COMPLETE
305,0.8856158357771261,2026-03-23 18:00:22.180490,2026-03-23 18:00:22.502718,0 days 00:00:00.322228,0.9530762685276198,2.2155350248241077,0.14970080818503906,7,2.4722875028444506,0.027877381649774366,0.02358173924642392,0.8944204079681929,COMPLETE
306,0.8863753665689149,2026-03-23 18:00:22.523691,2026-03-23 18:00:22.815506,0 days 00:00:00.291815,0.9720061692329687,2.086210582101104,0.1632432331786073,8,3.1650156177840194,0.008456164440104628,0.03174599427510379,0.8549129577934523,COMPLETE
307,0.8887165200391007,2026-03-23 18:00:22.834975,2026-03-23 18:00:23.149861,0 days 00:00:00.314886,0.9793250106129007,2.1060930219757,0.16770924672758358,8,3.357469523244548,0.009394399033380522,0.030655202858507615,0.8666906551858331,COMPLETE
308,0.8818621700879765,2026-03-23 18:00:23.171501,2026-03-23 18:00:23.464404,0 days 00:00:00.292903,0.9747431488404261,2.0569553116399346,0.18330836985719606,8,3.009208946027202,0.009086123745112801,0.02852108086332243,0.8735272957810882,COMPLETE
309,0.8849765395894429,2026-03-23 18:00:23.486855,2026-03-23 18:00:23.814476,0 days 00:00:00.327621,0.9690381078089985,1.9190140411694194,0.16829572868645185,8,3.3968834336166016,0.013834338543090907,0.03319120977954521,0.8646149246907616,COMPLETE
310,0.8827282502443793,2026-03-23 18:00:23.836257,2026-03-23 18:00:24.126360,0 days 00:00:00.290103,0.9826688777220339,2.1528962434701704,0.185407532207414,8,3.126698712085052,0.01769625626049276,0.020851443888388253,0.8529325798759431,COMPLETE
311,0.8831994134897361,2026-03-23 18:00:24.148145,2026-03-23 18:00:22.469199,-1 days +23:59:58.321054,0.9655616000090607,1.8533505122991472,0.16253508911431197,8,3.4306841416541536,0.007523919621518746,0.02587234935937929,0.8819952323208978,COMPLETE
312,0.885171065493646,2026-03-23 18:00:22.493700,2026-03-23 18:00:22.853488,0 days 00:00:00.359788,0.9899280848124957,2.0806859291752433,0.1613729372035774,8,3.2802153997553662,0.07164310484884442,0.03095757234965875,0.8675092987844959,COMPLETE
313,0.8832033235581622,2026-03-23 18:00:22.873333,2026-03-23 18:00:23.203437,0 days 00:00:00.330104,0.974611642562129,2.279817996041228,0.17398262753351107,8,3.0897255848002896,0.02305575385067473,4.352103567405154,0.8554369987575997,COMPLETE
314,0.8836441837732161,2026-03-23 18:00:23.220587,2026-03-23 18:00:23.618533,0 days 00:00:00.397946,0.6032942389592357,1.9696058464461326,0.15512086161476157,8,4.714103064622914,0.04258883407327657,0.04078040413656511,0.8750500611061387,COMPLETE
315,0.8842414467253177,2026-03-23 18:00:23.638376,2026-03-23 18:00:23.940061,0 days 00:00:00.301685,0.9615364608266812,1.7740810971493288,0.16591700900689282,8,2.85536747977829,0.011230671979923402,0.025413237175332105,0.8596689664063596,COMPLETE
316,0.884386119257087,2026-03-23 18:00:23.959673,2026-03-23 18:00:24.240577,0 days 00:00:00.280904,0.9818034523553316,2.1164697335752365,0.17846495011556274,8,3.639923423300781,0.10429815121093268,0.7993246258793972,0.9033089131765943,COMPLETE
317,0.884457478005865,2026-03-23 18:00:24.261878,2026-03-23 18:00:24.554582,0 days 00:00:00.292704,0.9918807294915346,2.3213282395310886,0.1447420599668406,8,2.076095691326008,0.007996871011468757,0.03333263205666045,0.8676678805063074,COMPLETE
318,0.8824809384164223,2026-03-23 18:00:24.573193,2026-03-23 18:00:24.887364,0 days 00:00:00.314171,0.9724075537678237,2.0008988389999156,0.15371084010213654,8,5.450875881063275,0.03172558281551293,0.04312978004746665,0.8901652379469491,COMPLETE
319,0.8855131964809384,2026-03-23 18:00:24.909179,2026-03-23 18:00:25.211754,0 days 00:00:00.302575,0.9821682019961939,1.6377492506387759,0.1406396740681614,8,3.7207674655105225,0.0145543506443801,0.021982996953923993,0.8793168617230662,COMPLETE
320,0.8863998044965787,2026-03-23 18:00:25.232253,2026-03-23 18:00:25.555966,0 days 00:00:00.323713,0.9554207646014498,1.8638682814430085,0.15960199674398934,8,1.0069590337920218,0.05618057132712414,0.028210780952823877,0.8584235099649254,COMPLETE
321,0.884854349951124,2026-03-23 18:00:25.575319,2026-03-23 18:00:25.916040,0 days 00:00:00.340721,0.9540940658687773,1.73231901438624,0.14907282550603695,8,1.008202100721058,0.05239285047809985,0.018326662894323973,0.8717788423001185,COMPLETE
322,0.8848250244379278,2026-03-23 18:00:25.935372,2026-03-23 18:00:26.246682,0 days 00:00:00.311310,0.9579715959501439,1.9141562878332503,0.13727959849842863,8,1.001938741232803,0.12809767440804848,0.025004192551824053,0.862690015593641,COMPLETE
323,0.8796314760508308,2026-03-23 18:00:26.266999,2026-03-23 18:00:26.583009,0 days 00:00:00.316010,0.9988597919265574,1.777984811025183,0.19061050990509681,8,1.0531620336490504,0.07152339205164156,35.80439602766407,0.8840959886875995,COMPLETE
324,0.8869423264907137,2026-03-23 18:00:26.603112,2026-03-23 18:00:26.916375,0 days 00:00:00.313263,0.9882454800512659,1.8654670561688227,0.1552084874538601,8,1.0526043055200336,0.038012241492806194,0.028280480018145916,0.8591643070494694,COMPLETE
325,0.8881270772238514,2026-03-23 18:00:26.936536,2026-03-23 18:00:27.278500,0 days 00:00:00.341964,0.964759853096821,1.7638677104332592,0.174713834981817,8,1.0695457032111084,0.04263542413969849,0.03565411043237891,0.8504592065806915,COMPLETE
326,0.8852140762463343,2026-03-23 18:00:27.300614,2026-03-23 18:00:27.605844,0 days 00:00:00.305230,0.9667268107179738,1.5943891376089894,0.17455856482734253,8,1.0946996235080966,0.035078547317847285,0.0368318565104466,0.8485507761998158,COMPLETE
327,0.880366568914956,2026-03-23 18:00:27.627065,2026-03-23 18:00:27.918671,0 days 00:00:00.291606,0.9838486022030829,1.794303611172466,0.1806091433391833,8,1.0776072952274804,0.09147471865243889,0.043481340426002164,0.8392652634704479,COMPLETE
328,0.8835679374389053,2026-03-23 18:00:27.939526,2026-03-23 18:00:28.265280,0 days 00:00:00.325754,0.9773393182049929,2.34830644766216,0.19041562481139235,8,1.0863970775847767,0.7565115263766098,0.03567530311571144,0.8549568262213049,COMPLETE
329,0.8837908113391985,2026-03-23 18:00:28.284221,2026-03-23 18:00:28.703876,0 days 00:00:00.419655,0.9646659545847076,1.9036950422348513,0.16982473604979392,8,1.1602336328714946,0.15729021619571454,0.0447866073127993,0.8482014748871741,COMPLETE
330,0.8838426197458455,2026-03-23 18:00:28.722769,2026-03-23 18:00:29.050559,0 days 00:00:00.327790,0.9857835177222055,1.6528455662915815,0.13270337762609755,8,1.0488599257555595,0.037664687288682594,0.021401337229800435,0.8654671712729566,COMPLETE
331,0.8854398826979473,2026-03-23 18:00:29.067849,2026-03-23 18:00:29.358624,0 days 00:00:00.290775,0.9516314780544647,2.2448510792120855,0.16013954916398745,8,1.101342641388087,0.029132058800294004,0.03417029542127236,0.8453377922412865,COMPLETE
332,0.8851368523949169,2026-03-23 18:00:29.377967,2026-03-23 18:00:29.695241,0 days 00:00:00.317274,0.9999424596259838,2.4015821040371494,0.14948750216769913,8,1.144191864002422,0.05333551517353484,0.029611200093763217,0.8599636279792048,COMPLETE
333,0.8848866080156403,2026-03-23 18:00:29.716095,2026-03-23 18:00:30.030182,0 days 00:00:00.314087,0.9744786213871607,1.7046547173105076,0.1401341974331879,8,1.0407258558914378,0.23829144944247077,0.03897638359746051,0.8689277094748121,COMPLETE
334,0.8860156402737048,2026-03-23 18:00:30.051224,2026-03-23 18:00:30.371065,0 days 00:00:00.319841,0.9607153844365457,1.9798152667595112,0.154369371071674,8,1.0007507793489525,0.021079114885466724,0.026392251598345157,0.8528965955020414,COMPLETE
335,0.886485826001955,2026-03-23 18:00:30.391481,2026-03-23 18:00:30.703514,0 days 00:00:00.312033,0.9903746757344983,2.219479390938444,0.17042244179301425,7,1.0888612441926246,0.013695768466060866,0.033785198423931934,0.8419084076936585,COMPLETE
336,0.8855865102639298,2026-03-23 18:00:30.723154,2026-03-23 18:00:31.037791,0 days 00:00:00.314637,0.9786751822835759,1.8514857239109608,0.13241765188364352,8,1.1601846242739386,0.006001360484536685,0.04372707335820513,0.8860823894308302,COMPLETE
337,0.872843597262952,2026-03-23 18:00:31.057392,2026-03-23 18:00:31.354829,0 days 00:00:00.297437,0.9673870772438145,2.154193065220214,0.029315574963976042,8,9.417016514668779,0.10591318177865303,0.01573007514881762,0.8634773839950839,COMPLETE
338,0.8845913978494624,2026-03-23 18:00:31.374504,2026-03-23 18:00:31.737096,0 days 00:00:00.362592,0.6967901089406181,1.751678382715492,0.1415461507526125,8,3.5039079689201,0.02505247037736166,0.02416302440648104,0.8367372587704377,COMPLETE
339,0.8849970674486803,2026-03-23 18:00:31.754668,2026-03-23 18:00:32.084478,0 days 00:00:00.329810,0.9855960156164947,2.394563437375267,0.1518552644680055,8,1.0005814989269097,0.04398006105330678,0.01894260994974944,0.8755599371327794,COMPLETE
340,0.885782991202346,2026-03-23 18:00:32.105064,2026-03-23 18:00:32.412459,0 days 00:00:00.307395,0.9506522316166037,2.014797801214052,0.13063197246244093,8,2.189816729118975,0.07881088741654872,0.0316789994414504,0.8536641735185057,COMPLETE
341,0.8861339198435974,2026-03-23 18:00:32.433103,2026-03-23 18:00:32.735587,0 days 00:00:00.302484,0.9698100403335602,1.869989045666743,0.16283630336392116,8,1.0630484107106515,0.011312933331101819,0.046204109808098526,0.8711382142427545,COMPLETE
342,0.8861114369501465,2026-03-23 18:00:32.754475,2026-03-23 18:00:33.050205,0 days 00:00:00.295730,0.9919757515610115,2.471239811334852,0.17884435381338606,8,1.1891710921583143,0.006023637345322848,0.0380719780137806,0.8622213483276053,COMPLETE
343,0.8847262952101662,2026-03-23 18:00:33.068797,2026-03-23 18:00:33.403249,0 days 00:00:00.334452,0.9589338575340817,1.974062307950745,0.1401543383946228,8,1.1138610112699516,0.017459248049497746,0.022621077384300678,0.8935099177619903,COMPLETE
344,0.88541642228739,2026-03-23 18:00:33.423214,2026-03-23 18:00:33.713093,0 days 00:00:00.289879,0.9784444131105078,2.296470351704004,0.14648589131290277,8,1.0578908131048796,8.718507159904387e-08,0.02773389658138205,0.8477667076413227,COMPLETE
345,0.8857585532746823,2026-03-23 18:00:33.733381,2026-03-23 18:00:34.050255,0 days 00:00:00.316874,0.9998393909297248,2.166856927242788,0.15603809101415111,8,1.1180241128304604,0.04297254612387219,0.03117096313543444,0.8807240236941156,COMPLETE
346,0.8854310850439883,2026-03-23 18:00:34.070021,2026-03-23 18:00:34.380550,0 days 00:00:00.310529,0.9862262226094025,1.6012055609051736,0.17109686401661367,8,1.186677639019455,0.027247858653439285,0.038372609830125914,0.8569286096449599,COMPLETE
347,0.8754154447702837,2026-03-23 18:00:34.398536,2026-03-23 18:00:34.694303,0 days 00:00:00.295767,0.9496666776478564,1.8317990631807406,0.02491320691073787,8,1.0403003245282711,0.06449168128057543,0.025627822179030795,0.8690530409574363,COMPLETE
348,0.8860860215053763,2026-03-23 18:00:34.714426,2026-03-23 18:00:35.049729,0 days 00:00:00.335303,0.9654775611369869,2.0825980124778245,0.12796224307299264,8,3.9206573326193226,0.010327116675965564,0.04648653594074093,0.8339310506246027,COMPLETE
349,0.8843479960899316,2026-03-23 18:00:35.069000,2026-03-23 18:00:35.389783,0 days 00:00:00.320783,0.9744091015924764,2.46429720174256,0.1371143171871948,8,1.0012235434806613,0.16852246939011206,2.5142374252776984,0.8500178372985737,COMPLETE
