number,value,datetime_start,datetime_complete,duration,params_colsample_bytree,params_gamma,params_learning_rate,params_max_depth,params_min_child_weight,params_reg_alpha,params_reg_lambda,params_subsample,state
790,0.8886774193548388,2026-03-23 18:02:41.241797,2026-03-23 18:02:41.510280,0 days 00:00:00.268483,0.9917400183654373,1.4701689313637052,0.16714061460133162,8,1.6168908491876217,0.44832221413128875,0.013699562436026753,0.8679145595191483,COMPLETE
791,0.8855131964809384,2026-03-23 18:02:41.526877,2026-03-23 18:02:41.793589,0 days 00:00:00.266712,0.9924200419179849,1.3033958780640231,0.17477144577173276,8,1.5245461466133627,0.4673707797210274,0.014817732337561952,0.8779831598405526,COMPLETE
792,0.8868084066471162,2026-03-23 18:02:41.808523,2026-03-23 18:02:42.088734,0 days 00:00:00.280211,0.999937445208483,1.4141785253459174,0.16735683565276357,8,1.6141971100645562,0.651676106821282,0.010282699953287623,0.8878986054630009,COMPLETE
793,0.8786089931573803,2026-03-23 18:02:42.104001,2026-03-23 18:02:42.371360,0 days 00:00:00.267359,0.9854671242281752,1.1873623513029576,0.19914279822262196,8,1.6435679922315294,6.1277502602291865,0.012588084148623417,0.8742242407965568,COMPLETE
794,0.8853743890518084,2026-03-23 18:02:42.386403,2026-03-23 18:02:42.656959,0 days 00:00:00.270556,0.9764940396312392,1.4947185344291896,0.17957335145669476,8,1.6988088700805033,0.3950614038690918,0.01338444243591241,0.8706736732355193,COMPLETE
795,0.8856158357771261,2026-03-23 18:02:42.672015,2026-03-23 18:02:42.930866,0 days 00:00:00.258851,0.988987446895096,1.4018816687611118,0.16711504062421847,8,1.820775996359879,0.2832377789736755,0.014413576071258115,0.8824240547927755,COMPLETE
796,0.8841476050830889,2026-03-23 18:02:42.945468,2026-03-23 18:02:43.242795,0 days 00:00:00.297327,0.9804340973592557,1.5362205020042068,0.1578520393669082,8,1.8929633394976217,1.8210185694395096,0.017101052869678907,0.8621847324047592,COMPLETE
797,0.8838651026392963,2026-03-23 18:02:43.256416,2026-03-23 18:02:43.537392,0 days 00:00:00.280976,0.9927752427163715,1.464783822272206,0.17999769112102268,8,1.9073105854972154,0.8971436263865435,0.012045527322482426,0.8653735152302131,COMPLETE
798,0.8853167155425221,2026-03-23 18:02:43.551169,2026-03-23 18:02:43.853943,0 days 00:00:00.302774,0.9834133438382927,1.5804064911166034,0.16495114574232494,7,1.7929780088201395,0.4361415133949777,0.015677582621371467,0.8947363771859963,COMPLETE
799,0.8803646138807428,2026-03-23 18:02:43.870876,2026-03-23 18:02:44.187443,0 days 00:00:00.316567,0.975955291194097,1.6966831534325797,0.15660530097920372,4,1.7737988651718548,0.18989202744212647,0.021038019171420338,0.8714475539388357,COMPLETE
800,0.8851779081133919,2026-03-23 18:02:44.203272,2026-03-23 18:02:44.502075,0 days 00:00:00.298803,0.9999548443251107,1.3166759139841215,0.16981598749952667,8,1.6938558572996765,0.25910668906190865,0.01793345378337425,0.8836234226662666,COMPLETE
801,0.8845884652981428,2026-03-23 18:02:44.516713,2026-03-23 18:02:44.785599,0 days 00:00:00.268886,0.9894417271895399,1.49200945320013,0.18180294680896025,8,1.599394211262404,0.6246218364611955,0.015088277171450743,0.8678300814698486,COMPLETE
802,0.8840840664711633,2026-03-23 18:02:44.799935,2026-03-23 18:02:45.186860,0 days 00:00:00.386925,0.974071845902888,1.5831864565099645,0.05783962389462767,8,1.5723182478535362,0.16631011630644618,0.022543876744610707,0.8584123703996894,COMPLETE
803,0.8831876832844575,2026-03-23 18:02:45.199872,2026-03-23 18:02:45.673343,0 days 00:00:00.473471,0.9923660795645675,1.6976241108757255,0.03657861139605089,8,1.7413581229032433,1.2245003065096358,0.019453606168722586,0.8790500355584331,COMPLETE
804,0.8835689149560118,2026-03-23 18:02:45.690213,2026-03-23 18:02:45.976185,0 days 00:00:00.285972,0.9821910104336092,1.422216316420691,0.15838458700250385,8,1.997885707688177,0.36262428772303096,0.023798536084098876,0.8649810142976001,COMPLETE
805,0.8836871945259042,2026-03-23 18:02:45.991629,2026-03-23 18:02:46.305845,0 days 00:00:00.314216,0.9851061355626574,1.6214610681204065,0.16277414941338944,8,1.8896142096121176,0.668472478394377,0.013290053115246465,0.874341715724733,COMPLETE
806,0.8841456500488759,2026-03-23 18:02:46.346241,2026-03-23 18:02:46.626812,0 days 00:00:00.280571,0.9923575147540241,1.699078794142331,0.1859741197367157,8,1.3972771200845504,0.2865102976439526,0.016128070658105044,0.8563864521357241,COMPLETE
807,0.882455522971652,2026-03-23 18:02:46.639439,2026-03-23 18:02:46.932572,0 days 00:00:00.293133,0.9727752938513377,1.5099894133078189,0.11053991419467271,8,1.5497177626022411,3.0318078235227444,0.020474261988454732,0.889545649801729,COMPLETE
808,0.8850791788856305,2026-03-23 18:02:46.949572,2026-03-23 18:02:47.262546,0 days 00:00:00.312974,0.9808787841838225,1.2936901874488762,0.14920713238988018,8,1.4347387100528302,0.16985924483886164,0.024771500272889095,0.8707413158385656,COMPLETE
809,0.885177908113392,2026-03-23 18:02:47.278291,2026-03-23 18:02:47.561782,0 days 00:00:00.283491,0.9923407851809903,1.734959202900173,0.17251224110022034,8,1.9087677230016193,0.5547851137154128,0.012029054294086666,0.8519358967279702,COMPLETE
810,0.8845591397849462,2026-03-23 18:02:47.572967,2026-03-23 18:02:48.426898,0 days 00:00:00.853931,0.9750483411732336,1.6000566273923953,0.015742013588486845,8,1.378200371641127,1.0419227801746234,0.010066010264501506,0.9013845644300481,COMPLETE
811,0.886008797653959,2026-03-23 18:02:48.441430,2026-03-23 18:02:48.729155,0 days 00:00:00.287725,0.9869237608918943,1.4857108976133977,0.1495747879387327,8,1.3005819986253855,0.4370672423680889,0.025003848761175927,0.8629139622315006,COMPLETE
812,0.8852678396871945,2026-03-23 18:02:48.744176,2026-03-23 18:02:49.029041,0 days 00:00:00.284865,0.9931561181485667,1.3655667070634043,0.11023252680505226,8,4.406028693157709,0.2217160018453196,0.017503512406215907,0.8790426173412847,COMPLETE
813,0.886090909090909,2026-03-23 18:02:49.043477,2026-03-23 18:02:49.314527,0 days 00:00:00.271050,0.9729812387457487,1.7339636836493615,0.1414950152686436,8,1.466813757931128,0.2883014098242006,0.020642708793146683,0.857754903562694,COMPLETE
814,0.8857174975562072,2026-03-23 18:02:49.330174,2026-03-23 18:02:49.573278,0 days 00:00:00.243104,0.7180515901005342,1.6049157673902963,0.19171144284973535,8,1.6571288610805692,0.15876749422596462,0.01483556794529004,0.8487083081910151,COMPLETE
815,0.8852844574780059,2026-03-23 18:02:49.588402,2026-03-23 18:02:49.870784,0 days 00:00:00.282382,0.9825618299888442,1.0996362552561838,0.11780516197772803,8,1.9991498478164986,0.39932816670099497,0.02599805422801364,0.8726323454013079,COMPLETE
816,0.8731104594330401,2026-03-23 18:02:49.886121,2026-03-23 18:02:50.133221,0 days 00:00:00.247100,0.9938930973679282,1.7341759729710513,0.05209478207028473,8,5.46652956277212,1.0068281327562898,0.01877072304078794,0.8873656200896716,COMPLETE
817,0.8842238514173999,2026-03-23 18:02:50.146093,2026-03-23 18:02:50.457193,0 days 00:00:00.311100,0.9995949499084159,1.477214579856252,0.15360445379854912,8,1.3455841979324643,0.24335271588401516,0.021163185150737347,0.8673066714535077,COMPLETE
818,0.8856422287390029,2026-03-23 18:02:50.469565,2026-03-23 18:02:50.777038,0 days 00:00:00.307473,0.9997032816120962,1.6375346160331004,0.12375436835814596,8,1.28277105235034,0.7114530368082463,0.016191903125388714,0.8579987567758954,COMPLETE
819,0.883366568914956,2026-03-23 18:02:50.792123,2026-03-23 18:02:51.085344,0 days 00:00:00.293221,0.8082336208350529,1.552754583144624,0.16723872206507098,8,1.7793348845619679,0.18011548685635062,0.023922735137596483,0.8442163214856305,COMPLETE
820,0.88669403714565,2026-03-23 18:02:51.100579,2026-03-23 18:02:51.395609,0 days 00:00:00.295030,0.9808844507135621,1.3781660881596094,0.10748730876719152,8,1.237632003029484,0.47285326275338874,0.01367055850895747,0.8801698376412395,COMPLETE
821,0.8865874877810361,2026-03-23 18:02:51.412363,2026-03-23 18:02:51.679608,0 days 00:00:00.267245,0.9727087865977064,1.7465876301544057,0.13303487385304902,8,1.283761042991313,0.29395406925810347,0.025666192679011376,0.864306302744525,COMPLETE
822,0.8845014662756598,2026-03-23 18:02:51.693033,2026-03-23 18:02:52.004022,0 days 00:00:00.310989,0.986564498208801,1.5895047777249187,0.11368618338762267,8,1.188450963662127,0.16875439351937802,0.018733726055288932,0.8519687036054264,COMPLETE
823,0.8848035190615836,2026-03-23 18:02:52.015852,2026-03-23 18:02:52.292470,0 days 00:00:00.276618,0.9709035287756549,1.7800648390339768,0.1468878982298208,8,1.4930346104596501,1.3801560494057188,1.9303264109243057,0.8738818461543022,COMPLETE
824,0.8848797653958945,2026-03-23 18:02:52.304436,2026-03-23 18:02:52.603341,0 days 00:00:00.298905,0.9802439272253304,1.4182228929014042,0.13918709581777935,8,1.875664942248786,1.56943765764731,0.020215295179722686,0.8361062365418247,COMPLETE
825,0.8852678396871945,2026-03-23 18:02:52.619264,2026-03-23 18:02:52.898338,0 days 00:00:00.279074,0.9883322566078382,1.6352317656669375,0.1582037199639036,8,2.2645349215579604,0.4499398782343709,0.025930686109317952,0.8603489081754305,COMPLETE
826,0.886793743890518,2026-03-23 18:02:52.914000,2026-03-23 18:02:53.206843,0 days 00:00:00.292843,0.9920048237994977,1.6772362614736929,0.12344084592810924,8,1.1703070481620446,0.14260080790366275,0.015174676561373935,0.8932592063701605,COMPLETE
827,0.8871427174975562,2026-03-23 18:02:53.223726,2026-03-23 18:02:53.527453,0 days 00:00:00.303727,0.9758705875299671,1.2022655639520827,0.13082744384834877,8,1.3807981095999864,0.6840882108537142,0.022179272892773275,0.8501644381215594,COMPLETE
828,0.8826383186705768,2026-03-23 18:02:53.544130,2026-03-23 18:02:53.940682,0 days 00:00:00.396552,0.9850316130687363,1.5251355521592944,0.04052719782697176,8,1.681851874646933,0.20074097915540923,0.01724318421269528,0.8653768835126354,COMPLETE
829,0.8852570869990225,2026-03-23 18:02:53.955946,2026-03-23 18:02:54.246425,0 days 00:00:00.290479,0.9934804409386401,1.7886442699523704,0.11441209326973935,8,1.237651820661282,0.25920194129405744,0.0133223889672009,0.8840179334973759,COMPLETE
830,0.8849061583577712,2026-03-23 18:02:54.259621,2026-03-23 18:02:54.509260,0 days 00:00:00.249639,0.9694662556905822,1.4697665132442768,0.17338272554267994,8,1.1811066094128118,0.40086422471734817,0.0255373724769537,0.841757431383749,COMPLETE
831,0.8857468230694037,2026-03-23 18:02:54.523932,2026-03-23 18:02:54.839339,0 days 00:00:00.315407,0.9799351117087437,1.7372040796445998,0.10455553306097509,8,1.3106423805853256,0.9431127353809935,0.021514616897921914,0.8716706677921816,COMPLETE
832,0.8844652981427176,2026-03-23 18:02:54.854048,2026-03-23 18:02:55.131177,0 days 00:00:00.277129,0.9858792983130624,3.8713768617243582,0.12199895509180989,8,3.967484198444396,0.15352178946301187,0.01746062324186895,0.856350156815433,COMPLETE
833,0.8840469208211144,2026-03-23 18:02:55.144510,2026-03-23 18:02:55.433038,0 days 00:00:00.288528,0.9989941293147133,1.3171298318027127,0.1410485564198774,8,1.2502454639458256,0.26480379290947714,0.011705366755491445,0.878377130921719,COMPLETE
834,0.8879374389051808,2026-03-23 18:02:55.446784,2026-03-23 18:02:53.740019,-1 days +23:59:58.293235,0.9709274101410065,1.5705860208795868,0.15417775681118293,8,1.1569720197261109,0.6827797608008641,0.02573418011438826,0.8654255726163645,COMPLETE
835,0.8838162267839687,2026-03-23 18:02:53.754906,2026-03-23 18:02:54.031583,0 days 00:00:00.276677,0.9692431348167879,1.6543203551321113,0.16601910765836606,7,4.688133082802966,1.0702053803581015,0.025998648936012513,0.8472693493651584,COMPLETE
836,0.882217008797654,2026-03-23 18:02:54.046385,2026-03-23 18:02:54.362293,0 days 00:00:00.315908,0.9715761859347318,1.7890133482791306,0.16375417278266446,8,1.1454754811730294,1.8846089666513473,0.028076020272786634,0.6537720239843965,COMPLETE
837,0.8866001955034214,2026-03-23 18:02:54.377429,2026-03-23 18:02:54.645333,0 days 00:00:00.267904,0.9695306551692886,1.5827979015646811,0.15836774546651636,8,1.1596004378234404,0.6592686534683077,0.026161558702064356,0.8582166610977097,COMPLETE
838,0.8786911045943304,2026-03-23 18:02:54.660468,2026-03-23 18:02:55.032925,0 days 00:00:00.372457,0.9769099063433807,1.6614945417052356,0.04725569019533652,8,6.156861742822011,0.6678893247986156,0.02010773420324531,0.8354164722296284,COMPLETE
839,0.8824076246334311,2026-03-23 18:02:55.045375,2026-03-23 18:02:55.371702,0 days 00:00:00.326327,0.9776979101299165,1.8089377800769584,0.15109944476920886,8,1.1628359759995002,2.679209306476598,0.016303483459055246,0.8640981859113853,COMPLETE
840,0.8860234604105572,2026-03-23 18:02:55.383951,2026-03-23 18:02:55.657036,0 days 00:00:00.273085,0.9998388923036611,1.6963908036724848,0.17797920497688507,8,1.1416826784812613,1.8029509383101936,0.022631776842764927,0.8550061329506607,COMPLETE
841,0.8838846529814273,2026-03-23 18:02:55.673210,2026-03-23 18:02:56.018290,0 days 00:00:00.345080,0.9686495258164864,1.5655955963674053,0.15497586950717396,8,1.8107589407640514,0.9506195746348074,0.026478536002214562,0.8456527516540213,COMPLETE
842,0.8821290322580644,2026-03-23 18:02:56.034735,2026-03-23 18:02:56.290109,0 days 00:00:00.255374,0.6032448390585601,1.7671985856882164,0.1880206920255879,8,2.1320943420349265,0.5784747127417389,0.013379689895659333,0.8643576065819287,COMPLETE
843,0.8844408602150539,2026-03-23 18:02:56.308949,2026-03-23 18:02:56.573648,0 days 00:00:00.264699,0.9844246755387419,1.4394746901011615,0.17175133829747607,8,1.18665562193801,0.42568777412550657,0.018658058031648665,0.8494861074998189,COMPLETE
844,0.8843675464320626,2026-03-23 18:02:56.589703,2026-03-23 18:02:56.878636,0 days 00:00:00.288933,0.991592125361167,1.624543341171066,0.1513083765230941,8,1.9923489995071342,1.1174777942536254,0.02804048548601664,0.8554430627268607,COMPLETE
845,0.8829550342130987,2026-03-23 18:02:56.892627,2026-03-23 18:02:57.136942,0 days 00:00:00.244315,0.9757638003384308,1.838843281020723,0.1607358979079348,8,1.1300580208699604,0.0004099297006638895,0.01541786842150271,0.8386171790023264,COMPLETE
846,0.8864477028347997,2026-03-23 18:02:57.152465,2026-03-23 18:02:57.405330,0 days 00:00:00.252865,0.9669242144338073,1.5485360288745973,0.14564200991550258,8,1.5913110063136946,0.572129469103394,0.021722118492778143,0.8661770659142425,COMPLETE
847,0.8839159335288368,2026-03-23 18:02:57.420745,2026-03-23 18:02:57.678938,0 days 00:00:00.258193,0.9890449733226205,1.7064421463079564,0.14830589908490982,8,1.1301825862742498,0.3214021157919393,0.010110164117705881,0.879794838233578,COMPLETE
848,0.886711632453568,2026-03-23 18:02:57.694824,2026-03-23 18:02:57.977401,0 days 00:00:00.282577,0.9823764397666714,1.7250614128326165,0.15720379172656426,8,1.204466420641045,0.7292326734430085,0.018503188175278795,0.8597099821289556,COMPLETE
849,0.8862825024437928,2026-03-23 18:02:57.992747,2026-03-23 18:02:58.274836,0 days 00:00:00.282089,0.9931355295638394,1.5397831062738752,0.17249419830078097,8,1.1257840025463857,0.37409735280089135,0.02754982380007198,0.8505497333253814,COMPLETE
850,0.8846392961876832,2026-03-23 18:02:58.291183,2026-03-23 18:02:58.566607,0 days 00:00:00.275424,0.651165039466306,1.8462186625711277,0.1107677750900552,8,1.1953675988223533,0.445419925198987,0.021879357945539205,0.8723974804514278,COMPLETE
851,0.8834242424242423,2026-03-23 18:02:58.582106,2026-03-23 18:02:58.860852,0 days 00:00:00.278746,0.7969940648489856,1.4063084085368769,0.1365702984622914,6,1.2659105710202647,1.4607798496834246,0.01192156569177123,0.8890379764699151,COMPLETE
852,0.8855249266862171,2026-03-23 18:02:58.876685,2026-03-23 18:02:59.148435,0 days 00:00:00.271750,0.9778041365709826,1.6648628281256823,0.14334083243246717,8,1.0921225131764691,0.8898046585123836,0.01664187345712169,0.8428249028200422,COMPLETE
853,0.8848260019550342,2026-03-23 18:02:59.164133,2026-03-23 18:02:59.511950,0 days 00:00:00.347817,0.9678528888809051,1.6070706832919606,0.10643254533217016,8,1.7100932171157888,0.13696656022945336,0.02731797750264095,0.8315007541157261,COMPLETE
854,0.875347018572825,2026-03-23 18:02:59.526904,2026-03-23 18:02:59.789622,0 days 00:00:00.262718,0.9872028530317103,4.711087065664345,0.1621621932156629,8,2.8992422004691343,4.386241320968233,0.02271694836524665,0.8682765986088921,COMPLETE
855,0.8838866080156402,2026-03-23 18:02:59.806291,2026-03-23 18:03:00.076871,0 days 00:00:00.270580,0.8817444360769388,1.7848460511355675,0.1923220365123353,8,1.943172525074241,0.28583296642588546,0.01904993834884402,0.8592327072646938,COMPLETE
856,0.8874428152492668,2026-03-23 18:03:00.090251,2026-03-23 18:03:00.382393,0 days 00:00:00.292142,0.9785590195841343,1.860687651946202,0.11732529368292832,8,1.1397915083002457,0.40713186971661264,0.013413567044741547,0.8981299303210116,COMPLETE
857,0.8829560117302052,2026-03-23 18:03:00.396919,2026-03-23 18:03:00.662026,0 days 00:00:00.265107,0.9902422959734469,1.506310493333813,0.1500708456815642,8,1.2891124317382372,0.5923143742078538,0.028186326226185554,0.7030346924997116,COMPLETE
858,0.8852375366568915,2026-03-23 18:03:00.676626,2026-03-23 18:03:00.955621,0 days 00:00:00.278995,0.9692298860855328,1.6960949037998134,0.1791162446040957,5,1.2038171904329462,0.25290879914507264,0.014882367276213882,0.8765413851330005,COMPLETE
859,0.883019550342131,2026-03-23 18:03:00.970381,2026-03-23 18:03:01.302456,0 days 00:00:00.332075,0.9930058467078021,1.3533261218340742,0.10020909386397908,8,1.3503738429194192,0.1268622791680901,0.023398510960803195,0.8539564077013726,COMPLETE
860,0.8859726295210166,2026-03-23 18:03:01.318527,2026-03-23 18:03:01.601931,0 days 00:00:00.283404,0.9814918891627347,1.5797676269288299,0.13765556290197178,8,1.1047625555033753,0.8536150555727513,0.01907950069411323,0.8634647507512214,COMPLETE
861,0.8837653958944283,2026-03-23 18:03:01.617259,2026-03-23 18:03:01.892920,0 days 00:00:00.275661,0.9988912827778604,1.76053072835998,0.16547878861759793,8,1.1502551901604763,1.7284631260213195e-06,0.02891882109521256,0.8469459620414727,COMPLETE
862,0.8868709677419354,2026-03-23 18:03:01.907569,2026-03-23 18:03:02.211264,0 days 00:00:00.303695,0.9994742838798905,1.4423528619608927,0.1102664331758526,8,1.2391763514923837,1.5514258357729143,0.01560025646551906,0.8682602711645688,COMPLETE
863,0.8854887585532748,2026-03-23 18:03:02.226336,2026-03-23 18:03:02.531279,0 days 00:00:00.304943,0.9754169483424884,1.2535199832634345,0.11899812989676195,8,1.0844794984123483,0.5322720964179648,0.024215012830885178,0.8825345059511212,COMPLETE
864,0.8840420332355816,2026-03-23 18:03:02.548534,2026-03-23 18:03:02.825130,0 days 00:00:00.276596,0.966543271509408,1.5739100428238884,0.14392365134879417,8,1.4988858079633547,0.14848891542113968,0.019696245331818744,0.8399961652217045,COMPLETE
865,0.8844780058651027,2026-03-23 18:03:02.842111,2026-03-23 18:03:03.168817,0 days 00:00:00.326706,0.9875769685281455,1.6470043973380049,0.1296356235599511,8,1.868602954372837,0.22436253608292475,0.028975476705926855,0.8564504412562852,COMPLETE
866,0.8858406647116325,2026-03-23 18:03:03.184224,2026-03-23 18:03:03.454792,0 days 00:00:00.270568,0.9827370287508042,1.8820101865698362,0.10508153996283498,8,1.1763272541021128,0.35043701186507603,0.017191682107416947,0.8743662754747192,COMPLETE
867,0.8869970674486805,2026-03-23 18:03:03.471934,2026-03-23 18:03:03.756871,0 days 00:00:00.284937,0.9737466653515756,1.4757283952652545,0.15656305717317995,8,1.0863507148143405,0.1300451311160341,0.022898077016405945,0.8507560358860825,COMPLETE
868,0.8872785923753665,2026-03-23 18:03:03.772188,2026-03-23 18:03:04.067944,0 days 00:00:00.295756,0.984142044407462,1.8083530146541842,0.13612943982049155,8,1.131915753780228,0.9973211902918535,0.012048018608767546,0.8868942686270673,COMPLETE
869,0.8847976539589443,2026-03-23 18:03:04.083653,2026-03-23 18:03:04.376447,0 days 00:00:00.292794,0.9926966636088037,1.716519007659372,0.11313196599683535,8,1.4319527430230283,2.3248364830854955,0.029878300488174497,0.862760123491999,COMPLETE
870,0.88527761485826,2026-03-23 18:03:04.394130,2026-03-23 18:03:04.693230,0 days 00:00:00.299100,0.9669519477576737,1.626603221714561,0.17017670520682135,8,1.301227901518158,0.5555919517795418,0.41253621337191926,0.8319035517345887,COMPLETE
871,0.8844291300097751,2026-03-23 18:03:04.708899,2026-03-23 18:03:04.995945,0 days 00:00:00.287046,0.9927725570360194,1.8561271200723584,0.12280879500000676,8,1.214891255447909,0.2947841830724837,0.015145979518865432,0.8700358741293264,COMPLETE
872,0.8821808406647116,2026-03-23 18:03:05.010725,2026-03-23 18:03:05.304127,0 days 00:00:00.293402,0.7803275394244527,1.369140647080634,0.15164339467219445,8,1.041253895525801,0.19186961947683978,0.020934019228592463,0.8216552166654774,COMPLETE
873,0.885702834799609,2026-03-23 18:03:05.320637,2026-03-23 18:03:05.593482,0 days 00:00:00.272845,0.9776923300133262,1.5283494790039514,0.13013320171552303,8,1.0975171378225597,0.41853506003999463,0.024983505747161266,0.8454512066060508,COMPLETE
874,0.8799208211143694,2026-03-23 18:03:05.609825,2026-03-23 18:03:05.995563,0 days 00:00:00.385738,0.9865817322456824,1.717345871467104,0.02616142884660768,8,1.166557463492562,0.8041093031074692,0.01773838063488643,0.8597220332148143,COMPLETE
875,0.88313880742913,2026-03-23 18:03:06.010709,2026-03-23 18:03:06.293529,0 days 00:00:00.282820,0.8393748721225536,1.9681416780159937,0.1048559998509142,8,1.0381693562072083,0.00035141928526719854,0.029943526444745718,0.8797058589240347,COMPLETE
876,0.8806285434995113,2026-03-23 18:03:06.310293,2026-03-23 18:03:06.597333,0 days 00:00:00.287040,0.9649648817557493,0.030087002652624317,0.18322552969194225,8,1.2507209574439189,0.11488488209537695,0.01375013644155723,0.8937125524686068,COMPLETE
877,0.883405669599218,2026-03-23 18:03:06.613025,2026-03-23 18:03:06.937064,0 days 00:00:00.324039,0.9731863494975238,1.4398917681551178,0.1426713056622046,7,1.754129015446976,0.2512224637116012,0.5246505125251895,0.8529364511309199,COMPLETE
