number,value,datetime_start,datetime_complete,duration,params_colsample_bytree,params_gamma,params_learning_rate,params_max_depth,params_min_child_weight,params_reg_alpha,params_reg_lambda,params_subsample,state
87,0.8855522971652003,2026-03-23 17:59:09.823644,2026-03-23 17:59:10.151819,0 days 00:00:00.328175,0.7667904610916533,2.8891123613611467,0.08048364134151877,8,1.2091094229847266,0.0006790748314696735,0.04664263833139514,0.8516876347428131,COMPLETE
88,0.8854252199413489,2026-03-23 17:59:10.174395,2026-03-23 17:59:10.511617,0 days 00:00:00.337222,0.7704618455480428,2.866840885234466,0.062267785585490454,8,1.2449420914003262,0.0008418316058398189,0.04428276867526972,0.844339435726348,COMPLETE
89,0.8838435972629521,2026-03-23 17:59:10.529231,2026-03-23 17:59:10.987071,0 days 00:00:00.457840,0.7687805293240496,3.1348765646677177,0.062653668471483,8,1.1867279532008872,7.40581058332869e-07,0.042849144466711356,0.8835099955381397,COMPLETE
90,0.8835904203323559,2026-03-23 17:59:11.006587,2026-03-23 17:59:11.378199,0 days 00:00:00.371612,0.8692802291054545,2.9049131510216566,0.05757023525581575,8,1.0001824402797925,0.000864230123472764,0.022250537003368837,0.8981050229195564,COMPLETE
91,0.8838826979472141,2026-03-23 17:59:11.396400,2026-03-23 17:59:11.699891,0 days 00:00:00.303491,0.796055085175789,3.3566576311707492,0.07883710589166718,8,1.252031610406805,2.871376055313191e-05,0.06180807459731898,0.8509069396931518,COMPLETE
92,0.8841143695014663,2026-03-23 17:59:11.719836,2026-03-23 17:59:12.081713,0 days 00:00:00.361877,0.8120035010892156,2.9915134230462774,0.052995612670078004,8,1.1408708301948332,0.0023453284706066745,0.04372675270494162,0.8660561646137649,COMPLETE
93,0.8834213098729227,2026-03-23 17:59:12.099940,2026-03-23 17:59:12.478863,0 days 00:00:00.378923,0.7743850228888786,2.701372218741257,0.06829517877898099,8,1.6216492037643422,0.005939095657185378,0.0811989103794085,0.8397079288013878,COMPLETE
94,0.8832981427174975,2026-03-23 17:59:12.500038,2026-03-23 17:59:12.907301,0 days 00:00:00.407263,0.758406609469423,2.4892850003760376,0.046513865356777435,8,1.0713666656722214,0.00018118807034375614,0.027995664439903256,0.8296934114835456,COMPLETE
95,0.8839110459433039,2026-03-23 17:59:12.925857,2026-03-23 17:59:13.288485,0 days 00:00:00.362628,0.7816505315140104,2.7518858680494973,0.06309251532780968,8,1.2974968210801112,0.00047272370373972424,0.11524844527783012,0.8502949010068568,COMPLETE
96,0.8846627565982405,2026-03-23 17:59:13.310740,2026-03-23 17:59:13.655228,0 days 00:00:00.344488,0.8866930182900207,1.6704462519602128,0.07966614662003976,8,1.5332927747284582,6.919731111155173e-05,0.01479860908046947,0.8428191868448512,COMPLETE
97,0.8838758553274682,2026-03-23 17:59:13.676450,2026-03-23 17:59:14.063683,0 days 00:00:00.387233,0.9056938340028636,1.8917119730348773,0.05159581785532808,8,1.208800681794746,6.0299433493456686e-05,0.012676189286853904,0.8852895489254302,COMPLETE
98,0.882859237536657,2026-03-23 17:59:14.086675,2026-03-23 17:59:14.454092,0 days 00:00:00.367417,0.8871460201099622,1.663791933203508,0.08051796630899073,7,1.5210164030264566,8.238184210244433e-06,0.01799845228433159,0.872005225630058,COMPLETE
99,0.8853616813294233,2026-03-23 17:59:14.473815,2026-03-23 17:59:14.812177,0 days 00:00:00.338362,0.9368878976000101,1.6103114947811252,0.09814922497896186,8,1.3804444137123797,0.0007609797532307199,0.010481732417634478,0.8394312103170961,COMPLETE
100,0.8842082111436951,2026-03-23 17:59:14.831743,2026-03-23 17:59:15.340104,0 days 00:00:00.508361,0.9460551980970835,1.5844509759173362,0.04288973716668857,7,1.3768144047581083,0.004206661947794088,0.06593179469853198,0.8638696694881953,COMPLETE
101,0.8849784946236559,2026-03-23 17:59:15.360631,2026-03-23 17:59:15.711609,0 days 00:00:00.350978,0.9163895988515154,1.384555236430434,0.0946520968432985,8,1.589131903284497,0.0010027180546067966,0.010129673002076366,0.8449011571835708,COMPLETE
102,0.8860879765395895,2026-03-23 17:59:15.732248,2026-03-23 17:59:16.135571,0 days 00:00:00.403323,0.9199898832030673,1.3900949445551278,0.10085858455293102,8,1.048617320666466,0.0007209584336311277,0.010494605735259127,0.8391632606998969,COMPLETE
103,0.8848787878787879,2026-03-23 17:59:16.159318,2026-03-23 17:59:16.506745,0 days 00:00:00.347427,0.9237240938784386,1.3132700511189386,0.09684173671239457,8,1.6467688063741666,0.0017009004323364717,0.01003835429999646,0.8080103409305872,COMPLETE
104,0.8863695014662757,2026-03-23 17:59:16.527537,2026-03-23 17:59:16.868366,0 days 00:00:00.340829,0.9162731757043877,1.3055912207458464,0.09894581899794885,8,1.164759432735861,0.0007700686219668635,0.012948502836715668,0.8080559172123939,COMPLETE
105,0.8853870967741936,2026-03-23 17:59:16.890928,2026-03-23 17:59:17.242460,0 days 00:00:00.351532,0.9249455087818403,1.457457488539737,0.10820477444213279,8,1.0445025091898448,0.0008741535888702921,0.012406632875565288,0.8184330485460806,COMPLETE
106,0.8748660801564028,2026-03-23 17:59:17.263257,2026-03-23 17:59:17.581905,0 days 00:00:00.318648,0.917771496343466,0.9864727869672212,0.14981523859897317,8,11.973400080078637,0.0007572804892967053,0.012782780266767331,0.7883418607962565,COMPLETE
107,0.8818084066471163,2026-03-23 17:59:17.600819,2026-03-23 17:59:17.917734,0 days 00:00:00.316915,0.9398593947630591,1.4346450334456238,0.12998114285446502,8,1.131062114578666,0.0034709700252345947,0.020852633882942707,0.8178781091854198,COMPLETE
108,0.8839042033235581,2026-03-23 17:59:17.936507,2026-03-23 17:59:18.249351,0 days 00:00:00.312844,0.9866352664600615,1.0694757715473189,0.10772877294391368,8,1.2371433299725336,0.0011975185595014105,0.011205295138408572,0.7759227600616339,COMPLETE
109,0.8851202346041056,2026-03-23 17:59:18.268183,2026-03-23 17:59:18.631121,0 days 00:00:00.362938,0.9630814204253463,1.5445004423210182,0.11526629477800004,5,1.3569715054416704,0.007581115202824758,0.010033812783754162,0.7604665624896328,COMPLETE
110,0.8842766373411536,2026-03-23 17:59:18.651881,2026-03-23 17:59:18.988181,0 days 00:00:00.336300,0.969164908914173,1.2704498021428017,0.11229237375994927,8,1.1648658091252353,0.00895430045646482,0.015116610993024783,0.7617464728555892,COMPLETE
111,0.8814330400782013,2026-03-23 17:59:19.007998,2026-03-23 17:59:19.408180,0 days 00:00:00.400182,0.967510598581252,1.4382341918784949,0.10111889345972995,4,1.3494066138148808,0.022975117998095044,0.010166286917090435,0.7406412598930854,COMPLETE
112,0.8854936461388074,2026-03-23 17:59:19.428046,2026-03-23 17:59:19.746526,0 days 00:00:00.318480,0.9484444523871034,1.5270767871166098,0.117709002882958,8,1.4381154588132337,0.002433311994885718,0.014638113094118605,0.7312497387004099,COMPLETE
113,0.8816832844574781,2026-03-23 17:59:19.768405,2026-03-23 17:59:20.073102,0 days 00:00:00.304697,0.9573670700951383,1.541593288440341,0.13792565575757285,5,1.0507518403431222,0.0021034320000481205,0.014628769516575036,0.7150437727721803,COMPLETE
114,0.8821241446725319,2026-03-23 17:59:20.094274,2026-03-23 17:59:20.410788,0 days 00:00:00.316514,0.9405099501550328,1.7976451084376737,0.11998002237968661,5,1.4246852973002069,0.0074886798090136745,0.01713228874161776,0.725967121673761,COMPLETE
115,0.8791182795698924,2026-03-23 17:59:20.430436,2026-03-23 17:59:20.718616,0 days 00:00:00.288180,0.9273471024718916,0.7840716671721936,0.16636954270534876,5,1.300873564608275,0.00051479106875374,0.02011446108468558,0.7049207871579578,COMPLETE
116,0.8813636363636363,2026-03-23 17:59:20.736549,2026-03-23 17:59:21.064141,0 days 00:00:00.327592,0.9566146108130257,1.8700089189945635,0.09928103325793905,5,1.2110308857265482,0.0027634248421369093,0.01273469374279076,0.7471183382837584,COMPLETE
117,0.8830987292277614,2026-03-23 17:59:21.080977,2026-03-23 17:59:21.356459,0 days 00:00:00.275482,0.9473085951965299,1.5035038999991108,0.11395374980961885,8,1.474720599804077,0.13382177780611001,0.028458221889386234,0.7315842452505541,COMPLETE
118,0.884047898338221,2026-03-23 17:59:21.374064,2026-03-23 17:59:21.677781,0 days 00:00:00.303717,0.9738791372291862,1.5863992085874015,0.12588005621059928,8,1.1133198850007975,0.0006244509594469799,0.022367888112352272,0.7967940763976122,COMPLETE
119,0.8828993157380254,2026-03-23 17:59:21.702417,2026-03-23 17:59:22.029356,0 days 00:00:00.326939,0.9351868969366046,1.2760029065548038,0.1387138205237009,8,1.0355114951866988,0.7731914350149205,0.01486666219515731,0.6850216782965605,COMPLETE
120,0.8845112414467253,2026-03-23 17:59:22.050304,2026-03-23 17:59:22.364879,0 days 00:00:00.314575,0.9789570914812821,1.964878500792417,0.1064411807850906,8,1.3738874658700082,0.018371392086872586,0.012086857300018372,0.7501752775266035,COMPLETE
121,0.8849061583577713,2026-03-23 17:59:22.384140,2026-03-23 17:59:22.728851,0 days 00:00:00.344711,0.9131449008148717,1.3896262819240175,0.0907731839771854,8,1.2721144933578206,0.0011354332492297154,0.010234558141586988,0.8534684556437676,COMPLETE
122,0.8822013685239491,2026-03-23 17:59:22.748323,2026-03-23 17:59:23.083836,0 days 00:00:00.335513,0.8999589769542231,1.6886586514630197,0.09582681031959178,8,1.1806719827014864,0.0015835980292932999,0.014050543970864554,0.7643531037803515,COMPLETE
123,0.8832463343108505,2026-03-23 17:59:23.104207,2026-03-23 17:59:23.458884,0 days 00:00:00.354677,0.9999497973779585,1.3954350116062868,0.08498655432202866,8,1.582964162995074,0.0008348704677584746,0.017901245104795672,0.8226485708933461,COMPLETE
124,0.8845874877810362,2026-03-23 17:59:23.480402,2026-03-23 17:59:21.856871,-1 days +23:59:58.376469,0.914198501741305,1.1067314570037512,0.07420865022975245,8,1.3390419903116118,0.0004072136260484893,0.025580672530269934,0.835518006172589,COMPLETE
125,0.8825620723362658,2026-03-23 17:59:21.875925,2026-03-23 17:59:22.244693,0 days 00:00:00.368768,0.9505598617153304,1.2016199789446467,0.11660651025276857,4,1.0038452180076143,0.004397208157652117,0.01198410990667941,0.8113102952992838,COMPLETE
126,0.8843069403714565,2026-03-23 17:59:22.263452,2026-03-23 17:59:22.578046,0 days 00:00:00.314594,0.9237165832328835,2.125413249012294,0.1026024201544864,8,1.7880515876551548,0.002372005116689111,0.016930319457942947,0.777249801404701,COMPLETE
127,0.8855171065493646,2026-03-23 17:59:22.599692,2026-03-23 17:59:22.931178,0 days 00:00:00.331486,0.9346781405192148,1.5428062634472963,0.09369914724015457,8,1.1124234923477536,0.001084612785277736,0.038890275389173,0.8343131839738731,COMPLETE
128,0.8876754643206257,2026-03-23 17:59:22.950014,2026-03-23 17:59:23.286093,0 days 00:00:00.336079,0.966919960491675,1.7647130056384257,0.10849362114482801,8,1.1018771966721155,0.00028804597905392795,0.036385493114452085,0.8326667062768075,COMPLETE
129,0.8844046920821114,2026-03-23 17:59:23.305562,2026-03-23 17:59:23.641541,0 days 00:00:00.335979,0.9327493522765691,1.8269014819169243,0.10744353601265123,8,1.1628303115374137,2.266051374019598e-06,0.03250225226815792,0.8034060081936656,COMPLETE
130,0.8780625610948191,2026-03-23 17:59:23.662786,2026-03-23 17:59:23.984462,0 days 00:00:00.321676,0.9641889696268138,1.7158872367534541,0.0102934672512002,8,1.2469550710850517,0.0003013764886730131,0.04976892282438283,0.7854728148466387,COMPLETE
131,0.8829042033235581,2026-03-23 17:59:24.010650,2026-03-23 17:59:24.353746,0 days 00:00:00.343096,0.9537832288833682,1.5371797124267501,0.12204314541532386,8,1.084231500015913,0.0006760908767054277,0.03711663287245235,0.8241037627695305,COMPLETE
132,0.8819941348973607,2026-03-23 17:59:24.373898,2026-03-23 17:59:24.696863,0 days 00:00:00.322965,0.9614245125344916,2.029075714788669,0.11023322103723121,8,1.1341603344695075,3.5131251746272256,0.04063632817595908,0.8332618298649388,COMPLETE
133,0.8837810361681329,2026-03-23 17:59:24.717041,2026-03-23 17:59:25.073493,0 days 00:00:00.356452,0.9811165190338139,1.782502300986924,0.08937117816301152,8,1.0377475111435746,0.001111059738404107,0.053598581188111755,0.8366852916926713,COMPLETE
134,0.8835767350928642,2026-03-23 17:59:25.094026,2026-03-23 17:59:25.627381,0 days 00:00:00.533355,0.8946692032221234,1.6441828540373922,0.02153689330778449,8,3.542993806393553,0.002769729502933547,0.026324410066331447,0.8154711594236487,COMPLETE
135,0.8858015640273704,2026-03-23 17:59:25.646616,2026-03-23 17:59:25.963943,0 days 00:00:00.317327,0.9373797847510419,2.2581138202360767,0.1283961203303048,8,1.0836780741126613,0.0019214852414978297,0.019981176142071958,0.8542296492715302,COMPLETE
136,0.8817898338220919,2026-03-23 17:59:25.982287,2026-03-23 17:59:26.277303,0 days 00:00:00.295016,0.940605779538208,1.4699634013986895,0.13201485611967967,8,5.785494164026073,0.0002573291279705348,0.02077120358397767,0.8553720080204091,COMPLETE
137,0.885991202346041,2026-03-23 17:59:26.299650,2026-03-23 17:59:26.616510,0 days 00:00:00.316860,0.9308817050926846,2.226518563371242,0.1261771259177081,8,1.099848679860147,0.0014587227499996327,0.0329858403749749,0.8269656966389058,COMPLETE
138,0.8808406647116325,2026-03-23 17:59:26.637450,2026-03-23 17:59:26.957224,0 days 00:00:00.319774,0.9062880262299711,2.272133851680074,0.14642546903805162,8,1.109067830308116,0.0004532117175305822,0.03539365470441037,0.8260442318873974,COMPLETE
139,0.8858905180840664,2026-03-23 17:59:26.976781,2026-03-23 17:59:27.299045,0 days 00:00:00.322264,0.9311953481708712,2.5944001827818752,0.12414646727263075,8,1.2183403473191574,0.0014818969910937565,0.04537053141331308,0.8497474973143682,COMPLETE
140,0.8861094819159334,2026-03-23 17:59:27.320792,2026-03-23 17:59:27.614562,0 days 00:00:00.293770,0.9287244368842081,2.591711999136386,0.12591470874749267,8,1.2123354492413987,0.0013155685753525684,0.04865501036004189,0.8483288297151311,COMPLETE
141,0.8848680351906157,2026-03-23 17:59:27.636017,2026-03-23 17:59:27.943397,0 days 00:00:00.307380,0.9302545472828266,2.8112611884033605,0.14545504108536084,8,1.2218230689649878,0.0016109106234241744,0.04820376337028387,0.8488967859038513,COMPLETE
142,0.8822492668621701,2026-03-23 17:59:27.964945,2026-03-23 17:59:28.275547,0 days 00:00:00.310602,0.9200448804319531,2.4233344203700287,0.15679540894572735,8,1.1713983053538435,0.0006710542597021838,0.03019355228291227,0.8753546072582916,COMPLETE
143,0.8848563049853373,2026-03-23 17:59:28.293003,2026-03-23 17:59:28.597292,0 days 00:00:00.304289,0.9298102896981986,2.5875097039181187,0.12487280288437846,8,1.276335136552077,0.0013352383453166367,0.024340464251765708,0.8609857079163884,COMPLETE
144,0.8863411534701856,2026-03-23 17:59:28.617779,2026-03-23 17:59:28.924101,0 days 00:00:00.306322,0.9371723756694409,2.9627597867381708,0.12913158868610483,8,1.1216593347998685,0.003797710901447051,0.038581554794764515,0.8434617786920027,COMPLETE
145,0.8845200391006843,2026-03-23 17:59:28.944546,2026-03-23 17:59:29.226775,0 days 00:00:00.282229,0.9455269881652549,2.9270268378423623,0.17782058174540488,8,1.1183046512691657,0.0008882912253671721,0.03915122535494996,0.8456985660736452,COMPLETE
146,0.8854369501466275,2026-03-23 17:59:29.247850,2026-03-23 17:59:29.542201,0 days 00:00:00.294351,0.9335394247910959,2.545776988877867,0.13446584318213003,8,1.2132350697160301,0.0044310519238824645,0.048149649758483196,0.8544528911037238,COMPLETE
147,0.8865014662756597,2026-03-23 17:59:29.561222,2026-03-23 17:59:29.870137,0 days 00:00:00.308915,0.9369184057103391,2.5906205025363667,0.1384423574678393,8,1.2005347052493305,0.0036365910885422796,0.03405632032312397,0.8555039419373324,COMPLETE
148,0.8835073313782991,2026-03-23 17:59:29.890449,2026-03-23 17:59:30.245492,0 days 00:00:00.355043,0.9106055340506358,2.537325414694123,0.1379783765461289,8,1.1925970881717434,0.005564880702648062,0.03403893328480514,0.6661098431032102,COMPLETE
149,0.8843186705767351,2026-03-23 17:59:30.267376,2026-03-23 17:59:30.582582,0 days 00:00:00.315206,0.9239755282379781,2.6564458105427566,0.12763330499128123,8,1.0029138011361298,0.012419138627110521,0.04428950872367634,0.8697270848833834,COMPLETE
150,0.8841779081133919,2026-03-23 17:59:30.602996,2026-03-23 17:59:30.893220,0 days 00:00:00.290224,0.9505281831341053,2.8313862692979623,0.165599175092738,8,1.1014761132732027,0.0035035112012860117,0.06995955177654944,0.6244257418678774,COMPLETE
151,0.8848465298142718,2026-03-23 17:59:30.914386,2026-03-23 17:59:31.206282,0 days 00:00:00.291896,0.9371856271381702,2.760361724748233,0.13163736296715486,8,1.2411570835150005,0.0018949127673689378,0.027068965459354093,0.8542626365256933,COMPLETE
152,0.8840469208211144,2026-03-23 17:59:31.224389,2026-03-23 17:59:31.520077,0 days 00:00:00.295688,0.9351779994389644,2.6235239658322285,0.1199884508366244,8,1.1417560978210168,0.004161562931870514,0.05473149592615069,0.8413034940290509,COMPLETE
153,0.878989247311828,2026-03-23 17:59:31.539320,2026-03-23 17:59:31.843415,0 days 00:00:00.304095,0.92798676410966,2.952606028029169,0.13783307713998413,3,1.0625705304279955,0.0025909402078120826,0.019553995473920577,0.8650023316173393,COMPLETE
154,0.8855992179863148,2026-03-23 17:59:31.863236,2026-03-23 17:59:32.186045,0 days 00:00:00.322809,0.9465203873782074,2.478210262659219,0.1050822006453499,8,1.301170708251014,0.0012911391040261217,0.045611857112773206,0.8525328905977804,COMPLETE
155,0.884544477028348,2026-03-23 17:59:32.206412,2026-03-23 17:59:32.537323,0 days 00:00:00.330911,0.9567349444703791,2.5180457160998237,0.10559134532027532,8,1.2172983592404398,0.0015299551211738294,0.04653664389461234,0.8530958339104662,COMPLETE
156,0.8799364613880744,2026-03-23 17:59:32.556906,2026-03-23 17:59:32.840723,0 days 00:00:00.283817,0.94275294152018,2.3239689693980417,0.11381668506673223,8,9.295496610302667,0.005118048717534516,0.03779192229039594,0.87644844844433,COMPLETE
157,0.8840703812316716,2026-03-23 17:59:32.861044,2026-03-23 17:59:33.161889,0 days 00:00:00.300845,0.9198195900328718,2.4633110020802156,0.15699470213214778,8,1.3064263169208468,0.00041905993620734846,0.030564928590397812,0.8304249565578976,COMPLETE
158,0.8862688172043011,2026-03-23 17:59:33.180225,2026-03-23 17:59:33.500756,0 days 00:00:00.320531,0.9015089948587687,2.6814414251053584,0.1261604780710119,8,1.1313063430191095,0.0031327227638829978,0.060874022406491,0.8630926622277036,COMPLETE
159,0.8839100684261975,2026-03-23 17:59:33.520001,2026-03-23 17:59:33.824888,0 days 00:00:00.304887,0.8966789575318135,2.717180669916101,0.12494346262748564,8,1.1520014651459218,0.008061876568538072,0.06345661650150095,0.8903315299886573,COMPLETE
160,0.8831427174975561,2026-03-23 17:59:33.845075,2026-03-23 17:59:34.139184,0 days 00:00:00.294109,0.9053791670850287,3.1127352773626664,0.14827934904055737,8,1.2009931864264973,0.0029622177832893956,0.04411039745223975,0.8561237853166632,COMPLETE
161,0.8850420332355816,2026-03-23 17:59:34.160077,2026-03-23 17:59:34.485445,0 days 00:00:00.325368,0.9469206122169392,2.8689953107656985,0.1183103361128907,8,1.0498193882314302,0.0011720791491048193,0.05148285180702096,0.8479340184300534,COMPLETE
162,0.885097751710655,2026-03-23 17:59:34.507900,2026-03-23 17:59:34.816041,0 days 00:00:00.308141,0.9289381177250747,2.5735566903594735,0.13269906935899609,8,1.1038118584074987,0.0021427917657281443,0.03766406221982405,0.8621692179498753,COMPLETE
163,0.8857996089931575,2026-03-23 17:59:34.836488,2026-03-23 17:59:35.149349,0 days 00:00:00.312861,0.9178325215950262,2.681746301643457,0.10949242978613428,8,1.2822940533526326,0.000555663899039695,0.02436564252895933,0.8240339163075084,COMPLETE
164,0.873208211143695,2026-03-23 17:59:35.169295,2026-03-23 17:59:35.486075,0 days 00:00:00.316780,0.9157084003630239,4.966117094083761,0.140361100602446,8,1.2888467155237633,0.0006064458984730695,24.24770848209739,0.8677243102338106,COMPLETE
165,0.8853216031280547,2026-03-23 17:59:35.500838,2026-03-23 17:59:35.810528,0 days 00:00:00.309690,0.9354851772029423,2.776211527860163,0.1017445524499151,8,1.168663112120231,0.0015509498810562213,0.02470990978840963,0.8456986181001171,COMPLETE
166,0.8842531769305964,2026-03-23 17:59:35.831292,2026-03-23 17:59:36.126126,0 days 00:00:00.294834,0.8841577758362975,2.386003827444629,0.12332885218498015,8,1.219222746621856,0.0038401657865620013,0.0318915272102343,0.8301707722940057,COMPLETE
167,0.884147605083089,2026-03-23 17:59:36.143461,2026-03-23 17:59:36.466548,0 days 00:00:00.323087,0.9517854937898622,2.2371251876047045,0.11240516043027371,8,1.3053171509020767,0.0003385662627743514,0.060943385496392374,0.8578547107781593,COMPLETE
168,0.8858572825024439,2026-03-23 17:59:36.491864,2026-03-23 17:59:36.805098,0 days 00:00:00.313234,0.9725127736771172,2.6366652261373242,0.09245280950328989,8,1.1335827045119828,0.0010945105738892316,0.07587820561448823,0.8404978017866127,COMPLETE
169,0.8845102639296187,2026-03-23 17:59:36.824264,2026-03-23 17:59:37.144711,0 days 00:00:00.320447,0.975917451702008,2.6580124902298294,0.0954238972238645,8,1.109343426248112,0.005794913794935761,0.07587942685537694,0.8217594113611151,COMPLETE
170,0.8796744868035191,2026-03-23 17:59:37.163395,2026-03-23 17:59:37.456357,0 days 00:00:00.292962,0.9693543542805916,2.5108722833532435,0.1304695975035911,8,1.159715320005426,0.00012396854883767346,0.023025258138120897,0.9966056050681815,COMPLETE
171,0.8843910068426197,2026-03-23 17:59:37.476064,2026-03-23 17:59:37.808895,0 days 00:00:00.332831,0.9441554875248781,2.975745476334448,0.10406607978640108,8,1.2554279021631127,0.0010744197201925636,0.04317608378592601,0.8419850918065496,COMPLETE
172,0.8830244379276637,2026-03-23 17:59:37.829441,2026-03-23 17:59:38.136468,0 days 00:00:00.307027,0.9123506720656711,2.708278399607586,0.11882776311550002,8,1.0820462468737113,0.002143908466578438,0.05299716058752788,0.8494874026303,COMPLETE
173,0.8850156402737048,2026-03-23 17:59:38.156784,2026-03-23 17:59:38.509646,0 days 00:00:00.352862,0.9574200557765007,2.855294735010207,0.09165910449855338,8,1.000635218612271,0.0006692007493723207,0.033430724129502355,0.8356181432575177,COMPLETE
