number,value,datetime_start,datetime_complete,duration,params_colsample_bytree,params_gamma,params_learning_rate,params_max_depth,params_min_child_weight,params_reg_alpha,params_reg_lambda,params_subsample,state
702,0.8880566959921798,2026-03-23 18:02:15.306111,2026-03-23 18:02:15.590604,0 days 00:00:00.284493,0.9825647100148375,1.7504630367316818,0.11084149280840538,8,1.1090362040122128,0.035897824243115356,0.022002824947595655,0.857099154453598,COMPLETE
703,0.8853147605083089,2026-03-23 18:02:15.607054,2026-03-23 18:02:15.903644,0 days 00:00:00.296590,0.9838035341876501,1.7394699510761276,0.10900757977369849,8,1.0814094841014794,0.03792256042768533,0.012912849051937582,0.8514025804353004,COMPLETE
704,0.8854193548387098,2026-03-23 18:02:15.920696,2026-03-23 18:02:16.246695,0 days 00:00:00.325999,0.9802694754880132,1.5291520409862998,0.10108332769902945,8,4.209692651852955,0.04426048549858618,0.019263993645329734,0.8393235531172543,COMPLETE
705,0.8848054740957967,2026-03-23 18:02:16.260826,2026-03-23 18:02:16.577482,0 days 00:00:00.316656,0.9776386820499893,1.6073481501469433,0.10869720860548382,8,1.0588822364575103,0.07145873691210068,0.019125707767210922,0.8545340584032872,COMPLETE
706,0.8830322580645162,2026-03-23 18:02:16.593543,2026-03-23 18:02:16.875808,0 days 00:00:00.282265,0.9924895834786763,1.795113332963567,0.1126390191443283,8,1.1034342304628904,0.05554934191397382,0.016307487844866624,0.7375208997593488,COMPLETE
707,0.8861290322580645,2026-03-23 18:02:16.890352,2026-03-23 18:02:17.172149,0 days 00:00:00.281797,0.9870835680993748,1.698333510143789,0.10459272841113137,8,1.0389737374568826,0.1155686025266594,2.8678910079773408,0.8283622231473622,COMPLETE
708,0.8853792766373412,2026-03-23 18:02:17.187733,2026-03-23 18:02:17.543352,0 days 00:00:00.355619,0.9727642192747613,1.8400697254212295,0.09385208739624701,8,1.0397787207258598,0.029516981513200077,0.020426429843989836,0.8503552937963859,COMPLETE
709,0.8850772238514173,2026-03-23 18:02:17.558736,2026-03-23 18:02:17.853611,0 days 00:00:00.294875,0.983579931797302,1.9525507616378555,0.11614134941017099,8,1.0006022910056604,0.044688453074144895,0.024858902643761675,0.8444378655849639,COMPLETE
710,0.8849227761485826,2026-03-23 18:02:17.870235,2026-03-23 18:02:18.176736,0 days 00:00:00.306501,0.9801127391191647,1.4439828524361986,0.09665211651214102,8,1.1187752624123812,0.08684389314927067,1.2130143599604095,0.8770677599947164,COMPLETE
711,0.8847820136852395,2026-03-23 18:02:18.192483,2026-03-23 18:02:18.476510,0 days 00:00:00.284027,0.970705546916074,1.677882325773804,0.12660299956713694,8,1.08854875762331,0.1403338002955859,0.019983643014960892,0.8589281471479099,COMPLETE
712,0.8838533724340176,2026-03-23 18:02:18.487521,2026-03-23 18:02:18.795884,0 days 00:00:00.308363,0.8536510148178913,1.812561777089064,0.08731582596642183,7,1.1597556931889539,0.028362310690767136,0.014807113330794701,0.8694312379266007,COMPLETE
713,0.8857761485826001,2026-03-23 18:02:18.811516,2026-03-23 18:02:19.114984,0 days 00:00:00.303468,0.9715900763830537,2.002033806896707,0.10169055656020172,8,1.241962438464269,0.07025745644791684,0.023003466738673525,0.8387457832868525,COMPLETE
714,0.8876979472140762,2026-03-23 18:02:19.130214,2026-03-23 18:02:19.411229,0 days 00:00:00.281015,0.9896519653105492,1.8999700450900388,0.1137403978946273,8,1.0877481819667065,0.2583303512816343,0.026235032832858603,0.855635769754206,COMPLETE
715,0.8878621700879765,2026-03-23 18:02:19.423558,2026-03-23 18:02:19.682058,0 days 00:00:00.258500,0.990952680658795,1.6270832644870374,0.11781668160928312,8,1.1465035399251338,0.1469003579579508,0.01927653735289773,0.8603593031600993,COMPLETE
716,0.8842570869990225,2026-03-23 18:02:19.698432,2026-03-23 18:02:19.979467,0 days 00:00:00.281035,0.9926345200773331,1.4293811754872916,0.11770588188416052,8,1.271837429003668,0.253894012577629,0.01621752818787326,0.8634452531318502,COMPLETE
717,0.8862737047898339,2026-03-23 18:02:19.993914,2026-03-23 18:02:20.282062,0 days 00:00:00.288148,0.9931087667960015,1.6185760195586487,0.11940348195876245,8,1.2076182722365267,0.9011281082001489,0.02070191633952903,0.86855657587845,COMPLETE
718,0.8870488758553274,2026-03-23 18:02:20.296995,2026-03-23 18:02:20.585976,0 days 00:00:00.288981,0.9877457161411456,1.5292413102877285,0.11143884545350671,8,1.1761926578007795,0.483484971603709,0.01620236436649819,0.880451700446742,COMPLETE
719,0.8848338220918865,2026-03-23 18:02:20.600953,2026-03-23 18:02:20.903445,0 days 00:00:00.302492,0.9986953950100337,1.5735847307065056,0.1247728386322089,8,1.2923461193265768,0.3244166577023876,0.013743400272224971,0.8584962606838871,COMPLETE
720,0.8865620723362658,2026-03-23 18:02:20.918756,2026-03-23 18:02:21.218458,0 days 00:00:00.299702,0.9782128883030341,1.682545437014551,0.1138287373869589,8,1.141801442889262,0.16948954180966003,0.019237336213022357,0.8755125488609409,COMPLETE
721,0.8878602150537634,2026-03-23 18:02:21.232853,2026-03-23 18:02:21.508819,0 days 00:00:00.275966,0.9840311387254361,1.7159074389150586,0.13032164280512926,8,1.2350147838494399,0.6048588907689322,0.022416283084286656,0.864568559529416,COMPLETE
722,0.8874173998044965,2026-03-23 18:02:21.527036,2026-03-23 18:02:21.823928,0 days 00:00:00.296892,0.9849319188230122,1.4962895452378404,0.12893904487221036,8,1.227539108344419,0.20047583474374164,0.022937773874241896,0.8713020508809596,COMPLETE
723,0.8826862170087977,2026-03-23 18:02:21.836077,2026-03-23 18:02:22.104988,0 days 00:00:00.268911,0.9999280039660765,1.2979871503948972,0.13061325490872303,8,1.4188616063856263,0.2777081082740755,0.018391767711959005,0.8863512021213859,COMPLETE
724,0.8857966764418377,2026-03-23 18:02:22.120834,2026-03-23 18:02:22.408387,0 days 00:00:00.287553,0.9871657893142229,1.3983394510130305,0.1263646059726227,8,1.2738906938898995,0.8361409628788986,0.022186237622892527,0.87503525778807,COMPLETE
725,0.885615835777126,2026-03-23 18:02:22.423107,2026-03-23 18:02:22.718457,0 days 00:00:00.295350,0.9885680277916943,1.4867296286227307,0.13091056063959694,8,1.2282942515680566,0.5920703219420178,0.023811401397121554,0.8938764032117442,COMPLETE
726,0.8878308895405669,2026-03-23 18:02:22.733373,2026-03-23 18:02:23.032401,0 days 00:00:00.299028,0.9936676790842197,1.5169797079187197,0.1060915420080653,8,1.246102769224751,0.20656996014463339,0.01546954796308765,0.8859485901262186,COMPLETE
727,0.8855816226783968,2026-03-23 18:02:23.046872,2026-03-23 18:02:23.337794,0 days 00:00:00.290922,0.9973440618459529,1.382042360771393,0.11719325446488676,8,1.3905014164512988,0.5520596959477853,0.012964550854001996,0.9006551649462156,COMPLETE
728,0.8836803519061585,2026-03-23 18:02:23.353928,2026-03-23 18:02:23.647673,0 days 00:00:00.293745,0.9925036242719345,1.3612604554477243,0.10476646857006607,6,1.3433463055369563,0.38550186758726485,0.011455220660697384,0.8800273499013119,COMPLETE
729,0.8824173998044966,2026-03-23 18:02:23.662788,2026-03-23 18:02:23.994921,0 days 00:00:00.332133,0.9999031327943901,1.205035171378722,0.09309066922024666,8,1.9805535627231396,2.255755128650359,0.014875199180591648,0.9093432080227606,COMPLETE
730,0.8871720430107527,2026-03-23 18:02:24.008852,2026-03-23 18:02:24.324469,0 days 00:00:00.315617,0.9852520168579176,1.4872998370887718,0.09909221479751988,8,1.2557100448253316,0.7131480563377208,0.014957931980616635,0.8953059028368843,COMPLETE
731,0.8866275659824047,2026-03-23 18:02:24.339541,2026-03-23 18:02:24.632760,0 days 00:00:00.293219,0.9900013692216163,1.471852682198276,0.13584789630287922,8,1.3223246802976791,1.3786412465454696,0.01108561146285011,0.8918284409048393,COMPLETE
732,0.888088954056696,2026-03-23 18:02:24.647283,2026-03-23 18:02:24.920436,0 days 00:00:00.273153,0.9822352012572854,1.5384198371521427,0.10654437254694671,8,1.225234410958147,0.420406715597837,0.017800899736206133,0.8879399610903286,COMPLETE
733,0.8822306940371456,2026-03-23 18:02:24.936525,2026-03-23 18:02:25.255330,0 days 00:00:00.318805,0.9826560605684602,1.571061963046207,0.12554544750203764,8,1.3161879433357473,0.43948742889250597,0.017324022419991977,0.912508814166302,COMPLETE
734,0.8860830889540566,2026-03-23 18:02:25.273961,2026-03-23 18:02:23.601061,-1 days +23:59:58.327100,0.9928172901550739,1.3696925625315564,0.10758933188954733,8,1.3774795663629569,0.6226021636552758,0.01453220700385615,0.8884633313161547,COMPLETE
735,0.885902248289345,2026-03-23 18:02:23.616339,2026-03-23 18:02:23.910483,0 days 00:00:00.294144,0.9826869070357916,1.345110816649147,0.11520700281830847,8,1.269214689626949,0.3399563096113731,0.012617655024518296,0.8894702882743646,COMPLETE
736,0.8869081133919844,2026-03-23 18:02:23.925807,2026-03-23 18:02:24.252085,0 days 00:00:00.326278,0.9842120726812728,1.112222224265179,0.12325959342513801,8,1.2283278477211057,0.883455603752302,0.01769518653437119,0.9000598423385981,COMPLETE
737,0.8851143695014663,2026-03-23 18:02:24.267821,2026-03-23 18:02:24.559157,0 days 00:00:00.291336,0.9863667253456141,1.2705797472355587,0.1377294988201517,7,1.291964432888632,0.21617520757689804,0.020794247797727088,0.8825981412142169,COMPLETE
738,0.8857292277614859,2026-03-23 18:02:24.573946,2026-03-23 18:02:24.866246,0 days 00:00:00.292300,0.993758250868451,1.5092979575895864,0.10923484071727883,8,1.2218300902627823,0.3662808068769831,0.018769204797230075,0.8973396352948655,COMPLETE
739,0.8852785923753665,2026-03-23 18:02:24.881600,2026-03-23 18:02:25.160528,0 days 00:00:00.278928,0.9928940554435532,1.534521909451804,0.13069075509848094,8,1.217325885662272,0.4617857293823593,0.015081203812758804,0.9063926489266507,COMPLETE
740,0.8826783968719453,2026-03-23 18:02:25.176335,2026-03-23 18:02:25.461324,0 days 00:00:00.284989,0.9818095916933511,1.561627336593504,0.12199661538726897,8,1.3249806611217811,0.7397778977167744,0.016057503567970487,0.9674358459462128,COMPLETE
741,0.8868015640273704,2026-03-23 18:02:25.476460,2026-03-23 18:02:25.780515,0 days 00:00:00.304055,0.9816653777965381,1.4656172132509042,0.1142950613792255,8,1.261692935070567,0.24752570899230336,0.018266782688036165,0.8850936147474113,COMPLETE
742,0.8858856304985336,2026-03-23 18:02:25.792955,2026-03-23 18:02:26.092208,0 days 00:00:00.299253,0.9995167125576583,1.4209231399183637,0.1047640673992562,8,1.194002625460655,0.29193634885399444,0.023286983945678585,0.8730630184497026,COMPLETE
743,0.8867067448680352,2026-03-23 18:02:26.108042,2026-03-23 18:02:26.381226,0 days 00:00:00.273184,0.9786702406148432,1.6005900634973946,0.14261185254851033,8,1.4329417549439563,0.4908086174441697,0.013893092352978302,0.8845079060670512,COMPLETE
744,0.8875542521994135,2026-03-23 18:02:26.396850,2026-03-23 18:02:26.678939,0 days 00:00:00.282089,0.9938536500783266,1.4630290740134262,0.11792099483315754,8,1.7744734746779023,0.28831467677371597,0.01739162825120101,0.866326534709524,COMPLETE
745,0.886347018572825,2026-03-23 18:02:26.693807,2026-03-23 18:02:26.990954,0 days 00:00:00.297147,0.9951921198016095,1.241754453712908,0.13019544059284063,8,1.5505525163563438,1.2514890605290072,0.013132308505098217,0.8684545105367211,COMPLETE
746,0.8871094819159335,2026-03-23 18:02:27.005982,2026-03-23 18:02:27.301706,0 days 00:00:00.295724,0.9910595835843906,1.377250631856552,0.12065284772442421,8,1.8019464566362124,0.3396373824133639,0.016922398057580744,0.861318780414576,COMPLETE
747,0.8834271749755622,2026-03-23 18:02:27.314481,2026-03-23 18:02:27.605716,0 days 00:00:00.291235,0.9892044887450059,1.276843652492799,0.13267016175677254,8,1.515044678356043,0.22322325980549004,0.010308654249887295,0.8564880597342783,COMPLETE
748,0.8853206256109483,2026-03-23 18:02:27.620262,2026-03-23 18:02:27.914271,0 days 00:00:00.294009,0.9829124923335588,1.4559188271294092,0.12569571963077264,8,1.6780280862620907,0.5111320037395423,0.017659488760265702,0.8648200564688906,COMPLETE
749,0.8838230694037146,2026-03-23 18:02:27.932403,2026-03-23 18:02:28.205640,0 days 00:00:00.273237,0.9912652373302894,1.4575801619122162,0.11871524604217569,8,1.434275174743465,0.32252561567338994,0.020353055288490896,0.9847732512323335,COMPLETE
750,0.883414467253177,2026-03-23 18:02:28.221123,2026-03-23 18:02:28.622660,0 days 00:00:00.401537,0.99951737096292,1.3091210491507521,0.0444701204488258,8,1.3146506453857274,0.6867679064442435,0.01484857567445326,0.871060250002087,COMPLETE
751,0.8813695014662757,2026-03-23 18:02:28.635515,2026-03-23 18:02:28.929103,0 days 00:00:00.293588,0.9869730391790185,1.55139559073532,0.14248291583627476,8,1.248743704455334,0.19924259212399525,0.021977414389360874,0.8528836412571519,COMPLETE
752,0.8856265884652981,2026-03-23 18:02:28.948143,2026-03-23 18:02:29.239030,0 days 00:00:00.290887,0.9791031173812281,1.5946145002001684,0.11497053259386818,8,1.3553343725049738,0.3538376256643712,0.017662384505373142,0.8632024511160826,COMPLETE
753,0.8860469208211144,2026-03-23 18:02:29.255029,2026-03-23 18:02:29.601012,0 days 00:00:00.345983,0.977787422923712,1.3973658712919077,0.12938595693341026,8,1.7551561020559427,0.3076706567600344,0.012033618267167069,0.8572117667003553,COMPLETE
754,0.8823304007820136,2026-03-23 18:02:29.617450,2026-03-23 18:02:30.067716,0 days 00:00:00.450266,0.9855395474358916,1.501170286493661,0.03450639382217491,5,2.2357066188200045,0.23350610796324364,0.021339368363997004,0.8703499309623938,COMPLETE
755,0.8835073313782992,2026-03-23 18:02:30.084219,2026-03-23 18:02:30.358483,0 days 00:00:00.274264,0.9999580375033721,0.9822929176291721,0.13765131505433445,8,1.1982473435740808,1.9976333284045906,0.023953101070734,0.718463424916317,COMPLETE
756,0.8848748778103617,2026-03-23 18:02:30.372385,2026-03-23 18:02:30.670356,0 days 00:00:00.297971,0.9931916538411777,1.1547871738030857,0.12164413386367168,8,2.620564644904529,0.5044229141075551,0.01640780567277781,0.8518565886679912,COMPLETE
757,0.8882580645161291,2026-03-23 18:02:30.684990,2026-03-23 18:02:30.949370,0 days 00:00:00.264380,0.9785621630340942,1.6308153754848416,0.1500404461713101,8,1.170950449202322,1.0256556080268768,0.019762281955585242,0.865830033513552,COMPLETE
758,0.8809736070381231,2026-03-23 18:02:30.964662,2026-03-23 18:02:31.273132,0 days 00:00:00.308470,0.9762262637052503,1.618221929778627,0.15512923544437188,3,1.2951100567118032,1.214475238257635,0.019059388073465102,0.8766565044678284,COMPLETE
759,0.8813626588465298,2026-03-23 18:02:31.288473,2026-03-23 18:02:31.563548,0 days 00:00:00.275075,0.9774413483762652,4.997903395282419,0.14781529584913605,8,1.2446224711385883,1.2381524735443483,0.01937272385924198,0.8677742462795333,COMPLETE
760,0.8847272727272727,2026-03-23 18:02:31.576798,2026-03-23 18:02:31.853798,0 days 00:00:00.277000,0.9880079690867661,1.4406310028169975,0.14525627452439985,8,1.1869203705570506,0.9388210351813286,0.0149016773780299,0.8785927248509106,COMPLETE
761,0.8860244379276637,2026-03-23 18:02:31.869672,2026-03-23 18:02:32.139245,0 days 00:00:00.269573,0.9805466125888058,1.54892441205234,0.16107898627031422,8,1.350234019622506,1.2189130394800614,0.022300785370682835,0.8655176545854019,COMPLETE
762,0.8818484848484849,2026-03-23 18:02:32.154387,2026-03-23 18:02:32.451073,0 days 00:00:00.296686,0.9863898029365267,1.3335244811260856,0.1460482513724733,8,2.0754657175193056,3.7160242022754417,0.012386337799987808,0.8735203203784099,COMPLETE
763,0.8853910068426197,2026-03-23 18:02:32.467067,2026-03-23 18:02:32.739789,0 days 00:00:00.272722,0.9749010909687709,1.6240723298848885,0.1355106375418548,8,2.9848835399779166,0.7905991825839133,0.016338756939431133,0.8616139507632573,COMPLETE
764,0.8845444770283479,2026-03-23 18:02:32.753304,2026-03-23 18:02:33.016355,0 days 00:00:00.263051,0.9878190684296798,1.4813734122741868,0.14912229938012672,8,1.491431671310519,0.40460498603382855,0.024290100083877615,0.8733370145277412,COMPLETE
765,0.8877673509286412,2026-03-23 18:02:33.030779,2026-03-23 18:02:33.291820,0 days 00:00:00.261041,0.9914730296413422,1.5914750039063505,0.1381561347401798,8,1.9321581714314,0.24795813639253822,0.01950351325978633,0.8514244186823069,COMPLETE
766,0.8863880742913002,2026-03-23 18:02:33.307734,2026-03-23 18:02:33.575940,0 days 00:00:00.268206,0.9951474804727451,1.535138815307166,0.1323684604045778,8,2.3208081897631914,0.2170754681117888,0.015909168795763137,0.8463014185220047,COMPLETE
767,0.888080156402737,2026-03-23 18:02:33.592069,2026-03-23 18:02:33.883351,0 days 00:00:00.291282,0.9899024199308807,1.6330333299444115,0.13636723413040702,8,1.3734091018002583,0.5165001654640724,0.019378269370522512,0.8495943710885269,COMPLETE
768,0.8876480938416421,2026-03-23 18:02:33.900376,2026-03-23 18:02:34.166083,0 days 00:00:00.265707,0.9950959500442721,1.6303463471894037,0.12765237429291929,8,2.040958569395488,0.9615777291785954,0.015012035167757723,0.8486952843453953,COMPLETE
769,0.885457478005865,2026-03-23 18:02:34.179327,2026-03-23 18:02:34.469732,0 days 00:00:00.290405,0.9975291977265988,1.576113158816324,0.12588971674171986,8,1.9518901874775487,0.9962924595653182,0.015236872980795783,0.8491677415625778,COMPLETE
770,0.8866119257087,2026-03-23 18:02:34.482522,2026-03-23 18:02:34.752127,0 days 00:00:00.269605,0.9999325212781734,1.6587780313207794,0.12653148596541086,8,1.731475752166734,0.6216805328012096,0.011743289463974026,0.8480545681112418,COMPLETE
771,0.8857741935483869,2026-03-23 18:02:34.768253,2026-03-23 18:02:35.048046,0 days 00:00:00.279793,0.993591540199408,1.389039512139529,0.12081049833930281,8,1.9869562671039205,0.6394219411940941,0.013557527178321791,0.8578637813083421,COMPLETE
772,0.8842776148582601,2026-03-23 18:02:35.065143,2026-03-23 18:02:35.366447,0 days 00:00:00.301304,0.9911853256656853,1.6420738471578538,0.1372829599580762,8,1.9161056107904675,0.5681944091645817,0.013417989810414366,0.8435781917935914,COMPLETE
773,0.8860430107526881,2026-03-23 18:02:35.381565,2026-03-23 18:02:35.683080,0 days 00:00:00.301515,0.9870525708209463,1.4442860441162673,0.12907429235043896,8,2.0877379770454216,1.823771060013812,0.01759111027615773,0.8536022443161527,COMPLETE
774,0.8870557184750734,2026-03-23 18:02:35.696477,2026-03-23 18:02:35.960147,0 days 00:00:00.263670,0.9924684792676703,1.5481361975103134,0.11549837322200056,8,2.1648303284814068,1.0237725889809486,0.014246062445765541,0.8837997559445037,COMPLETE
775,0.8872228739002933,2026-03-23 18:02:35.974147,2026-03-23 18:02:36.236159,0 days 00:00:00.262012,0.9994752588057194,1.6418989914236666,0.12374936051549262,8,1.918994858231133,0.42181526308519535,0.011693887818971458,0.8529273667467533,COMPLETE
776,0.8857683284457477,2026-03-23 18:02:36.253287,2026-03-23 18:02:36.537045,0 days 00:00:00.283758,0.984141013926783,1.5133461756362092,0.13450661787202853,8,2.025905009567471,0.5322108056414259,0.019362217608693215,0.8595032047705636,COMPLETE
777,0.8822101661779082,2026-03-23 18:02:36.552306,2026-03-23 18:02:36.879246,0 days 00:00:00.326940,0.9820912258494269,1.6480028262257462,0.11855639789831812,8,1.6347981069171555,2.373860592962809,0.01661321627913777,0.8787517596702451,COMPLETE
778,0.8836050830889539,2026-03-23 18:02:36.895204,2026-03-23 18:02:37.141553,0 days 00:00:00.246349,0.9876429506597038,1.3440626323777725,0.1408235850200539,8,1.8547601145309345,1.5490002619796792,0.018115929481236092,0.8453941792098087,COMPLETE
779,0.8833753665689148,2026-03-23 18:02:37.157100,2026-03-23 18:02:37.701432,0 days 00:00:00.544332,0.9930108319501196,1.4526308719034062,0.0200712302013531,8,1.471674584181142,0.8250208262159204,0.01401955404462027,0.8672487009854903,COMPLETE
780,0.8772199413489736,2026-03-23 18:02:37.717046,2026-03-23 18:02:37.995233,0 days 00:00:00.278187,0.9793807520374466,1.6477681677153524,0.12975662003048738,4,1.7993928599442508,0.3212198064320671,0.01118707790593021,0.6895665193059404,COMPLETE
781,0.8843088954056695,2026-03-23 18:02:38.011777,2026-03-23 18:02:38.282459,0 days 00:00:00.270682,0.9921543918950622,1.5313116795049628,0.11394221310913334,8,2.485782156013986,0.29533465411974924,0.010328673761675893,0.8916802370338621,COMPLETE
782,0.8849608993157381,2026-03-23 18:02:38.297329,2026-03-23 18:02:38.593238,0 days 00:00:00.295909,0.9989225419801777,1.6236111095385273,0.1825089905409482,8,1.6140746808049309,0.7511437647140147,0.01892707024178402,0.8549170244764713,COMPLETE
783,0.8859990224828934,2026-03-23 18:02:38.610069,2026-03-23 18:02:38.927486,0 days 00:00:00.317417,0.9835191605792969,1.6801842417964272,0.12307112668739406,8,1.8444518199290276,0.37653526997634634,0.019888138426241965,0.8426415092999061,COMPLETE
784,0.8857683284457478,2026-03-23 18:02:38.941940,2026-03-23 18:02:39.202325,0 days 00:00:00.260385,0.9776700094395581,1.2656364888175915,0.13777940183006418,8,2.0365068860413116,1.4175094030532167,0.016033919916221145,0.865564164882142,COMPLETE
785,0.8831720430107526,2026-03-23 18:02:39.218656,2026-03-23 18:02:39.902608,0 days 00:00:00.683952,0.987414172784873,1.3984114820712663,0.013268556401224282,8,1.7106021000838327,0.5505567148190316,0.013122209923576685,0.8815715692728942,COMPLETE
786,0.8842727272727273,2026-03-23 18:02:39.917694,2026-03-23 18:02:40.287905,0 days 00:00:00.370211,0.9763459032548161,1.5339228760312122,0.06622379394580705,8,1.7625390511701706,0.2916947081861825,0.020832876448097115,0.8380618898748153,COMPLETE
787,0.8853851417399805,2026-03-23 18:02:40.301421,2026-03-23 18:02:40.577181,0 days 00:00:00.275760,0.9995862330087292,1.7127032247797758,0.12782313314968685,8,1.837289318895947,0.20337219679682875,0.01701372843181665,0.8727704943302854,COMPLETE
788,0.8873782991202346,2026-03-23 18:02:40.592706,2026-03-23 18:02:40.869693,0 days 00:00:00.276987,0.9908951198301795,1.5889507871199737,0.14437789662498857,8,2.1304813592053744,0.18997736796510692,0.02118015792398376,0.851556750966894,COMPLETE
789,0.884930596285435,2026-03-23 18:02:40.885933,2026-03-23 18:02:41.224362,0 days 00:00:00.338429,0.9835118570862753,1.6677892159062742,0.11709623039834913,6,1.4080129464820978,0.8568804598274345,0.01797609422388972,0.8599582967018592,COMPLETE
