number,value,datetime_start,datetime_complete,duration,params_colsample_bytree,params_gamma,params_learning_rate,params_max_depth,params_min_child_weight,params_reg_alpha,params_reg_lambda,params_subsample,state
1844,0.885765395894428,2026-03-23 18:07:47.526328,2026-03-23 18:07:47.798817,0 days 00:00:00.272489,0.9999543483433321,1.5736742787677656,0.17076999028250975,8,1.0004246918822373,0.39405521591458126,0.024763584153027682,0.8762654938845985,COMPLETE
1845,0.8848093841642228,2026-03-23 18:07:47.815685,2026-03-23 18:07:48.118711,0 days 00:00:00.303026,0.9785786841357609,2.090019593808026,0.14424429179775447,8,1.1263695064818007,0.03053375664875194,0.04514089738698511,0.8336363095833939,COMPLETE
1846,0.8837047898338222,2026-03-23 18:07:48.134986,2026-03-23 18:07:48.420227,0 days 00:00:00.285241,0.9364514486488236,1.7943753578642028,0.1234647859793052,8,1.0510371813889057,6.317374183749332e-05,0.032883477575640106,0.8915095966081681,COMPLETE
1847,0.8838367546432062,2026-03-23 18:07:48.436572,2026-03-23 18:07:48.703791,0 days 00:00:00.267219,0.9867734213754515,2.5096919687887174,0.13100220922284933,8,1.2396236001108254,0.6603473250165859,0.022256896932423113,0.8627141603129758,COMPLETE
1848,0.8838426197458455,2026-03-23 18:07:48.720804,2026-03-23 18:07:48.997551,0 days 00:00:00.276747,0.9924131527404018,1.8678386833899097,0.17673464391499843,8,1.5296576746843522,1.255352524714845,0.04029276460753063,0.8518016405248393,COMPLETE
1849,0.8848211143695014,2026-03-23 18:07:49.012057,2026-03-23 18:07:49.312142,0 days 00:00:00.300085,0.9716352548109848,1.6785978525944896,0.14171076633874025,8,1.4046962941213221,0.04746271534491252,0.01726682756675751,0.8815855755348379,COMPLETE
1850,0.8824418377321603,2026-03-23 18:07:49.328389,2026-03-23 18:07:49.640416,0 days 00:00:00.312027,0.961379860373221,2.225897897392358,0.15993588909692388,5,1.0972760699546449,0.00930498278388288,0.026729341258508364,0.8690112614397435,COMPLETE
1851,0.8834897360703813,2026-03-23 18:07:49.656943,2026-03-23 18:07:50.095519,0 days 00:00:00.438576,0.9804882987423704,1.5016354043934868,0.04637708263001,8,1.1734559888630456,0.0051892081208227995,0.0324202653608012,0.8414032929809818,COMPLETE
1852,0.8854007820136853,2026-03-23 18:07:50.113516,2026-03-23 18:07:50.414324,0 days 00:00:00.300808,0.9516204337347816,1.6102267565057145,0.12285472867448416,8,1.2693844267031666,0.08754585891372256,0.019844729433699762,0.8560417948792439,COMPLETE
1853,0.8839912023460412,2026-03-23 18:07:50.431395,2026-03-23 18:07:50.749076,0 days 00:00:00.317681,0.9203002279030725,1.3947456889791991,0.12973970127692108,8,1.0495541634470817,0.01919139727733454,0.05575217973792269,0.8481215236682238,COMPLETE
1854,0.8878132942326491,2026-03-23 18:07:50.766478,2026-03-23 18:07:51.059157,0 days 00:00:00.292679,0.9930427480549531,1.860687726839646,0.15120901418624794,8,1.1350431743696874,0.1693926378382434,0.038223353874139665,0.863411225568006,COMPLETE
1855,0.8747653958944281,2026-03-23 18:07:51.074717,2026-03-23 18:07:51.418499,0 days 00:00:00.343782,0.9805543861260921,1.9861914108573744,0.04233001049825784,8,1.2113888768100465,5.669688658188822,0.028425586435863282,0.8171820450197166,COMPLETE
1856,0.8859921798631476,2026-03-23 18:07:51.437197,2026-03-23 18:07:51.719416,0 days 00:00:00.282219,0.9673408442404946,1.737522166499096,0.13694730841568847,8,1.3375857263506357,0.8758836564132655,0.023062880272776077,0.8752831181036014,COMPLETE
1857,0.8852375366568914,2026-03-23 18:07:51.740783,2026-03-23 18:07:52.043973,0 days 00:00:00.303190,0.9848258256029189,2.1217820068218862,0.11930280540134532,8,1.0913869894277592,0.38321911437775175,0.08408015383577673,0.8578057989990119,COMPLETE
1858,0.8846158357771261,2026-03-23 18:07:52.060130,2026-03-23 18:07:52.365259,0 days 00:00:00.305129,0.9731995556915126,1.5844571220106853,0.1487825327810137,8,1.0465203300060135,1.840528749835685,0.0471877536623581,0.8682675928263021,COMPLETE
1859,0.8838054740957967,2026-03-23 18:07:52.381187,2026-03-23 18:07:52.674773,0 days 00:00:00.293586,0.9935116722395211,1.901300605508962,0.11372210591615423,8,1.1536168218852054,0.011095112735957022,0.2893488200927866,0.8886882540128628,COMPLETE
1860,0.8859814271749755,2026-03-23 18:07:52.691917,2026-03-23 18:07:52.984075,0 days 00:00:00.292158,0.9300083233590404,1.743995191427611,0.16831774621218043,8,1.2377525755073153,0.0293667004423109,0.018350569749791757,0.8363757274632752,COMPLETE
1861,0.8832873900293255,2026-03-23 18:07:52.999955,2026-03-23 18:07:53.302123,0 days 00:00:00.302168,0.7840142547192962,1.4559337573508377,0.1903587173558564,8,1.0865262710937493,0.04444276703208554,0.03524881046920918,0.850674203525803,COMPLETE
1862,0.8869902248289345,2026-03-23 18:07:53.319936,2026-03-23 18:07:53.596508,0 days 00:00:00.276572,0.9999631472119366,2.0063129088516725,0.12739904160673404,8,1.1787873797372694,0.06211770737945164,0.06823083609275753,0.8809721569534947,COMPLETE
1863,0.883197458455523,2026-03-23 18:07:53.613348,2026-03-23 18:07:53.888866,0 days 00:00:00.275518,0.9016391232374441,1.6403236586949996,0.14337768141226057,8,1.337152694446187,0.33886934668744595,0.025236786202918863,0.742193948204787,COMPLETE
1864,0.8838142717497557,2026-03-23 18:07:53.905497,2026-03-23 18:07:54.206023,0 days 00:00:00.300526,0.9578198515062297,1.803507170085799,0.16149147290172583,7,1.4773010245078704,0.015656055086647126,0.031191357831755473,0.8611784420956806,COMPLETE
1865,0.8858367546432062,2026-03-23 18:07:54.223008,2026-03-23 18:07:54.535828,0 days 00:00:00.312820,0.982571158778066,1.4933141488402868,0.13606215611670586,8,1.0500376361704695,0.10348386602147054,0.041229862870642585,0.8457423201230327,COMPLETE
1866,0.8862248289345063,2026-03-23 18:07:54.552643,2026-03-23 18:07:54.830093,0 days 00:00:00.277450,0.9879991531277423,1.926260216360276,0.11518451030851554,8,1.1254646623917466,0.652695404733183,0.02007212785535254,0.8751419315235363,COMPLETE
1867,0.8843538611925708,2026-03-23 18:07:54.846510,2026-03-23 18:07:55.172733,0 days 00:00:00.326223,0.9691023724577802,1.347639496415924,0.12275952637028215,8,1.2658671017699032,0.005999506116338398,0.027192920421163298,0.8663004498746771,COMPLETE
1868,0.8872228739002932,2026-03-23 18:07:55.189470,2026-03-23 18:07:55.470885,0 days 00:00:00.281415,0.975865644987598,1.6712881150584615,0.1538219100304513,8,1.1992381510635846,0.02467815027392979,0.04567908936927997,0.8545588393369714,COMPLETE
1869,0.8870439882697947,2026-03-23 18:07:55.487580,2026-03-23 18:07:55.775749,0 days 00:00:00.288169,0.94303338450169,1.821738268639149,0.18072638127531285,8,1.0465068801982134,0.008458466678091553,0.03513762859094407,0.894129678975559,COMPLETE
1870,0.8847761485826001,2026-03-23 18:07:55.792447,2026-03-23 18:07:56.420743,0 days 00:00:00.628296,0.9873769313255519,1.572675604752248,0.03070044373678389,6,1.1281323991512664,0.17606145763604492,0.01739098308493364,0.8825563481593158,COMPLETE
1871,0.8860723362658847,2026-03-23 18:07:56.436565,2026-03-23 18:07:56.725696,0 days 00:00:00.289131,0.9780993306294237,2.1415371537379038,0.1300895572400968,8,1.298066070054255,0.2549244142421396,0.024566670034243236,0.8441171855607938,COMPLETE
1872,0.8848123167155425,2026-03-23 18:07:56.742971,2026-03-23 18:07:57.051629,0 days 00:00:00.308658,0.9923726654428127,1.7528448486623844,0.14276378313154628,8,1.3872153599314005,0.4870340139939229,0.03160896557568182,0.8692540106669591,COMPLETE
1873,0.883295210166178,2026-03-23 18:07:57.069863,2026-03-23 18:07:57.336120,0 days 00:00:00.266257,0.9604960175417344,2.0225158617533943,0.1677236003385702,8,1.2125721955569613,0.012254424315594719,0.05370978262817303,0.8084272276755174,COMPLETE
1874,0.8872199413489736,2026-03-23 18:07:57.353046,2026-03-23 18:07:57.648241,0 days 00:00:00.295195,0.9693258471683907,2.391301721634065,0.13713112734078553,8,1.0012929572440048,0.037422844972247134,0.039386438562184475,0.858828068336773,COMPLETE
1875,0.8872404692082112,2026-03-23 18:07:57.664938,2026-03-23 18:07:57.962590,0 days 00:00:00.297652,0.982217571999864,2.2791631921773177,0.11931604284316324,8,1.0000555829041289,0.08546412200641205,0.020500954584696123,0.8258889142195813,COMPLETE
1876,0.88286119257087,2026-03-23 18:07:57.979709,2026-03-23 18:07:56.255018,-1 days +23:59:58.275309,0.9498819430529234,1.9165989835592854,0.15504488032327426,4,1.0899289452332155,1.3932806257078723,0.029216975214528124,0.8333582668759206,COMPLETE
1877,0.8882844574780058,2026-03-23 18:07:56.273072,2026-03-23 18:07:56.588069,0 days 00:00:00.314997,0.9936170450594705,1.6834907806335657,0.1467408655074456,8,3.4607975888939597,0.023893755501904087,0.022949304986844374,0.8527951285036827,COMPLETE
1878,0.8831896383186706,2026-03-23 18:07:56.605153,2026-03-23 18:07:56.910322,0 days 00:00:00.305169,0.9934393780405777,1.792959203553889,0.1618812495358738,8,3.0553181386978916,0.02004969364876104,0.027289913958083327,0.8736013616155106,COMPLETE
1879,0.8846197458455523,2026-03-23 18:07:56.927805,2026-03-23 18:07:57.208328,0 days 00:00:00.280523,0.999590872757787,1.8512295833549552,0.1760430936244739,8,1.0928115484765646,0.025682499214620264,0.03512724111672648,0.8608673220637586,COMPLETE
1880,0.8862033235581622,2026-03-23 18:07:57.225120,2026-03-23 18:07:57.527203,0 days 00:00:00.302083,0.9926094671902679,1.9492398357237024,0.15533344315005718,8,3.5578643703458632,0.03429938455908201,0.5428290892119977,0.8674361593068757,COMPLETE
1881,0.8841241446725318,2026-03-23 18:07:57.544625,2026-03-23 18:07:57.827342,0 days 00:00:00.282717,0.9864458074993073,2.045968519774422,0.1646187844837344,8,4.133903479826818,0.016697371007198432,0.025226517911962055,0.8766757593235605,COMPLETE
1882,0.8865483870967741,2026-03-23 18:07:57.845013,2026-03-23 18:07:58.120024,0 days 00:00:00.275011,0.9771727879730683,2.49732428658847,0.15032135662753981,8,1.0522349992077153,0.022626176070528792,0.030230656945425084,0.8536954789356779,COMPLETE
1883,0.8856510263929619,2026-03-23 18:07:58.136529,2026-03-23 18:07:58.438761,0 days 00:00:00.302232,0.9940323796176249,1.767212184642262,0.14906349714175424,8,1.1571546441833451,0.03420450080752494,0.04198254703675683,0.8848565350968118,COMPLETE
1884,0.886485826001955,2026-03-23 18:07:58.452097,2026-03-23 18:07:58.742008,0 days 00:00:00.289911,0.9836379567235611,1.6860371676266284,0.17369449698737238,8,3.7092891697221053,0.016644952122044844,0.03392608609129504,0.8644447239342631,COMPLETE
1885,0.8823098729227762,2026-03-23 18:07:58.758889,2026-03-23 18:07:59.056930,0 days 00:00:00.298041,0.9747409352781926,1.8825791738036217,0.15804507072604979,8,3.7651955612211334,0.027794590979108472,0.023326612133221864,0.8577949240033695,COMPLETE
1886,0.8822258064516129,2026-03-23 18:07:59.071456,2026-03-23 18:07:59.361780,0 days 00:00:00.290324,0.9380310476640354,1.6409866668135271,0.14689424353831437,8,3.22364268397772,0.041953636448166,0.02953282031193589,0.8710499072416076,COMPLETE
1887,0.8848553274682307,2026-03-23 18:07:59.379287,2026-03-23 18:07:59.644162,0 days 00:00:00.264875,0.9622955071718834,2.1709797111009657,0.15663920708500073,8,3.004676172977289,0.013496884233065772,0.03856604087657686,0.850867231663659,COMPLETE
1888,0.8850674486803519,2026-03-23 18:07:59.661549,2026-03-23 18:07:59.946662,0 days 00:00:00.285113,0.9999427370199993,1.8066282872000674,0.16733850931988767,8,3.375782102432065,0.021824762619372457,0.04862197555957741,0.8782048843744823,COMPLETE
1889,0.8827507331378298,2026-03-23 18:07:59.963049,2026-03-23 18:08:00.229412,0 days 00:00:00.266363,0.9271183406081221,2.0249152258662866,0.18387304420854428,8,1.117447888051215,0.045056163575257435,0.02565569737773225,0.8635698592373838,COMPLETE
1890,0.8825650048875855,2026-03-23 18:08:00.245539,2026-03-23 18:08:00.534490,0 days 00:00:00.288951,0.9880435737682585,1.9172956555106433,0.143112975902884,8,2.848435661887665,0.011341967267219007,0.031085079402884807,0.8952239275694409,COMPLETE
1891,0.882505376344086,2026-03-23 18:08:00.550721,2026-03-23 18:08:00.819925,0 days 00:00:00.269204,0.9676748913988747,1.696000096419199,0.14785153231173453,8,1.0531043089572616,0.0576049617735461,0.037151165074300836,0.8439421520084265,COMPLETE
1892,0.883049853372434,2026-03-23 18:08:00.836322,2026-03-23 18:08:01.127270,0 days 00:00:00.290948,0.9930300241197495,1.488969833767253,0.16008575919619364,8,2.999137727567357,0.018103215868950945,0.06256477923580978,0.8863092895751508,COMPLETE
1893,0.8846060606060605,2026-03-23 18:08:01.143386,2026-03-23 18:08:01.439757,0 days 00:00:00.296371,0.980846953231961,1.7116740924903888,0.16777131669527076,8,3.577501037277666,0.033243543691523235,0.0225844735539884,0.8705354786426016,COMPLETE
1894,0.8845659824046922,2026-03-23 18:08:01.456017,2026-03-23 18:08:01.756934,0 days 00:00:00.300917,0.9551089526766802,1.5651658918456068,0.14079282006018054,8,3.465877934569533,0.0248703798064124,0.045268880864311176,0.8537599433459282,COMPLETE
1895,0.8837086999022482,2026-03-23 18:08:01.773058,2026-03-23 18:08:02.067708,0 days 00:00:00.294650,0.9740590521292928,1.8531332459107803,0.14993964428648904,8,3.430965669962735,0.013197937391567735,0.028037140312837272,0.8613095049592449,COMPLETE
1896,0.8850430107526881,2026-03-23 18:08:02.084430,2026-03-23 18:08:02.381177,0 days 00:00:00.296747,0.9861671545616815,2.0324868999175587,0.1132479948635122,8,3.7172189731823337,0.06775506111919909,0.0339428927241219,0.8791633333690355,COMPLETE
1897,0.8853714565004888,2026-03-23 18:08:02.396981,2026-03-23 18:08:02.683670,0 days 00:00:00.286689,0.9476039281471458,1.777381866810777,0.1340604912694854,8,3.6739415854343154,0.008544903778408207,0.0221448457259508,0.8508167462909533,COMPLETE
1898,0.8834868035190615,2026-03-23 18:08:02.700607,2026-03-23 18:08:03.031576,0 days 00:00:00.330969,0.9998506958728682,1.4002324239879769,0.15832429053542665,8,1.1522537949980365,0.03780903847862949,0.026705351237424426,0.838915679586635,COMPLETE
1899,0.8850518084066471,2026-03-23 18:08:03.046349,2026-03-23 18:08:03.323031,0 days 00:00:00.276682,0.9801992380142992,1.9479923877500753,0.12792920795439705,8,3.368381803328133,0.014759565106418395,0.05369895684337377,0.6986111569807637,COMPLETE
1900,0.8841720430107528,2026-03-23 18:08:03.339769,2026-03-23 18:08:03.640663,0 days 00:00:00.300894,0.9922826154094274,1.5932857262556535,0.19020234655902674,7,3.464028843992519,0.020928938438403596,0.041294302965195755,0.8661755207449426,COMPLETE
1901,0.8848963831867058,2026-03-23 18:08:03.656669,2026-03-23 18:08:03.973985,0 days 00:00:00.317316,0.9657927472501999,2.239377661192745,0.17526854239462708,8,3.0973726721706125,2.136699298311482e-06,0.032169312177472605,0.8736967812908856,COMPLETE
1902,0.8867790811339198,2026-03-23 18:08:03.990930,2026-03-23 18:08:04.268041,0 days 00:00:00.277111,0.9729774798475676,2.0834529344170662,0.14180679056640783,8,3.275431477281913,0.05613360816407121,0.02223265950697437,0.8606694739932008,COMPLETE
1903,0.8852756598240469,2026-03-23 18:08:04.284739,2026-03-23 18:08:04.625175,0 days 00:00:00.340436,0.9870344249578918,2.5030907425678337,0.11330868843167036,8,4.14254289113834,0.009769990602257892,0.035827370376413585,0.8473207855941414,COMPLETE
1904,0.8872140762463342,2026-03-23 18:08:04.640692,2026-03-23 18:08:04.917002,0 days 00:00:00.276310,0.9812139420379102,1.6789711218871801,0.19954637482441068,8,3.3975937018527,0.004496896868500269,0.027681867610350838,0.8868539932548345,COMPLETE
1905,0.8837302052785923,2026-03-23 18:08:04.933030,2026-03-23 18:08:05.271216,0 days 00:00:00.338186,0.9576109025091795,1.8431790635298642,0.07813580377949828,8,3.200261997141733,0.026634661484877475,0.04374931310202778,0.8579388908300343,COMPLETE
1906,0.8842179863147605,2026-03-23 18:08:05.285501,2026-03-23 18:08:05.588529,0 days 00:00:00.303028,0.9925869672307753,1.5173148085702413,0.1531976705031047,8,3.29548772263039,0.04539902371181395,0.017282078285280868,0.8683096442013364,COMPLETE
1907,0.8836852394916911,2026-03-23 18:08:05.602379,2026-03-23 18:08:06.025368,0 days 00:00:00.422989,0.973533681540532,1.3573426869752607,0.035947304436688955,8,3.518248143009256,0.008359593874886993,0.032269430401802426,0.839738048402537,COMPLETE
1908,0.8857135874877811,2026-03-23 18:08:06.039530,2026-03-23 18:08:06.341477,0 days 00:00:00.301947,0.9836584151208163,1.7625101503980234,0.12197774396233012,8,1.0455240449025627,0.019725356361265708,0.02516112293846085,0.8746354357533358,COMPLETE
1909,0.8852346041055718,2026-03-23 18:08:06.356184,2026-03-23 18:08:06.639019,0 days 00:00:00.282835,0.9666759676293805,1.9328240170103634,0.1357948678477969,8,3.568745208894306,0.005881751903845046,0.07230395457616462,0.8537866416396219,COMPLETE
1910,0.8861896383186707,2026-03-23 18:08:06.652523,2026-03-23 18:08:06.964484,0 days 00:00:00.311961,0.9916255906281443,2.6093657962442554,0.16309389398724755,8,3.2110922661326,0.0028697054660387082,0.02073710077030698,0.8833180791803109,COMPLETE
1911,0.8860185728250245,2026-03-23 18:08:06.979219,2026-03-23 18:08:07.273901,0 days 00:00:00.294682,0.9998333331777713,1.616988865672141,0.14489332051596013,8,3.110376999342161,0.06200215943545648,0.05020447382240386,0.8448224855207953,COMPLETE
1912,0.8836999022482894,2026-03-23 18:08:07.286879,2026-03-23 18:08:07.566857,0 days 00:00:00.279978,0.9408392168257335,3.6648395952639534,0.12915022298431414,8,3.5777838144887246,0.01278822874779089,0.03909689391175463,0.8658186819427988,COMPLETE
1913,0.8856559139784945,2026-03-23 18:08:07.580888,2026-03-23 18:08:07.893311,0 days 00:00:00.312423,0.9747967440102931,1.7262140503536139,0.16901844430178753,8,1.0909663834285526,0.031652818387543205,0.028640034653048242,0.8572378975737334,COMPLETE
1914,0.8860322580645161,2026-03-23 18:08:07.906696,2026-03-23 18:08:08.240621,0 days 00:00:00.333925,0.9856492412940343,1.8503257114701968,0.11875906831990297,8,3.7284421255546665,0.016340180847464587,0.40209280608474474,0.8936099690643058,COMPLETE
1915,0.88241642228739,2026-03-23 18:08:08.252678,2026-03-23 18:08:08.531317,0 days 00:00:00.278639,0.9601327500677088,2.356510405231512,0.15203183698261624,6,3.347866780426392,0.08926194694502385,0.023102476410033997,0.8730303437757438,COMPLETE
1916,0.8805669599217987,2026-03-23 18:08:08.543615,2026-03-23 18:08:08.823444,0 days 00:00:00.279829,0.9812116900071729,1.9893282139848947,0.1335839455278473,8,6.182737265394047,0.029115577740751276,0.035601202158049655,0.8512743660900244,COMPLETE
1917,0.8840048875855328,2026-03-23 18:08:08.836053,2026-03-23 18:08:09.237017,0 days 00:00:00.400964,0.9668878772604359,1.4821398814746396,0.0513431263531605,8,3.7405755162071683,0.007471962709545298,0.019114752705890737,0.8312212433607886,COMPLETE
1918,0.8844086021505376,2026-03-23 18:08:09.249086,2026-03-23 18:08:09.545084,0 days 00:00:00.295998,0.9916539962902619,2.162228992436713,0.1422072506850732,8,3.8034385797989447,0.049505832778259096,0.04516083388626441,0.8643061112173852,COMPLETE
1919,0.88472238514174,2026-03-23 18:08:09.558640,2026-03-23 18:08:09.890267,0 days 00:00:00.331627,0.9487374482589314,1.5914951508904647,0.12257543664105232,8,1.1419896991759695,0.010354939644044459,0.015690326406754444,0.8805144450205727,COMPLETE
1920,0.8828005865102639,2026-03-23 18:08:09.904230,2026-03-23 18:08:10.218615,0 days 00:00:00.314385,0.9762868734026292,1.6890949704120577,0.18151710812501967,8,3.1554602159104506,0.00426272398094633,0.055661025039723505,0.8458351299892652,COMPLETE
1921,0.8830772238514174,2026-03-23 18:08:10.233724,2026-03-23 18:08:10.522863,0 days 00:00:00.289139,0.9238605903790187,1.3914673139806806,0.16207966659065182,8,3.9807758459436466,0.019132861529572442,0.21662370119074262,0.8591045422658868,COMPLETE
1922,0.8847849462365592,2026-03-23 18:08:10.538234,2026-03-23 18:08:10.851318,0 days 00:00:00.313084,0.985570713819394,1.8001660504909767,0.11295472311755765,8,3.8740575123903365,0.043224919688407686,0.030407503744341393,0.8702136063095828,COMPLETE
1923,0.8850576735092863,2026-03-23 18:08:10.865716,2026-03-23 18:08:11.228712,0 days 00:00:00.362996,0.9362515363216078,1.83061146101624,0.14836032114567735,8,1.1804623946475656,0.11049539620581263,0.026429564130099663,0.878486538051563,COMPLETE
1924,0.8797859237536657,2026-03-23 18:08:11.243764,2026-03-23 18:08:11.738037,0 days 00:00:00.494273,0.9700334251994075,2.107740775145998,0.012498245111902844,8,1.092566466711819,0.06571718413630032,0.03494404924181827,0.8387020100701925,COMPLETE
1925,0.88486119257087,2026-03-23 18:08:11.751788,2026-03-23 18:08:12.041827,0 days 00:00:00.290039,0.9923759969515186,1.9444039094376966,0.13068607899999563,8,3.3756944906673527,0.02587817828109049,0.023961259744347548,0.8542663126536184,COMPLETE
1926,0.8824261974584555,2026-03-23 18:08:12.059113,2026-03-23 18:08:12.374594,0 days 00:00:00.315481,0.9786300485211328,4.62780229133954,0.13933341722144818,8,1.0556648111614644,0.005879887915900322,0.039303400620534466,0.8648601934852014,COMPLETE
1927,0.8861407624633431,2026-03-23 18:08:12.388029,2026-03-23 18:08:12.696757,0 days 00:00:00.308728,0.9996156557314506,1.5390733154482363,0.12645502600457156,8,3.566811079745538,0.010585154794910893,0.017080547700806692,0.8886721145926082,COMPLETE
1928,0.8845171065493647,2026-03-23 18:08:12.717160,2026-03-23 18:08:13.082731,0 days 00:00:00.365571,0.9999754715643617,1.3107297787904604,0.1139345345261191,8,1.0018047924858928,0.015224246153500631,0.03130305977170526,0.8493513792993682,COMPLETE
1929,0.8849061583577713,2026-03-23 18:08:13.096655,2026-03-23 18:08:13.384872,0 days 00:00:00.288217,0.9535664128313035,1.6627776909622218,0.1718245449497172,8,1.001137360737357,0.03629211650635727,0.0618055018685499,0.8741161397138942,COMPLETE
1930,0.8845288367546432,2026-03-23 18:08:13.398578,2026-03-23 18:08:13.710029,0 days 00:00:00.311451,0.9865914702965495,1.8952277063495708,0.1530179393175581,5,1.1374477518344301,0.09414014476321236,0.02027439348392547,0.8218595470173069,COMPLETE
1931,0.8863069403714565,2026-03-23 18:08:13.723299,2026-03-23 18:08:14.048676,0 days 00:00:00.325377,0.9630541240152073,2.049780831347563,0.13652079346261561,8,1.179296019390021,0.02182977274151022,0.026494185214482116,0.8592914539019095,COMPLETE
