number,value,datetime_start,datetime_complete,duration,params_colsample_bytree,params_gamma,params_learning_rate,params_max_depth,params_min_child_weight,params_reg_alpha,params_reg_lambda,params_subsample,state
1230,0.8874868035190615,2026-03-23 18:04:49.305846,2026-03-23 18:04:49.585491,0 days 00:00:00.279645,0.9640553331439723,1.28425571792145,0.11699068784672305,8,1.2097955451388613,0.3518773374209298,0.012606356426220943,0.8833886898813113,COMPLETE
1231,0.8791935483870968,2026-03-23 18:04:49.601187,2026-03-23 18:04:49.917581,0 days 00:00:00.316394,0.9781387147758871,0.9421556365781969,0.10668438417182076,8,10.432919478986545,0.7001903679729119,0.01500423063816929,0.8722438621481706,COMPLETE
1232,0.8833343108504399,2026-03-23 18:04:49.933444,2026-03-23 18:04:50.235377,0 days 00:00:00.301933,0.9869442768262929,1.4600213651322467,0.07987501737696431,8,1.2651773406837428,0.003274763438256877,0.018192024881488023,0.896131638223208,COMPLETE
1233,0.8837253176930596,2026-03-23 18:04:50.249070,2026-03-23 18:04:50.533149,0 days 00:00:00.284079,0.9713962948302276,1.328425134140094,0.09564570821188509,8,1.328806704395057,1.4664051319347196,0.01367924160440121,0.8651347282350466,COMPLETE
1234,0.8850410557184751,2026-03-23 18:04:50.549504,2026-03-23 18:04:51.008819,0 days 00:00:00.459315,0.9787517194621262,1.5136846202492527,0.03800817779378071,8,1.433119327110309,0.3711900191836977,0.01799613815570364,0.8759847048815333,COMPLETE
1235,0.8848944281524926,2026-03-23 18:04:51.025545,2026-03-23 18:04:51.285608,0 days 00:00:00.260063,0.954188844719772,2.7248721227423225,0.11488238015262171,8,1.2281829023632693,0.8876572466264024,0.015438896664164169,0.8822278118771091,COMPLETE
1236,0.8859178885630499,2026-03-23 18:04:51.302094,2026-03-23 18:04:51.613076,0 days 00:00:00.310982,0.9882644161928182,1.413297135242372,0.08937580612779113,8,1.1943243636348562,0.34606389776973623,0.011637900066736687,0.8585892250513002,COMPLETE
1237,0.8882903225806451,2026-03-23 18:04:51.629987,2026-03-23 18:04:51.908009,0 days 00:00:00.278022,0.9664798075489751,1.5645644927053308,0.1200818324790158,8,1.3158102502335078,0.6276582320828814,0.01816847080563169,0.8710069898877959,COMPLETE
1238,0.8857008797653958,2026-03-23 18:04:51.931623,2026-03-23 18:04:52.210900,0 days 00:00:00.279277,0.9568600028156499,1.5930820189630097,0.12058466720981696,8,1.5505825497054357,0.8891053372183187,0.019612694899947766,0.9246486836139621,COMPLETE
1239,0.8838289345063539,2026-03-23 18:04:52.225113,2026-03-23 18:04:52.501561,0 days 00:00:00.276448,0.9572886662675155,1.5967464978172028,0.12270142306631186,8,1.4892778082016394,2.1134652074951634,0.01996022056647494,0.8687251854084027,COMPLETE
1240,0.8856256109481917,2026-03-23 18:04:52.517776,2026-03-23 18:04:52.799956,0 days 00:00:00.282180,0.962815203775305,1.5292736413995016,0.12397128917912897,8,1.3762735857517823,0.6614543526440934,3.3520423027889397,0.859711792516664,COMPLETE
1241,0.885782991202346,2026-03-23 18:04:52.816807,2026-03-23 18:04:53.113783,0 days 00:00:00.296976,0.9486976518441561,1.1765587763206078,0.11585817403078383,8,1.4203718386223456,1.4452638071499664,0.017555359195437412,0.8649414361867501,COMPLETE
1242,0.8856441837732161,2026-03-23 18:04:53.130433,2026-03-23 18:04:53.401036,0 days 00:00:00.270603,0.9613116755875567,1.441364850831945,0.12400684241974783,8,1.3358679208397193,0.9823447749282652,0.019220985195093646,0.8570823726445729,COMPLETE
1243,0.8805874877810362,2026-03-23 18:04:53.417358,2026-03-23 18:04:53.737221,0 days 00:00:00.319863,0.967937945531131,1.56787530196451,0.11900522070109806,8,1.4511496486807298,4.015929037659413,0.02070582805101394,0.8704360364946276,COMPLETE
1244,0.8860938416422287,2026-03-23 18:04:53.752315,2026-03-23 18:04:54.041474,0 days 00:00:00.289159,0.9423594987924694,2.629347513935253,0.12663254043807387,8,1.3158436970870804,0.491412207850249,0.016890677499386927,0.8510786606688016,COMPLETE
1245,0.884811339198436,2026-03-23 18:04:54.055087,2026-03-23 18:04:54.322019,0 days 00:00:00.266932,0.9508623722047953,1.330579012771692,0.12028048903232919,8,1.372990873383992,0.6289262738195408,0.020587679753499614,0.8635586570151564,COMPLETE
1246,0.8841153470185728,2026-03-23 18:04:54.337760,2026-03-23 18:04:54.712840,0 days 00:00:00.375080,0.9653301608067938,1.0509092712958639,0.045411365421848954,8,1.2976949162934122,1.7637326297070207e-07,0.016785866131448297,0.8734491002538141,COMPLETE
1247,0.8853949169110458,2026-03-23 18:04:54.726415,2026-03-23 18:04:55.001675,0 days 00:00:00.275260,0.9590541299093974,1.4710039682743383,0.11191991832123703,8,1.1984129934281968,1.0169939920613833,0.013664253587746998,0.8564169252874061,COMPLETE
1248,0.8851925708699901,2026-03-23 18:04:55.017932,2026-03-23 18:04:55.307434,0 days 00:00:00.289502,0.9694183237540115,1.5501177852660626,0.1254240990704869,8,1.2699309748908374,0.6623824246790602,0.02137025289920947,0.8464178430423339,COMPLETE
1249,0.8871935483870969,2026-03-23 18:04:55.323490,2026-03-23 18:04:55.618928,0 days 00:00:00.295438,0.9707799593353419,1.6256480283622083,0.11278662432773673,8,1.4227633383250915,1.04665142712445,0.35715634957077397,0.865157729893533,COMPLETE
1250,0.8778768328445747,2026-03-23 18:04:55.635429,2026-03-23 18:04:55.899632,0 days 00:00:00.264203,0.9422413749967333,1.3729659255164932,0.11827836034301538,8,1.1838554296451858,5.44155112141997,0.01930489227251983,0.8745458185433306,COMPLETE
1251,0.8838582600195504,2026-03-23 18:04:55.916075,2026-03-23 18:04:56.226991,0 days 00:00:00.310916,0.9527255654814464,1.2680049338526505,0.12728230525363388,6,1.267544918360475,1.9490812687894783,0.014851642947988224,0.8544117631286412,COMPLETE
1252,0.8868944281524926,2026-03-23 18:04:56.241931,2026-03-23 18:04:56.596633,0 days 00:00:00.354702,0.9619762134870946,1.6428689786493984,0.11569453046987174,8,1.3353162559993694,0.5155973720710947,0.010012500633908746,0.8391052442320428,COMPLETE
1253,0.884149560117302,2026-03-23 18:04:56.612578,2026-03-23 18:04:55.058196,-1 days +23:59:58.445618,0.6477721483741328,1.4844035662794153,0.07150338586447713,8,1.5420226251205482,1.254559782105795,0.02238280312942719,0.7454078303132179,COMPLETE
1254,0.8835503421309874,2026-03-23 18:04:55.073814,2026-03-23 18:04:55.348948,0 days 00:00:00.275134,0.7734115143725194,1.4001271615765778,0.1979861814273397,8,1.208883846938566,0.7298257371912672,0.01743120423876964,0.8672376071501332,COMPLETE
1255,0.8846823069403715,2026-03-23 18:04:55.364523,2026-03-23 18:04:55.641377,0 days 00:00:00.276854,0.9686811117014299,1.1616085966380794,0.12720158657457872,8,1.2464461360583698,0.002208921539134929,0.013583341952743733,0.8596135506174528,COMPLETE
1256,0.8841446725317694,2026-03-23 18:04:55.654928,2026-03-23 18:04:55.924564,0 days 00:00:00.269636,0.9735883306694524,1.6125871350893,0.10990005129936861,8,1.1837892674831398,0.5050502754967219,0.02120591542508243,0.797841037915923,COMPLETE
1257,0.8867409579667644,2026-03-23 18:04:55.939753,2026-03-23 18:04:56.235930,0 days 00:00:00.296177,0.9750546999890849,1.5505786372140364,0.11958062299956354,8,1.3589928344899747,0.8057471020985665,0.017507063866734663,0.847434881445807,COMPLETE
1258,0.8842727272727273,2026-03-23 18:04:56.253537,2026-03-23 18:04:56.509952,0 days 00:00:00.256415,0.9598700885934811,2.5706107364816844,0.12844020681463864,8,1.17925655752207,0.0050235415981347165,0.01283380327602044,0.8757958503454836,COMPLETE
1259,0.8803176930596285,2026-03-23 18:04:56.525779,2026-03-23 18:04:56.880067,0 days 00:00:00.354288,0.9445493462219393,1.672161926638178,0.11932266476507347,3,1.295621711243053,1.7364198814396925,0.022940811338415315,0.8682671562573587,COMPLETE
1260,0.8850586510263929,2026-03-23 18:04:56.896127,2026-03-23 18:04:57.173819,0 days 00:00:00.277692,0.9667270630032893,1.3533259807584168,0.11157596872268352,8,1.2471151103379938,0.4830632076718327,0.01635324226947126,0.8530191708142474,COMPLETE
1261,0.886435972629521,2026-03-23 18:04:57.189546,2026-03-23 18:04:57.466460,0 days 00:00:00.276914,0.977280072436359,1.4725031799943848,0.12904728858772826,8,1.4128390698150606,1.3173994962170075,0.019095194045835658,0.8329783445699367,COMPLETE
1262,0.8814819159335288,2026-03-23 18:04:57.483313,2026-03-23 18:04:57.793722,0 days 00:00:00.310409,0.9531311637828815,1.261384404010852,0.18198377345103794,4,1.185307386965258,0.7269136081258882,0.014899703235432387,0.8607828342951783,COMPLETE
1263,0.8879687194525904,2026-03-23 18:04:57.810106,2026-03-23 18:04:58.100445,0 days 00:00:00.290339,0.9759267868461766,2.7406472765708028,0.12028309522402447,8,1.2902867846362096,0.001376454728591322,0.01224698516499183,0.8769164274493316,COMPLETE
1264,0.8849833822091886,2026-03-23 18:04:58.116738,2026-03-23 18:04:58.400730,0 days 00:00:00.283992,0.9707887459569688,2.837734785071251,0.12951066033315875,8,1.4549551288539408,0.0011281062308664748,0.01193962294092855,0.8815804111485654,COMPLETE
1265,0.8827878787878788,2026-03-23 18:04:58.418116,2026-03-23 18:04:58.672444,0 days 00:00:00.254328,0.9786496347526963,2.822364998704715,0.12313761286738631,8,5.498931350131624,0.001534125791543321,0.011800076635377606,0.8809730685105045,COMPLETE
1266,0.8837438905180841,2026-03-23 18:04:58.689007,2026-03-23 18:04:58.944860,0 days 00:00:00.255853,0.6675070554160834,2.871975307009376,0.12793117328112072,7,1.3804720418838146,0.005935035139126542,0.012709219251981664,0.8798961003771827,COMPLETE
1267,0.8883929618768328,2026-03-23 18:04:58.961990,2026-03-23 18:04:59.234247,0 days 00:00:00.272257,0.9790144361166062,2.46294182741483,0.12048003384105568,8,1.3162312535036915,0.008508910940743521,0.0118615421434493,0.8739967718571721,COMPLETE
1268,0.8854340175953079,2026-03-23 18:04:59.249699,2026-03-23 18:04:59.511676,0 days 00:00:00.261977,0.9718747724152427,2.913893737752567,0.1179314758522482,8,1.5160867509054345,0.0019224227798535416,0.010713128380741926,0.8843161353406095,COMPLETE
1269,0.8832424242424243,2026-03-23 18:04:59.527968,2026-03-23 18:04:59.819422,0 days 00:00:00.291454,0.974903530702879,3.0245621746186044,0.11573683158403399,5,1.3847215945046885,0.0025698835907014277,0.010548793184832306,0.8887260240299301,COMPLETE
1270,0.8853186705767352,2026-03-23 18:04:59.835571,2026-03-23 18:05:00.107546,0 days 00:00:00.271975,0.9681691420080298,2.792022288017745,0.11046471926774531,8,1.46338450584645,0.004935193030924218,0.011480564234257315,0.877210146843581,COMPLETE
1271,0.8794115347018573,2026-03-23 18:05:00.127099,2026-03-23 18:05:00.500414,0 days 00:00:00.373315,0.979461982740617,2.7765305068400976,0.016720278308654867,8,1.3273484987748212,0.009257388713539868,0.01652863557510888,0.892591432044871,COMPLETE
1272,0.8847810361681329,2026-03-23 18:05:00.518987,2026-03-23 18:05:00.795465,0 days 00:00:00.276478,0.8703132990677557,2.982879809192818,0.11808577500788091,8,1.3525933963133252,0.0032592587584324025,0.010006340474114115,0.8749125496211079,COMPLETE
1273,0.8829941348973607,2026-03-23 18:05:00.812376,2026-03-23 18:05:01.271137,0 days 00:00:00.458761,0.9664938652169722,2.651457578124234,0.027427989028155405,8,1.4208027918684127,0.0033082098288921887,0.011604544912838195,0.8740895707747226,COMPLETE
1274,0.8873020527859237,2026-03-23 18:05:01.287424,2026-03-23 18:05:01.555257,0 days 00:00:00.267833,0.9803663869425425,2.637981673620386,0.10636666123711092,8,1.321138667139338,0.003943790111715831,0.010248887169740253,0.8883053086748108,COMPLETE
1275,0.8867575757575757,2026-03-23 18:05:01.571895,2026-03-23 18:05:01.847346,0 days 00:00:00.275451,0.9751026228759885,2.666426722496615,0.11914543798425058,8,1.3185446958468419,0.00470654285683016,0.012766592948227604,0.8811623244189177,COMPLETE
1276,0.886683284457478,2026-03-23 18:05:01.863765,2026-03-23 18:05:02.121881,0 days 00:00:00.258116,0.9631851188697257,2.726881366163316,0.1204814093971012,8,1.3806908101202102,0.0072866521866708405,0.011965012447819903,0.8709115037723044,COMPLETE
1277,0.8821358748778103,2026-03-23 18:05:02.137509,2026-03-23 18:05:02.385298,0 days 00:00:00.247789,0.9820140296436147,2.7439622656918408,0.18563491765069656,8,1.4410737483545433,0.0023218947439014787,0.013315355726770648,0.8787831578856694,COMPLETE
1278,0.8871055718475074,2026-03-23 18:05:02.399194,2026-03-23 18:05:02.694073,0 days 00:00:00.294879,0.9737119025465555,2.800205326830896,0.1223903533650491,8,1.2926816343771275,0.0010442052612853795,0.010105415791799872,0.8901850319297144,COMPLETE
1279,0.8862287390029326,2026-03-23 18:05:02.711545,2026-03-23 18:05:03.000618,0 days 00:00:00.289073,0.9834829596195009,2.514680060219558,0.11397405174306384,8,1.5776472810866924,0.003501997746098548,0.013948868937047623,0.8795226289201143,COMPLETE
1280,0.8854428152492668,2026-03-23 18:05:03.016897,2026-03-23 18:05:03.308876,0 days 00:00:00.291979,0.9643360312641117,2.559481839996394,0.10627732393605727,8,1.2879833406675778,0.006158930693875611,0.012212729418585758,0.8722410852829955,COMPLETE
1281,0.8853880742913001,2026-03-23 18:05:03.324355,2026-03-23 18:05:03.589041,0 days 00:00:00.264686,0.976762928942386,2.6955742226486,0.1280237661344941,8,1.3975653780390052,0.003042866540278403,0.013426932262372768,0.8728884365157288,COMPLETE
1282,0.8848142717497556,2026-03-23 18:05:03.604417,2026-03-23 18:05:03.980986,0 days 00:00:00.376569,0.9691588941347621,2.9551354178555553,0.040989932359365676,8,1.33292595706278,0.0015078635242953174,0.011757888737760921,0.9033674501492136,COMPLETE
1283,0.8850625610948192,2026-03-23 18:05:03.997789,2026-03-23 18:05:04.288601,0 days 00:00:00.290812,0.9844147776103943,2.879470258594608,0.11149530691006457,8,1.2586539058303345,0.01016888615084342,0.010049360855221462,0.884736236986447,COMPLETE
1284,0.8750146627565983,2026-03-23 18:05:04.303846,2026-03-23 18:05:04.609124,0 days 00:00:00.305278,0.9727094374249303,2.389823548265728,0.012615890588785823,8,1.4623584615429643,0.0015559946363238504,0.013569344860335411,0.8666747690096404,COMPLETE
1285,0.8848680351906159,2026-03-23 18:05:04.625601,2026-03-23 18:05:04.895057,0 days 00:00:00.269456,0.9816076035730552,2.6238928847242002,0.12346563318223404,8,1.284709671666895,0.004649520065321219,0.013934368574193603,0.8692970625525092,COMPLETE
1286,0.8841358748778103,2026-03-23 18:05:04.911281,2026-03-23 18:05:05.153196,0 days 00:00:00.241915,0.9634159835160145,2.5544210164672245,0.1735303029044558,8,4.0787109023496155,0.006216945845943083,0.01574123904877549,0.8921175412908309,COMPLETE
1287,0.8830586510263929,2026-03-23 18:05:05.168866,2026-03-23 18:05:05.438994,0 days 00:00:00.270128,0.9867042507673482,2.7033669485471754,0.12903763758630254,8,1.3967348915568742,0.0024701174670285976,0.014687378657932317,0.8777982876260674,COMPLETE
1288,0.8830322580645162,2026-03-23 18:05:05.454796,2026-03-23 18:05:05.752436,0 days 00:00:00.297640,0.837461506595265,2.421439357661662,0.11402791456684824,8,1.5191612797101202,0.0008604172045559036,0.01140210099353874,0.8665421727797701,COMPLETE
1289,0.8860869990224829,2026-03-23 18:05:05.769449,2026-03-23 18:05:06.036171,0 days 00:00:00.266722,0.9744635889322509,2.5829937648465404,0.1041228369018006,7,1.3405422305265953,0.006436904130342428,0.014180147838763887,0.8835505833227295,COMPLETE
1290,0.8852922776148583,2026-03-23 18:05:06.052851,2026-03-23 18:05:06.323660,0 days 00:00:00.270809,0.9877385302897931,2.4562302969481813,0.1317074550773504,8,1.2338123693493086,0.00880163587577537,0.010088573166863356,0.8979741488050978,COMPLETE
1291,0.8795298142717497,2026-03-23 18:05:06.339219,2026-03-23 18:05:06.714502,0 days 00:00:00.375283,0.9603361222133189,2.703184330109317,0.02167637386093064,8,1.266041686030694,0.004250967332094621,0.013947761295868187,0.8712106383483624,COMPLETE
1292,0.8839090909090909,2026-03-23 18:05:06.730362,2026-03-23 18:05:07.010575,0 days 00:00:00.280213,0.8165911122444472,2.487498847367912,0.12082534202646024,8,1.332680159239822,0.008134139441251914,0.015623506393492264,0.8620894835238329,COMPLETE
1293,0.8869882697947213,2026-03-23 18:05:07.026967,2026-03-23 18:05:07.326133,0 days 00:00:00.299166,0.9812639832691986,2.504850465584264,0.11228440949488142,8,1.235799236455257,0.005399406817577365,0.012066235086639013,0.876181318249724,COMPLETE
1294,0.8846324535679374,2026-03-23 18:05:07.348122,2026-03-23 18:05:07.642842,0 days 00:00:00.294720,0.9726766250689532,2.84452142813537,0.13391391165847763,8,5.005907911787518,0.009066090840879433,0.012110096116115134,0.9296581749552851,COMPLETE
1295,0.8821339198435972,2026-03-23 18:05:07.659335,2026-03-23 18:05:07.927845,0 days 00:00:00.268510,0.7292664252425718,2.590238462914342,0.17393903237971717,8,1.2879078028460418,0.003360006777655294,0.015347217962688377,0.8661106428208221,COMPLETE
1296,0.8834809384164223,2026-03-23 18:05:07.944018,2026-03-23 18:05:08.228408,0 days 00:00:00.284390,0.6123648887685849,2.4218641761400654,0.12333100854351943,8,1.2038364118790688,0.0021563445090185722,0.016653943791909338,0.8854504058958375,COMPLETE
1297,0.8833069403714565,2026-03-23 18:05:08.242497,2026-03-23 18:05:08.512013,0 days 00:00:00.269516,0.9890638309720771,2.759213406124781,0.10716818612944931,8,1.371447028406903,0.009827157101601612,0.013827489658629396,0.8727552458979768,COMPLETE
1298,0.8864252199413489,2026-03-23 18:05:08.527774,2026-03-23 18:05:08.806726,0 days 00:00:00.278952,0.9669743091768219,2.678043663290745,0.11647768934333227,8,1.1746456832381613,0.007971752390522557,0.010057116349475367,0.8582675948501597,COMPLETE
1299,0.8834956011730206,2026-03-23 18:05:08.823103,2026-03-23 18:05:09.083681,0 days 00:00:00.260578,0.978434713749115,2.363076423997088,0.18324979287318466,8,1.2471454079095636,0.0011023134410922274,0.017973741062396555,0.8804725041448875,COMPLETE
1300,0.8835972629521018,2026-03-23 18:05:09.099788,2026-03-23 18:05:09.381217,0 days 00:00:00.281429,0.988339635450426,3.328826763949558,0.12398439661258073,8,1.4346109725846377,0.006158944096970191,0.011829115581894851,0.8920626623675495,COMPLETE
1301,0.8838328445747801,2026-03-23 18:05:09.400663,2026-03-23 18:05:09.676590,0 days 00:00:00.275927,0.9795573422623622,2.922096810938638,0.1081549352688893,8,1.3002403342082969,0.012517201495590005,0.015541768294157373,0.8631600146734362,COMPLETE
1302,0.8831593352883675,2026-03-23 18:05:09.693876,2026-03-23 18:05:09.978434,0 days 00:00:00.284558,0.9680839963180791,2.5506088408144656,0.13071089067637878,8,3.7217393755806194,0.004560639514587526,0.017973559133762737,0.8674102278708433,COMPLETE
1303,0.8858289345063538,2026-03-23 18:05:09.994229,2026-03-23 18:05:10.274981,0 days 00:00:00.280752,0.9577835026487317,1.1826991845653745,0.10037497123266122,8,1.194982716881234,0.0027241524052841735,0.013404637970643046,0.8756589167830708,COMPLETE
1304,0.8841124144672532,2026-03-23 18:05:10.291246,2026-03-23 18:05:10.588169,0 days 00:00:00.296923,0.9740193299640866,0.2138314678796598,0.11698189120564995,8,1.3572853755519998,0.012563801137755397,0.01838981074195097,0.9069868960538756,COMPLETE
1305,0.885980449657869,2026-03-23 18:05:10.604088,2026-03-23 18:05:10.866464,0 days 00:00:00.262376,0.9905447282173031,2.4593406979105707,0.12358940050523275,8,1.2337066450129077,0.007554216842253394,0.014761016933094439,0.8595035471413806,COMPLETE
1306,0.886314760508309,2026-03-23 18:05:10.882427,2026-03-23 18:05:11.157945,0 days 00:00:00.275518,0.9818884010762646,2.631603719659389,0.13381080828666364,8,1.1701329254397077,0.334718163882777,0.01220930433613472,0.8862303024784631,COMPLETE
1307,0.8813088954056697,2026-03-23 18:05:11.174277,2026-03-23 18:05:11.487533,0 days 00:00:00.313256,0.8830625901108179,2.737717336241246,0.11181549219961281,8,1.2876616071995843,0.004998434176761343,0.017647477543523284,0.8719506961850948,COMPLETE
1308,0.8832121212121212,2026-03-23 18:05:11.504603,2026-03-23 18:05:11.768834,0 days 00:00:00.264231,0.9642665463783912,2.341901748528903,0.17413443968977388,8,1.4864416411861427,0.0018850371120611607,0.015249762333525738,0.8975455657214589,COMPLETE
1309,0.8872678396871945,2026-03-23 18:05:11.784260,2026-03-23 18:05:12.098658,0 days 00:00:00.314398,0.9792418920095713,1.3050845042036159,0.10306871481676166,8,1.1616983599932555,0.45705160840074205,0.020241614551752125,0.8578700798137422,COMPLETE
1310,0.8865913978494623,2026-03-23 18:05:12.114156,2026-03-23 18:05:12.405741,0 days 00:00:00.291585,0.9915973833016982,1.372609607138127,0.13294428326004687,8,1.3974222498120346,0.3211144029562276,0.011954671463680575,0.8654703846862821,COMPLETE
1311,0.8815171065493645,2026-03-23 18:05:12.421655,2026-03-23 18:05:12.702593,0 days 00:00:00.280938,0.9716348397342841,2.8061373905788654,0.11811003544089102,8,1.2463949191638242,2.2171939560851337,0.020872149246494557,0.8782912895085384,COMPLETE
1312,0.8837155425219941,2026-03-23 18:05:12.719636,2026-03-23 18:05:12.999782,0 days 00:00:00.280146,0.7054901782892984,1.1230122039909909,0.11016112234772782,8,1.3207146818210818,0.012087134099007676,0.016498446824974183,0.8865256983334077,COMPLETE
1313,0.8842404692082111,2026-03-23 18:05:13.017393,2026-03-23 18:05:13.312294,0 days 00:00:00.294901,0.9851758414670533,2.653294483888959,0.12263390323570347,8,1.1691960850833916,0.9285750319054146,0.014221910296068117,0.8702036732859733,COMPLETE
1314,0.8840762463343108,2026-03-23 18:05:13.328333,2026-03-23 18:05:13.647238,0 days 00:00:00.318905,0.9572433419815176,3.6904061492831435,0.12752176583803532,8,1.2212629416705236,0.38311910221777307,0.01861156040918657,0.8551538218389076,COMPLETE
1315,0.8845298142717497,2026-03-23 18:05:13.668543,2026-03-23 18:05:13.949783,0 days 00:00:00.281240,0.9732734774405715,1.2627431873438575,0.11889571933539199,8,1.5726498166457465,1.18590299546385,0.011819519421110324,0.8634278152953002,COMPLETE
1316,0.8860850439882697,2026-03-23 18:05:13.966062,2026-03-23 18:05:14.221450,0 days 00:00:00.255388,0.9924099484269299,3.9482999928401386,0.19485451359866296,8,1.2927414186187791,0.0013847645068582064,0.10764754282020657,0.8802255375603928,COMPLETE
