number,value,datetime_start,datetime_complete,duration,params_colsample_bytree,params_gamma,params_learning_rate,params_max_depth,params_min_child_weight,params_reg_alpha,params_reg_lambda,params_subsample,state
1756,0.8836392961876832,2026-03-23 18:07:22.128080,2026-03-23 18:07:22.404236,0 days 00:00:00.276156,0.9714341666762762,1.933483535784785,0.14352197888786453,8,1.0897377689066172,0.007657685970502469,0.024623222667372074,0.8712305869421701,COMPLETE
1757,0.883201368523949,2026-03-23 18:07:22.417736,2026-03-23 18:07:22.683360,0 days 00:00:00.265624,0.9611231213023154,1.7661995471587488,0.18216360275676544,8,1.0472172093527754,0.1142833781053141,0.03974517831885223,0.8311376756259087,COMPLETE
1758,0.8747820136852393,2026-03-23 18:07:22.699702,2026-03-23 18:07:23.008934,0 days 00:00:00.309232,0.9869781047263579,1.450627340583744,0.014561553194509918,8,1.0009522144308758,0.014686631016710524,0.020998953549243658,0.8821342682246228,COMPLETE
1759,0.8842785923753667,2026-03-23 18:07:23.024440,2026-03-23 18:07:23.340601,0 days 00:00:00.316161,0.8556326705259053,1.555679291769752,0.12947050597493326,8,1.1403095511610604,0.02535794334483305,0.04728863375558792,0.8513082253617672,COMPLETE
1760,0.8856089931573802,2026-03-23 18:07:23.357782,2026-03-23 18:07:23.654536,0 days 00:00:00.296754,0.9743158948982923,2.1140790566492456,0.1564263022318751,8,1.239099581347215,0.2569731606610592,0.03330686957836927,0.864221206936488,COMPLETE
1761,0.8840527859237537,2026-03-23 18:07:23.671386,2026-03-23 18:07:23.968813,0 days 00:00:00.297427,0.9999688239577403,1.69787233109428,0.137567269617346,8,1.3751169314111065,0.003983159465524593,0.02819466362115255,0.8784316919192772,COMPLETE
1762,0.8848250244379277,2026-03-23 18:07:23.986450,2026-03-23 18:07:24.287924,0 days 00:00:00.301474,0.9780573808974169,1.9040423617643898,0.11946008422857168,8,1.0964959846395441,0.00924543484079528,0.0372233699902152,0.8442794690353544,COMPLETE
1763,0.884898338220919,2026-03-23 18:07:24.304045,2026-03-23 18:07:24.574552,0 days 00:00:00.270507,0.9915290210382508,1.8006817255491026,0.14735435027382524,8,1.3157587228368413,0.03716472487477431,0.021294451855309305,0.871348854538156,COMPLETE
1764,0.8841964809384164,2026-03-23 18:07:24.589089,2026-03-23 18:07:24.855954,0 days 00:00:00.266865,0.9652620138707253,2.0134885541355247,0.12718963532471025,8,3.316284962569564,0.07379014573030074,0.026070334764726373,0.856389857211281,COMPLETE
1765,0.8877605083088954,2026-03-23 18:07:24.873042,2026-03-23 18:07:25.159866,0 days 00:00:00.286824,0.9814339195062919,2.3413852949481537,0.16757083465622813,8,1.1856158422639673,0.017783538076317645,0.04476817723377417,0.8604309750400086,COMPLETE
1766,0.8844389051808407,2026-03-23 18:07:25.176808,2026-03-23 18:07:25.481076,0 days 00:00:00.304268,0.9858170927272359,2.1556187187639115,0.17692204053027127,7,1.0756157512058142,0.16401650160754974,0.03408011822710705,0.8375288614690355,COMPLETE
1767,0.8869345063538611,2026-03-23 18:07:25.497473,2026-03-23 18:07:25.801191,0 days 00:00:00.303718,0.9429819796051835,1.4579821377277804,0.12001263262674544,8,1.2427972700230134,0.30877863260455757,0.059420938075699314,0.8863065951505648,COMPLETE
1768,0.8835190615835777,2026-03-23 18:07:25.817347,2026-03-23 18:07:26.103043,0 days 00:00:00.285696,0.9524752849689847,1.58566803771024,0.1366838469627101,8,4.684407441649159,0.004950661808360137,0.03038863825090686,0.8686828669397617,COMPLETE
1769,0.8833470185728252,2026-03-23 18:07:26.116651,2026-03-23 18:07:26.451997,0 days 00:00:00.335346,0.8849292170001465,1.716820157652832,0.15924447559995372,8,1.14703029924045,0.05427412868844413,0.025470837507965353,0.8476019579998374,COMPLETE
1770,0.885258064516129,2026-03-23 18:07:26.468562,2026-03-23 18:07:26.755088,0 days 00:00:00.286526,0.9926629974632906,1.905312113322693,0.1285690989368468,8,1.040154059119295,0.09202708622334436,0.04818803316377256,0.8763026055387346,COMPLETE
1771,0.8856608015640274,2026-03-23 18:07:26.771924,2026-03-23 18:07:27.044295,0 days 00:00:00.272371,0.97138535715663,2.212453499138963,0.14777941013338108,8,4.2582106508074204,0.020693939503176266,0.021251120670590058,0.8614897846691953,COMPLETE
1772,0.8857996089931575,2026-03-23 18:07:27.060913,2026-03-23 18:07:27.344144,0 days 00:00:00.283231,0.9319923372742505,1.6733543513294602,0.14084571010167973,8,1.2060602558628033,1.0989981697046762e-06,0.03998735822639679,0.8535705573360045,COMPLETE
1773,0.8804701857282502,2026-03-23 18:07:27.359834,2026-03-23 18:07:27.660493,0 days 00:00:00.300659,0.9819926097844094,4.272756199013161,0.12365165659880328,8,1.1020882759919608,1.88299016564448,0.03019057071337176,0.8407762250446781,COMPLETE
1774,0.8871329423264906,2026-03-23 18:07:27.675845,2026-03-23 18:07:25.968840,-1 days +23:59:58.292995,0.9654798506346368,1.5183917715223112,0.13272104080862088,8,3.908537306262251,0.009905899613297978,0.024258313304215705,0.8656430974031731,COMPLETE
1775,0.8842082111436951,2026-03-23 18:07:25.985507,2026-03-23 18:07:26.290614,0 days 00:00:00.305107,0.9928340148422781,3.432823029258964,0.18858920419945022,8,1.305459356106889,0.03235493925293032,0.06840365717819377,0.82840201214048,COMPLETE
1776,0.8851876832844574,2026-03-23 18:07:26.304860,2026-03-23 18:07:26.589331,0 days 00:00:00.284471,0.9765425622612263,1.8375428555544109,0.1529005751957371,8,1.4047427204527871,0.13271462448632343,0.034419060948199284,0.8734280604092685,COMPLETE
1777,0.8813597262952101,2026-03-23 18:07:26.604209,2026-03-23 18:07:26.882815,0 days 00:00:00.278606,0.9862005477231082,2.007408567807963,0.11870397153756768,5,1.1505110925251072,0.21224226498419752,0.021213599337405506,0.7918287969631883,COMPLETE
1778,0.8844017595307918,2026-03-23 18:07:26.899677,2026-03-23 18:07:27.192073,0 days 00:00:00.292396,0.9585771211326672,1.614178910604151,0.1642678262966213,8,1.0470813545497593,0.01226025157185811,2.5259987844100475,0.8480963758571435,COMPLETE
1779,0.8857673509286412,2026-03-23 18:07:27.209115,2026-03-23 18:07:27.495216,0 days 00:00:00.286101,0.9770656322583814,1.7823417520123845,0.14075894281666487,8,1.2380318354907371,0.3875371175670032,0.041529038739527416,0.8851985720295521,COMPLETE
1780,0.8837077223851417,2026-03-23 18:07:27.511393,2026-03-23 18:07:27.789800,0 days 00:00:00.278407,0.9931912899359594,1.455068428143607,0.13073790966972743,8,5.505468175114688,0.03977966766036504,0.028061447136056145,0.8551356825717709,COMPLETE
1781,0.8862306940371456,2026-03-23 18:07:27.806564,2026-03-23 18:07:28.091725,0 days 00:00:00.285161,0.9998107407597374,1.9459014096606757,0.14991194333692887,8,1.0953584686768494,0.02279511138403322,0.051853428427261795,0.8659100376604029,COMPLETE
1782,0.8846187683284457,2026-03-23 18:07:28.107476,2026-03-23 18:07:28.435464,0 days 00:00:00.327988,0.9693564779780172,1.722234200768711,0.17493329562162147,8,1.1623629835726894,0.0066573644222590826,0.019994001868580358,0.8797517749224062,COMPLETE
1783,0.8852150537634409,2026-03-23 18:07:28.450039,2026-03-23 18:07:28.763735,0 days 00:00:00.313696,0.987155414256099,1.849219570373364,0.12014828008764712,8,1.0462219867677431,0.06911848457810486,0.035485879575606914,0.8585690686288504,COMPLETE
1784,0.8823968719452591,2026-03-23 18:07:28.779633,2026-03-23 18:07:29.027627,0 days 00:00:00.247994,0.9798483186927501,2.072411499881877,0.15983511990102628,8,1.1225169792669172,0.01551223960442869,0.030687660312443996,0.8374687381344577,COMPLETE
1785,0.8836666666666666,2026-03-23 18:07:29.046371,2026-03-23 18:07:29.326389,0 days 00:00:00.280018,0.9577557675369468,1.5625449483331546,0.0721631798046878,8,1.0007699663281329,0.29163749826790897,0.08983325101737825,0.8717259193420557,COMPLETE
1786,0.8810557184750734,2026-03-23 18:07:29.342471,2026-03-23 18:07:29.614077,0 days 00:00:00.271606,0.9721855627883419,1.6555103173968857,0.1372490766518408,8,1.3433072924784029,3.053136590355043,0.025221481343612805,0.8470377843539744,COMPLETE
1787,0.8838739002932552,2026-03-23 18:07:29.630226,2026-03-23 18:07:29.961312,0 days 00:00:00.331086,0.945069738547164,1.780701157733366,0.1250144848538288,8,1.2698678852097696,0.1080832949041258,0.038500079745837,0.8890963066147969,COMPLETE
1788,0.8855493646138808,2026-03-23 18:07:29.979069,2026-03-23 18:07:30.267008,0 days 00:00:00.287939,0.9861320816157669,1.4752901309135875,0.1466334741704483,8,2.313903628738233,0.009968518414059631,0.11709196953501005,0.8653108169696169,COMPLETE
1789,0.8857214076246334,2026-03-23 18:07:30.282223,2026-03-23 18:07:30.583962,0 days 00:00:00.301739,0.9925001380371732,1.9268253614183164,0.13436098744992966,8,1.190342497711445,0.04794788188433741,0.04406701847457063,0.8204320889218516,COMPLETE
1790,0.8844115347018572,2026-03-23 18:07:30.601368,2026-03-23 18:07:30.865397,0 days 00:00:00.264029,0.9643327349106281,2.2880448939416147,0.15419641767061773,8,1.5107313003058425,9.960856229232894e-06,0.02942472340566401,0.8555849013593817,COMPLETE
1791,0.8837927663734115,2026-03-23 18:07:30.883838,2026-03-23 18:07:31.180154,0 days 00:00:00.296316,0.9999533609934319,1.6406396888861772,0.12765720031320338,7,1.0785915399515043,0.0042851572451847115,0.020437772922809017,0.8805235387965749,COMPLETE
1792,0.8871280547409579,2026-03-23 18:07:31.197396,2026-03-23 18:07:31.510715,0 days 00:00:00.313319,0.9797618012381301,1.4197736471131457,0.11741725236203163,8,1.1269795646851557,1.2663793043963256,0.023179893085901085,0.8468213570156359,COMPLETE
1793,0.8854662756598239,2026-03-23 18:07:31.528119,2026-03-23 18:07:31.840020,0 days 00:00:00.311901,0.9732011110608696,2.0137256647224886,0.14333896474311716,8,1.2068295883714042,0.16603177175267195,0.05340196285359955,0.8605750867582298,COMPLETE
1794,0.88411045943304,2026-03-23 18:07:31.856073,2026-03-23 18:07:32.131141,0 days 00:00:00.275068,0.9858742577744904,1.858321944349367,0.1664749997799915,8,1.4222109829105989,0.018443679295807928,0.03398009820144822,0.8713869334264914,COMPLETE
1795,0.8849462365591398,2026-03-23 18:07:32.148414,2026-03-23 18:07:32.398183,0 days 00:00:00.249769,0.9369734106197857,2.4309090109728677,0.1381379333200329,8,1.2950763802112715,0.028839736828977208,0.025374491302146418,0.8353377851052294,COMPLETE
1796,0.8869540566959921,2026-03-23 18:07:32.414600,2026-03-23 18:07:32.681967,0 days 00:00:00.267367,0.9541155481403206,1.7404217599643033,0.17608471428368147,8,1.0431014217665358,0.37066500152295456,0.019175612160935367,0.8755394924216537,COMPLETE
1797,0.8843108504398827,2026-03-23 18:07:32.699512,2026-03-23 18:07:32.982967,0 days 00:00:00.283455,0.9919244979241824,2.1814573789424636,0.12764517181352408,8,1.001031894484465,0.006472554560253461,0.039113769251901916,0.8517210896585398,COMPLETE
1798,0.8851818181818183,2026-03-23 18:07:33.000700,2026-03-23 18:07:33.271753,0 days 00:00:00.271053,0.9797499219196986,1.5387886693522215,0.19863839120957852,8,1.1544670444067766,0.08640601566373628,0.03000998518173146,0.8637454967666428,COMPLETE
1799,0.8864154447702834,2026-03-23 18:07:33.289276,2026-03-23 18:07:33.589762,0 days 00:00:00.300486,0.966640591136746,1.8805106268386012,0.11779691220828332,8,1.23681567131683,0.05211096300276481,0.04587560022283149,0.8422373911303711,COMPLETE
1800,0.8838729227761486,2026-03-23 18:07:33.605322,2026-03-23 18:07:33.888303,0 days 00:00:00.282981,0.9856753571341382,2.0778259526450764,0.15380169357038884,8,1.0862929541832413,0.923479211991818,3.441564126363353,0.8887979139554111,COMPLETE
1801,0.8828866080156402,2026-03-23 18:07:33.906108,2026-03-23 18:07:34.204215,0 days 00:00:00.298107,0.9098301891336867,1.6747957409205774,0.14163687655408974,8,1.1803064551285105,0.21219578366278993,0.06056893934050036,0.8541217712990136,COMPLETE
1802,0.8848494623655915,2026-03-23 18:07:34.219304,2026-03-23 18:07:34.511635,0 days 00:00:00.292331,0.926067197253849,1.7782276869905331,0.13209744818013738,8,1.1125018447215176,0.010996307064661408,0.03397900578883402,0.8684876595865895,COMPLETE
1803,0.8845982404692083,2026-03-23 18:07:34.527068,2026-03-23 18:07:34.808593,0 days 00:00:00.281525,0.9745488152201962,1.9804064448712264,0.1626647557864183,8,3.057731884781469,0.4051762540069277,0.026594214051569184,0.8602924648935725,COMPLETE
1804,0.8862140762463342,2026-03-23 18:07:34.826365,2026-03-23 18:07:35.104499,0 days 00:00:00.278134,0.9931503381413255,1.5684160605280246,0.14678771851922737,8,1.3497869457281888,0.023115101654384115,0.0192178566058483,0.8802856420374601,COMPLETE
1805,0.8844907135874878,2026-03-23 18:07:35.122589,2026-03-23 18:07:35.439189,0 days 00:00:00.316600,0.9607982003927703,1.7248589924231934,0.12037084347038639,8,1.0451831625775139,0.03362475766677221,0.023725337475625007,0.8284664560464933,COMPLETE
1806,0.8819921798631476,2026-03-23 18:07:35.455146,2026-03-23 18:07:35.834019,0 days 00:00:00.378873,0.6105125930023095,1.4418931757458309,0.05978155797290651,8,1.2278385099779456,1.6753093878728962,1.069776468116231,0.8432296318775518,COMPLETE
1807,0.886012707722385,2026-03-23 18:07:35.850605,2026-03-23 18:07:36.147957,0 days 00:00:00.297352,0.9802393995847007,1.8588438136954082,0.12498117985314322,8,1.1358058240810351,0.11595361011539551,0.0382594741855989,0.8710596874490119,COMPLETE
1808,0.8837546432062561,2026-03-23 18:07:36.163285,2026-03-23 18:07:36.466570,0 days 00:00:00.303285,0.8672930241243234,1.6122819537367925,0.13468631871149542,8,1.0874958699425314,0.06280114776683345,0.030095622682618693,0.8528194045342452,COMPLETE
1809,0.8810391006842619,2026-03-23 18:07:36.482652,2026-03-23 18:07:36.824431,0 days 00:00:00.341779,0.9694939079732728,1.9453182968557974,0.18521086202257558,3,1.2862221392624376,0.013358846201492622,0.04924136099059332,0.8618646321535648,COMPLETE
1810,0.8838563049853372,2026-03-23 18:07:36.841830,2026-03-23 18:07:37.141489,0 days 00:00:00.299659,0.9877860558051934,1.4095576056374701,0.15698797805631626,8,1.5722944339047673,0.00810350391487203,0.035641907193251006,0.8774146944774867,COMPLETE
1811,0.8873548387096775,2026-03-23 18:07:37.157215,2026-03-23 18:07:37.440482,0 days 00:00:00.283267,0.9936819675555206,2.136184519723034,0.14613286840189724,8,1.1772178233088086,0.22216288220560176,0.022704375772594834,0.8478664801885804,COMPLETE
1812,0.8842639296187683,2026-03-23 18:07:37.456655,2026-03-23 18:07:37.738262,0 days 00:00:00.281607,0.9783957460543913,1.7369376607468578,0.1726437559978981,8,1.0577934761682195,0.0037416964956263603,0.04410971496152443,0.89268380956999,COMPLETE
1813,0.8777683284457478,2026-03-23 18:07:37.755193,2026-03-23 18:07:38.096992,0 days 00:00:00.341799,0.6864745384899542,1.5468324235839348,0.11601015358085703,8,1.2676897560401137,0.45769786319125394,27.920807442483103,0.8661500247366581,COMPLETE
1814,0.886238514173998,2026-03-23 18:07:38.113516,2026-03-23 18:07:38.445879,0 days 00:00:00.332363,0.9513497304613794,1.8584795406750891,0.12926074076282096,8,1.1367230338083936,0.018147773047557565,0.027784797783803085,0.8570980656670689,COMPLETE
1815,0.8861935483870969,2026-03-23 18:07:38.463465,2026-03-23 18:07:38.771672,0 days 00:00:00.308207,0.9847509114976896,1.6278324399989899,0.13749821560163814,8,1.196946847782735,0.04050259471989313,0.018786001508414668,0.8368525159663401,COMPLETE
1816,0.8860869990224829,2026-03-23 18:07:38.787811,2026-03-23 18:07:39.057890,0 days 00:00:00.270079,0.9689788436995239,2.0208059358180783,0.1650473876137084,8,1.3562604080140277,0.9164798053401526,0.032493998238266264,0.8844444575251076,COMPLETE
1817,0.8859814271749756,2026-03-23 18:07:39.072686,2026-03-23 18:07:39.372376,0 days 00:00:00.299690,0.975133523640853,2.36026680880797,0.15370005488185978,8,1.1073347777931357,0.13994344701600292,0.07321075300156041,0.8703804955635257,COMPLETE
1818,0.8866783968719453,2026-03-23 18:07:39.389208,2026-03-23 18:07:39.695872,0 days 00:00:00.306664,0.9928860418064656,1.766644372445461,0.12418157899549875,8,1.0494539060272832,0.005162681869579289,0.15526489789423573,0.8583001800544122,COMPLETE
1819,0.8852834799608993,2026-03-23 18:07:39.712650,2026-03-23 18:07:40.009557,0 days 00:00:00.296907,0.9597343875705819,1.5349932843134468,0.14001073502152261,8,1.0004532603935645,0.3132029371890249,0.040516318686186936,0.8483475716737604,COMPLETE
1820,0.8853391984359726,2026-03-23 18:07:40.025882,2026-03-23 18:07:40.326999,0 days 00:00:00.301117,0.8056291502343015,1.6766901962629723,0.11602761444341111,8,1.2258412368691105,0.014169952575202883,0.026209176519954212,0.8773407312121208,COMPLETE
1821,0.8868035190615835,2026-03-23 18:07:40.345013,2026-03-23 18:07:40.650209,0 days 00:00:00.305196,0.9438422630706966,1.944778988004276,0.14649410764367712,8,1.1538566670721386,0.08981524751379875,0.021411772708638466,0.8673210798498464,COMPLETE
1822,0.8861104594330401,2026-03-23 18:07:40.669268,2026-03-23 18:07:40.956853,0 days 00:00:00.287585,0.9826892896501401,1.8141670982655829,0.13159759006329239,8,1.0868654259704313,0.02802639474819226,0.05770782929253396,0.8408059648830238,COMPLETE
1823,0.8855669599217986,2026-03-23 18:07:40.973664,2026-03-23 18:07:41.257577,0 days 00:00:00.283913,0.9927952218171169,2.206942175517341,0.15913840720771258,8,1.2854767636461728,0.5345225708186252,0.033513607843906876,0.8539207254589709,COMPLETE
1824,0.8851446725317693,2026-03-23 18:07:41.276483,2026-03-23 18:07:41.571263,0 days 00:00:00.294780,0.9663082205316583,2.1001170982441186,0.12521873567958317,8,1.4484982903840382,0.05278247239448744,0.029074224126860088,0.8617782003169,COMPLETE
1825,0.8841241446725318,2026-03-23 18:07:41.587560,2026-03-23 18:07:41.883809,0 days 00:00:00.296249,0.9756822354680506,1.4354561742844643,0.17701926634231102,6,1.0412695696856222,0.007209250956271091,0.018243494664829576,0.8741803880670656,COMPLETE
1826,0.8861016617790811,2026-03-23 18:07:41.900769,2026-03-23 18:07:42.200849,0 days 00:00:00.300080,0.9337447143617503,1.6607033983529755,0.11706290694719912,8,1.1795225408916816,0.15791303814095003,0.04074475476845843,0.8327787400332454,COMPLETE
1827,0.8763567937438905,2026-03-23 18:07:42.217193,2026-03-23 18:07:42.563499,0 days 00:00:00.346306,0.9860512556138329,1.8930309688360505,0.02586373965439943,8,1.1180588458727945,1.3306528672950266,10.440380942965435,0.8833835669186261,COMPLETE
1828,0.8810459433040079,2026-03-23 18:07:42.580219,2026-03-23 18:07:42.831209,0 days 00:00:00.250990,0.9808807066661799,1.3788574924284636,0.1341001789899254,8,1.3332898257071994,0.025074817083443248,0.05065257092825088,0.6133749856476933,COMPLETE
1829,0.8861612903225806,2026-03-23 18:07:42.851081,2026-03-23 18:07:43.140080,0 days 00:00:00.288999,0.9997076901702087,1.7897099325435961,0.14589660808082397,8,1.2284967622049643,0.08020812222056842,0.02305561870601853,0.8490705415206621,COMPLETE
1830,0.8846432062561095,2026-03-23 18:07:43.156245,2026-03-23 18:07:43.469285,0 days 00:00:00.313040,0.9705518094253577,1.5008585055937993,0.16694120831858805,8,1.6669577590990698,0.010524970948683578,0.03477299307193915,0.8647594785910268,COMPLETE
1831,0.8829315738025416,2026-03-23 18:07:43.488405,2026-03-23 18:07:43.768629,0 days 00:00:00.280224,0.9874937717280807,2.0395321325366202,0.15337282372535266,8,1.081832508712136,2.622428670747822,0.025636158996507532,0.8428252059909205,COMPLETE
1832,0.880097751710655,2026-03-23 18:07:43.785855,2026-03-23 18:07:44.092090,0 days 00:00:00.306235,0.9478783437321693,2.438991602722875,0.12393861715056274,8,1.1504045760529389,0.2701264800375198,20.445132758022027,0.8726134993768234,COMPLETE
1833,0.8872238514173998,2026-03-23 18:07:44.110076,2026-03-23 18:07:44.420769,0 days 00:00:00.310693,0.9631318378475995,1.6097939744745458,0.14004501543602166,8,1.402236352626335,0.8658317145416724,0.019843658574617153,0.8564162119342605,COMPLETE
1834,0.8840957966764418,2026-03-23 18:07:44.436927,2026-03-23 18:07:44.759321,0 days 00:00:00.322394,0.999720490189464,1.7203795432306843,0.13226825364517494,8,1.0005186890756042,0.038730050068145096,0.04420479031515769,0.8907251077463694,COMPLETE
1835,0.8845102639296188,2026-03-23 18:07:44.776750,2026-03-23 18:07:45.067703,0 days 00:00:00.290953,0.9747410243111959,1.9634878954523933,0.18758199039224885,8,1.0854157905969535,0.014977441910099256,0.03132532753799648,0.8821304339269632,COMPLETE
1836,0.8837839687194526,2026-03-23 18:07:45.083632,2026-03-23 18:07:45.417224,0 days 00:00:00.333592,0.9869748992813391,1.809147807069654,0.1172609431901114,7,1.2647697706107606,0.5144700035920347,0.0381894899228379,0.8616115890320322,COMPLETE
1837,0.8851534701857283,2026-03-23 18:07:45.434345,2026-03-23 18:07:45.720775,0 days 00:00:00.286430,0.9550043368175485,1.527244312426244,0.14957821541029606,8,1.1799785435267052,0.06239616779410114,0.028325366653184532,0.8504448426440723,COMPLETE
1838,0.8849990224828934,2026-03-23 18:07:45.737460,2026-03-23 18:07:46.014010,0 days 00:00:00.276550,0.9801957673730228,1.8768167936050877,0.1613780633572243,8,1.0478919886643507,0.01947797697541533,0.022629845475535707,0.7833971592808511,COMPLETE
1839,0.8822033235581623,2026-03-23 18:07:46.029555,2026-03-23 18:07:46.337242,0 days 00:00:00.307687,0.9158967949280072,1.6680492251457344,0.1253254212103,8,1.1212276675737674,0.007171384408756527,0.06200712731698711,0.8268311946594743,COMPLETE
1840,0.8858367546432064,2026-03-23 18:07:46.354253,2026-03-23 18:07:46.613382,0 days 00:00:00.259129,0.9943144500051107,1.40423049556343,0.13960590595682196,8,1.1971715141017691,1.9533026840726193e-08,0.01832249028005787,0.8730953906364339,COMPLETE
1841,0.8836021505376344,2026-03-23 18:07:46.631102,2026-03-23 18:07:46.914743,0 days 00:00:00.283641,0.973503837601971,2.3159597268669,0.13342648250927727,8,2.7391788866698743,0.22864612630409534,0.050870777596786994,0.8676786484951442,COMPLETE
1842,0.8864692082111436,2026-03-23 18:07:46.929550,2026-03-23 18:07:47.212818,0 days 00:00:00.283268,0.9878417770669269,1.967501938885456,0.11543845336426833,8,1.313730136640615,0.0033710735356294055,0.036087816932319654,0.8429056165513927,COMPLETE
1843,0.8858973607038123,2026-03-23 18:07:47.230329,2026-03-23 18:07:47.508951,0 days 00:00:00.278622,0.9648414349707632,1.7311839838835104,0.1545049275171841,8,2.1538278000710376,0.11993100295225612,0.02906341195946386,0.8567624732075473,COMPLETE
