number,value,datetime_start,datetime_complete,duration,params_colsample_bytree,params_gamma,params_learning_rate,params_max_depth,params_min_child_weight,params_reg_alpha,params_reg_lambda,params_subsample,state
1405,0.8824457478005865,2026-03-23 18:05:39.478388,2026-03-23 18:05:39.773153,0 days 00:00:00.294765,0.9700848965709528,1.4157090140039714,0.1397178552353671,8,1.189357499460692,0.4677943238407839,0.013034555584938547,0.6363800302932754,COMPLETE
1406,0.8834868035190616,2026-03-23 18:05:39.790298,2026-03-23 18:05:40.242990,0 days 00:00:00.452692,0.9789931458381728,1.7609841166294822,0.04341235865053264,8,1.126491470579627,0.2029125553224254,0.03489629597215455,0.8490001693563551,COMPLETE
1407,0.8863714565004888,2026-03-23 18:05:40.258867,2026-03-23 18:05:40.591946,0 days 00:00:00.333079,0.9584901606578365,1.503333537014731,0.13173766919755042,8,1.4753545352107882,0.010903030366331692,0.016915205039653818,0.8639181845139392,COMPLETE
1408,0.8781564027370479,2026-03-23 18:05:40.607964,2026-03-23 18:05:40.919242,0 days 00:00:00.311278,0.7384641147409559,2.7254015263743185,0.11542985930440416,8,1.2389205468316227,1.3752482577031582,13.112875687457093,0.8740511397652325,COMPLETE
1409,0.8863264907135875,2026-03-23 18:05:40.936992,2026-03-23 18:05:41.225726,0 days 00:00:00.288734,0.9863057983548638,2.2641235530341555,0.15441315596255567,8,1.0699740747191802,0.8170577579576044,0.01181192717149992,0.8907294108145254,COMPLETE
1410,0.8820303030303029,2026-03-23 18:05:41.242747,2026-03-23 18:05:41.539629,0 days 00:00:00.296882,0.9667890503990054,2.5322051535990067,0.1029284053596306,8,1.3689087345294828,0.354520273680148,4.6341643344007,0.8559360899971964,COMPLETE
1411,0.8837771260997067,2026-03-23 18:05:41.557529,2026-03-23 18:05:41.826541,0 days 00:00:00.269012,0.9356815638346088,1.967278823599318,0.17197886011578314,8,1.18594355553232,0.0062589225758525775,0.022463414668648887,0.8691067342842095,COMPLETE
1412,0.8851710654936461,2026-03-23 18:05:41.842456,2026-03-23 18:05:42.150583,0 days 00:00:00.308127,0.9767893687294116,1.6282428523085861,0.10955462353628936,8,1.2955540214569516,0.5397250457190472,0.027986784376698968,0.841314951948163,COMPLETE
1413,0.8860400782013684,2026-03-23 18:05:42.167188,2026-03-23 18:05:42.457521,0 days 00:00:00.290333,0.9884544469855994,1.1705581198208954,0.12349776527770599,8,1.135570816846893,0.0018546199998674536,0.014920575071526452,0.8829366496943691,COMPLETE
1414,0.8841045943304008,2026-03-23 18:05:42.473156,2026-03-23 18:05:42.783796,0 days 00:00:00.310640,0.9050697087278767,1.5431314664371956,0.1321819622794522,8,1.0670781151801128,0.24168765038403545,0.02040535353569561,0.8624520589922534,COMPLETE
1415,0.8802766373411535,2026-03-23 18:05:42.800425,2026-03-23 18:05:43.092239,0 days 00:00:00.291814,0.9723752572124489,1.375274186268302,0.14326737284100877,8,7.6156363448540105,1.1968321693052875,0.017702061056113147,0.8482621261039052,COMPLETE
1416,0.8851280547409581,2026-03-23 18:05:43.107964,2026-03-23 18:05:43.397365,0 days 00:00:00.289401,0.9519349708815241,1.8671920499051695,0.117389847168649,8,2.783205315012183,0.3909624909202011,0.03325753086230262,0.8778425985801823,COMPLETE
1417,0.8846539589442814,2026-03-23 18:05:43.413864,2026-03-23 18:05:43.775835,0 days 00:00:00.361971,0.9843633446330775,1.681763049208374,0.16082807202282096,5,1.2423468689751314,0.6239519115681987,0.02376574410311093,0.8577218064111478,COMPLETE
1418,0.8834877810361681,2026-03-23 18:05:43.789660,2026-03-23 18:05:44.076452,0 days 00:00:00.286792,0.9648452734039039,1.018395871069155,0.09660277178238232,8,1.3950120379975262,0.008162947562373768,0.011735408433128708,0.9060355210583045,COMPLETE
1419,0.8861016617790811,2026-03-23 18:05:44.092966,2026-03-23 18:05:44.364800,0 days 00:00:00.271834,0.9933261701499878,1.4457226815990651,0.1265392280103325,8,1.1516473576677597,2.21565281851903,0.010067981861078788,0.8699454279166309,COMPLETE
1420,0.8850342130987292,2026-03-23 18:05:44.380507,2026-03-23 18:05:44.673761,0 days 00:00:00.293254,0.9439702633807937,2.1940554200871314,0.11330160505916864,8,2.244102063742897,0.016522634221157604,0.027706255012563036,0.8895452558243748,COMPLETE
1421,0.882236559139785,2026-03-23 18:05:44.690332,2026-03-23 18:05:44.983224,0 days 00:00:00.292892,0.8281738581975142,2.442122483539563,0.1076878705441257,8,1.0944341251813905,0.0038658382074247197,0.014977887768110888,0.8518955866287813,COMPLETE
1422,0.8855122189638319,2026-03-23 18:05:44.998300,2026-03-23 18:05:45.286662,0 days 00:00:00.288362,0.9813201583785215,1.7921424970602515,0.14886335484745075,8,1.3012659912055373,0.1874827132203369,0.019680866318347104,0.8642787062191976,COMPLETE
1423,0.8864838709677421,2026-03-23 18:05:45.301647,2026-03-23 18:05:45.571169,0 days 00:00:00.269522,0.9750071444068937,1.9800425992500692,0.13639958028992308,8,1.2139374218248158,0.816290292812547,0.023293406002985954,0.8780188651790568,COMPLETE
1424,0.8845855327468231,2026-03-23 18:05:45.587151,2026-03-23 18:05:45.863811,0 days 00:00:00.276660,0.9588294422461262,1.5099264925321674,0.11868477030255116,8,1.5907770356270978,0.4124270769570005,0.035803577885666536,0.8420921035553918,COMPLETE
1425,0.8754027370478984,2026-03-23 18:05:45.879621,2026-03-23 18:05:46.154079,0 days 00:00:00.274458,0.9996646507467727,1.6005053886956213,0.18663858582084525,8,11.971826664718465,0.28877439993341114,0.017687539351057262,0.8703264082199008,COMPLETE
1426,0.8820684261974584,2026-03-23 18:05:46.170177,2026-03-23 18:05:46.502376,0 days 00:00:00.332199,0.9866638005465369,2.595250933207081,0.07578486619005012,8,1.172995900430026,0.6429071530500022,0.013096097491809351,0.8963226731134317,COMPLETE
1427,0.8838690127077224,2026-03-23 18:05:46.519589,2026-03-23 18:05:46.818214,0 days 00:00:00.298625,0.9691742177246048,1.2925397325040606,0.16617390078400407,8,1.0516619282725492,0.0012062896800120175,0.032025660679662546,0.8580314759221547,COMPLETE
1428,0.8861661779081134,2026-03-23 18:05:46.834449,2026-03-23 18:05:47.169732,0 days 00:00:00.335283,0.9763354804534239,1.7092455952525247,0.12594120682612447,8,1.1149887282429953,1.5439780276500088,0.026690545333039984,0.886315939920454,COMPLETE
1429,0.8800596285434995,2026-03-23 18:05:47.186058,2026-03-23 18:05:47.481823,0 days 00:00:00.295765,0.9916565318435134,2.7971227121100655,0.10125730991767147,4,1.3304375739212788,0.012279322277115983,0.016278574965513957,0.8778262393142668,COMPLETE
1430,0.881789833822092,2026-03-23 18:05:47.499690,2026-03-23 18:05:47.770429,0 days 00:00:00.270739,0.9621401892302078,1.3495683073805893,0.14322737307625855,8,1.4438801269307104,0.1694462195569552,0.021025588420499643,0.7893248706890063,COMPLETE
1431,0.8856041055718474,2026-03-23 18:05:47.788488,2026-03-23 18:05:48.071715,0 days 00:00:00.283227,0.9809534923983126,1.8542603334027157,0.15449283187610832,8,1.2336012769376576,0.8589775596772984,0.014330369680003126,0.8471421519733363,COMPLETE
1432,0.8850234604105572,2026-03-23 18:05:48.087709,2026-03-23 18:05:48.376244,0 days 00:00:00.288535,0.9694502670662387,1.4643771247945974,0.10881134976591383,8,1.1713239383012153,0.4405656101719096,0.024825985310683765,0.8671134242932774,COMPLETE
1433,0.8839354838709678,2026-03-23 18:05:48.393142,2026-03-23 18:05:48.675468,0 days 00:00:00.282326,0.9534413143765602,2.912709850124396,0.11848944561122612,8,1.2729300898120928,0.006912246288808228,0.039548182265579046,0.8599871177684919,COMPLETE
1434,0.8843274682306941,2026-03-23 18:05:48.692800,2026-03-23 18:05:48.958373,0 days 00:00:00.265573,0.9876043944068396,3.805336173645405,0.13266880770270795,8,1.036050404119029,0.0026825278052766,0.01907112325178014,0.882375951235005,COMPLETE
1435,0.8842981427174976,2026-03-23 18:05:48.971481,2026-03-23 18:05:49.279088,0 days 00:00:00.307607,0.9790117203966794,1.6101204174046915,0.17478117160815512,8,1.1070002639380454,0.019005424367214623,0.030536786546739723,0.8746752935081498,COMPLETE
1436,0.8864525904203324,2026-03-23 18:05:49.294719,2026-03-23 18:05:49.616317,0 days 00:00:00.321598,0.9939421656890112,1.214215095791781,0.1245241219297989,8,1.3808109737009717,1.157937348930674,0.012764811887384684,0.8505123124215063,COMPLETE
1437,0.8846686217008799,2026-03-23 18:05:49.632343,2026-03-23 18:05:49.916337,0 days 00:00:00.283994,0.969705004157667,2.3335057416390312,0.11341035111091514,7,1.197107507563567,0.2987004073746476,0.010019614443289299,0.864564967961707,COMPLETE
1438,0.8839081133919844,2026-03-23 18:05:49.931697,2026-03-23 18:05:50.197659,0 days 00:00:00.265962,0.9342455799082559,1.7517706802744624,0.10501943551491409,8,3.0098319142002676,0.6667325994437512,0.02247127843679753,0.8394171996262728,COMPLETE
1439,0.8798836754643206,2026-03-23 18:05:50.214291,2026-03-23 18:05:50.512071,0 days 00:00:00.297780,0.9463651356463748,2.6797960566894967,0.14082792407557035,8,1.2742598628492732,3.5260915852511943,0.016563478242368337,0.8572368817279508,COMPLETE
1440,0.8863372434017593,2026-03-23 18:05:50.528702,2026-03-23 18:05:50.810474,0 days 00:00:00.281772,0.980456523688102,1.5201339592863277,0.13077955783824094,8,1.5218063210346433,0.18858968610431429,0.027333560515196125,0.8926037260388551,COMPLETE
1441,0.8805161290322581,2026-03-23 18:05:50.826100,2026-03-23 18:05:51.119760,0 days 00:00:00.293660,0.9594931012925437,1.9208272721640893,0.11996805865197785,8,6.94394644667447,0.004484595576643334,0.019654074702886874,0.8728521329873355,COMPLETE
1442,0.8841319648093842,2026-03-23 18:05:51.135011,2026-03-23 18:05:51.419869,0 days 00:00:00.284858,0.988165150339033,2.0275750487272717,0.1599417838769488,8,1.1392361302859437,0.41636184635931733,0.03563943504922599,0.7347448189611755,COMPLETE
1443,0.8848836754643206,2026-03-23 18:05:51.436052,2026-03-23 18:05:51.716643,0 days 00:00:00.280591,0.9738945573427817,1.6426086377942841,0.15147018774787385,8,3.3972758634380558,0.00945197786799658,0.014762367440260844,0.8827951732602485,COMPLETE
1444,0.8862707722385142,2026-03-23 18:05:51.732806,2026-03-23 18:05:52.022330,0 days 00:00:00.289524,0.9639798577549923,1.3654534215191663,0.11398078667198352,8,1.0455757885303552,1.1175799990146276,0.02413995804224673,0.8672938044600538,COMPLETE
1445,0.8865855327468231,2026-03-23 18:05:52.041225,2026-03-23 18:05:52.358102,0 days 00:00:00.316877,0.9830576545556866,1.7805437712581988,0.0954162742213069,8,1.3575974934534216,0.5860416369016235,0.011887134930679727,0.8506638902115379,COMPLETE
1446,0.8853939393939393,2026-03-23 18:05:52.374840,2026-03-23 18:05:52.646508,0 days 00:00:00.271668,0.9741580014996831,1.5624398099820342,0.13678222700084883,8,1.0894848722493526,0.2950094989541676,0.028420885358117282,0.8572908982519439,COMPLETE
1447,0.8835249266862171,2026-03-23 18:05:52.662841,2026-03-23 18:05:52.954882,0 days 00:00:00.292041,0.9949199599039066,2.1709463104812214,0.12529318243475168,8,1.2158848032604586,1.9891046691981162,0.01832930577574196,0.8744165580161178,COMPLETE
1448,0.884690127077224,2026-03-23 18:05:52.972349,2026-03-23 18:05:53.258218,0 days 00:00:00.285869,0.9999076366365908,1.096295819246965,0.10591389340643806,8,4.837546009984758,0.020497339765912385,0.03185736568682048,0.902537945143407,COMPLETE
1449,0.8861730205278593,2026-03-23 18:05:53.274077,2026-03-23 18:05:53.575688,0 days 00:00:00.301611,0.9521012757952505,1.4360210648585703,0.11981723520122786,8,1.1602775177563096,0.005719115772550864,0.014963022996414502,0.8636534881137821,COMPLETE
1450,0.8867311827956988,2026-03-23 18:05:53.589539,2026-03-23 18:05:53.863731,0 days 00:00:00.274192,0.9861677444832381,2.443053391784341,0.13100213223226848,8,1.3067625357581225,0.012391355215390495,0.03968570835988012,0.88708831274056,COMPLETE
1451,0.8823489736070382,2026-03-23 18:05:53.880229,2026-03-23 18:05:54.153190,0 days 00:00:00.272961,0.9656004431150579,1.6994311899618109,0.17204462487888242,8,1.4287607124528445,0.1832036689947736,6.11388907350808,0.8439350983923936,COMPLETE
1452,0.885941348973607,2026-03-23 18:05:54.170159,2026-03-23 18:05:54.458533,0 days 00:00:00.288374,0.978253739082472,2.544333650702537,0.1464045655688408,8,1.2360949766527956,1.0151575536611468,0.02167964642573747,0.8718935568187814,COMPLETE
1453,0.886,2026-03-23 18:05:54.472760,2026-03-23 18:05:54.757744,0 days 00:00:00.284984,0.9416654847959872,1.8487897235504986,0.11044997340407872,8,1.0873494910455492,0.4719790813818751,0.012761959165774018,0.8555551876386284,COMPLETE
1454,0.8776451612903227,2026-03-23 18:05:54.773742,2026-03-23 18:05:55.083152,0 days 00:00:00.309410,0.9872832335713718,1.3279204976357506,0.1005088818660098,6,10.02535407491384,0.7310480411717145,0.02481584668811611,0.8800313121323479,COMPLETE
1455,0.8835894428152492,2026-03-23 18:05:55.099390,2026-03-23 18:05:55.373775,0 days 00:00:00.274385,0.9707615343007154,1.5085753844514729,0.1806926819177934,8,6.321743682848258,0.2319947107289719,0.01737228679405371,0.8627069750079249,COMPLETE
1456,0.8839188660801564,2026-03-23 18:05:55.389710,2026-03-23 18:05:55.669890,0 days 00:00:00.280180,0.9582770689657689,1.2261307341512273,0.16266090320214677,8,1.1556917027743816,0.3337076336211071,0.029817363881737117,0.8967524948658102,COMPLETE
1457,0.8859608993157382,2026-03-23 18:05:55.687424,2026-03-23 18:05:55.996551,0 days 00:00:00.309127,0.9801592674448083,1.6015556702444391,0.08203244218163569,8,1.328413322088189,1.5575198888450694,0.020569497131995077,0.8350330949455328,COMPLETE
1458,0.8865259042033234,2026-03-23 18:05:56.012748,2026-03-23 18:05:56.295171,0 days 00:00:00.282423,0.9924109588929075,1.9661993115806113,0.12333335258208496,8,1.0001544812698824,0.0034534430375782158,0.01154948061242512,0.9120161999366412,COMPLETE
1459,0.8848387096774193,2026-03-23 18:05:56.311394,2026-03-23 18:05:56.576997,0 days 00:00:00.265603,0.9713186971956882,2.6114010902785063,0.11386319052924153,8,1.257631656556882,0.14137278433277234,0.015547500201610545,0.8675420375263521,COMPLETE
1460,0.8881495601173021,2026-03-23 18:05:56.590716,2026-03-23 18:05:56.839690,0 days 00:00:00.248974,0.9790452511373673,2.079311350925864,0.13838710169973142,8,1.1133086869587108,0.007611789535465574,0.03503834071854054,0.8517343870967015,COMPLETE
1461,0.8846705767350928,2026-03-23 18:05:56.856086,2026-03-23 18:05:57.140198,0 days 00:00:00.284112,0.9622257939923363,2.283378796816301,0.15038791681940458,8,1.0434999232118785,0.0074009103460610055,0.03730778453280775,0.8341793840647966,COMPLETE
1462,0.8854721407624633,2026-03-23 18:05:57.156540,2026-03-23 18:05:55.464887,-1 days +23:59:58.308347,0.9490620241674008,2.145810622122786,0.14193880676530082,8,1.0826893580761845,0.006199098113760725,0.0458633053386603,0.8413323813429076,COMPLETE
1463,0.8851221896383186,2026-03-23 18:05:55.480401,2026-03-23 18:05:55.754153,0 days 00:00:00.273752,0.9696460690743479,2.183532513747156,0.14917733566445499,8,1.0526493358232083,0.00822294467629164,0.036623254984177574,0.8455454665916683,COMPLETE
1464,0.8834740957966765,2026-03-23 18:05:55.770455,2026-03-23 18:05:56.040188,0 days 00:00:00.269733,0.954747372665,2.053204645009382,0.1404319237422259,8,1.110102774446892,0.004437548972046667,0.04268583302542924,0.8386707937336806,COMPLETE
1465,0.8870185728250245,2026-03-23 18:05:56.056982,2026-03-23 18:05:56.331609,0 days 00:00:00.274627,0.9755544039475638,2.121265580649208,0.15655709745478882,8,1.0361742331004018,0.009321637544103483,0.03617858335051098,0.8476885325407961,COMPLETE
1466,0.8831456500488759,2026-03-23 18:05:56.347209,2026-03-23 18:05:56.670220,0 days 00:00:00.323011,0.9640264392238085,2.016903564763593,0.14675200426709514,8,1.1123902595050126,0.011125730312465401,0.04198001191265192,0.8270510847605155,COMPLETE
1467,0.8840205278592375,2026-03-23 18:05:56.688867,2026-03-23 18:05:56.983271,0 days 00:00:00.294404,0.9893892117427449,2.256687085118349,0.1349670540728494,8,4.290334412384166,0.013763871585212166,0.029609597749412388,0.8458177577395409,COMPLETE
1468,0.8844760508308895,2026-03-23 18:05:56.998837,2026-03-23 18:05:57.282909,0 days 00:00:00.284072,0.9771450074497002,2.123474457750578,0.15897272305669688,8,1.0848850946852113,0.0033364294543050694,0.03440901959716328,0.8524637382775202,COMPLETE
1469,0.8832766373411536,2026-03-23 18:05:57.299348,2026-03-23 18:05:57.575234,0 days 00:00:00.275886,0.8500581621132086,2.0730308699258733,0.13861449352705377,7,1.1506011986059665,0.004457295744504411,0.03262122824307972,0.8357327382761768,COMPLETE
1470,0.8850860215053762,2026-03-23 18:05:57.588338,2026-03-23 18:05:57.879755,0 days 00:00:00.291417,0.9821150867473663,2.208612763223154,0.16733143846439408,8,1.0412651476415764,0.006073326868643172,0.05269454024220879,0.8499966882951726,COMPLETE
1471,0.8853421309872922,2026-03-23 18:05:57.896727,2026-03-23 18:05:58.149142,0 days 00:00:00.252415,0.9936799777647635,1.9364191075660935,0.19924430264970167,8,1.1106611451491475,0.01154294741102795,0.04066625043769676,0.8559008909591177,COMPLETE
1472,0.8866353861192571,2026-03-23 18:05:58.167827,2026-03-23 18:05:58.405947,0 days 00:00:00.238120,0.9688319301914693,2.091841644204661,0.15019879238263975,8,1.1359026436618715,0.020713330776270834,0.028749274552788893,0.8517666848139231,COMPLETE
1473,0.8878181818181818,2026-03-23 18:05:58.422685,2026-03-23 18:05:58.710933,0 days 00:00:00.288248,0.9399985532496553,2.1757426141061202,0.13816492712695777,8,1.0394583598837877,0.007360389318875186,0.032988903636739494,0.8408877546957556,COMPLETE
1474,0.8840215053763442,2026-03-23 18:05:58.726240,2026-03-23 18:05:58.991314,0 days 00:00:00.265074,0.9597976891104499,1.9875448334643764,0.15552040545169882,8,1.0814165277194114,0.0021189870714957144,0.026152128637325755,0.9238619397437758,COMPLETE
1475,0.8848230694037147,2026-03-23 18:05:59.008242,2026-03-23 18:05:59.270133,0 days 00:00:00.261891,0.9842458134668555,2.0374590789267697,0.14237585474443168,8,1.164464442516536,0.01337166326650167,0.0401045417378866,0.8299493307982551,COMPLETE
1476,0.885325513196481,2026-03-23 18:05:59.283806,2026-03-23 18:05:59.544404,0 days 00:00:00.260598,0.9748879381798509,2.368209876824772,0.13196746556663652,8,1.121346302356206,0.0029273441356729127,0.03013955035332419,0.8528846646157344,COMPLETE
1477,0.8808973607038123,2026-03-23 18:05:59.559471,2026-03-23 18:05:59.824684,0 days 00:00:00.265213,0.9996952972902009,1.8870144855783564,0.1798052540411565,8,2.5557509952236392,0.020434016649149508,0.025059387054429227,0.858250336334602,COMPLETE
1478,0.8884408602150538,2026-03-23 18:05:59.839864,2026-03-23 18:06:00.133073,0 days 00:00:00.293209,0.9330568044477692,1.9461657435922748,0.1626654251260437,8,1.0033950877684732,0.004905638687908855,0.04836434131585745,0.8402853812221428,COMPLETE
1479,0.8821876832844575,2026-03-23 18:06:00.147318,2026-03-23 18:06:00.387442,0 days 00:00:00.240124,0.9330210433240949,2.0065520816866838,0.18817647983956723,8,1.0087811797665382,0.004696929826004514,0.0524634366478693,0.821545444913693,COMPLETE
1480,0.8838963831867057,2026-03-23 18:06:00.403391,2026-03-23 18:06:00.657122,0 days 00:00:00.253731,0.9279614706740957,2.0237745238646188,0.16858016969739886,8,1.0352768683006066,1.4224508341313561e-08,0.05395856066245096,0.8272938964820677,COMPLETE
1481,0.8849198435972628,2026-03-23 18:06:00.673674,2026-03-23 18:06:00.957078,0 days 00:00:00.283404,0.9270284043783461,2.1226522528566627,0.18087298180933686,8,1.0274497781192131,0.004646499405708178,0.05901071100022266,0.8322865900002112,COMPLETE
1482,0.8836207233626588,2026-03-23 18:06:00.973836,2026-03-23 18:06:01.242664,0 days 00:00:00.268828,0.9200379970996622,2.0991943992744493,0.16917617905827825,8,1.0008616289912413,0.0029215230335721603,0.059914028483887015,0.8364563400049537,COMPLETE
1483,0.8830166177908114,2026-03-23 18:06:01.258884,2026-03-23 18:06:01.535289,0 days 00:00:00.276405,0.9337910864383239,1.9524765461689544,0.17891953387914764,8,1.03275141853382,0.0016902250224144352,0.04787031183482437,0.8345536363029938,COMPLETE
1484,0.8812688172043011,2026-03-23 18:06:01.552013,2026-03-23 18:06:01.823838,0 days 00:00:00.271825,0.9324397500944376,1.9281193036465776,0.1698551672899536,8,1.040391671641701,0.00305744209946307,0.04511112510672291,0.8228237812828151,COMPLETE
1485,0.8846383186705767,2026-03-23 18:06:01.839327,2026-03-23 18:06:02.119373,0 days 00:00:00.280046,0.9441315553596533,2.275063880387294,0.12995075984249382,8,1.0121778872611253,0.004373561867669214,0.08055695672807173,0.8368200586999447,COMPLETE
1486,0.8855307917888564,2026-03-23 18:06:02.134881,2026-03-23 18:06:02.372178,0 days 00:00:00.237297,0.9367316876370686,1.9752979770685966,0.163002378980806,8,1.0669424126350748,0.009471970340324707,0.04209196200760384,0.8112508854542824,COMPLETE
1487,0.8841368523949168,2026-03-23 18:06:02.391617,2026-03-23 18:06:02.679923,0 days 00:00:00.288306,0.9261164040115111,1.883309364461346,0.16011663193920495,8,1.0125516561584726,0.0058350416103545915,0.035387407316224924,0.8433205071264576,COMPLETE
1488,0.8849315738025415,2026-03-23 18:06:02.695952,2026-03-23 18:06:02.938479,0 days 00:00:00.242527,0.9118502823450034,2.130044613563757,0.19320731757203263,8,1.075654686326256,0.007061229990984105,0.04368738075788381,0.8442607929453813,COMPLETE
1489,0.8857771260997067,2026-03-23 18:06:02.955026,2026-03-23 18:06:03.242991,0 days 00:00:00.287965,0.9442760590284913,2.0421107374339136,0.12815343974462495,8,1.010746323707331,0.006303766588827586,0.04506447139259936,0.840841925692279,COMPLETE
1490,0.8832218963831868,2026-03-23 18:06:03.258740,2026-03-23 18:06:03.548183,0 days 00:00:00.289443,0.9193380211739001,2.247603096670056,0.09174048585242636,8,1.0036081172112779,0.004066057518843869,0.047209288840082554,0.8287816928048212,COMPLETE
1491,0.8840361681329423,2026-03-23 18:06:03.564234,2026-03-23 18:06:03.825168,0 days 00:00:00.260934,0.9396353621740616,1.872382056351712,0.17508347403138796,8,1.0760235430699105,0.0023181454230494494,0.052123639815523114,0.8031944600664219,COMPLETE
1492,0.8843372434017595,2026-03-23 18:06:03.842768,2026-03-23 18:06:04.156788,0 days 00:00:00.314020,0.9289624050196968,1.982824080305975,0.10159992311101869,8,1.0031167471018718,0.009003239960114375,0.05369935717127019,0.8227183520179994,COMPLETE
