number,value,datetime_start,datetime_complete,duration,params_colsample_bytree,params_gamma,params_learning_rate,params_max_depth,params_min_child_weight,params_reg_alpha,params_reg_lambda,params_subsample,state
1054,0.883218963831867,2026-03-23 18:03:56.445191,2026-03-23 18:03:56.714750,0 days 00:00:00.269559,0.9995197199129545,1.923136369941136,0.08547754988335196,8,1.5301897730651415,0.07073801818234746,0.11832862080411159,0.8806882314458201,COMPLETE
1055,0.884254154447703,2026-03-23 18:03:56.731619,2026-03-23 18:03:57.049955,0 days 00:00:00.318336,0.7884976961010425,2.0653041988048457,0.10468795413606378,8,1.3082439120186142,0.5471580926304852,0.2585124685356514,0.8993467048061445,COMPLETE
1056,0.886958944281525,2026-03-23 18:03:57.068799,2026-03-23 18:03:57.349788,0 days 00:00:00.280989,0.9777760585032541,2.27926746782856,0.1440111379031114,8,1.044033302155576,0.017224400446836787,0.03582898847694764,0.8581237339866545,COMPLETE
1057,0.8847878787878788,2026-03-23 18:03:57.364967,2026-03-23 18:03:57.632110,0 days 00:00:00.267143,0.9887588193037062,1.785043455137932,0.11239974918476948,6,1.127133642781347,0.0006050290059772214,0.011397513032163959,0.8712984018999029,COMPLETE
1058,0.8842580645161291,2026-03-23 18:03:57.649512,2026-03-23 18:03:57.909122,0 days 00:00:00.259610,0.9688644173128719,1.6018730469262268,0.1600962061711056,8,1.207696398426418,0.2409386081000942,0.0191667748708633,0.8421971956289134,COMPLETE
1059,0.8840273704789834,2026-03-23 18:03:57.926104,2026-03-23 18:03:58.198463,0 days 00:00:00.272359,0.8215584500688807,1.4938297117842798,0.12249539690679781,8,1.1552651052157452,0.13571182014421226,0.030035780458449048,0.7275712318227641,COMPLETE
1060,0.8825376344086021,2026-03-23 18:03:58.214698,2026-03-23 18:03:58.489175,0 days 00:00:00.274477,0.9834116209269896,4.870433205676905,0.13564339859369515,8,1.0444616154818958,0.3465752802631556,0.014546989150060998,0.864843774054116,COMPLETE
1061,0.8857047898338222,2026-03-23 18:03:58.505129,2026-03-23 18:03:58.776070,0 days 00:00:00.270941,0.976254431842676,1.6986780590844486,0.15173286117704457,8,1.0008699738807774,0.957671988361299,0.02681761613383951,0.8501865378376958,COMPLETE
1062,0.8866930596285435,2026-03-23 18:03:58.792007,2026-03-23 18:03:59.074990,0 days 00:00:00.282983,0.9560059348140136,1.8653853132912124,0.1288971475026646,8,1.2616856875183686,0.04307484260542065,0.04060682704835526,0.8754875822267784,COMPLETE
1063,0.8866656891495601,2026-03-23 18:03:59.091462,2026-03-23 18:03:59.388990,0 days 00:00:00.297528,0.9638605616957012,1.9803336683657466,0.09709466378133205,8,1.0810859888915867,0.09660028485766263,0.021511837370052307,0.8252944949428105,COMPLETE
1064,0.8868416422287391,2026-03-23 18:03:59.404551,2026-03-23 18:03:59.698869,0 days 00:00:00.294318,0.9999555565375924,1.4303153104544903,0.10868056319411411,8,1.1292190681234457,0.6269338170778684,0.017713927773821074,0.8588962425517721,COMPLETE
1065,0.8864877810361682,2026-03-23 18:03:59.716307,2026-03-23 18:03:59.988353,0 days 00:00:00.272046,0.9878919078983152,1.5705567928294712,0.11737118272430888,8,1.2045842307480006,0.15849408385657546,0.0323888986024968,0.8873240406713709,COMPLETE
1066,0.8847741935483872,2026-03-23 18:04:00.006260,2026-03-23 18:04:00.255545,0 days 00:00:00.249285,0.972995046372947,1.7449317132664381,0.18641249461512513,8,1.0964998774616284,0.0732599238802023,0.02466312016318499,0.8394349336985718,COMPLETE
1067,0.8781652003910068,2026-03-23 18:04:00.272722,2026-03-23 18:04:00.563126,0 days 00:00:00.290404,0.9924062226967589,1.2871003277727193,0.13940201841868602,8,8.439980106823791,0.38676767118548316,0.016253316347497326,0.8669931241088109,COMPLETE
1068,0.8867331378299119,2026-03-23 18:04:00.579741,2026-03-23 18:04:00.872005,0 days 00:00:00.292264,0.9838401091126848,1.8418466333054104,0.16798877323993733,8,1.3759270516752462,1.3588047199733528,0.03864483576407145,0.8523644111736883,COMPLETE
1069,0.8867057673509284,2026-03-23 18:04:00.887885,2026-03-23 18:04:01.173958,0 days 00:00:00.286073,0.9784819997282516,1.6271860665351077,0.1321655154197369,8,1.168789022856536,0.2318656673975572,0.021189050744445048,0.8764599817798374,COMPLETE
1070,0.8826392961876832,2026-03-23 18:04:01.191333,2026-03-23 18:04:01.472185,0 days 00:00:00.280852,0.9673970739369266,2.124463123786798,0.14405979170887767,8,1.3038827916474918,0.027463182412908623,11.437982672844065,0.8308125570304273,COMPLETE
1071,0.8840420332355817,2026-03-23 18:04:01.487157,2026-03-23 18:04:01.787662,0 days 00:00:00.300505,0.9933653324998173,1.9366497936503437,0.12200446279916297,8,1.0457780439482938,0.048906865647009905,0.02848379195139937,0.8609755600866184,COMPLETE
1072,0.883514173998045,2026-03-23 18:04:01.805094,2026-03-23 18:04:02.093098,0 days 00:00:00.288004,0.9830807106881388,1.413903508277594,0.15458509157778846,8,1.4763269024944368,0.00037142580857157183,0.04659300700976392,0.844343660102071,COMPLETE
1073,0.8851407624633432,2026-03-23 18:04:02.108071,2026-03-23 18:04:02.360929,0 days 00:00:00.252858,0.9554910047290389,2.7193267080683814,0.17883955722376446,8,1.218432171179972,0.014878309705999501,0.026779368488150285,0.8689738275955304,COMPLETE
1074,0.8863186705767352,2026-03-23 18:04:02.376818,2026-03-23 18:04:02.667061,0 days 00:00:00.290243,0.973087934394999,1.758296144097512,0.10941327823896857,8,1.1240976058303864,0.5001630344599272,0.033621052879732785,0.8801553142613827,COMPLETE
1075,0.8763216031280548,2026-03-23 18:04:02.683343,2026-03-23 18:04:02.929435,0 days 00:00:00.246092,0.9647314408120464,1.539649499758447,0.0108171986328598,8,1.0805359892130693,0.19342185193086706,0.019859167615066557,0.8481419191361985,COMPLETE
1076,0.8863440860215054,2026-03-23 18:04:02.943444,2026-03-23 18:04:03.242528,0 days 00:00:00.299084,0.989145356586308,1.630382400982994,0.10134448542170968,8,1.18365039986062,0.0922993130447432,0.01645933951350816,0.8583040158221494,COMPLETE
1077,0.8844398826979472,2026-03-23 18:04:03.259348,2026-03-23 18:04:03.602310,0 days 00:00:00.342962,0.9817175150659376,1.6878004056355844,0.11574649198733945,8,4.5889054269798635,0.34718855340527854,0.012584979233014925,0.8924501978264187,COMPLETE
1078,0.8832033235581623,2026-03-23 18:04:03.618276,2026-03-23 18:04:03.897814,0 days 00:00:00.279538,0.9930257206406632,2.034329275583525,0.12534378927754247,8,1.2898619922792984,1.026526439009249,0.023932184418227108,0.6332654856539813,COMPLETE
1079,0.8834330400782013,2026-03-23 18:04:03.913852,2026-03-23 18:04:04.205394,0 days 00:00:00.291542,0.999886528568694,1.856214478485917,0.16101508625555033,8,3.9082891565511497,0.03364949830631682,0.03770540361928569,0.9043556914284968,COMPLETE
1080,0.8834936461388074,2026-03-23 18:04:04.221325,2026-03-23 18:04:04.517183,0 days 00:00:00.295858,0.9747338268602006,1.4665034891161417,0.09189215203509034,8,1.0407161319402602,0.1295935330381375,0.02800522244655299,0.8663571505391808,COMPLETE
1081,0.8823734115347018,2026-03-23 18:04:04.531956,2026-03-23 18:04:04.797169,0 days 00:00:00.265213,0.9649776522175764,2.2612996272645343,0.13409464849208103,7,1.139329622725761,0.0584171966812946,0.019455979211367578,0.914239965115897,COMPLETE
1082,0.8821368523949169,2026-03-23 18:04:04.812983,2026-03-23 18:04:05.142965,0 days 00:00:00.329982,0.7607900482766441,1.7523140914611595,0.14463459307073154,8,1.2426750419154264,0.6843127875240631,0.0459987617080177,0.8745190226513839,COMPLETE
1083,0.8840606060606062,2026-03-23 18:04:05.159877,2026-03-23 18:04:05.449679,0 days 00:00:00.289802,0.954798796999492,1.566945460909954,0.1189756238172674,8,1.0842991532064787,0.00013356565185784712,0.030547861327670536,0.8541297873582508,COMPLETE
1084,0.8849511241446725,2026-03-23 18:04:05.465115,2026-03-23 18:04:05.778434,0 days 00:00:00.313319,0.9860473339205896,1.9643699893310773,0.12820017883086743,8,1.1659630257303104,0.2694829045033263,0.023069679404874737,0.8374790328188532,COMPLETE
1085,0.8854281524926686,2026-03-23 18:04:05.795242,2026-03-23 18:04:06.105935,0 days 00:00:00.310693,0.9789187099811016,1.6693866667081125,0.10519520191319277,8,1.1196894220595757,0.02144326194460791,0.015063027800159626,0.8850200806840826,COMPLETE
1086,0.8864633431085043,2026-03-23 18:04:06.118964,2026-03-23 18:04:06.428286,0 days 00:00:00.309322,0.9894049966684968,1.356763470978059,0.15257856607242662,8,1.0016940140534223,2.016025938695996,0.03512560914880934,0.8633131411929249,COMPLETE
1087,0.8839970674486803,2026-03-23 18:04:06.443965,2026-03-23 18:04:06.719569,0 days 00:00:00.275604,0.9719841203535146,1.820848577999314,0.1397716322722472,8,1.2103476523210082,0.17092986638551516,0.02198375735329432,0.8522296593184955,COMPLETE
1088,0.8869608993157381,2026-03-23 18:04:06.733553,2026-03-23 18:04:07.082615,0 days 00:00:00.349062,0.9619289065694896,2.088404379791363,0.17031350342603468,8,1.0552123357384857,0.09550917657117507,0.017545624548212447,0.8436687317272897,COMPLETE
1089,0.8835777126099708,2026-03-23 18:04:07.099040,2026-03-23 18:04:07.375533,0 days 00:00:00.276493,0.8904829145943323,2.1863510404797966,0.11189559784082409,8,1.1052760596340323,0.5146406626680722,0.04004728052447158,0.872101988123192,COMPLETE
1090,0.8876207233626587,2026-03-23 18:04:07.392583,2026-03-23 18:04:07.676073,0 days 00:00:00.283490,0.9997736594328492,1.2252117591840759,0.13289779876543006,8,1.2574851864284358,0.056774091736847256,0.026276256989114948,0.8308529873517915,COMPLETE
1091,0.8826588465298142,2026-03-23 18:04:07.692521,2026-03-23 18:04:08.029041,0 days 00:00:00.336520,0.9813647086366308,1.5016095900763147,0.1255536135865179,5,1.3856123188550913,0.35511620757728857,0.03140101559413459,0.8573345137860094,COMPLETE
1092,0.8845767350928642,2026-03-23 18:04:08.045929,2026-03-23 18:04:08.287779,0 days 00:00:00.241850,0.9921885864234706,1.8943822005646982,0.16214615614415354,8,1.1570078352634443,1.9016408624200397e-05,0.01434286719724825,0.8644315477235823,COMPLETE
1093,0.8835542521994135,2026-03-23 18:04:08.304046,2026-03-23 18:04:08.598804,0 days 00:00:00.294758,0.9715361240608797,1.7093226443093101,0.14635671923189328,8,3.288368018640034,0.036014001376952556,0.01947904653968829,0.8796783746792803,COMPLETE
1094,0.8863919843597263,2026-03-23 18:04:08.614955,2026-03-23 18:04:08.909856,0 days 00:00:00.294901,0.9534119149810352,1.6290869670376031,0.10825341177090136,8,1.0012639511839974,0.7616250472340882,0.6385921143888059,0.8456381944110413,COMPLETE
1095,0.8889569892473118,2026-03-23 18:04:08.925630,2026-03-23 18:04:09.193536,0 days 00:00:00.267906,0.9815872033908292,1.7932350603460514,0.11847050229498611,8,1.0549286339019555,0.227855681016649,0.025593719113516523,0.8736212102167552,COMPLETE
1096,0.8870752688172044,2026-03-23 18:04:09.209772,2026-03-23 18:04:09.488830,0 days 00:00:00.279058,0.986686459267729,2.0471699449687173,0.12124419047432651,8,1.0358782651730813,0.22734010633776625,0.023283889346223677,0.8856686924754941,COMPLETE
1097,0.8872707722385142,2026-03-23 18:04:09.502158,2026-03-23 18:04:09.775172,0 days 00:00:00.273014,0.9923614057627884,1.9275369901021149,0.12817586369627812,8,1.0489668695062433,0.18660601491982026,0.019829303078047363,0.8935991454069766,COMPLETE
1098,0.8830723362658845,2026-03-23 18:04:09.790363,2026-03-23 18:04:10.110673,0 days 00:00:00.320310,0.9833065626285584,1.8163771228402321,0.05506198586305651,8,1.0761746085315682,0.2715661645974454,0.024025830388991712,0.8775798491999592,COMPLETE
1099,0.8851231671554252,2026-03-23 18:04:10.127423,2026-03-23 18:04:10.385129,0 days 00:00:00.257706,0.9863699671158891,1.5569204367079086,0.13643237038087855,8,1.0017998356988635,0.1149715334294881,0.01637087994682862,0.8716933185008677,COMPLETE
1100,0.874893450635386,2026-03-23 18:04:10.401420,2026-03-23 18:04:10.711417,0 days 00:00:00.309997,0.9998782278621694,4.3905651433454596,0.12018211462175993,8,1.087582743739437,0.15462749447117452,20.231438434360697,0.8816858508900026,COMPLETE
1101,0.8864213098729228,2026-03-23 18:04:10.728086,2026-03-23 18:04:10.968086,0 days 00:00:00.240000,0.9791399059090203,2.359702068408297,0.1386977305968962,8,1.3430661395660188,0.34609393079642875,0.021429654284377993,0.87287629360182,COMPLETE
1102,0.8875698924731182,2026-03-23 18:04:10.984472,2026-03-23 18:04:11.259320,0 days 00:00:00.274848,0.9910860878289948,1.4525822110749627,0.1295064956897487,8,1.1393547093976604,0.20843101980716155,0.010007500347049501,0.8884635627167515,COMPLETE
1103,0.8839247311827956,2026-03-23 18:04:11.273141,2026-03-23 18:04:11.940604,0 days 00:00:00.667463,0.9790304612343428,2.6352555778124636,0.014422156126768122,8,1.067806447824996,0.43664909197627333,0.026859751413272088,0.8677945557857488,COMPLETE
1104,0.8870899315738026,2026-03-23 18:04:11.957003,2026-03-23 18:04:12.258676,0 days 00:00:00.301673,0.9924401925299593,1.7323521938917388,0.1181739453633293,8,1.2108102993420362,0.31453546658370596,0.017999707397743394,0.8982678268085957,COMPLETE
1105,0.881208211143695,2026-03-23 18:04:12.273456,2026-03-23 18:04:12.592590,0 days 00:00:00.319134,0.9852270688102823,1.9916287554111725,0.18914207291128338,8,6.005634455381291,0.146466679604659,0.023402636940932295,0.8798737945628532,COMPLETE
1106,0.8846735092864124,2026-03-23 18:04:12.610007,2026-03-23 18:04:12.885577,0 days 00:00:00.275570,0.9756264750841668,1.8439233031023348,0.15300569078338833,8,1.1193419281299029,0.10893124850027106,5.458044410353585,0.8661100834667917,COMPLETE
1107,0.8841847507331378,2026-03-23 18:04:12.902323,2026-03-23 18:04:13.184334,0 days 00:00:00.282011,0.9930408662149344,2.789815752683172,0.12441442798893071,8,1.050129612912686,0.23070207608236046,0.027449548610438173,0.8748668724705172,COMPLETE
1108,0.8845376344086021,2026-03-23 18:04:13.197093,2026-03-23 18:04:13.468919,0 days 00:00:00.271826,0.9839587141977196,1.3664848725325744,0.14559477848876948,8,1.0006852858007267,0.5253710666237791,0.018508712624225536,0.8606146105466296,COMPLETE
1109,0.886017595307918,2026-03-23 18:04:13.483786,2026-03-23 18:04:13.745586,0 days 00:00:00.261800,0.9755182665993558,2.157184955029548,0.17457986753504057,8,1.1815857824740486,0.07461861756596995,0.02150371189585962,0.885684837779251,COMPLETE
1110,0.885533724340176,2026-03-23 18:04:13.762502,2026-03-23 18:04:14.025322,0 days 00:00:00.262820,0.9910761622882018,1.6483273025118492,0.13801777648175864,8,1.290512143927308,1.1824408834625446,0.013958965183087113,0.8717795384299832,COMPLETE
1111,0.8829227761485825,2026-03-23 18:04:14.041615,2026-03-23 18:04:14.325985,0 days 00:00:00.284370,0.8045974455038383,1.7721212977725314,0.1318914528776803,8,1.1097872462342744,0.4001458878223483,0.0278100174298977,0.8624488523071816,COMPLETE
1112,0.8866764418377322,2026-03-23 18:04:14.342062,2026-03-23 18:04:14.657509,0 days 00:00:00.315447,0.9703890977817263,1.5567978444376724,0.11588484475942598,8,1.4580927056410313,0.1464679046601738,0.016315406456772506,0.856961584812554,COMPLETE
1113,0.8853802541544478,2026-03-23 18:04:14.678550,2026-03-23 18:04:14.964100,0 days 00:00:00.285550,0.9822050072117263,1.8915485689216531,0.1593662992745205,8,1.0472894611161436,0.7644596409909246,0.012553407732868073,0.8683620724546065,COMPLETE
1114,0.8865650048875855,2026-03-23 18:04:14.981135,2026-03-23 18:04:15.304040,0 days 00:00:00.322905,0.9922680656030374,2.0153120651869796,0.12434235216611393,8,1.1674155296594597,0.24721334791099464,0.02441398684362568,0.8774953658653059,COMPLETE
1115,0.8836129032258065,2026-03-23 18:04:15.319419,2026-03-23 18:04:15.606018,0 days 00:00:00.286599,0.9785636265612637,1.6625163535933014,0.1449592171179247,8,1.2427842440326944,0.08032793632704865,0.031492132021296707,0.8918838134585221,COMPLETE
1116,0.8868269794721406,2026-03-23 18:04:15.623395,2026-03-23 18:04:15.904014,0 days 00:00:00.280619,0.9996297226262166,3.4766064108507453,0.1143258597137202,8,1.0966588336957501,0.016468013959091938,0.019746292509301606,0.8628981381874608,COMPLETE
1117,0.886950146627566,2026-03-23 18:04:15.921538,2026-03-23 18:04:16.188781,0 days 00:00:00.267243,0.9857219401972912,1.5224441239232303,0.13110472468269738,8,1.1546867251618622,0.1479733464740453,0.025359070772269107,0.8850765792304714,COMPLETE
1118,0.884743890518084,2026-03-23 18:04:16.204403,2026-03-23 18:04:16.470180,0 days 00:00:00.265777,0.9710945355159405,1.8045773101899611,0.15304183782192854,8,1.3165172521845379,0.5409027084261497,0.030483048489668416,0.8710420667026496,COMPLETE
1119,0.8831221896383187,2026-03-23 18:04:16.485320,2026-03-23 18:04:16.780146,0 days 00:00:00.294826,0.9864867240924257,1.421902602375181,0.16647047007614918,8,1.0417211596748852,0.045278530989035566,0.020795440671775862,0.8556639033117418,COMPLETE
1120,0.88641642228739,2026-03-23 18:04:16.797170,2026-03-23 18:04:17.048248,0 days 00:00:00.251078,0.9654597994193608,1.725753945393803,0.18246993439108117,8,1.2466590413609573,0.26897356270415135,0.016469864704285107,0.876373652081753,COMPLETE
1121,0.8850430107526882,2026-03-23 18:04:17.064452,2026-03-23 18:04:17.360860,0 days 00:00:00.296408,0.9777411725844216,1.9161673135313317,0.11880017511417526,8,1.0003326090929308,2.558917586098259e-06,0.023485831881427777,0.86379603957769,COMPLETE
1122,0.884177908113392,2026-03-23 18:04:17.378065,2026-03-23 18:04:17.677865,0 days 00:00:00.299800,0.991078023054469,1.6102422978775974,0.13914584371162284,7,1.083106382671183,0.09437309327819733,0.029055360978016427,0.8542566114385743,COMPLETE
1123,0.8848621700879765,2026-03-23 18:04:17.693403,2026-03-23 18:04:17.994572,0 days 00:00:00.301169,0.9733360591484175,2.0821119191407558,0.12594248670170152,8,1.17560832221917,0.027207922583288944,0.011961189390800226,0.8830768630531214,COMPLETE
1124,0.8804379276637342,2026-03-23 18:04:18.010525,2026-03-23 18:04:18.308772,0 days 00:00:00.298247,0.9933537733392818,2.286484956725212,0.11248600189190443,8,1.119597491982401,3.633309504919334,0.014868231672121828,0.8670341671162582,COMPLETE
1125,0.8759110459433042,2026-03-23 18:04:18.344043,2026-03-23 18:04:18.588842,0 days 00:00:00.244799,0.9796774684387581,2.519362378203247,0.1338398367331704,8,9.608466893684033,0.39715449260746244,0.03466861407002295,0.784115446502043,COMPLETE
1126,0.8850263929618769,2026-03-23 18:04:18.604571,2026-03-23 18:04:18.878078,0 days 00:00:00.273507,0.9599228487267772,2.661500703886946,0.14932442186912384,8,1.2057911413451003,0.20049272839094023,0.018683084671922357,0.8543565963685656,COMPLETE
1127,0.8852023460410556,2026-03-23 18:04:18.897583,2026-03-23 18:04:19.172453,0 days 00:00:00.274870,0.9857040885079323,1.4858261770711627,0.16267960512508756,8,1.0499982766080553,0.059952095277859885,0.025847256897152344,0.8950993871006182,COMPLETE
1128,0.8854398826979472,2026-03-23 18:04:19.186230,2026-03-23 18:04:19.440563,0 days 00:00:00.254333,0.9988748485896325,1.7392018594080256,0.12113413459944188,8,1.127591655632069,0.7239223918608899,0.021317460667422218,0.8741993675685327,COMPLETE
1129,0.8860537634408603,2026-03-23 18:04:19.457090,2026-03-23 18:04:19.735192,0 days 00:00:00.278102,0.9672226861385164,1.9143819770884243,0.13984794570969475,8,1.3986524517561538,1.149051976238281,0.029334714326837645,0.8601800071091356,COMPLETE
1130,0.8883597262952102,2026-03-23 18:04:19.752613,2026-03-23 18:04:20.035050,0 days 00:00:00.282437,0.9803424343783143,1.3107521179213897,0.12580205352971374,8,1.2724934430774508,0.012107770877400805,0.035222431047987064,0.8501145728216367,COMPLETE
1131,0.8850215053763439,2026-03-23 18:04:20.050824,2026-03-23 18:04:20.337670,0 days 00:00:00.286846,0.9687861586845639,1.10151703674234,0.1344935964321283,8,1.3548812430655415,0.010874707243835633,0.04504053493275593,0.8492637568118259,COMPLETE
1132,0.8866080156402736,2026-03-23 18:04:20.353424,2026-03-23 18:04:20.654924,0 days 00:00:00.301500,0.9517373885411552,1.2585062360698938,0.1264046216021697,8,1.3558996041860325,0.013416215844349655,0.038803931102597694,0.8486612337893426,COMPLETE
1133,0.8849550342130986,2026-03-23 18:04:20.670777,2026-03-23 18:04:20.955094,0 days 00:00:00.284317,0.9608279537762994,1.2689965585358907,0.14027305073209287,8,1.3151556921935539,0.024479577319475795,0.03818033506843735,0.9004691751796254,COMPLETE
1134,0.8847829912023459,2026-03-23 18:04:20.970317,2026-03-23 18:04:21.251254,0 days 00:00:00.280937,0.9734980710562737,1.1177466373857439,0.13164158242689725,8,1.3187472136536298,0.012272906452965823,0.047644584813948905,0.883041936844698,COMPLETE
1135,0.8857165200391006,2026-03-23 18:04:21.268783,2026-03-23 18:04:21.567098,0 days 00:00:00.298315,0.9775099514803232,1.2557651908113947,0.1532337442499561,8,1.2795131799385724,0.01818769961681327,0.034195665382989,0.8683823258527441,COMPLETE
1136,0.8844398826979472,2026-03-23 18:04:21.581717,2026-03-23 18:04:21.883834,0 days 00:00:00.302117,0.968661274510762,1.2128723831785293,0.1753462936695383,8,1.4259446577198402,0.0113143098407386,0.04334150453002818,0.8760749147884834,COMPLETE
1137,0.8832033235581623,2026-03-23 18:04:21.898418,2026-03-23 18:04:22.181855,0 days 00:00:00.283437,0.9809583896002392,1.1853747444279814,0.14417297124969686,6,1.5251680345264773,0.018589689224066674,0.03405341624391387,0.8603516941429146,COMPLETE
1138,0.8824477028347997,2026-03-23 18:04:22.198591,2026-03-23 18:04:22.557189,0 days 00:00:00.358598,0.960877807127518,1.3285540404184557,0.12867346344736535,5,1.2332868125991423,0.007421006578990489,0.033052400221863926,0.8461611787397583,COMPLETE
1139,0.8830664711632453,2026-03-23 18:04:22.576214,2026-03-23 18:04:22.859208,0 days 00:00:00.282994,0.952903109896151,1.3942969754030898,0.14859122691360985,8,1.2381876299950132,0.013225786983236947,0.04041345751526769,0.8905548486728341,COMPLETE
1140,0.8780058651026394,2026-03-23 18:04:22.875721,2026-03-23 18:04:23.216338,0 days 00:00:00.340617,0.6963136128467906,1.3688957201540726,0.13481478357209675,4,8.898228004419561,0.007508864919243019,0.029718053417898634,0.8524896864629541,COMPLETE
1141,0.8849677419354839,2026-03-23 18:04:23.233826,2026-03-23 18:04:23.526383,0 days 00:00:00.292557,0.9718540066556087,1.3712813909881436,0.1589071075807649,8,1.285281229323673,0.03846036597429062,0.04901925539754501,0.8665055684861329,COMPLETE
