number,value,datetime_start,datetime_complete,duration,params_colsample_bytree,params_gamma,params_learning_rate,params_max_depth,params_min_child_weight,params_reg_alpha,params_reg_lambda,params_subsample,state
878,0.8853538611925709,2026-03-23 18:03:06.949621,2026-03-23 18:03:07.233271,0 days 00:00:00.283650,0.9803311214168234,1.8174037014373798,0.11783872135340344,8,1.588206100168343,1.3377819513935448e-07,0.023747700928912055,0.867787925995442,COMPLETE
879,0.8844193548387097,2026-03-23 18:03:07.250068,2026-03-23 18:03:07.561368,0 days 00:00:00.311300,0.999710542450443,1.6078773424479331,0.09767522492790665,8,1.0019613522584783,0.5092448036680219,0.020674929655281796,0.8374869768825796,COMPLETE
880,0.8877565982404692,2026-03-23 18:03:07.577757,2026-03-23 18:03:07.896056,0 days 00:00:00.318299,0.9998344923310181,1.7293373316921778,0.12544011508645417,8,1.1071653544583338,0.1691219592135847,0.030518643495402648,0.8738224714744014,COMPLETE
881,0.8834389051808408,2026-03-23 18:03:07.911398,2026-03-23 18:03:08.188659,0 days 00:00:00.277261,0.9930572202045593,1.6615681928493333,0.13322027661507965,8,6.83431446631637,0.19749371543493854,0.031986273082473836,0.8584474798691081,COMPLETE
882,0.8855904203323558,2026-03-23 18:03:08.205577,2026-03-23 18:03:08.512568,0 days 00:00:00.306991,0.998619333565634,1.5236544819345703,0.1279483847554882,8,1.1837446271990575,1.3861879266324946,0.030334920414676895,0.8778456716479938,COMPLETE
883,0.8861837732160314,2026-03-23 18:03:08.527842,2026-03-23 18:03:08.789298,0 days 00:00:00.261456,0.9921803357118523,1.7070477320449318,0.14222711549382278,8,1.231147347006006,0.34529310996921797,0.011700955987427854,0.843696125197903,COMPLETE
884,0.8840136852394916,2026-03-23 18:03:08.802544,2026-03-23 18:03:09.102926,0 days 00:00:00.300382,0.6328568513391003,1.5619515855322552,0.13361236707622426,8,1.1499382635138276,0.24010933304224172,0.017454505627949618,0.9026393671112769,COMPLETE
885,0.8862189638318672,2026-03-23 18:03:09.115709,2026-03-23 18:03:09.382139,0 days 00:00:00.266430,0.9997813212575833,1.7519683713254968,0.12708504363794543,8,1.3678570467660398,0.7355488692171646,0.02583763837542001,0.8658085195052341,COMPLETE
886,0.8849335288367546,2026-03-23 18:03:09.398705,2026-03-23 18:03:09.678712,0 days 00:00:00.280007,0.9866592787139297,1.6423659653202838,0.14659712197967223,8,1.2034230357313178,6.988759627429565e-06,0.015104863840807527,0.8530636379692247,COMPLETE
887,0.885939393939394,2026-03-23 18:03:09.695078,2026-03-23 18:03:09.943116,0 days 00:00:00.248038,0.9914898569017792,1.4603940039831085,0.15765272199898286,8,1.2903566929402468,0.38475569513584096,0.020664564376476093,0.8845958990779799,COMPLETE
888,0.8857350928641252,2026-03-23 18:03:09.959128,2026-03-23 18:03:10.226965,0 days 00:00:00.267837,0.9992559126788759,1.328284469059259,0.12203335255326087,8,1.1305916873331847,0.48722588505506703,0.03127635285485338,0.8709242191496204,COMPLETE
889,0.8857790811339198,2026-03-23 18:03:10.240561,2026-03-23 18:03:10.487516,0 days 00:00:00.246955,0.9857233715485662,1.745051058563165,0.1364590352316693,8,1.1723990795774903,0.16782673049504027,0.025307540840729295,0.8623154487577733,COMPLETE
890,0.8851915933528836,2026-03-23 18:03:10.504424,2026-03-23 18:03:10.756243,0 days 00:00:00.251819,0.9856850510317615,1.5579262641820117,0.1664364488261347,8,1.1168654466154104,1.1792613654882074,0.017537817388436645,0.8491225671538063,COMPLETE
891,0.886329423264907,2026-03-23 18:03:10.771526,2026-03-23 18:03:11.069186,0 days 00:00:00.297660,0.9931548650394334,1.653719876339962,0.1242886237376758,8,2.079380042141521,0.3222076177503082,0.7557117411776715,0.8338305238789324,COMPLETE
892,0.8799618768328445,2026-03-23 18:03:11.084899,2026-03-23 18:03:11.357646,0 days 00:00:00.272747,0.979332271593232,1.7737982700524482,0.15232770209285165,8,7.820396370287626,0.14957303794018292,0.0228547231802553,0.8772951473075199,COMPLETE
893,0.8826705767350929,2026-03-23 18:03:11.372708,2026-03-23 18:03:11.645303,0 days 00:00:00.272595,0.9919204166934085,1.4460198188187139,0.14356866486397352,8,2.6247411703295156,0.000582921651893865,0.013583021933805381,0.8576182280656568,COMPLETE
894,0.8850156402737048,2026-03-23 18:03:11.657816,2026-03-23 18:03:11.924287,0 days 00:00:00.266471,0.9791163977893593,1.819895948494295,0.13477098144024632,8,1.2386664803603267,0.60532400240218,0.03163449775642226,0.8914670729020636,COMPLETE
895,0.8771925708699903,2026-03-23 18:03:11.940030,2026-03-23 18:03:12.262920,0 days 00:00:00.322890,0.9991556797419838,1.6105966492914872,0.017974698256072445,8,1.0999189643032923,0.2433571116544334,0.026715216155977047,0.8426966776404705,COMPLETE
896,0.8836412512218963,2026-03-23 18:03:12.277787,2026-03-23 18:03:12.547712,0 days 00:00:00.269925,0.9871913827017109,1.5137938232987225,0.17780834988085956,8,1.1751019854500273,0.10982996123209578,0.017461041978795486,0.7758850647149859,COMPLETE
897,0.8864330400782013,2026-03-23 18:03:12.560942,2026-03-23 18:03:12.857537,0 days 00:00:00.296595,0.9754590568987849,1.2753887786656226,0.12503291340313485,8,1.3206033363058092,0.8537201135615555,0.021856210612516663,0.8667069580962601,COMPLETE
898,0.8854144672531769,2026-03-23 18:03:12.873762,2026-03-23 18:03:13.183598,0 days 00:00:00.309836,0.9862709194956554,1.8684470926985637,0.1611652239272679,8,1.108556030969707,1.8435304721747983,0.020146665011735832,0.8522683984609355,COMPLETE
899,0.8806539589442816,2026-03-23 18:03:13.196978,2026-03-23 18:03:13.454484,0 days 00:00:00.257506,0.9721121481102851,1.6903218211555187,0.19897271155031082,7,1.8453400050868891,0.46223597538559125,0.030661198564735283,0.8257612322715773,COMPLETE
900,0.8848269794721407,2026-03-23 18:03:13.469762,2026-03-23 18:03:13.776908,0 days 00:00:00.307146,0.9927487900551925,1.380593556324498,0.11665045281502756,8,1.6728464969188166,0.18602922248902792,0.015350434957353123,0.8727251876554178,COMPLETE
901,0.884030303030303,2026-03-23 18:03:13.792696,2026-03-23 18:03:14.140496,0 days 00:00:00.347800,0.9804305791009302,0.33400727663874763,0.07092841503956321,8,1.2311253926171495,0.2846105578516636,0.026259985353284273,0.8603448331903603,COMPLETE
902,0.885902248289345,2026-03-23 18:03:14.157486,2026-03-23 18:03:14.434205,0 days 00:00:00.276719,0.9847720233088355,1.6104653853813664,0.14045240511738902,8,1.1695927657958214,0.6117750806651543,0.03190505821290776,0.8816699366918497,COMPLETE
903,0.886197458455523,2026-03-23 18:03:14.449283,2026-03-23 18:03:14.734256,0 days 00:00:00.284973,0.9927453619163926,1.7243673275980516,0.1505013051307759,8,1.0832739753045764,0.10787736882619264,0.011569307327704653,0.8461102808029494,COMPLETE
904,0.8891329423264906,2026-03-23 18:03:14.749614,2026-03-23 18:03:15.036541,0 days 00:00:00.286927,0.9723170466871026,1.4903579005080725,0.13115937946754905,8,1.1312893786779128,1.0272442883020745,0.020991984247086915,0.8646375392247905,COMPLETE
905,0.8832600195503422,2026-03-23 18:03:15.054458,2026-03-23 18:03:15.334619,0 days 00:00:00.280161,0.7355352722331839,1.9025641127258677,0.13150037901030256,8,1.1343883162752824,1.1391278435512124,0.02473945959399452,0.8563231474644498,COMPLETE
906,0.879256109481916,2026-03-23 18:03:15.349624,2026-03-23 18:03:15.644165,0 days 00:00:00.294541,0.9686721206977728,4.131127544831237,0.13899491394212007,8,1.2490945041862207,2.378635149334775,0.02765454661661764,0.8383690833847935,COMPLETE
907,0.8853998044965786,2026-03-23 18:03:15.659349,2026-03-23 18:03:15.970137,0 days 00:00:00.310788,0.9651955780695282,1.5547374152216784,0.1367931542511108,8,1.1840282913583393,1.5273455409908345,0.02259988523764825,0.8491330997095312,COMPLETE
908,0.8781818181818182,2026-03-23 18:03:15.985555,2026-03-23 18:03:16.337301,0 days 00:00:00.351746,0.9730981669471596,0.8096753696335959,0.14545461215248098,5,2.558544546019916,4.108718290481011,0.03450875296932807,0.6251833892843233,COMPLETE
909,0.8851769305962854,2026-03-23 18:03:16.353127,2026-03-23 18:03:16.621904,0 days 00:00:00.268777,0.9675537898243604,1.8110655667414515,0.1547964583212907,8,1.099520547102829,1.1433574525166985,0.020674084112314996,0.8629252192246559,COMPLETE
910,0.8805415444770284,2026-03-23 18:03:16.638432,2026-03-23 18:03:16.922524,0 days 00:00:00.284092,0.9747768711672982,1.7172127497334067,0.12925878431056032,8,2.331613107078414,1.5505933524556708,8.516329122347429,0.8741086850213989,COMPLETE
911,0.8842111436950146,2026-03-23 18:03:16.940320,2026-03-23 18:03:17.227246,0 days 00:00:00.286926,0.9635434572402349,1.6474634054911588,0.16364693242950235,8,1.2801138186248044,2.788711042953213,0.027566829312449817,0.8542000498016419,COMPLETE
912,0.8849188660801565,2026-03-23 18:03:17.243139,2026-03-23 18:03:17.518948,0 days 00:00:00.275809,0.9773649686756946,1.5302151529088754,0.1479543008517154,8,2.4392637329169267,0.8583511301595259,0.03286527191138965,0.8871392708315706,COMPLETE
913,0.8863988269794721,2026-03-23 18:03:17.534950,2026-03-23 18:03:17.839406,0 days 00:00:00.304456,0.9646835615651042,1.8595711022643258,0.13417558958775383,8,1.1533742430727802,0.7884640748869771,0.0197042782642347,0.830834312609088,COMPLETE
914,0.8807282502443794,2026-03-23 18:03:17.855967,2026-03-23 18:03:18.206535,0 days 00:00:00.350568,0.9800835872011938,1.765684002060752,0.12648834802764825,3,1.0674323089338702,1.193901628037501,0.0234921005015235,0.8678015288944653,COMPLETE
915,0.8844193548387098,2026-03-23 18:03:18.223249,2026-03-23 18:03:18.508425,0 days 00:00:00.285176,0.9711749523431651,1.6130975031941852,0.1733907418277116,8,1.3892802450918442,0.7891142998630285,0.02744505443300537,0.8407950369512612,COMPLETE
916,0.8846705767350929,2026-03-23 18:03:18.526864,2026-03-23 18:03:18.813523,0 days 00:00:00.286659,0.9819358206895246,1.968931769328297,0.1382383207699955,8,1.2076741912868825,1.6657438974427312,0.03286702773252396,0.8601453551948953,COMPLETE
917,0.8848934506353862,2026-03-23 18:03:18.829284,2026-03-23 18:03:19.142523,0 days 00:00:00.313239,0.6751215211582987,1.4110028367054457,0.15764192488992904,8,1.1112709856321277,0.49468451429170307,0.019493631795599885,0.8746570047883915,COMPLETE
918,0.8852023460410557,2026-03-23 18:03:19.157859,2026-03-23 18:03:19.458150,0 days 00:00:00.300291,0.9635208803443657,1.6814977796295099,0.14796142086018846,8,2.7838691914961027,0.7095989170149123,0.02567924759641663,0.8979195398696832,COMPLETE
919,0.885843597262952,2026-03-23 18:03:19.475728,2026-03-23 18:03:19.759784,0 days 00:00:00.284056,0.9744753703394164,1.5470673001679374,0.1867325432592866,8,1.1571417233374366,0.00024286463844585646,0.02273965292865609,0.8483730744922517,COMPLETE
920,0.8837546432062561,2026-03-23 18:03:19.775954,2026-03-23 18:03:20.095882,0 days 00:00:00.319928,0.9848490037683786,1.8035229170944316,0.12335494606280183,8,1.066379023210183,2.246456282898989,0.0342347350501938,0.885749984224378,COMPLETE
921,0.8790635386119258,2026-03-23 18:03:20.112552,2026-03-23 18:03:20.447165,0 days 00:00:00.334613,0.9722037939696533,1.500394012792728,0.022957815638143274,8,1.2974591284846062,0.10667183384075792,4.4630686748636395,0.8625330164583114,COMPLETE
922,0.8819579667644184,2026-03-23 18:03:20.463745,2026-03-23 18:03:20.748838,0 days 00:00:00.285093,0.9850272153360988,1.928338255426369,0.13210314984980182,6,1.2145082398433282,0.5247495142585916,0.015033598979780023,0.8148464384537117,COMPLETE
923,0.8843714565004888,2026-03-23 18:03:20.765044,2026-03-23 18:03:21.028827,0 days 00:00:00.263783,0.9784527404051396,1.2001891470125947,0.17020536275001003,8,1.105826542715103,1.0814363070162694,0.017855114698931935,0.853958718212256,COMPLETE
924,0.8835347018572824,2026-03-23 18:03:21.045285,2026-03-23 18:03:21.331753,0 days 00:00:00.286468,0.9907211091117151,1.6684249514149019,0.14169725130016517,8,1.1469838438575228,0.1553442946628045,0.02747912535770285,0.877543300700905,COMPLETE
925,0.8872502443792766,2026-03-23 18:03:21.347871,2026-03-23 18:03:21.622308,0 days 00:00:00.274437,0.9630816341818196,1.7665261811018609,0.12121164242938062,8,1.0575013440225862,0.36842798633180923,0.021865012497358813,0.8688324178322346,COMPLETE
926,0.8834056695992181,2026-03-23 18:03:21.638000,2026-03-23 18:03:21.914130,0 days 00:00:00.276130,0.9999980646521336,1.3817002533477931,0.1550956748461295,8,1.2079829716191746,0.657543969269525,0.03237553503736175,0.8362990984286257,COMPLETE
927,0.8839286412512217,2026-03-23 18:03:21.931168,2026-03-23 18:03:22.451366,0 days 00:00:00.520198,0.9999957242040075,2.017324378988492,0.028911547261973106,8,1.3394477605487936,1.0752234075911251,0.14528791068677038,0.8021806062874222,COMPLETE
928,0.8864213098729228,2026-03-23 18:03:22.465025,2026-03-23 18:03:22.727316,0 days 00:00:00.262291,0.9814474958596624,1.5984645147810495,0.1320449173115747,8,1.0821803690076173,4.629675031217306e-07,0.01302630066403413,0.8464701580373779,COMPLETE
929,0.8862267839687195,2026-03-23 18:03:22.744191,2026-03-23 18:03:23.010062,0 days 00:00:00.265871,0.9731738035058121,1.8835767206011034,0.14370242711972525,8,1.1587536979123911,0.20561993523840197,0.01964409788764788,0.8598952761564724,COMPLETE
930,0.8856754643206257,2026-03-23 18:03:23.026467,2026-03-23 18:03:23.305841,0 days 00:00:00.279374,0.9879716159534688,1.7173322362593137,0.11403772870890115,8,1.2609801589853165,0.09046274065013371,0.01614645444106228,0.8712300023909324,COMPLETE
931,0.8828963831867058,2026-03-23 18:03:23.323429,2026-03-23 18:03:23.633758,0 days 00:00:00.310329,0.8306324507649551,1.470413752541703,0.12681869706074275,8,1.0454653405673617,0.35816476388339985,0.028661491914446446,0.8813092423974735,COMPLETE
932,0.886108504398827,2026-03-23 18:03:23.649238,2026-03-23 18:03:23.928501,0 days 00:00:00.279263,0.9669667746670852,1.5846980929798515,0.16147906967952796,8,1.1217241458124734,0.00010977343679771412,0.023803104981265113,0.8539335500297204,COMPLETE
933,0.8884799608993157,2026-03-23 18:03:23.944560,2026-03-23 18:03:24.233908,0 days 00:00:00.289348,0.9801229543202614,1.8489114990617246,0.11912456922861095,8,1.1813042395261633,0.08968674795677549,0.03143434068482247,0.842687430411995,COMPLETE
934,0.8869120234604104,2026-03-23 18:03:24.249708,2026-03-23 18:03:24.541445,0 days 00:00:00.291737,0.9625089137075443,2.041382136837985,0.1115459734681693,8,1.2172356918209368,0.09004018746848162,0.03391553485801131,0.8249953323218848,COMPLETE
935,0.8847888563049853,2026-03-23 18:03:24.558692,2026-03-23 18:03:24.877217,0 days 00:00:00.318525,0.9722783604210862,1.9092524731760585,0.11713686036178401,8,1.2538945932255547,0.1332958537286662,0.0356856723952748,0.8379328059347584,COMPLETE
936,0.8862355816226783,2026-03-23 18:03:24.892179,2026-03-23 18:03:25.169935,0 days 00:00:00.277756,0.977848560220288,1.9503217779783169,0.10964012197390359,8,1.1685756995635554,0.09954297514745958,0.02880735357586475,0.834246380896808,COMPLETE
937,0.8827595307917888,2026-03-23 18:03:25.185645,2026-03-23 18:03:25.438636,0 days 00:00:00.252991,0.9619004164498566,2.089195928791368,0.17649943179480154,8,1.3299561856925113,0.07057310908885818,0.03427513155089235,0.8909593917188032,COMPLETE
938,0.8802306940371457,2026-03-23 18:03:25.453507,2026-03-23 18:03:25.782898,0 days 00:00:00.329391,0.9699232366907877,1.8964631863987524,0.1196755079362967,8,1.1979789522946522,0.140419762562775,15.820718322867144,0.8419988621757023,COMPLETE
939,0.8871573802541545,2026-03-23 18:03:25.796753,2026-03-23 18:03:24.034440,-1 days +23:59:58.237687,0.9783790109269104,1.8494036700015066,0.10375760232049362,8,1.1325115638112728,0.08123057485363991,0.029220307738783154,0.828926217980378,COMPLETE
940,0.8856725317693059,2026-03-23 18:03:24.049608,2026-03-23 18:03:24.366691,0 days 00:00:00.317083,0.9621634198285915,1.9900665448788002,0.11494999978112161,8,1.270002153915441,0.11041850459050485,0.03669918798497043,0.8207343655311972,COMPLETE
941,0.8841515151515151,2026-03-23 18:03:24.380901,2026-03-23 18:03:24.639879,0 days 00:00:00.258978,0.9820559187012201,1.8067152373675135,0.1671539482949318,8,1.0875028407776546,3.7905754639674064e-08,0.02539531313509756,0.8675700537759498,COMPLETE
942,0.8835601173020526,2026-03-23 18:03:24.656107,2026-03-23 18:03:25.037919,0 days 00:00:00.381812,0.9698758367606906,1.8006932478217361,0.08240953911348395,8,1.1841582811860487,0.16285129069326626,0.0315793248460881,0.8590507567769128,COMPLETE
943,0.8855122189638319,2026-03-23 18:03:25.053821,2026-03-23 18:03:25.347361,0 days 00:00:00.293540,0.9858709492002532,2.0941657735889305,0.14954993212507406,8,1.1271759223832998,0.0878913339422621,0.025059656370692893,0.8786361915599228,COMPLETE
944,0.8844956011730205,2026-03-23 18:03:25.362966,2026-03-23 18:03:25.616063,0 days 00:00:00.253097,0.9764328685017338,1.9756660029642275,0.18749880123578228,8,1.036533875331119,0.07588733198172283,0.028172876685859452,0.843206436193757,COMPLETE
945,0.8828162267839688,2026-03-23 18:03:25.633323,2026-03-23 18:03:25.907542,0 days 00:00:00.274219,0.7458556787741858,1.7456884166589453,0.12087524843853116,8,1.253036563702991,0.0010119513791329226,0.03579166140476897,0.8720084944976806,COMPLETE
946,0.8839139784946237,2026-03-23 18:03:25.923220,2026-03-23 18:03:26.175499,0 days 00:00:00.252279,0.9856799366816559,1.8644827011051193,0.13831905979290246,8,1.0863682988709067,0.25084768313912315,0.02421264864552117,0.8631392828387402,COMPLETE
947,0.8832619745845551,2026-03-23 18:03:26.189880,2026-03-23 18:03:26.538009,0 days 00:00:00.348129,0.9732047732653633,1.7047165105494833,0.11083627782152512,7,1.1763995653229722,0.16797847603939267,0.029325588655351394,0.8518032911610779,COMPLETE
948,0.8829736070381232,2026-03-23 18:03:26.554793,2026-03-23 18:03:26.887875,0 days 00:00:00.333082,0.7679172947270331,2.1078191173035665,0.1546090653963491,8,1.3184025075473622,0.0003200704499697187,0.021800292613342574,0.9039877278098988,COMPLETE
949,0.8866344086021506,2026-03-23 18:03:26.902951,2026-03-23 18:03:27.201385,0 days 00:00:00.298434,0.9633094504349797,1.8534053916814899,0.12574335405540998,8,1.1159528161360175,0.21967107744148365,0.03403794973887752,0.8856443758661356,COMPLETE
950,0.8851564027370479,2026-03-23 18:03:27.217860,2026-03-23 18:03:27.531970,0 days 00:00:00.314110,0.9796928285691817,1.9975115312822482,0.10407211209619968,8,1.0485738691757556,0.13334693316144827,0.02911060170405122,0.8651102810671928,COMPLETE
951,0.8843040078201369,2026-03-23 18:03:27.548063,2026-03-23 18:03:27.843579,0 days 00:00:00.295516,0.9863018052767254,1.754958162887852,0.13453372056643978,8,1.2142462936278278,0.06575893069392579,0.02394642771880708,0.8542315272169151,COMPLETE
952,0.8839169110459434,2026-03-23 18:03:27.857793,2026-03-23 18:03:28.111913,0 days 00:00:00.254120,0.9734714904396122,1.3017347766589933,0.16589532333312945,8,1.1162755576984222,0.222562099644761,0.037522652770836246,0.8949452399051452,COMPLETE
953,0.885099706744868,2026-03-23 18:03:28.126654,2026-03-23 18:03:28.391639,0 days 00:00:00.264985,0.9602827454003385,1.6911767878653285,0.1208702177923879,8,1.1642319733659148,0.33655536781073997,0.21488892208106997,0.8759451058225481,COMPLETE
954,0.8854760508308895,2026-03-23 18:03:28.407304,2026-03-23 18:03:28.711205,0 days 00:00:00.303901,0.9908549270805364,2.165026215291908,0.1471242895166472,8,1.4304110679771092,0.1185216852348498,0.020866581498285366,0.8435084485433264,COMPLETE
955,0.8856823069403714,2026-03-23 18:03:28.727298,2026-03-23 18:03:28.987309,0 days 00:00:00.260011,0.9686494445845418,1.4913482577802755,0.1790272642491359,8,1.0384509517331408,0.16741020567353282,0.030785427802971735,0.8601818431598401,COMPLETE
956,0.8809931573802542,2026-03-23 18:03:29.002171,2026-03-23 18:03:29.257409,0 days 00:00:00.255238,0.9797225550709111,1.0493649119053978,0.11428102574068325,4,1.2588654057769484,0.06339174447442715,0.02609135468707783,0.8332684587341707,COMPLETE
957,0.8848846529814273,2026-03-23 18:03:29.273331,2026-03-23 18:03:29.544172,0 days 00:00:00.270841,0.9865712151290413,1.9139576470328203,0.09542814181746057,8,1.0802260986110586,0.3575847431802954,0.03765409541790576,0.8688468294702193,COMPLETE
958,0.8873616813294232,2026-03-23 18:03:29.559470,2026-03-23 18:03:29.816256,0 days 00:00:00.256786,0.9913022236818654,1.8141043303711046,0.14119284289391637,8,1.1500844753933364,4.2465296038532e-05,0.019069032178596054,0.8784516279516588,COMPLETE
959,0.8851114369501466,2026-03-23 18:03:29.831508,2026-03-23 18:03:30.117833,0 days 00:00:00.286325,0.9674301873529794,1.6197801413307393,0.1289212851728273,8,1.2127266823398466,0.07787246310880719,0.024907277470876257,0.8520850406736805,COMPLETE
960,0.8869178885630499,2026-03-23 18:03:30.133207,2026-03-23 18:03:30.417660,0 days 00:00:00.284453,0.977556478170794,1.3973399458095548,0.10805768572626026,8,1.3514216275232087,0.045159904687981575,0.03157343481196271,0.8858657811700473,COMPLETE
961,0.8845151515151516,2026-03-23 18:03:30.433837,2026-03-23 18:03:30.720444,0 days 00:00:00.286607,0.9594417254346306,2.044144369639678,0.16124350310954713,8,1.00094638447149,0.0005406039632941096,1.1597179504982646,0.8598793958867021,COMPLETE
962,0.8853587487781036,2026-03-23 18:03:30.738604,2026-03-23 18:03:31.015436,0 days 00:00:00.276832,0.9929498513490281,1.7531146811292935,0.11914601433603765,8,1.0712715756360967,0.4694608957567229,0.021817956933636737,0.8433575955579414,COMPLETE
963,0.8800635386119258,2026-03-23 18:03:31.030132,2026-03-23 18:03:31.323462,0 days 00:00:00.293330,0.9840411889486577,1.5079905896966137,0.1344640340240264,8,1.129655603237516,0.20968047584901353,30.91384751456317,0.8724445016233924,COMPLETE
964,0.8863401759530792,2026-03-23 18:03:31.339058,2026-03-23 18:03:31.613952,0 days 00:00:00.274894,0.9744055856469848,1.632972885686479,0.15013006688268982,8,1.2897511477686985,0.12981514118717016,0.037202110480369886,0.8511595000894648,COMPLETE
965,0.8834897360703813,2026-03-23 18:03:31.630244,2026-03-23 18:03:31.908492,0 days 00:00:00.278248,0.9813680869379647,1.9315909272770164,0.1234959223928492,8,1.0004582197405405,0.07679379815075064,0.026644308290092584,0.8622737134707146,COMPLETE
