number,value,datetime_start,datetime_complete,duration,params_colsample_bytree,params_gamma,params_learning_rate,params_max_depth,params_min_child_weight,params_reg_alpha,params_reg_lambda,params_subsample,state
966,0.8852238514173998,2026-03-23 18:03:31.923694,2026-03-23 18:03:32.213219,0 days 00:00:00.289525,0.9681877051253526,1.826125880990261,0.11312612833827225,8,1.194260771809485,0.2767427405607404,0.018926461894949977,0.8709103961424317,COMPLETE
967,0.8859921798631476,2026-03-23 18:03:32.229446,2026-03-23 18:03:32.503433,0 days 00:00:00.273987,0.9930198540642245,1.679216456584162,0.10077411610518297,8,1.0881314630811498,0.4792324310755386,0.032392337129785474,0.8255435263931977,COMPLETE
968,0.8828651026392962,2026-03-23 18:03:32.516911,2026-03-23 18:03:32.836594,0 days 00:00:00.319683,0.9608299711166439,0.5292037103148464,0.17365995454120334,8,1.1456764278607978,0.040031557238100646,1.6907247038543352,0.8118980668781812,COMPLETE
969,0.885739980449658,2026-03-23 18:03:32.852873,2026-03-23 18:03:33.185336,0 days 00:00:00.332463,0.9875678401397076,1.5548392121093655,0.1406902078297603,8,1.224009386353462,0.12032035411584721,0.022085338863582805,0.836000661803001,COMPLETE
970,0.8828914956011731,2026-03-23 18:03:33.200900,2026-03-23 18:03:33.454609,0 days 00:00:00.253709,0.9733997010409992,1.771494750000862,0.12950675767586894,8,1.0405131543865083,0.00015304538301818293,0.02823488084154899,0.8781672858177466,COMPLETE
971,0.8842052785923754,2026-03-23 18:03:33.470831,2026-03-23 18:03:33.734598,0 days 00:00:00.263767,0.999342201319063,2.198044929109806,0.1549635604964999,8,1.1114727982709145,0.18205251167154496,0.01790772577954482,0.8549007252017403,COMPLETE
972,0.8858670576735093,2026-03-23 18:03:33.750980,2026-03-23 18:03:34.033939,0 days 00:00:00.282959,0.9790112426195428,1.9733001390968117,0.10742783391123246,8,1.167369317178125,0.27001477641461935,0.02401838213296831,0.8915406998950306,COMPLETE
973,0.886,2026-03-23 18:03:34.047373,2026-03-23 18:03:34.352060,0 days 00:00:00.304687,0.9873408852212034,1.4186329402421154,0.11784161468418607,8,1.284718729304696,0.5759113364033556,0.038413974941584834,0.8640868335898014,COMPLETE
974,0.8829677419354839,2026-03-23 18:03:34.369823,2026-03-23 18:03:34.631217,0 days 00:00:00.261394,0.6169432105023702,1.6152920163991271,0.19009477590932516,8,1.0741272311956211,0.05719645175064882,0.03070258926047031,0.8472033113458093,COMPLETE
975,0.8840117302052786,2026-03-23 18:03:34.644891,2026-03-23 18:03:34.911172,0 days 00:00:00.266281,0.9664186858115021,1.8495210565440352,0.14264877534094025,8,1.1924881969645673,0.10228001033010192,0.02048073217991053,0.7928444296350939,COMPLETE
976,0.8834506353861192,2026-03-23 18:03:34.927353,2026-03-23 18:03:35.202891,0 days 00:00:00.275538,0.9589923350360814,1.7115593819433228,0.16226597013476393,8,4.218669925359089,0.35335438377816863,0.026909445211815864,0.8841415136991051,COMPLETE
977,0.8845259042033237,2026-03-23 18:03:35.218314,2026-03-23 18:03:35.518429,0 days 00:00:00.300115,0.9828618132304718,1.2893457021309687,0.1269560132018697,8,1.3644931619917204,0.03556403958733346,0.03536488242445076,0.8675778187139821,COMPLETE
978,0.8842942326490715,2026-03-23 18:03:35.533916,2026-03-23 18:03:35.797018,0 days 00:00:00.263102,0.9933788436126358,1.4519448696831065,0.13445637430529975,8,5.226698209165586,0.167116453223546,0.02302341836790179,0.8579862570881567,COMPLETE
979,0.886405669599218,2026-03-23 18:03:35.812919,2026-03-23 18:03:36.093209,0 days 00:00:00.280290,0.9725315285145307,1.5317691655369043,0.148272097557076,8,1.0458542546339933,0.08586305706542836,0.017944725811484652,0.8409492843922795,COMPLETE
980,0.8847184750733139,2026-03-23 18:03:36.109464,2026-03-23 18:03:36.406771,0 days 00:00:00.297307,0.9998028822382418,2.058288187443057,0.11359276761223544,7,1.000464537538209,0.5994968956865679,0.03175451165811087,0.8744017921297058,COMPLETE
981,0.8857047898338222,2026-03-23 18:03:36.422038,2026-03-23 18:03:36.708559,0 days 00:00:00.286521,0.980571746483434,1.8970974466475448,0.12389662258521138,8,1.1297691035231445,0.054079702187443644,0.026123815299375196,0.8484618341198934,COMPLETE
982,0.8819345063538612,2026-03-23 18:03:36.725034,2026-03-23 18:03:37.032073,0 days 00:00:00.307039,0.9894017857617312,1.6692216161748488,0.16867080697127923,8,5.7299845316393725,2.156779801182557e-08,0.8935930127998742,0.8641071635874948,COMPLETE
983,0.882818181818182,2026-03-23 18:03:37.048193,2026-03-23 18:03:37.336065,0 days 00:00:00.287872,0.9999512358521561,1.7844131106049432,0.10827984362171209,6,1.2471824802666989,0.24065503534404806,0.020412887650328844,0.8569025957356331,COMPLETE
984,0.8870078201368524,2026-03-23 18:03:37.354147,2026-03-23 18:03:37.655744,0 days 00:00:00.301597,0.968985260879081,1.559286665226888,0.15577666387112335,8,1.0866840486052065,0.33482702949348303,0.04075516013271419,0.8832225494705989,COMPLETE
985,0.8848846529814273,2026-03-23 18:03:37.672391,2026-03-23 18:03:37.942961,0 days 00:00:00.270570,0.9591131663805331,1.927591659106078,0.13185629456894432,8,1.1508619074369275,0.12605967662835105,0.0157184148483438,0.8317540239196484,COMPLETE
986,0.8851290322580646,2026-03-23 18:03:37.959907,2026-03-23 18:03:38.257439,0 days 00:00:00.297532,0.9791731621366192,2.168522685234472,0.10072130054117942,8,1.2013073614912126,0.037255240939304324,0.03030981859613532,0.8980789233173324,COMPLETE
987,0.8860488758553275,2026-03-23 18:03:38.273354,2026-03-23 18:03:38.556583,0 days 00:00:00.283229,0.9892220211275128,1.7265687156838165,0.13986187123060623,8,1.0862039077701047,0.0008534308531219074,3.7171894525059495,0.8676709931504771,COMPLETE
988,0.8781652003910068,2026-03-23 18:03:38.573694,2026-03-23 18:03:38.870464,0 days 00:00:00.296770,0.9742483680308462,1.3685222953493834,0.12030887640467251,8,11.460992348395452,0.712187889235374,0.023326669207040785,0.8523424845793928,COMPLETE
989,0.8861642228739003,2026-03-23 18:03:38.885197,2026-03-23 18:03:39.170226,0 days 00:00:00.285029,0.9844552609799516,2.005481248905475,0.18067920978783525,8,1.421639269751152,0.42727709875251896,0.03847573614425097,0.8738840326987081,COMPLETE
990,0.8852961876832846,2026-03-23 18:03:39.185631,2026-03-23 18:03:39.501762,0 days 00:00:00.316131,0.9668322070746856,1.6083151496007215,0.09010673954085822,8,3.615236409501588,0.0767466292559572,0.01735997181106392,0.8409055203650314,COMPLETE
991,0.884802541544477,2026-03-23 18:03:39.515077,2026-03-23 18:03:39.775075,0 days 00:00:00.259998,0.9915163326033956,1.67822596823698,0.1483666468691838,8,1.3163019978295158,6.752452879968609e-05,0.02691811752447834,0.8609249873970398,COMPLETE
992,0.884702834799609,2026-03-23 18:03:39.791300,2026-03-23 18:03:40.067809,0 days 00:00:00.276509,0.9788602370751063,1.500241460542482,0.11563407385148747,8,1.1217868805168891,0.2042953106650914,0.01970685806107943,0.879181630346975,COMPLETE
993,0.8851945259042033,2026-03-23 18:03:40.083014,2026-03-23 18:03:40.338317,0 days 00:00:00.255303,0.9927633745864025,1.8363511622470667,0.12982789570150013,8,1.0460216161199485,0.00025211291745978244,0.03324912411687206,0.8194002440680033,COMPLETE
994,0.8869618768328447,2026-03-23 18:03:40.353954,2026-03-23 18:03:40.632330,0 days 00:00:00.278376,0.9598101996778584,2.0685436198515808,0.16407634613830893,8,1.188346946981356,0.02656143908400273,0.32778194257567383,0.8484408886160109,COMPLETE
995,0.8839032258064516,2026-03-23 18:03:40.645820,2026-03-23 18:03:40.920504,0 days 00:00:00.274684,0.9725148630603644,1.7789396380002098,0.13848895645237605,8,1.2557453531861944,0.12768040632187297,0.02260798547655244,0.8688145842139946,COMPLETE
996,0.8838954056695992,2026-03-23 18:03:40.936941,2026-03-23 18:03:41.254413,0 days 00:00:00.317472,0.984255278681754,1.5971388188978508,0.10655992311496407,8,1.1411162807594548,0.059786221064177955,0.02848486515424382,0.8547773033925739,COMPLETE
997,0.8861857282502443,2026-03-23 18:03:41.269616,2026-03-23 18:03:41.549523,0 days 00:00:00.279907,0.9927829140575929,1.939029775471761,0.12533446726333966,8,1.0421925738353748,0.7062559943424243,0.03663580894505671,0.885698562541098,COMPLETE
998,0.8841231671554253,2026-03-23 18:03:41.565802,2026-03-23 18:03:41.947906,0 days 00:00:00.382104,0.9796249542976122,1.2139525126878876,0.060263394701419254,8,1.078728302012494,0.4071677014023179,0.016647551976500058,0.8371573284764158,COMPLETE
999,0.8856011730205279,2026-03-23 18:03:41.962617,2026-03-23 18:03:42.266442,0 days 00:00:00.303825,0.9679454322225595,1.4426057073688374,0.11932380183330604,8,1.244142370403949,0.2073235067727484,0.1749356750289828,0.8609067972810249,COMPLETE
1000,0.8843343108504399,2026-03-23 18:03:42.281770,2026-03-23 18:03:42.545405,0 days 00:00:00.263635,0.95851499248324,1.708028629620134,0.14918269563297418,8,1.0008187794754757,1.5548699973768314,0.02478548802917151,0.8450460392994343,COMPLETE
1001,0.8856217008797653,2026-03-23 18:03:42.560919,2026-03-23 18:03:42.825075,0 days 00:00:00.264156,0.9854178460505849,1.8311580541504018,0.15705881786590936,8,1.1622937028791689,0.09713145094763521,0.021426403746063714,0.8928469256936918,COMPLETE
1002,0.8833137829912022,2026-03-23 18:03:42.842958,2026-03-23 18:03:43.124595,0 days 00:00:00.281637,0.9706253540294831,1.5482176190720964,0.1746486642776521,8,1.1053570149058018,0.04356658358368472,0.041407508839124786,0.8741755466313867,COMPLETE
1003,0.8865210166177908,2026-03-23 18:03:43.138639,2026-03-23 18:03:43.420127,0 days 00:00:00.281488,0.9757911942437195,2.124799921988442,0.11326254405233907,8,1.216959152433325,0.00041170466486527475,0.014388136939219816,0.8276416037912732,COMPLETE
1004,0.8848172043010754,2026-03-23 18:03:43.435639,2026-03-23 18:03:43.726978,0 days 00:00:00.291339,0.9923255433021809,1.6332108069260485,0.1369870210545625,8,1.3451804282021445,0.30870320356949954,0.03039164924898182,0.8673284834390929,COMPLETE
1005,0.8838748778103617,2026-03-23 18:03:43.743568,2026-03-23 18:03:44.050481,0 days 00:00:00.306913,0.9861799528399421,1.3767150122430971,0.10160967986852228,8,1.0816105888560428,0.15913104986622773,0.019064504612518067,0.8531116747342461,COMPLETE
1006,0.8853763440860214,2026-03-23 18:03:44.066124,2026-03-23 18:03:44.377269,0 days 00:00:00.311145,0.9652398511577971,1.8993786165599917,0.12992161992247836,8,1.1414807152124329,0.02986069711054099,0.034870809568979255,0.8796413578961708,COMPLETE
1007,0.887475073313783,2026-03-23 18:03:44.393099,2026-03-23 18:03:44.723803,0 days 00:00:00.330704,0.9995120167843519,1.7413549368275547,0.09420625485804955,8,1.0532701586877051,0.8638104342630629,0.025540977170551496,0.862947544948826,COMPLETE
1008,0.8832170087976541,2026-03-23 18:03:44.737505,2026-03-23 18:03:45.001838,0 days 00:00:00.264333,0.9793854890516184,2.020220136561329,0.14292991124103735,8,1.2846183732575054,0.4474896165042883,0.020237609346425878,0.8461893695288891,COMPLETE
1009,0.8842737047898338,2026-03-23 18:03:45.019303,2026-03-23 18:03:45.299240,0 days 00:00:00.279937,0.9929846604841113,1.547062362171884,0.12254384668005257,7,1.1870781314971517,0.0673078320638826,0.03150601983307339,0.8560264169492793,COMPLETE
1010,0.8856510263929618,2026-03-23 18:03:45.312929,2026-03-23 18:03:45.600595,0 days 00:00:00.287666,0.9606033990765247,2.2201943011017495,0.11037883323528734,8,1.1065770124753858,0.2354666792385867,0.024948262024700907,0.8713982369239162,COMPLETE
1011,0.8824213098729228,2026-03-23 18:03:45.616344,2026-03-23 18:03:45.867532,0 days 00:00:00.251188,0.9751152885048526,1.672094857591822,0.18996365567502338,8,1.044438605098571,0.09582861871793509,0.017077048887057564,0.8360115020107066,COMPLETE
1012,0.8870166177908112,2026-03-23 18:03:45.883717,2026-03-23 18:03:46.165375,0 days 00:00:00.281658,0.987430783046312,1.8143324723297976,0.1589298086350902,8,1.4898798711541363,0.6322980006139628,0.040474627694366744,0.8896762017576804,COMPLETE
1013,0.8862218963831867,2026-03-23 18:03:46.180746,2026-03-23 18:03:46.464194,0 days 00:00:00.283448,0.9814869819170736,1.4911195180134609,0.1332771471659373,8,1.2238609899414539,1.1506352720903574,0.014217094660326562,0.864146425312086,COMPLETE
1014,0.882338220918866,2026-03-23 18:03:46.480536,2026-03-23 18:03:46.755033,0 days 00:00:00.274497,0.863535220775636,1.300507723967991,0.16943513591113774,8,1.153722763003499,0.14002732820023975,0.028505932914811925,0.8781800672453322,COMPLETE
1015,0.8848690127077224,2026-03-23 18:03:46.771083,2026-03-23 18:03:47.127744,0 days 00:00:00.356661,0.9687301187557106,1.9896800890290438,0.12020460184755424,5,1.387386848007818,0.05028079712604804,0.02238002138786297,0.854245657749032,COMPLETE
1016,0.8865571847507331,2026-03-23 18:03:47.143138,2026-03-23 18:03:47.420183,0 days 00:00:00.277045,0.9994582003355039,1.669912092195582,0.14801311861894265,8,1.0960379585581408,0.3437214031898395,0.012349698497132378,0.8425555382938889,COMPLETE
1017,0.8867409579667644,2026-03-23 18:03:47.433696,2026-03-23 18:03:47.715390,0 days 00:00:00.281694,0.9584512792688674,1.8630702780388182,0.10426167419800374,8,1.2748078063703074,0.02577742659962626,0.03685062049816444,0.907484360723394,COMPLETE
1018,0.8871427174975562,2026-03-23 18:03:47.731165,2026-03-23 18:03:48.009584,0 days 00:00:00.278419,0.9861853761655863,1.7722333655243063,0.1259174628828254,8,1.0432871972170648,0.5203212771739673,0.02814259742157273,0.8696010867219515,COMPLETE
1019,0.8812737047898338,2026-03-23 18:03:48.024581,2026-03-23 18:03:48.403345,0 days 00:00:00.378764,0.6892155526432002,1.5681420739077716,0.11533328075172987,3,1.1692035518521025,0.19439037025492442,0.018835103358839738,0.8604333735196426,COMPLETE
1020,0.878884652981427,2026-03-23 18:03:48.417415,2026-03-23 18:03:48.658371,0 days 00:00:00.240956,0.9740300136165491,1.431187558225354,0.03209234575640962,8,1.1236916738939633,0.10657641802939702,0.024299487156993597,0.8497613476894319,COMPLETE
1021,0.8838455522971652,2026-03-23 18:03:48.673372,2026-03-23 18:03:48.934530,0 days 00:00:00.261158,0.9915014948109969,1.9037163171713367,0.13717480621020706,8,4.894508974849784,0.2803709126679048,0.034028072263353124,0.8834328477743504,COMPLETE
1022,0.883544477028348,2026-03-23 18:03:48.949149,2026-03-23 18:03:49.238889,0 days 00:00:00.289740,0.9781727919047272,2.0990879929830824,0.07680904362587102,8,1.2136479222796996,0.06242488972647139,0.01647944232688936,0.8279949133271979,COMPLETE
1023,0.883325513196481,2026-03-23 18:03:49.254718,2026-03-23 18:03:49.521856,0 days 00:00:00.267138,0.9657287365046836,1.625708768154426,0.15669236352780128,8,3.1108873570282882,0.8882063286472847,0.010048305332279014,0.873602087147168,COMPLETE
1024,0.8872727272727272,2026-03-23 18:03:49.536820,2026-03-23 18:03:49.817944,0 days 00:00:00.281124,0.9860270129984121,1.7543863648147842,0.10955558454664638,8,1.0341415635452689,0.043840622708430046,0.043249674261576526,0.859766970371321,COMPLETE
1025,0.883724340175953,2026-03-23 18:03:49.831701,2026-03-23 18:03:50.099449,0 days 00:00:00.267748,0.9560404148627242,1.4783631657437102,0.18107240557905224,8,1.0018561465938787,0.4558148955703035,0.02123142587831797,0.8463081929993962,COMPLETE
1026,0.8860361681329423,2026-03-23 18:03:50.114765,2026-03-23 18:03:50.401534,0 days 00:00:00.286769,0.9927109225764609,1.9938925450697702,0.1449560793126181,8,1.0981067033353111,1.5913369056324291,0.029949730481154364,0.8681389786387416,COMPLETE
1027,0.8845982404692082,2026-03-23 18:03:50.416307,2026-03-23 18:03:50.687182,0 days 00:00:00.270875,0.9796830151998446,1.6874125604082062,0.12855233005266606,8,1.1670668232343138,0.13459291044907962,0.02479574153199649,0.8968098597187665,COMPLETE
1028,0.8851759530791788,2026-03-23 18:03:50.700833,2026-03-23 18:03:50.962744,0 days 00:00:00.261911,0.8747057201401616,2.24127107140659,0.1653872862761818,8,1.2503936982608275,0.022594879061778508,0.03326743556726536,0.8354386193447687,COMPLETE
1029,0.8809042033235582,2026-03-23 18:03:50.977553,2026-03-23 18:03:51.275997,0 days 00:00:00.298444,0.9695000652341507,1.573340407393459,0.09746590254547173,8,1.3162685090963668,0.2528771309476505,0.019976499216625258,0.6773869318435083,COMPLETE
1030,0.8867869012707722,2026-03-23 18:03:51.292625,2026-03-23 18:03:51.598565,0 days 00:00:00.305940,0.9847595929604188,1.9061399379217563,0.12060993746096756,8,1.1265361469130906,0.08135094317929183,0.01492308930319375,0.8565347426614491,COMPLETE
1031,0.8875307917888564,2026-03-23 18:03:51.613711,2026-03-23 18:03:51.874774,0 days 00:00:00.261063,0.9757142135397967,1.80360801523895,0.19979991742953818,8,1.0676127061660738,0.032284301204956234,0.03996579780080709,0.8804358723243616,COMPLETE
1032,0.8842072336265884,2026-03-23 18:03:51.890425,2026-03-23 18:03:52.167737,0 days 00:00:00.277312,0.9939744171234297,1.145668989535805,0.13511907684300958,8,1.1978121270030646,0.735954062556613,0.028264091478961213,0.8641184123058475,COMPLETE
1033,0.8834173998044965,2026-03-23 18:03:52.184317,2026-03-23 18:03:52.446426,0 days 00:00:00.262109,0.9583332819444571,1.3533715976352105,0.113800441147672,7,1.0884106908684443,0.4231215258687032,0.022171823567938048,0.8535026027910065,COMPLETE
1034,0.8838768328445749,2026-03-23 18:03:52.463000,2026-03-23 18:03:52.743649,0 days 00:00:00.280649,0.999770263229631,1.5874021565048166,0.15015612884715707,8,1.1403401561535427,0.1891030771196162,0.018240147483006147,0.8727807708548668,COMPLETE
1035,0.8816148582600196,2026-03-23 18:03:52.759556,2026-03-23 18:03:53.036590,0 days 00:00:00.277034,0.98163956929522,1.7128082379340042,0.14193196508281855,8,1.2222557659559832,3.199516977580947,0.012904188132919181,0.8469881786676153,COMPLETE
1036,0.8861466275659824,2026-03-23 18:03:53.052008,2026-03-23 18:03:53.328138,0 days 00:00:00.276130,0.9659043882772937,2.1171737969348876,0.10687654139777691,8,1.0404711522505614,0.06349231860993554,0.03361917593138378,0.8394851097047601,COMPLETE
1037,0.8871221896383187,2026-03-23 18:03:53.345922,2026-03-23 18:03:53.654580,0 days 00:00:00.308658,0.9874215766082335,1.507136276807235,0.12277629477309471,8,1.2957045499509758,0.10268439265789157,0.026115086489256943,0.887922386569346,COMPLETE
1038,0.886475073313783,2026-03-23 18:03:53.670853,2026-03-23 18:03:53.956535,0 days 00:00:00.285682,0.9738725303799953,1.8537754164145284,0.1686889840355164,8,1.140349682276005,0.00018374489175874119,0.01648466030471097,0.8644175560523959,COMPLETE
1039,0.8849237536656892,2026-03-23 18:03:53.971616,2026-03-23 18:03:54.235501,0 days 00:00:00.263885,0.9935944766399034,1.6554787948981469,0.13228954913419486,8,1.0032158690791544,0.03809659343085268,0.04286182564119306,0.857940564470401,COMPLETE
1040,0.8846060606060606,2026-03-23 18:03:54.251211,2026-03-23 18:03:54.510628,0 days 00:00:00.259417,0.9807687548479926,1.9530007085294439,0.15352692710038937,8,1.185110786485192,1.1729877597522709,0.023202172074346664,0.8750459966225687,COMPLETE
1041,0.8841456500488759,2026-03-23 18:03:54.526437,2026-03-23 18:03:54.824349,0 days 00:00:00.297912,0.9569704895414255,1.4089599394025594,0.11622239866164445,8,1.4171327660942203,1.9594476025740934,0.031218544126747783,0.8208837711553933,COMPLETE
1042,0.8854086021505376,2026-03-23 18:03:54.840434,2026-03-23 18:03:55.103904,0 days 00:00:00.263470,0.9996545119115047,1.7727900652352493,0.17877003022046184,8,1.0867028658031557,0.17612871174489858,0.02731824036055373,0.8491781445423983,COMPLETE
1043,0.8842003910068428,2026-03-23 18:03:55.119026,2026-03-23 18:03:55.450493,0 days 00:00:00.331467,0.9715104039034638,0.6633483199207779,0.12831506595147568,8,1.2514099574730493,0.31199727902987334,0.02028331664172292,0.8808741957198177,COMPLETE
1044,0.8858826979472142,2026-03-23 18:03:55.466701,2026-03-23 18:03:55.762948,0 days 00:00:00.296247,0.9870237922163376,2.020720178478557,0.10210759424037075,8,1.080139507294971,0.020260058162154704,0.03721503809279707,0.86673397433475,COMPLETE
1045,0.8860997067448682,2026-03-23 18:03:55.778526,2026-03-23 18:03:56.053080,0 days 00:00:00.274554,0.9658563972254506,1.4837779387328807,0.14161358772394123,8,1.138288009119261,0.5410078550510892,0.01648043265432004,0.8556528148335557,COMPLETE
1046,0.8846304985337243,2026-03-23 18:03:56.068511,2026-03-23 18:03:54.367053,-1 days +23:59:58.298542,0.9796219409339995,1.630604477758821,0.1595366205880307,8,1.351605400695042,0.15217917678884324,0.02382185985038968,0.7648459624590827,COMPLETE
1047,0.8823264907135876,2026-03-23 18:03:54.381997,2026-03-23 18:03:54.682373,0 days 00:00:00.300376,0.8477266803251835,1.7430498395522442,0.11148809544452494,8,1.1865121325497103,0.05178639898117218,0.013646633466818053,0.8335043910816364,COMPLETE
1048,0.8860224828934506,2026-03-23 18:03:54.698835,2026-03-23 18:03:54.987364,0 days 00:00:00.288529,0.9915546961623259,1.8430146417952664,0.13591874814036017,8,1.0516052823209407,0.10240886686364413,0.02930722482741614,0.8416794472459774,COMPLETE
1049,0.8739247311827958,2026-03-23 18:03:55.003493,2026-03-23 18:03:55.290364,0 days 00:00:00.286871,0.9732926281498848,2.1720494799909758,0.12285702319306137,8,1.1165660902645138,8.713494282607654,0.018743666226381593,0.8090120719882148,COMPLETE
1050,0.8852013685239492,2026-03-23 18:03:55.306513,2026-03-23 18:03:55.560454,0 days 00:00:00.253941,0.9847117725877782,1.5364491102828923,0.1500667864281879,8,1.2437622360006317,0.8039866130758149,0.045027489681847686,0.8706757568984408,COMPLETE
1051,0.8844115347018573,2026-03-23 18:03:55.576939,2026-03-23 18:03:55.847774,0 days 00:00:00.270835,0.9624954393122546,1.6726452121139361,0.1168145665320409,8,1.0011507034891458,0.2889270192843479,0.033777945270161695,0.889740677560844,COMPLETE
1052,0.8850459433040079,2026-03-23 18:03:55.871005,2026-03-23 18:03:56.124237,0 days 00:00:00.253232,0.9929571661809945,2.8231324626464676,0.12740378676987626,8,1.1759257433478727,0.03001033597276394,0.02225791292223267,0.8616643237083306,COMPLETE
1053,0.8802717497556207,2026-03-23 18:03:56.140686,2026-03-23 18:03:56.429319,0 days 00:00:00.288633,0.9554102669500085,1.3237386740316304,0.17097589763206167,4,1.085937578731254,0.001529782263436156,0.025267305980488597,0.8501248369533712,COMPLETE
