number,value,datetime_start,datetime_complete,duration,params_colsample_bytree,params_gamma,params_learning_rate,params_max_depth,params_min_child_weight,params_reg_alpha,params_reg_lambda,params_subsample,state
1493,0.8853802541544477,2026-03-23 18:06:04.172607,2026-03-23 18:06:04.465067,0 days 00:00:00.292460,0.9410712613905438,1.8790723465732404,0.14442837708376394,8,1.065196041723438,0.005404004969480879,0.03966151478010849,0.8406964868214818,COMPLETE
1494,0.8851769305962854,2026-03-23 18:06:04.480922,2026-03-23 18:06:04.767971,0 days 00:00:00.287049,0.932937383399603,2.0330258327459654,0.1339231306040779,8,1.0792122015342718,0.008190867849386049,0.038009325580409335,0.8448493857101728,COMPLETE
1495,0.8859657869012707,2026-03-23 18:06:04.785689,2026-03-23 18:06:05.073513,0 days 00:00:00.287824,0.9426581038118866,2.194892514700017,0.10781303058908953,8,1.0767525248958645,0.001763228844845366,0.049060227989161174,0.8285849991228237,COMPLETE
1496,0.8758201368523951,2026-03-23 18:06:05.090781,2026-03-23 18:06:05.347276,0 days 00:00:00.256495,0.9485241651749861,1.8286168228646815,0.0136297783400384,8,1.1026684718010826,0.003480104680663582,0.03875853414224975,0.8477160260730491,COMPLETE
1497,0.8883118279569893,2026-03-23 18:06:05.363979,2026-03-23 18:06:05.673360,0 days 00:00:00.309381,0.9362617248368837,1.9428102842447552,0.12765700898064178,8,1.0036164732782051,0.0145176936930172,0.037270810455309965,0.8422982700931368,COMPLETE
1498,0.884434017595308,2026-03-23 18:06:05.687601,2026-03-23 18:06:05.953271,0 days 00:00:00.265670,0.9010571069614589,2.0618454484809736,0.1393596663899049,8,1.0144188625930282,0.016975194513205394,0.054066763015972887,0.8303972694902868,COMPLETE
1499,0.8833128054740956,2026-03-23 18:06:05.969435,2026-03-23 18:06:06.232832,0 days 00:00:00.263397,0.9091572723132431,1.954705298100591,0.13394675958850397,8,1.0106930558201275,0.023135569055752023,0.063919038643889,0.838930030379551,COMPLETE
1500,0.8823460410557185,2026-03-23 18:06:06.248658,2026-03-23 18:06:06.532857,0 days 00:00:00.284199,0.923683932710424,1.9620153685764785,0.14945711275801835,8,1.0043787511263789,0.018326448720683848,0.04735779360028295,0.8323035299308206,COMPLETE
1501,0.884651026392962,2026-03-23 18:06:06.550811,2026-03-23 18:06:06.840660,0 days 00:00:00.289849,0.9212297038636542,2.0969880868050508,0.13216322932976898,8,1.0008201460915334,0.015862841973726276,0.04247796786713028,0.8172839812061782,COMPLETE
1502,0.8848289345063538,2026-03-23 18:06:06.856589,2026-03-23 18:06:07.162619,0 days 00:00:00.306030,0.9228762290668686,1.9002716960616095,0.14083836061790808,8,1.044852644854079,0.0192370399833002,0.03927907124961529,0.8382809756151174,COMPLETE
1503,0.88241642228739,2026-03-23 18:06:07.179661,2026-03-23 18:06:07.468085,0 days 00:00:00.288424,0.9293163135843232,1.9168118875573041,0.12762819635536324,8,1.043964105826693,0.013419321228335893,0.044311852745313476,0.8257505178362332,COMPLETE
1504,0.883466275659824,2026-03-23 18:06:07.484672,2026-03-23 18:06:07.780932,0 days 00:00:00.296260,0.9368840686235523,2.0227605144249052,0.15501093595685309,8,1.001185173406406,0.02327517917840317,0.05508992856157413,0.8367150561138714,COMPLETE
1505,0.883010752688172,2026-03-23 18:06:07.798562,2026-03-23 18:06:08.067606,0 days 00:00:00.269044,0.8102827364240855,1.867161439642503,0.14597076851311436,8,1.0012739592817579,0.013871706197761735,0.036711781391265456,0.8430899586556718,COMPLETE
1506,0.8845210166177908,2026-03-23 18:06:08.083787,2026-03-23 18:06:08.403203,0 days 00:00:00.319416,0.9303743797858413,2.0911294837895458,0.12882177486875138,8,1.0657013066872514,0.014729893703982276,0.03659650952672846,0.8214519820100987,COMPLETE
1507,0.8817790811339199,2026-03-23 18:06:08.421683,2026-03-23 18:06:08.723111,0 days 00:00:00.301428,0.8892103036422506,1.8284021224514575,0.1602779266422185,8,1.0604177622450526,0.009592190762285515,0.06900626331675791,0.8329117282101989,COMPLETE
1508,0.8789286412512218,2026-03-23 18:06:08.738480,2026-03-23 18:06:09.040380,0 days 00:00:00.301900,0.9130499644597881,1.9230316600578081,0.13726158773312377,8,8.209649287318392,0.013068198589635899,0.04010055442388343,0.8461632280344207,COMPLETE
1509,0.8853919843597262,2026-03-23 18:06:09.057453,2026-03-23 18:06:09.345028,0 days 00:00:00.287575,0.9292488709588417,2.1484415769768783,0.12723558755636352,8,1.0526842851576417,0.023668636806380053,0.046924168906965755,0.837306655334352,COMPLETE
1510,0.8818836754643207,2026-03-23 18:06:09.362320,2026-03-23 18:06:09.617463,0 days 00:00:00.255143,0.9354856686892385,2.0054400485561406,0.1378850981394245,7,1.0019392176760191,0.01020657378288731,0.03562099097079724,0.8285796232658434,COMPLETE
1511,0.8848406647116326,2026-03-23 18:06:09.633443,2026-03-23 18:06:09.919580,0 days 00:00:00.286137,0.9927504083018572,1.8047313707603412,0.18702529315783542,8,1.0925317665169085,0.011106810703469352,0.0585621734536647,0.8468946563841921,COMPLETE
1512,0.8827253176930596,2026-03-23 18:06:09.935726,2026-03-23 18:06:10.271538,0 days 00:00:00.335812,0.9009995845770651,0.7347535587749081,0.12287613097075803,5,1.0603016414028041,0.0240485775350044,0.04632502714539655,0.818052343725813,COMPLETE
1513,0.8853020527859237,2026-03-23 18:06:10.287465,2026-03-23 18:06:10.588348,0 days 00:00:00.300883,0.9146556987638199,1.8326505588443984,0.15389567399796808,8,1.1409899657524787,0.012305957789737518,0.035133885137884506,0.8396557432915099,COMPLETE
1514,0.8841564027370479,2026-03-23 18:06:10.607461,2026-03-23 18:06:10.894187,0 days 00:00:00.286726,0.9206930355797923,1.9624572145834525,0.14453627836787536,8,1.509776649080031,0.008948336959214384,0.03529990649310538,0.8511477043162085,COMPLETE
1515,0.8839667644183774,2026-03-23 18:06:10.910970,2026-03-23 18:06:11.174216,0 days 00:00:00.263246,0.9117170313673815,2.0951911245071355,0.16328085744996607,8,1.1138155333051571,0.018806187632937624,0.05107040636353202,0.9029013767301771,COMPLETE
1516,0.8859491691104594,2026-03-23 18:06:11.188167,2026-03-23 18:06:11.483783,0 days 00:00:00.295616,0.9881613727231765,1.792337628044219,0.17258439815206172,8,1.0573385596917735,0.025542260766184308,0.09192730203458968,0.8448616589297561,COMPLETE
1517,0.8855884652981427,2026-03-23 18:06:11.499304,2026-03-23 18:06:11.781442,0 days 00:00:00.282138,0.9918864447442424,1.9485351584893331,0.1238522044055737,8,1.1050611848914638,0.008465335640520237,0.03134626978206574,0.8122654395936605,COMPLETE
1518,0.8854173998044967,2026-03-23 18:06:11.797826,2026-03-23 18:06:12.109674,0 days 00:00:00.311848,0.9999025113548478,2.197716873048304,0.13341772040074812,8,1.0018992990478346,0.026802176940415066,0.04106468275466929,0.834634478955351,COMPLETE
1519,0.8784770283479961,2026-03-23 18:06:12.126377,2026-03-23 18:06:12.468330,0 days 00:00:00.341953,0.8636568273488803,1.7882202974980133,0.14721409556445927,4,1.6551708471074245,0.013611041088505157,0.03088249345757806,0.68234437905737,COMPLETE
1520,0.8828211143695016,2026-03-23 18:06:12.485474,2026-03-23 18:06:12.762343,0 days 00:00:00.276869,0.9913867235193086,1.9098987189813843,0.11971202560440874,8,1.069469097237384,0.007605540731898505,0.04387995202417427,0.6928497116052655,COMPLETE
1521,0.8864428152492668,2026-03-23 18:06:12.778526,2026-03-23 18:06:13.064943,0 days 00:00:00.286417,0.9851677255726499,2.0658359987483355,0.1285013371177761,8,1.1326262198185328,0.01397351312016559,0.03490183847931796,0.8496953660674949,COMPLETE
1522,0.8855679374389052,2026-03-23 18:06:13.080899,2026-03-23 18:06:13.365447,0 days 00:00:00.284548,0.9851252934193914,1.7872874580823381,0.13737356558190125,8,1.1891050659017608,0.00681025220047289,0.032162038350804605,0.8935579893613442,COMPLETE
1523,0.885731182795699,2026-03-23 18:06:13.381740,2026-03-23 18:06:13.689522,0 days 00:00:00.307782,0.9390798501254604,2.0005189169487463,0.11922916028200875,8,1.0012303057497185,0.017931097827237747,0.04175514058664575,0.8484085833923282,COMPLETE
1524,0.8841622678396871,2026-03-23 18:06:13.703781,2026-03-23 18:06:14.002937,0 days 00:00:00.299156,0.9799664660679661,1.8813814903457196,0.16454688897771663,8,1.4740131402451815,0.011044605592274085,0.03199828891675006,0.9113442473681149,COMPLETE
1525,0.885217008797654,2026-03-23 18:06:14.018931,2026-03-23 18:06:14.321450,0 days 00:00:00.302519,0.9244763684604514,1.752465123528637,0.1318919910904613,8,1.1174709550950948,0.04461406850981614,0.03301579825367378,0.855169183014766,COMPLETE
1526,0.8849149560117302,2026-03-23 18:06:14.338176,2026-03-23 18:06:14.641876,0 days 00:00:00.303700,0.9921403195089198,2.1221057127096485,0.15431425639799706,8,1.05474352261816,0.006699841011192081,0.06388179254489192,0.888197220843178,COMPLETE
1527,0.8855425219941349,2026-03-23 18:06:14.657895,2026-03-23 18:06:14.925429,0 days 00:00:00.267534,0.9842063298392669,1.8801567084018644,0.1867254318495176,8,1.1956920599288856,0.026836700048528127,0.04749187120050053,0.8411372225296905,COMPLETE
1528,0.8885708699902248,2026-03-23 18:06:14.942404,2026-03-23 18:06:15.232083,0 days 00:00:00.289679,0.9935728915122214,1.7687298318535154,0.14397248274989596,8,1.1439772888138837,0.03423508479588416,0.028393761644882595,0.8544585488953187,COMPLETE
1529,0.8820918866080157,2026-03-23 18:06:15.246491,2026-03-23 18:06:15.597892,0 days 00:00:00.351401,0.9984157586552637,1.8000863910902545,0.1502952101594549,3,1.1043278575405697,0.031987194991284114,0.0299721083527548,0.8338354846319056,COMPLETE
1530,0.8815161290322582,2026-03-23 18:06:15.612366,2026-03-23 18:06:15.877232,0 days 00:00:00.264866,0.9949376433212536,1.7094737995423572,0.14682655163961802,8,1.0658372206844418,0.03754902474753793,0.035081366594592246,0.8453808006743082,COMPLETE
1531,0.8894330400782013,2026-03-23 18:06:15.894095,2026-03-23 18:06:16.170123,0 days 00:00:00.276028,0.9953209613414441,1.7482715842707564,0.15741111201038505,8,1.1350921115038677,0.035548131204324825,0.03998972392671183,0.8538340720071188,COMPLETE
1532,0.8849042033235581,2026-03-23 18:06:16.188565,2026-03-23 18:06:16.467295,0 days 00:00:00.278730,0.99618568496086,1.748365689886171,0.16277358324286395,8,1.1126934756122646,0.04879181109340882,0.0506758899692259,0.850360641878068,COMPLETE
1533,0.8803851417399805,2026-03-23 18:06:16.482012,2026-03-23 18:06:16.748011,0 days 00:00:00.265999,0.9994816753152583,1.8484110203943038,0.15596278224669355,6,1.0579270411239408,0.03885610677173341,0.04530599914818558,0.6678233810128342,COMPLETE
1534,0.8847732160312806,2026-03-23 18:06:16.764164,2026-03-23 18:06:17.028918,0 days 00:00:00.264754,0.9986102782231091,1.8052970234044636,0.16405324265955734,8,1.1278315059300201,0.031657896625805516,0.05737515883365805,0.8434817746520673,COMPLETE
1535,0.8867018572825025,2026-03-23 18:06:17.045849,2026-03-23 18:06:17.320818,0 days 00:00:00.274969,0.9988673646519498,1.7742295737545724,0.15196336995682344,8,1.0904550855667614,0.028710315652295298,0.03780518772194702,0.8496286350855765,COMPLETE
1536,0.8841798631476051,2026-03-23 18:06:17.336697,2026-03-23 18:06:17.606572,0 days 00:00:00.269875,0.9923615427635388,1.9222306476480648,0.15353094997549915,8,1.042321512609258,0.06338132427470816,0.04043126524409315,0.8409485803218928,COMPLETE
1537,0.8834193548387097,2026-03-23 18:06:17.623278,2026-03-23 18:06:17.902628,0 days 00:00:00.279350,0.9994961211123061,1.71305567811178,0.16947772685742962,8,1.1360309006428169,0.03311400235500873,0.04473929667877935,0.8526278177075541,COMPLETE
1538,0.8851544477028349,2026-03-23 18:06:17.920179,2026-03-23 18:06:18.221243,0 days 00:00:00.301064,0.9928672222236771,1.8954672142546987,0.1568932828635823,8,1.0882066043362832,0.05003020586112418,0.03685836389400821,0.8308473786271606,COMPLETE
1539,0.8842649071358749,2026-03-23 18:06:18.238179,2026-03-23 18:06:18.498893,0 days 00:00:00.260714,0.9917739270411581,1.7360022521071847,0.17248235093682898,8,1.1504043352649138,0.032791006126299295,0.05642136476139081,0.8526340606087824,COMPLETE
1540,0.8871603128054741,2026-03-23 18:06:18.514814,2026-03-23 18:06:18.811846,0 days 00:00:00.297032,0.9931403769001894,1.8179744445422195,0.14618323347717213,8,1.0495617338166563,0.04076084938976263,0.039539614041927615,0.8384958030021903,COMPLETE
1541,0.8829227761485825,2026-03-23 18:06:18.825858,2026-03-23 18:06:19.079515,0 days 00:00:00.253657,0.99888576021769,1.9496881923028422,0.15900533173767425,8,1.1330945020112626,0.024237097272760365,0.07537655981032688,0.8542793970970805,COMPLETE
1542,0.8843714565004887,2026-03-23 18:06:19.093684,2026-03-23 18:06:19.336760,0 days 00:00:00.243076,0.9888787075189897,1.8187353628869287,0.1781129866360297,8,1.0719663586192272,0.023879310042522063,0.052757941511917504,0.8474250619450772,COMPLETE
1543,0.8849393939393939,2026-03-23 18:06:19.352775,2026-03-23 18:06:19.639914,0 days 00:00:00.287139,0.9909035217933132,2.0141736466099336,0.14665657312784075,8,1.1575126741589634,0.04110740231408567,0.03342874268801033,0.8427961024939005,COMPLETE
1544,0.8795102639296188,2026-03-23 18:06:19.657329,2026-03-23 18:06:19.975774,0 days 00:00:00.318445,0.999617467773502,1.7311729182619302,0.16542521176753086,8,8.982277657475631,0.0733287091164389,0.04115057553704824,0.8565355843078652,COMPLETE
1545,0.8866275659824047,2026-03-23 18:06:19.989848,2026-03-23 18:06:20.252792,0 days 00:00:00.262944,0.9895674253776767,1.678887776332008,0.15256212211642867,8,1.0455837868040556,0.054282089447183074,1.6063031968005417,0.829458016212354,COMPLETE
1546,0.8903421309872923,2026-03-23 18:06:20.268549,2026-03-23 18:06:20.554930,0 days 00:00:00.286381,0.9882795058818716,1.8689967766791105,0.14666797316704522,8,1.1079395093578468,0.019465311593045143,0.03081909706850276,0.8560129261469889,COMPLETE
1547,0.8826695992179863,2026-03-23 18:06:20.573581,2026-03-23 18:06:20.890559,0 days 00:00:00.316978,0.9999667920019677,1.729552854652072,0.15966954274507583,8,1.168575503982132,0.0273879980605009,0.029029444158619494,0.8582124802742214,COMPLETE
1548,0.8869032258064515,2026-03-23 18:06:20.906609,2026-03-23 18:06:21.181408,0 days 00:00:00.274799,0.9887475109207006,1.8099104086744358,0.15681502790772958,8,1.1850339673498478,0.01963824551846069,0.03303964943539335,0.8570881334686371,COMPLETE
1549,0.8825659824046921,2026-03-23 18:06:21.195360,2026-03-23 18:06:21.452471,0 days 00:00:00.257111,0.9925388513054814,1.832240159747159,0.1462891422053891,8,1.1382720715636583,0.029177938626953625,0.028404367996950983,0.8547383786007752,COMPLETE
1550,0.8850087976539588,2026-03-23 18:06:21.469132,2026-03-23 18:06:21.756819,0 days 00:00:00.287687,0.9879536218561619,1.6930092892822275,0.17027213504493033,8,1.1172116539574508,0.020768598316297054,0.028936761762553036,0.8586613485645433,COMPLETE
1551,0.8855865102639295,2026-03-23 18:06:21.771735,2026-03-23 18:06:22.026747,0 days 00:00:00.255012,0.9932684120006846,1.6964487702879694,0.16453265027879896,8,1.1696484587540594,0.044466975117675375,0.032637758656182264,0.8593711059013632,COMPLETE
1552,0.886811339198436,2026-03-23 18:06:22.043004,2026-03-23 18:06:22.314338,0 days 00:00:00.271334,0.9996563498122681,1.8742798283358302,0.14787059345523923,8,1.1059607460994296,0.03741133974363984,0.027982103544942714,0.8508034385632499,COMPLETE
1553,0.8857458455522971,2026-03-23 18:06:22.331220,2026-03-23 18:06:22.595490,0 days 00:00:00.264270,0.9842518003332477,1.749915202923233,0.15355318500637924,8,1.1910842786976594,0.021690795524666896,0.03937488511546252,0.8600928577554195,COMPLETE
1554,0.8837536656891496,2026-03-23 18:06:22.612238,2026-03-23 18:06:22.933922,0 days 00:00:00.321684,0.9898619158632881,1.664075723323667,0.1727674918598168,7,1.1160380866127475,0.06412983663429563,0.03489831432753291,0.8514661931372869,COMPLETE
1555,0.8863088954056697,2026-03-23 18:06:22.952456,2026-03-23 18:06:23.229165,0 days 00:00:00.276709,0.9853818027492905,1.8970834354614687,0.14343103454564218,8,1.1857060558766062,0.04622897667049077,0.044823132077515954,0.8594551578923936,COMPLETE
1556,0.8854731182795699,2026-03-23 18:06:23.242936,2026-03-23 18:06:23.524007,0 days 00:00:00.281071,0.9871069115622543,1.8119664229321708,0.1668675393230352,8,1.1147886658054154,0.027454108624079255,0.030692315580968996,0.8487810899086397,COMPLETE
1557,0.8819648093841642,2026-03-23 18:06:23.541216,2026-03-23 18:06:23.851046,0 days 00:00:00.309830,0.987173700356587,1.73188367111224,0.15952813626804052,8,3.761216893984698,0.07021227479031036,0.026101555939391542,0.8607536175928499,COMPLETE
1558,0.8858406647116324,2026-03-23 18:06:23.867612,2026-03-23 18:06:24.128383,0 days 00:00:00.260771,0.9947378314025952,1.9191356793846357,0.18141400771757685,8,1.1838655595978735,0.03373590727717949,0.037827014933596186,0.9781414525860269,COMPLETE
1559,0.887782991202346,2026-03-23 18:06:24.143201,2026-03-23 18:06:24.414738,0 days 00:00:00.271537,0.9832234346819895,1.7658278159875995,0.15007772864591445,8,1.0874092175249435,0.019765830252960786,0.028313037495374605,0.8478689060871955,COMPLETE
1560,0.8835698924731182,2026-03-23 18:06:24.428364,2026-03-23 18:06:24.693942,0 days 00:00:00.265578,0.9936811582600344,1.6770609140322583,0.1422326907454676,8,1.1488306838477196,0.018786597582657074,0.03394255350120503,0.9435021496270247,COMPLETE
1561,0.8872717497556206,2026-03-23 18:06:24.708556,2026-03-23 18:06:24.996112,0 days 00:00:00.287556,0.9857468783224462,1.8698936587392803,0.15416317955483014,8,1.0862639076270326,0.05767425368526994,0.04137725683664589,0.8542494314362387,COMPLETE
1562,0.8856089931573803,2026-03-23 18:06:25.016895,2026-03-23 18:06:25.320225,0 days 00:00:00.303330,0.999763891091222,1.6368399042140234,0.14298094794113536,8,1.2122981524415322,0.031165169041482706,0.05188285429915055,0.8619578111998016,COMPLETE
1563,0.8838357771260998,2026-03-23 18:06:25.335831,2026-03-23 18:06:25.631885,0 days 00:00:00.296054,0.9833542493386527,1.9875447386466827,0.17320698141873678,8,1.1449007628683758,0.07641649598231047,0.027825196681166342,0.8457364882439136,COMPLETE
1564,0.8863352883675464,2026-03-23 18:06:25.649852,2026-03-23 18:06:25.926099,0 days 00:00:00.276247,0.9896372780848675,1.8441945218201101,0.1408404536667857,8,1.0754043374801932,0.10122362251388134,0.025441882578961055,0.8633563548613017,COMPLETE
1565,0.8875395894428153,2026-03-23 18:06:25.942573,2026-03-23 18:06:26.244952,0 days 00:00:00.302379,0.999774553051351,1.7598750267743688,0.15882203123075164,8,1.183861170528758,0.017753872962304913,0.04658637403938911,0.8532194641701006,COMPLETE
1566,0.8842590420332357,2026-03-23 18:06:26.260313,2026-03-23 18:06:26.525169,0 days 00:00:00.264856,0.981436819959664,1.9507241464812841,0.18883640208714128,8,1.1288445977744692,0.047017133141587925,0.0666795881241089,0.8617801062704776,COMPLETE
1567,0.8854770283479961,2026-03-23 18:06:26.540866,2026-03-23 18:06:26.838845,0 days 00:00:00.297979,0.9903003534339291,1.6630951865741175,0.16279990878783512,8,1.198754655625902,0.02941728400906094,0.032769839643697084,0.8446366494433586,COMPLETE
1568,0.8868484848484848,2026-03-23 18:06:26.855800,2026-03-23 18:06:27.155482,0 days 00:00:00.299682,0.9810302330685012,1.8443255616086724,0.15041758130842856,8,1.0478531086432357,0.05566819666797362,0.03746241972863512,0.853977368951954,COMPLETE
1569,0.8841945259042032,2026-03-23 18:06:27.170392,2026-03-23 18:06:25.419135,-1 days +23:59:58.248743,0.9920452466499228,1.6650954865285013,0.17904947875681998,8,1.0593232757225282,0.04502938152014864,0.024731238879988158,0.8588390959918075,COMPLETE
1570,0.8865757575757576,2026-03-23 18:06:25.432444,2026-03-23 18:06:25.710724,0 days 00:00:00.278280,0.979755300566319,1.739905083818214,0.14327168130295054,8,3.2002177876230586,2.917607506332786e-05,0.02939671867884334,0.8639521481301393,COMPLETE
1571,0.882286412512219,2026-03-23 18:06:25.726693,2026-03-23 18:06:26.031704,0 days 00:00:00.305011,0.9934499410478255,1.9455304674447063,0.16587478031415656,8,5.698726759238462,0.014926576216594928,0.03323433963532603,0.8464051301427504,COMPLETE
1572,0.8832883675464319,2026-03-23 18:06:26.048779,2026-03-23 18:06:26.308210,0 days 00:00:00.259431,0.9815805717334819,1.84262723883361,0.15261429169939633,8,1.1254162155259606,0.09008512895330151,0.04951557090675822,0.8544938760819613,COMPLETE
1573,0.8862961876832844,2026-03-23 18:06:26.321663,2026-03-23 18:06:26.573399,0 days 00:00:00.251736,0.9867747587095789,1.650185349875218,0.14076476295932827,8,1.2079206060890706,0.022584700234006962,0.024365136466211437,0.8655033320623832,COMPLETE
1574,0.8821730205278593,2026-03-23 18:06:26.590440,2026-03-23 18:06:26.845041,0 days 00:00:00.254601,0.9921535862762364,1.7943995476885988,0.19973415607545486,8,4.037959842610975,0.018186019412351657,0.04053426988783548,0.8371372857980142,COMPLETE
1575,0.8852336265884653,2026-03-23 18:06:26.863074,2026-03-23 18:06:27.130901,0 days 00:00:00.267827,0.9806060517511461,2.0081346326895395,0.17309166873488102,8,1.0916186007201167,0.03810710163957051,0.02896385310344356,0.8521900628380898,COMPLETE
1576,0.8821368523949169,2026-03-23 18:06:27.146602,2026-03-23 18:06:27.406252,0 days 00:00:00.259650,0.9933514141640591,1.9161092249252534,0.13975925595682723,8,1.0417653356589507,0.10314472541039436,0.036997995083580315,0.8638413564951037,COMPLETE
1577,0.8853147605083089,2026-03-23 18:06:27.423593,2026-03-23 18:06:27.711920,0 days 00:00:00.288327,0.9766324680096291,1.6703782980983384,0.16005358753525992,8,1.0022801237641628,0.07173701659547063,0.025072112831595765,0.8435698472719775,COMPLETE
1578,0.8846373411534703,2026-03-23 18:06:27.725771,2026-03-23 18:06:28.024373,0 days 00:00:00.298602,0.6627717972473555,1.7481250156850057,0.15179097960631913,5,1.151973936311758,0.03372452455429317,0.032012894559740886,0.8572056234963026,COMPLETE
1579,0.8857350928641252,2026-03-23 18:06:28.040929,2026-03-23 18:06:28.321841,0 days 00:00:00.280912,0.9836945076881627,1.6328414956256214,0.14105766540654247,7,1.2076502854608584,0.017160618729961895,0.04670989800152337,0.8681095567645097,COMPLETE
