number,value,datetime_start,datetime_complete,duration,params_colsample_bytree,params_gamma,params_learning_rate,params_max_depth,params_min_child_weight,params_reg_alpha,params_reg_lambda,params_subsample,state
1317,0.884644183773216,2026-03-23 18:05:14.236861,2026-03-23 18:05:14.522376,0 days 00:00:00.285515,0.9818553838629147,2.4824103216826545,0.13549106780012965,8,1.1651555878947824,0.0044813342217359135,0.020051190188490216,0.8542605417142541,COMPLETE
1318,0.8847018572825025,2026-03-23 18:05:14.536110,2026-03-23 18:05:14.822071,0 days 00:00:00.285961,0.963742380089428,1.4221647973653988,0.1672639431800367,8,1.4165392187901193,0.6460972024934358,0.02289471065653075,0.8708048501642097,COMPLETE
1319,0.8823831867057672,2026-03-23 18:05:14.839190,2026-03-23 18:05:15.152134,0 days 00:00:00.312944,0.9851286998853045,1.0375542575799486,0.1109053815392047,8,1.220338630319151,3.252888238329795,0.010028470907150701,0.8912924818186087,COMPLETE
1320,0.8857184750733138,2026-03-23 18:05:15.168683,2026-03-23 18:05:15.450759,0 days 00:00:00.282076,0.9707754911782801,2.6026306641553263,0.12763929726314913,8,1.3396133027253778,0.3163690611168688,0.015714653554656798,0.8596703593186585,COMPLETE
1321,0.8856441837732161,2026-03-23 18:05:15.467039,2026-03-23 18:05:15.807693,0 days 00:00:00.340654,0.9929038254518577,1.3949734759470886,0.10180537775591798,8,1.1485656224658198,0.0034250582282955165,0.013655659272217142,0.8783389972870442,COMPLETE
1322,0.8868367546432063,2026-03-23 18:05:15.824212,2026-03-23 18:05:16.164728,0 days 00:00:00.340516,0.6802863972002332,1.4761584661271792,0.11259485594888259,8,1.2675822395160408,0.5197803113628823,2.813696411691647,0.8667886325279466,COMPLETE
1323,0.8864007820136851,2026-03-23 18:05:16.181179,2026-03-23 18:05:16.436675,0 days 00:00:00.255496,0.976506165893273,1.3450400634658846,0.17959398554047734,8,1.2062325437618426,1.564689829958806,0.017994872849958207,0.8521226432935589,COMPLETE
1324,0.8844682306940372,2026-03-23 18:05:16.452283,2026-03-23 18:05:16.770872,0 days 00:00:00.318589,0.9815491910540353,1.297938348402114,0.1175397841309126,8,1.3336815120395515,0.0070028328597327985,0.021133506741391226,0.9197620564833563,COMPLETE
1325,0.8830967741935484,2026-03-23 18:05:16.786333,2026-03-23 18:05:17.038800,0 days 00:00:00.252467,0.9586525830532913,4.525248108736541,0.13576972482852012,8,1.1514881981831997,0.70418825937221,0.023060050909935893,0.8836930123642054,COMPLETE
1326,0.8848875855327467,2026-03-23 18:05:17.055208,2026-03-23 18:05:17.366765,0 days 00:00:00.311557,0.966549255056775,2.708397850050865,0.06674339287724675,7,1.2501778448766008,0.33218342714773486,0.01002148478153998,0.8728110915030164,COMPLETE
1327,0.8837575757575757,2026-03-23 18:05:17.383599,2026-03-23 18:05:17.699417,0 days 00:00:00.315818,0.9921488116841032,2.327235384925927,0.16675927836623464,8,1.4422746499595933,0.01160358767803874,1.0504765671323988,0.9010477540490911,COMPLETE
1328,0.8839745845552298,2026-03-23 18:05:17.717149,2026-03-23 18:05:18.034958,0 days 00:00:00.317809,0.9770448469362114,3.123081707087655,0.12612678832788088,8,1.1523795881631305,1.035868075341565,0.013512855414503328,0.8619658686827595,COMPLETE
1329,0.886227761485826,2026-03-23 18:05:18.051827,2026-03-23 18:05:18.365279,0 days 00:00:00.313452,0.9865582647488106,2.9381780845549486,0.10484932734368363,8,1.3543074738277048,0.4971431480272604,0.015456963618222127,0.8869985359492092,COMPLETE
1330,0.885466275659824,2026-03-23 18:05:18.381533,2026-03-23 18:05:18.740706,0 days 00:00:00.359173,0.9699856509279156,1.5161652928264597,0.12237710986698933,6,1.5223566657366425,0.006632207780969621,0.024203037158205383,0.8511653539857941,COMPLETE
1331,0.8865659824046921,2026-03-23 18:05:18.757157,2026-03-23 18:05:19.032254,0 days 00:00:00.275097,0.9812924197380395,1.195423442334541,0.11501479836548632,8,1.2204334104496448,0.8479156701383659,0.017840269801472054,0.8700945898903415,COMPLETE
1332,0.8838592375366568,2026-03-23 18:05:19.050064,2026-03-23 18:05:19.326377,0 days 00:00:00.276313,0.9921351731392289,2.5900298630137497,0.13290527718346754,8,1.2971512468924342,1.4809013368657196,0.012108355230761484,0.8584917357996713,COMPLETE
1333,0.887156402737048,2026-03-23 18:05:19.342574,2026-03-23 18:05:19.659800,0 days 00:00:00.317226,0.9644935577206567,1.4119883122825478,0.12296460961391366,8,1.1409255041909918,1.1827369955878396e-06,0.019140573316128735,0.8740984845057136,COMPLETE
1334,0.8817243401759529,2026-03-23 18:05:19.672769,2026-03-23 18:05:20.011327,0 days 00:00:00.338558,0.9764574765076237,1.55588183575329,0.05180691622782564,8,1.1961142337620794,0.014932479895757265,0.015951063045845208,0.9118768994198329,COMPLETE
1335,0.881071358748778,2026-03-23 18:05:20.025634,2026-03-23 18:05:20.341154,0 days 00:00:00.315520,0.9544507610546049,1.478499039827365,0.1081493081304905,8,1.3913294525289992,2.778692476787918,0.023003093973618452,0.8651176995833395,COMPLETE
1336,0.8818944281524926,2026-03-23 18:05:20.358509,2026-03-23 18:05:20.629060,0 days 00:00:00.270551,0.98865375838931,4.235855627203354,0.1391121100324446,8,1.2689340734453514,0.2717724907282043,0.011703591690146495,0.8790943727900997,COMPLETE
1337,0.8836060606060605,2026-03-23 18:05:20.645563,2026-03-23 18:05:20.987986,0 days 00:00:00.342423,0.9714371366253723,0.8662109993438005,0.09790261804528955,8,1.1425697609999377,0.0028355782971320434,0.01525053424058942,0.6168203736324608,COMPLETE
1338,0.8856999022482893,2026-03-23 18:05:21.004238,2026-03-23 18:05:21.275999,0 days 00:00:00.271761,0.9844785923023773,2.539229970682998,0.11550002851098108,8,1.2246333665172706,0.4710595133641072,0.02169749734567669,0.895029453147426,COMPLETE
1339,0.8825112414467253,2026-03-23 18:05:21.292712,2026-03-23 18:05:21.560019,0 days 00:00:00.267307,0.9999656529425851,2.849850299648888,0.1690401502544743,8,1.2840832427179094,0.7431894626138751,0.01364068101847125,0.8559131514204267,COMPLETE
1340,0.8843108504398827,2026-03-23 18:05:21.576510,2026-03-23 18:05:21.871629,0 days 00:00:00.295119,0.9605546916923686,1.2226627047657679,0.12406757887529891,8,1.4748626551516508,0.30541260316509106,0.024942856615790886,0.8508776576700906,COMPLETE
1341,0.8824672531769306,2026-03-23 18:05:21.886382,2026-03-23 18:05:22.171321,0 days 00:00:00.284939,0.9765382174650248,1.3286582680919574,0.18684017861923535,8,1.1738741604614849,0.009055199099023942,0.5362465922053198,0.9379982010567278,COMPLETE
1342,0.8858132942326491,2026-03-23 18:05:22.187704,2026-03-23 18:05:22.484781,0 days 00:00:00.297077,0.9846221958147525,1.5700290957154825,0.12975242828861702,8,1.368672764157934,1.2343516712851488,0.017455741474101737,0.846035816560528,COMPLETE
1343,0.8842619745845551,2026-03-23 18:05:22.500328,2026-03-23 18:05:22.791002,0 days 00:00:00.290674,0.992398382544048,2.408158812049451,0.1057642503547162,8,1.1324350309556506,0.004110877074112416,0.02004155500819582,0.8654174450426638,COMPLETE
1344,0.8848015640273703,2026-03-23 18:05:22.807324,2026-03-23 18:05:23.077830,0 days 00:00:00.270506,0.9674618622524753,2.7622188655338453,0.11715060466043628,8,1.203301283811587,0.48722524719608007,0.025791058363009576,0.8862278068079755,COMPLETE
1345,0.8827478005865104,2026-03-23 18:05:23.094606,2026-03-23 18:05:23.427429,0 days 00:00:00.332823,0.9780777383682823,1.434886934924659,0.1598774102939383,4,1.3014209612301164,0.8476184029171075,0.16060768924533994,0.8769121885526934,COMPLETE
1346,0.8768846529814271,2026-03-23 18:05:23.442771,2026-03-23 18:05:23.683702,0 days 00:00:00.240931,0.991937416480356,1.6214122248103346,0.0354783272663314,8,3.124399720640595,0.014719747371106132,0.011946390831416671,0.8703058885865953,COMPLETE
1347,0.8848220918866081,2026-03-23 18:05:23.700451,2026-03-23 18:05:23.959275,0 days 00:00:00.258824,0.9578349631637241,1.5289976086076689,0.1377058339926009,8,1.1251943157568192,0.2694467053215576,0.017798389100771663,0.8584404952304212,COMPLETE
1348,0.884295210166178,2026-03-23 18:05:23.975060,2026-03-23 18:05:24.294070,0 days 00:00:00.319010,0.9712339959475745,1.4076409968860302,0.11014492163805452,8,1.2251248710652445,1.9549673665060667,0.014018908740210535,0.7597709728416688,COMPLETE
1349,0.8855855327468231,2026-03-23 18:05:24.312218,2026-03-23 18:05:24.591117,0 days 00:00:00.278899,0.9840110576833574,1.2600564428689913,0.12962434069068987,8,2.440626489067024,0.006086519426814997,0.021226644429030557,0.8795760660727803,COMPLETE
1350,0.886967741935484,2026-03-23 18:05:24.608723,2026-03-23 18:05:24.899195,0 days 00:00:00.290472,0.950803494776945,1.6704492106178688,0.12186640112348165,8,1.412228641375752,0.44552257399275036,0.025034404583080937,0.8916433243909777,COMPLETE
1351,0.8858631476050831,2026-03-23 18:05:24.914619,2026-03-23 18:05:25.217489,0 days 00:00:00.302870,0.9795764115557057,1.117520496749822,0.17965543505360013,7,1.3195374316684911,1.1554322112492454,0.015958844763700217,0.8629194001942996,COMPLETE
1352,0.8858817204301076,2026-03-23 18:05:25.233835,2026-03-23 18:05:25.525737,0 days 00:00:00.291902,0.9929043445087679,2.520204560438648,0.13954139632930906,8,1.157620059041513,0.6357909564127024,0.013065904699880674,0.871184422054801,COMPLETE
1353,0.8822688172043011,2026-03-23 18:05:25.543740,2026-03-23 18:05:25.834969,0 days 00:00:00.291229,0.8957785927719338,2.668727793492616,0.11551648382987599,8,1.234649869689912,0.009116388249081658,0.01955713030020702,0.8502074517822499,COMPLETE
1354,0.8863763440860214,2026-03-23 18:05:25.852047,2026-03-23 18:05:26.151035,0 days 00:00:00.298988,0.9658233522269536,1.4917250876647912,0.10079702715710588,8,1.1176528333016567,1.1698308402702876e-05,0.0240693249052634,0.8448736766314264,COMPLETE
1355,0.8805913978494624,2026-03-23 18:05:26.168472,2026-03-23 18:05:26.494046,0 days 00:00:00.325574,0.9745090448084527,1.3310130168130025,0.13201812173549243,8,1.2744526069307087,0.0015823890525645474,41.62906924663151,0.9024431834030645,COMPLETE
1356,0.8767722385141741,2026-03-23 18:05:26.509077,2026-03-23 18:05:26.790315,0 days 00:00:00.281238,0.9863463346895041,2.302781286502235,0.16011453556519267,8,11.277550369732142,0.0006523270685699627,0.011591259440580813,0.8600394708894313,COMPLETE
1357,0.8852062561094819,2026-03-23 18:05:26.806952,2026-03-23 18:05:25.068962,-1 days +23:59:58.262010,0.9818973018015851,1.5907327479750402,0.1122121835561232,8,1.1896919750627502,0.3310856499200247,0.2801979851761077,0.8837367060211762,COMPLETE
1358,0.8863753665689149,2026-03-23 18:05:25.085508,2026-03-23 18:05:25.343856,0 days 00:00:00.258348,0.9939585936695027,1.4443004054144213,0.12061436947854036,8,1.3630036457196086,0.8711316792759617,0.017155389303338965,0.8668606383328459,COMPLETE
1359,0.8884701857282503,2026-03-23 18:05:25.360303,2026-03-23 18:05:25.640607,0 days 00:00:00.280304,0.9645521355834751,1.7094693595578088,0.10636336588598194,8,1.1227765330850676,0.26180834835250494,0.02680458865910038,0.8759468114397615,COMPLETE
1360,0.8854046920821115,2026-03-23 18:05:25.653127,2026-03-23 18:05:25.954012,0 days 00:00:00.300885,0.9564134916997703,1.732356802657894,0.10734120720154683,8,4.482902516259915,0.42970737426483385,0.025030574340354,0.8922652205044993,COMPLETE
1361,0.8849071358748777,2026-03-23 18:05:25.970899,2026-03-23 18:05:26.265334,0 days 00:00:00.294435,0.9494691784535457,1.802597560141264,0.0850071262717171,8,1.1102581379805982,0.641175126263105,0.028325112003374384,0.8854915394237737,COMPLETE
1362,0.8851300097751711,2026-03-23 18:05:26.280005,2026-03-23 18:05:26.575070,0 days 00:00:00.295065,0.9603177954567883,0.36335606708102164,0.09295601258387605,8,1.1041165091406682,0.2513011345002829,0.027509061596677677,0.8799255439404413,COMPLETE
1363,0.8837781036168132,2026-03-23 18:05:26.590543,2026-03-23 18:05:26.863125,0 days 00:00:00.272582,0.9520985155229161,1.787104345497208,0.09333540331308877,8,1.4967570173420301,0.3938502737428937,0.028111849735860093,0.8940637427073628,COMPLETE
1364,0.8838172043010754,2026-03-23 18:05:26.880788,2026-03-23 18:05:27.162878,0 days 00:00:00.282090,0.9625803347168274,2.74107408064019,0.09710556229518083,8,1.205164505040341,0.5505378820593034,0.7515831716197598,0.8787626387506522,COMPLETE
1365,0.8854692082111438,2026-03-23 18:05:27.179649,2026-03-23 18:05:27.470012,0 days 00:00:00.290363,0.9614692527248057,2.4881916299615368,0.10261645610701908,8,1.2766005073330224,0.3280238823515749,0.02844479063446687,0.8892720030257996,COMPLETE
1366,0.8861114369501466,2026-03-23 18:05:27.485332,2026-03-23 18:05:27.774126,0 days 00:00:00.288794,0.9649527418322797,1.6577305852195838,0.09659773087058054,8,1.1564765430275799,0.8850555639367321,0.21944337809634945,0.8782796135363378,COMPLETE
1367,0.8853049853372434,2026-03-23 18:05:27.789128,2026-03-23 18:05:28.055614,0 days 00:00:00.266486,0.9546724746901831,1.7010703624488728,0.09948519955923787,8,1.3959469093081647,0.5146214988699178,0.024917883527254454,0.9047657554732832,COMPLETE
1368,0.8813538611925709,2026-03-23 18:05:28.071104,2026-03-23 18:05:28.364991,0 days 00:00:00.293887,0.9466864361777284,2.6010189722471497,0.11012896957132655,8,1.1089851261014685,0.015373981861319027,0.02836952713791071,0.9536038721913143,COMPLETE
1369,0.8861221896383187,2026-03-23 18:05:28.382751,2026-03-23 18:05:28.659013,0 days 00:00:00.276262,0.9673694937536433,1.2175977621897387,0.10552553298630846,8,1.3300746482230486,1.3965702886412692,0.0241919210922072,0.8740459401544474,COMPLETE
1370,0.8844516129032258,2026-03-23 18:05:28.673886,2026-03-23 18:05:28.921103,0 days 00:00:00.247217,0.9537489985316245,2.876180775324162,0.17097725186220936,8,1.6186927123859862,0.25303392799607055,0.022135187828240793,0.8859550888105108,COMPLETE
1371,0.8852825024437928,2026-03-23 18:05:28.936486,2026-03-23 18:05:29.208636,0 days 00:00:00.272150,0.9696640869302386,2.4067076460264643,0.10107887623571803,8,1.24854588307809,0.0038845332335507984,0.030593824548868085,0.89785663915839,COMPLETE
1372,0.8864692082111437,2026-03-23 18:05:29.225396,2026-03-23 18:05:29.520875,0 days 00:00:00.295479,0.9616386091043007,1.8134484131199236,0.10588251765809469,8,1.1749128751345752,0.76219599703923,0.021587927868029985,0.8743113505853962,COMPLETE
1373,0.884991202346041,2026-03-23 18:05:29.539487,2026-03-23 18:05:29.839257,0 days 00:00:00.299770,0.9704905160399914,1.3349087894288005,0.09074004576111856,8,1.0897073323439892,0.36798729413012554,0.011653107231292925,0.8865529252381579,COMPLETE
1374,0.8842570869990225,2026-03-23 18:05:29.855048,2026-03-23 18:05:30.131480,0 days 00:00:00.276432,0.6276901036969619,1.5255047243866267,0.1574049616435155,8,1.331899362740675,0.007109122576087567,0.026509556499682764,0.8703851997476031,COMPLETE
1375,0.8835865102639296,2026-03-23 18:05:30.146983,2026-03-23 18:05:30.472463,0 days 00:00:00.325480,0.9590429189529588,0.9561292922888701,0.14676468027047085,8,1.4445077059832265,0.5497841188451246,8.755201470940483,0.8741725102354676,COMPLETE
1376,0.8869081133919843,2026-03-23 18:05:30.488642,2026-03-23 18:05:30.750750,0 days 00:00:00.262108,0.9718634350824478,1.5992289734312137,0.19757135159906603,8,1.2014680384243688,1.1762725552343973,0.013828059902732932,0.8831478790065037,COMPLETE
1377,0.8863509286412512,2026-03-23 18:05:30.768126,2026-03-23 18:05:31.054170,0 days 00:00:00.286044,0.7979007704715444,1.7185464491508469,0.10351486327558808,8,1.1269843316031638,5.952468948229414e-07,0.414897021172697,0.8942716306915138,COMPLETE
1378,0.8841857282502444,2026-03-23 18:05:31.071789,2026-03-23 18:05:31.374748,0 days 00:00:00.302959,0.9477848387792255,2.2490035048153136,0.11388399268715138,8,1.2731995281832307,0.010421981277462055,0.021326387237676554,0.8675483328022846,COMPLETE
1379,0.88313880742913,2026-03-23 18:05:31.390849,2026-03-23 18:05:31.648067,0 days 00:00:00.257218,0.9660720051117404,3.0370274004110387,0.1670927451347565,8,1.0795758863022027,0.21533390376203912,0.0317927133871917,0.8761915542425054,COMPLETE
1380,0.8824134897360704,2026-03-23 18:05:31.663444,2026-03-23 18:05:31.935999,0 days 00:00:00.272555,0.9376355841771945,1.4221718663386473,0.18172151299470857,8,5.984356129605155,0.0025950336500749354,0.015449340970937454,0.9102464260101335,COMPLETE
1381,0.8867478005865103,2026-03-23 18:05:31.952838,2026-03-23 18:05:32.221232,0 days 00:00:00.268394,0.9735438557414116,1.8452377814992158,0.1384041104629831,8,1.156488539075931,1.6386226685846461,0.026490899470498163,0.8824123043183998,COMPLETE
1382,0.8817986314760509,2026-03-23 18:05:32.237827,2026-03-23 18:05:32.548362,0 days 00:00:00.310535,0.9556909851766061,1.5790257377469679,0.10843275793814114,8,1.5413321642658235,2.5792252330128336,0.011279198037603546,0.8645377774265887,COMPLETE
1383,0.8852766373411535,2026-03-23 18:05:32.564156,2026-03-23 18:05:32.855108,0 days 00:00:00.290952,0.9748900583278454,2.6904330960023604,0.09644122847695107,8,1.2245726059297166,0.6947833823664401,0.010030692558875773,0.871359447358946,COMPLETE
1384,0.8825532746823069,2026-03-23 18:05:32.868982,2026-03-23 18:05:33.120048,0 days 00:00:00.251066,0.9634554304403543,1.7131413799100617,0.15501983258477092,8,1.3760085435631477,0.0052468303919235085,0.019129741792068625,0.8619674007179321,COMPLETE
1385,0.8833880742913001,2026-03-23 18:05:33.136064,2026-03-23 18:05:33.421516,0 days 00:00:00.285452,0.9754337534084591,1.127425031579345,0.11486967492944979,8,1.0956045665879612,0.3346257978963188,0.03166081024122545,0.8895098330764588,COMPLETE
1386,0.8865962854349951,2026-03-23 18:05:33.436879,2026-03-23 18:05:33.706082,0 days 00:00:00.269203,0.9633245353026523,1.4584619382118533,0.12844303505146784,8,1.2652939053506347,0.016241866751856987,0.022942032271999285,0.88068149183046,COMPLETE
1387,0.8854545454545455,2026-03-23 18:05:33.722361,2026-03-23 18:05:33.998162,0 days 00:00:00.275801,0.9493755980517459,1.2690265262375668,0.14322297613591617,8,1.1789064346484617,0.46495231009251903,0.014822171964032666,0.8712173564929606,COMPLETE
1388,0.882128054740958,2026-03-23 18:05:34.014883,2026-03-23 18:05:34.283512,0 days 00:00:00.268629,0.9777301557027389,2.5055214737192015,0.12301479203877393,8,5.2868665145674765,0.24978801079706225,0.017799927396336547,0.8569962260901681,COMPLETE
1389,0.8852551319648093,2026-03-23 18:05:34.300872,2026-03-23 18:05:34.606106,0 days 00:00:00.305234,0.9706288662083767,1.6561500631144614,0.17604921418530775,8,1.3389858791319917,0.850919576474722,0.013350625099525374,0.8976946688084353,COMPLETE
1390,0.8824584555229715,2026-03-23 18:05:34.624463,2026-03-23 18:05:34.951975,0 days 00:00:00.327512,0.9572920923215881,1.3532401459822578,0.10842505535287902,5,1.1274836768531848,0.0008709333624534006,0.025159953253202312,0.8775489282362826,COMPLETE
1391,0.8846969696969696,2026-03-23 18:05:34.967931,2026-03-23 18:05:35.263627,0 days 00:00:00.295696,0.9805228241500609,1.5324820326283874,0.08828823358639423,8,1.457245860789614,0.0021867677688834504,0.020585295277587158,0.8668649222906499,COMPLETE
1392,0.8832932551319648,2026-03-23 18:05:35.281151,2026-03-23 18:05:35.755958,0 days 00:00:00.474807,0.969597537869058,1.7962034611490694,0.030522499037583677,6,1.068218544900004,0.0101576797548286,0.03171439711150181,0.8520185631655781,COMPLETE
1393,0.8829550342130987,2026-03-23 18:05:35.771320,2026-03-23 18:05:36.062593,0 days 00:00:00.291273,0.977862626279743,2.625903350905617,0.13461292577111522,8,1.2452860825341951,1.0800985464452848,0.01726388065591125,0.8878337018448268,COMPLETE
1394,0.8822267839687193,2026-03-23 18:05:36.078631,2026-03-23 18:05:36.333163,0 days 00:00:00.254532,0.9660553025080392,1.9028669715918747,0.05783062731767086,8,1.1835661364425123,0.5997122002205507,0.02720897952625341,0.6521802338962864,COMPLETE
1395,0.8853900293255131,2026-03-23 18:05:36.349904,2026-03-23 18:05:36.609088,0 days 00:00:00.259184,0.9400887358147704,1.6101288140095575,0.1181244234530104,8,1.285774898942479,0.4352460281489818,0.02189692574270146,0.8631409021749565,COMPLETE
1396,0.8860508308895406,2026-03-23 18:05:36.624427,2026-03-23 18:05:36.917773,0 days 00:00:00.293346,0.9832782489574247,1.4230087650285004,0.16468426663080485,8,1.0834479929243983,0.2445715812455374,0.010045180304540593,0.842723073897277,COMPLETE
1397,0.8853343108504398,2026-03-23 18:05:36.934146,2026-03-23 18:05:37.247820,0 days 00:00:00.313674,0.9564127231775693,1.7329771291352367,0.1273429129931799,8,1.1503045213612932,5.496414562844463e-06,0.03615766935789251,0.8765685945854197,COMPLETE
1398,0.8732717497556207,2026-03-23 18:05:37.261214,2026-03-23 18:05:37.545620,0 days 00:00:00.284406,0.9727816589572807,2.3796853859935165,0.011240062291886448,8,1.3929658791889998,0.005784713696718351,0.01329525421230504,0.9282426638340529,COMPLETE
1399,0.884329423264907,2026-03-23 18:05:37.560830,2026-03-23 18:05:37.842053,0 days 00:00:00.281223,0.9827220842821602,2.825332597602603,0.14853999553317693,8,1.206404549139587,0.6650838916808315,0.015779704906857307,0.8562597382720138,COMPLETE
1400,0.8836715542521996,2026-03-23 18:05:37.858765,2026-03-23 18:05:38.107215,0 days 00:00:00.248450,0.9479998846506648,1.2401835986001677,0.1896613761674763,8,1.3242157513447672,1.8491943610069241,0.13960720681464006,0.9168778828187627,COMPLETE
1401,0.8852463343108504,2026-03-23 18:05:38.124015,2026-03-23 18:05:38.418079,0 days 00:00:00.294064,0.7871466556876584,1.5437796570391176,0.10225253137802191,7,1.1239755938651155,0.0036982102049674215,0.019613553966882753,0.8699846164395344,COMPLETE
1402,0.8777380254154449,2026-03-23 18:05:38.434241,2026-03-23 18:05:38.725071,0 days 00:00:00.290830,0.9761051320607322,1.8389921616561826,0.025048821781067012,8,1.2428483764759757,0.016520835285439416,0.02561173674884897,0.778020608246106,COMPLETE
1403,0.8803137829912024,2026-03-23 18:05:38.740740,2026-03-23 18:05:39.117946,0 days 00:00:00.377206,0.964455439945533,1.317742312548394,0.11190526796783334,3,1.055146511409339,0.2991520095869002,0.029814768805088734,0.8825047402659283,COMPLETE
1404,0.8790742913000977,2026-03-23 18:05:39.131719,2026-03-23 18:05:39.460901,0 days 00:00:00.329182,0.9859415255294816,1.669667972937886,0.1226065485608133,8,1.3093615613660667,0.9831499095401072,26.102384942163233,0.8997593137803928,COMPLETE
