number,value,datetime_start,datetime_complete,duration,params_colsample_bytree,params_gamma,params_learning_rate,params_max_depth,params_min_child_weight,params_reg_alpha,params_reg_lambda,params_subsample,state
526,0.8826588465298143,2026-03-23 18:01:23.449787,2026-03-23 18:01:23.777308,0 days 00:00:00.327521,0.9523437804058772,2.1323114813891637,0.07799022562017696,8,1.002067310586814,0.04756613436140049,0.03231279895217419,0.8464022318005033,COMPLETE
527,0.8840381231671555,2026-03-23 18:01:23.792280,2026-03-23 18:01:24.091032,0 days 00:00:00.298752,0.9195874635641627,1.9937657013444177,0.13268457682361126,8,1.1691372805032025,0.02472938614745504,0.0688875664756251,0.8858172967954309,COMPLETE
528,0.8873255131964809,2026-03-23 18:01:24.107037,2026-03-23 18:01:24.398743,0 days 00:00:00.291706,0.9378148275491314,1.7239244002679999,0.10826561807344559,8,1.07748318794226,0.09656397685142651,0.04717300063033889,0.8577991192133783,COMPLETE
529,0.882852394916911,2026-03-23 18:01:24.413812,2026-03-23 18:01:24.706120,0 days 00:00:00.292308,0.9402191434706036,1.554795715870061,0.10830804995584806,8,1.2104046568558966,0.13599490709862125,0.03900911429054334,0.8536427493506675,COMPLETE
530,0.88269403714565,2026-03-23 18:01:24.721149,2026-03-23 18:01:25.025242,0 days 00:00:00.304093,0.9440209745353383,0.46348592974598235,0.1143528367797091,8,1.1275536869987655,0.07557760080815724,0.04541614301512544,0.841821418166046,COMPLETE
531,0.8850674486803518,2026-03-23 18:01:25.039662,2026-03-23 18:01:25.328370,0 days 00:00:00.288708,0.9579619895515488,1.6567171145353714,0.11953059989255528,8,1.2642122612122924,0.19424855044936917,0.030527358197559567,0.8584156525526195,COMPLETE
532,0.885466275659824,2026-03-23 18:01:25.344055,2026-03-23 18:01:25.648566,0 days 00:00:00.304511,0.9499093435105336,1.72828586293086,0.1262411993801122,8,1.0871786346960006,0.011239378304414186,0.03682712388928627,0.8467310686071078,COMPLETE
533,0.8865464320625611,2026-03-23 18:01:25.663050,2026-03-23 18:01:25.955572,0 days 00:00:00.292522,0.9495219220639253,1.4293550038333804,0.10919282277054766,8,1.3372237580532575,0.09787279475802332,0.04740507133865275,0.859924435865058,COMPLETE
534,0.8842238514173998,2026-03-23 18:01:25.972929,2026-03-23 18:01:26.275967,0 days 00:00:00.303038,0.9353672135985944,2.1212686801368257,0.1379737255720169,8,1.1649038921284192,0.01643742020089724,0.031295130047289114,0.8660992301341341,COMPLETE
535,0.8839491691104595,2026-03-23 18:01:26.290639,2026-03-23 18:01:26.631209,0 days 00:00:00.340570,0.9577400988328919,1.920732082252181,0.11749769094602087,5,1.0809432739706029,0.11350280408512253,0.04024139687913395,0.8377816754965118,COMPLETE
536,0.8854144672531769,2026-03-23 18:01:26.648110,2026-03-23 18:01:26.909596,0 days 00:00:00.261486,0.9418340901483713,2.041101852198996,0.1327944260764077,8,1.13077110576015,0.006552292411593238,0.05190769901351983,0.850922136867997,COMPLETE
537,0.8852717497556207,2026-03-23 18:01:26.924452,2026-03-23 18:01:27.217412,0 days 00:00:00.292960,0.9301390319736267,1.6364631922467012,0.12912898576320184,8,1.0651908216420218,0.032485754396939806,0.028939542102933636,0.8580685124995735,COMPLETE
538,0.8864330400782015,2026-03-23 18:01:27.233261,2026-03-23 18:01:27.524472,0 days 00:00:00.291211,0.9559113717175407,1.7278053532126978,0.10504857129504788,8,1.2486477668558889,0.010589270091608215,0.03470206442136994,0.8693871133465427,COMPLETE
539,0.8858172043010752,2026-03-23 18:01:27.539574,2026-03-23 18:01:27.845134,0 days 00:00:00.305560,0.9371126125387705,1.879465854059498,0.13843349310303296,8,1.1725904584475004,0.06501904735047853,0.04396864787407393,0.8505932044194879,COMPLETE
540,0.887364613880743,2026-03-23 18:01:27.860274,2026-03-23 18:01:28.114794,0 days 00:00:00.254520,0.9509637923720691,2.0974630931422236,0.1511646896584824,8,1.0509014109427288,0.017971087355495283,0.027732937773838548,0.8635834816403781,COMPLETE
541,0.8857859237536657,2026-03-23 18:01:28.127200,2026-03-23 18:01:28.385096,0 days 00:00:00.257896,0.9591390750147671,2.161673313446403,0.15014602164092716,8,1.0423823847445144,0.017334937936995247,0.02700044982539978,0.8352609394704115,COMPLETE
542,0.8860048875855326,2026-03-23 18:01:28.399655,2026-03-23 18:01:28.672812,0 days 00:00:00.273157,0.9503123922255715,2.0940561806379,0.1540974742870653,8,1.0509450675873433,8.747555727623869e-07,0.027456669046734525,0.8578125089513735,COMPLETE
543,0.8856324535679374,2026-03-23 18:01:28.690928,2026-03-23 18:01:28.956774,0 days 00:00:00.265846,0.9591659920679971,2.316930805951781,0.1451530955165638,8,1.120677289974906,0.014802948200813107,0.03209345371094234,0.8438171168260646,COMPLETE
544,0.8843734115347017,2026-03-23 18:01:28.972895,2026-03-23 18:01:29.231511,0 days 00:00:00.258616,0.9461316101820822,2.254513102236845,0.171572615626481,8,1.0006066763711385,0.008229507955756726,0.02718136162563848,0.8649092227948844,COMPLETE
545,0.8784731182795699,2026-03-23 18:01:29.244896,2026-03-23 18:01:29.527465,0 days 00:00:00.282569,0.9622628015942541,4.162207722418761,0.16202088311897414,4,1.0486913062389767,0.022342817334116558,0.0345085930854247,0.8506374156428643,COMPLETE
546,0.8853695014662757,2026-03-23 18:01:29.542088,2026-03-23 18:01:29.827762,0 days 00:00:00.285674,0.9517351848889104,2.038116754202362,0.13751492351412767,8,1.1272728882921923,0.011116683665005496,0.03052500528865191,0.8605117872574601,COMPLETE
547,0.8844506353861192,2026-03-23 18:01:29.842941,2026-03-23 18:01:30.124816,0 days 00:00:00.281875,0.7276603723437751,1.5167507327352843,0.1527158613614699,8,1.1968371139112126,0.005196505554528848,0.03701595606061235,0.8746087421482993,COMPLETE
548,0.8854711632453567,2026-03-23 18:01:30.140490,2026-03-23 18:01:30.493130,0 days 00:00:00.352640,0.9351072123968108,2.1874808668540067,0.1438790760397849,8,1.0904568375026145,0.008112515963934558,0.024737245911235668,0.8438844119051047,COMPLETE
549,0.8853431085043989,2026-03-23 18:01:30.509041,2026-03-23 18:01:30.791984,0 days 00:00:00.282943,0.6877259657433916,2.380881701154851,0.1588753498547325,8,1.050893727506183,0.021784988724947447,0.05214564810332025,0.8551221361948808,COMPLETE
550,0.8831173020527859,2026-03-23 18:01:30.808387,2026-03-23 18:01:31.084173,0 days 00:00:00.275786,0.9644881375145312,2.1035292369774097,0.17205791998970918,8,1.1487177014855412,0.013976846494983222,0.031255188304112606,0.8326888910302193,COMPLETE
551,0.8848426197458454,2026-03-23 18:01:31.099265,2026-03-23 18:01:31.376496,0 days 00:00:00.277231,0.8897925055794785,2.010829910940298,0.1487932426962931,8,1.2866747185182703,0.030706139780475008,0.042247278941727945,0.8653535209921374,COMPLETE
552,0.8823245356793743,2026-03-23 18:01:31.390776,2026-03-23 18:01:31.736623,0 days 00:00:00.345847,0.9484956152567703,1.7898977602502488,0.1312325385667871,7,5.7101514314922515,0.004072114320355138,0.027586057167853718,0.8749724014793999,COMPLETE
553,0.8845376344086021,2026-03-23 18:01:31.752968,2026-03-23 18:01:32.009807,0 days 00:00:00.256839,0.9061879251635968,2.2743287436218274,0.1383784453112477,8,1.0452134897946619,0.007325476198822516,0.03628108273519272,0.8519496533810411,COMPLETE
554,0.8836275659824047,2026-03-23 18:01:32.024615,2026-03-23 18:01:32.324967,0 days 00:00:00.300352,0.9562198462357011,1.869101542870786,0.06862182908294177,8,1.0990581415064697,0.019608010033383784,0.04754820474393331,0.86275925804799,COMPLETE
555,0.8851876832844575,2026-03-23 18:01:32.340666,2026-03-23 18:01:32.606430,0 days 00:00:00.265764,0.9296728457807373,2.1665949825926285,0.1641598310291047,8,1.0005638888762807,0.195028632067769,0.02622120615556101,0.8431413720381723,COMPLETE
556,0.8796989247311828,2026-03-23 18:01:32.621871,2026-03-23 18:01:33.007406,0 days 00:00:00.385535,0.9657636241730806,0.2175059376506776,0.12569560360523718,8,1.2060349946693298,0.012224362743699327,47.75054088233619,0.8738958294548551,COMPLETE
557,0.8769579667644184,2026-03-23 18:01:33.020977,2026-03-23 18:01:33.257728,0 days 00:00:00.236751,0.9420225352779528,2.5222601802787143,0.026668048420857866,8,1.1386442932373977,0.02903597617193378,0.034406339198331276,0.8559148104485436,COMPLETE
558,0.8852091886608016,2026-03-23 18:01:33.272733,2026-03-23 18:01:33.539007,0 days 00:00:00.266274,0.9510680810537134,2.400220089417409,0.15228283458547176,8,1.0686327992829157,0.0029104427037280546,0.05622697215659522,0.8656051619811819,COMPLETE
559,0.8827869012707722,2026-03-23 18:01:33.555774,2026-03-23 18:01:33.795412,0 days 00:00:00.239638,0.9203172637118171,1.9586396461142885,0.14272451258778843,8,1.1812094388200969,0.09673079518629193,0.03038937402519401,0.8491467960042439,COMPLETE
560,0.8833812316715544,2026-03-23 18:01:33.811183,2026-03-23 18:01:34.069628,0 days 00:00:00.258445,0.9336138394690353,1.6133255047968096,0.17615188928326017,8,1.102394030326823,0.03470696215562253,0.02273732168090306,0.8376831080313818,COMPLETE
561,0.8857174975562073,2026-03-23 18:01:34.083707,2026-03-23 18:01:34.374100,0 days 00:00:00.290393,0.9582789900869745,1.7806870013644192,0.12157991676678064,8,1.0000339920634722,0.06368122827511404,0.04141466454368678,0.8602668829172198,COMPLETE
562,0.8809804496578691,2026-03-23 18:01:34.386845,2026-03-23 18:01:34.665854,0 days 00:00:00.279009,0.9443672965750753,2.007319505558509,0.1361820232827543,8,1.05437592723881,0.006241284486778815,0.03615177343755441,0.8752794169287307,COMPLETE
563,0.8859403714565006,2026-03-23 18:01:34.682804,2026-03-23 18:01:34.949135,0 days 00:00:00.266331,0.9676808609634565,1.8825180656447302,0.16077627300884745,8,1.224654829449147,0.016391211708489558,0.04734649451303705,0.867535716160725,COMPLETE
564,0.8867360703812316,2026-03-23 18:01:34.963729,2026-03-23 18:01:35.299982,0 days 00:00:00.336253,0.936640605898075,2.1112053649327214,0.14584455843518168,8,1.1244503075788144,0.010591595430770871,0.024834632404035904,0.8859990245479745,COMPLETE
565,0.8839345063538611,2026-03-23 18:01:35.315229,2026-03-23 18:01:35.567299,0 days 00:00:00.252070,0.952999515129626,1.691650974361899,0.12902400262298747,8,1.0552492960877546,0.0429139065559958,0.03016265266694808,0.854454889434971,COMPLETE
566,0.8852404692082111,2026-03-23 18:01:35.579781,2026-03-23 18:01:35.834366,0 days 00:00:00.254585,0.927449730261916,2.3265521995154264,0.15564873496910506,8,1.156755567223717,0.022286077906233187,0.06631738350434223,0.8427190536438387,COMPLETE
567,0.8865259042033236,2026-03-23 18:01:35.848333,2026-03-23 18:01:36.109045,0 days 00:00:00.260712,0.9639827077122965,2.6447187059556994,0.17047716275662145,8,1.0469094302186273,0.004310595686165965,0.03920970340547246,0.828945204571468,COMPLETE
568,0.8778758553274681,2026-03-23 18:01:36.124354,2026-03-23 18:01:36.448273,0 days 00:00:00.323919,0.9149651409082794,2.5097453008084654,0.13515061508955714,8,1.3856981658750933,0.11062156971736148,18.828177819110042,0.8787703493276788,COMPLETE
569,0.8811906158357771,2026-03-23 18:01:36.462913,2026-03-23 18:01:36.750750,0 days 00:00:00.287837,0.8259647339941687,2.2299014343572185,0.11778085798586152,8,1.1074455532390441,2.5961706238988556,0.05164685157155101,0.8618190955030567,COMPLETE
570,0.8823900293255131,2026-03-23 18:01:36.765269,2026-03-23 18:01:37.025872,0 days 00:00:00.260603,0.9455434033431189,1.9731737940947565,0.1475814494568662,8,2.4304243026496843,0.008634141687228994,0.032563230078407605,0.8989082178825252,COMPLETE
571,0.8847595307917888,2026-03-23 18:01:37.041444,2026-03-23 18:01:37.307023,0 days 00:00:00.265579,0.9551124461290058,2.070658207913164,0.16391101387902912,8,1.2398153486244663,0.06945167720084151,0.023995358627422907,0.8696634494849618,COMPLETE
572,0.8864604105571847,2026-03-23 18:01:37.322070,2026-03-23 18:01:37.599301,0 days 00:00:00.277231,0.938049269760058,1.760202284206934,0.12600347297666892,8,1.0774876425315307,0.03688544871051723,0.042429091672589896,0.8490793443391996,COMPLETE
573,0.8855004887585534,2026-03-23 18:01:37.613710,2026-03-23 18:01:37.870287,0 days 00:00:00.256577,0.9654604913696593,2.3986802380511625,0.14197725521023313,8,1.0383961486890816,0.017776200476960144,0.05891170181318498,0.8551395710599006,COMPLETE
574,0.8829569892473118,2026-03-23 18:01:37.885125,2026-03-23 18:01:38.151203,0 days 00:00:00.266078,0.9246665377284571,1.871957736690137,0.15361713185330025,8,1.0013403985857114,2.49920629321766e-07,0.028208496319274374,0.8805139397234295,COMPLETE
575,0.8815532746823069,2026-03-23 18:01:38.168326,2026-03-23 18:01:38.436948,0 days 00:00:00.268622,0.9706704591906081,2.1621056197786825,0.1759963804050023,8,1.1464190799674407,0.16725687693999297,0.03579778202743306,0.6630523019831139,COMPLETE
576,0.8835913978494623,2026-03-23 18:01:38.453602,2026-03-23 18:01:38.753509,0 days 00:00:00.299907,0.9467508336622635,1.596420557289144,0.13243700187852847,8,1.2908756384695614,0.02560608952260402,0.04219635523187085,0.868778425742917,COMPLETE
577,0.8832482893450635,2026-03-23 18:01:38.768429,2026-03-23 18:01:39.039704,0 days 00:00:00.271275,0.9320144894530944,2.7644332969870935,0.11265537839232316,6,1.0889123861881418,0.01218397306671083,0.03019051281007508,0.8614858930013664,COMPLETE
578,0.8780342130987292,2026-03-23 18:01:39.054177,2026-03-23 18:01:39.493570,0 days 00:00:00.439393,0.9553347085268735,2.018933136117249,0.04218819669966095,8,8.489585147343812,0.04942938979998478,0.05282003000930274,0.8463584148834848,COMPLETE
579,0.8838455522971652,2026-03-23 18:01:39.508773,2026-03-23 18:01:39.915739,0 days 00:00:00.406966,0.9614745189516216,1.8299849592084085,0.038399839320292,8,1.5742141410144954,0.005633554692486407,0.024083677105348804,0.8363190928433626,COMPLETE
580,0.8885366568914956,2026-03-23 18:01:39.931011,2026-03-23 18:01:40.204385,0 days 00:00:00.273374,0.9420348892089606,2.60425231358216,0.12051118792017478,8,1.1856292994344153,0.08341317477886102,0.03288342950945685,0.8731513474574911,COMPLETE
581,0.8833479960899315,2026-03-23 18:01:40.219778,2026-03-23 18:01:40.572508,0 days 00:00:00.352730,0.9470338054619426,2.598993592269217,0.05573707366979974,8,1.2185487723139437,0.3094978310399131,0.04609154555689227,0.8574519527748361,COMPLETE
582,0.88330596285435,2026-03-23 18:01:40.587665,2026-03-23 18:01:40.884846,0 days 00:00:00.297181,0.9405896841359187,2.694881357735828,0.12054108986816503,8,1.302312601263509,0.12436464957585829,0.036820398413400894,0.8706060957774996,COMPLETE
583,0.886811339198436,2026-03-23 18:01:40.900607,2026-03-23 18:01:41.153412,0 days 00:00:00.252805,0.9571361083640767,2.6128829963119475,0.12162613106872058,8,1.1860311302863755,0.09495378943906355,0.06349235740995082,0.8186191717296522,COMPLETE
584,0.8843040078201369,2026-03-23 18:01:41.168092,2026-03-23 18:01:41.456512,0 days 00:00:00.288420,0.860770299986957,2.548707790989945,0.11478379280999843,7,1.255393917371124,0.24536722397760902,0.03460103158030295,0.8634405579099265,COMPLETE
585,0.8768582600195504,2026-03-23 18:01:41.472163,2026-03-23 18:01:41.744983,0 days 00:00:00.272820,0.969498501515448,2.718619787604197,0.016592375877683106,8,1.1556344749288365,0.15135425199053254,0.08594538052638102,0.7828194727356089,COMPLETE
586,0.8857976539589443,2026-03-23 18:01:41.758654,2026-03-23 18:01:42.007658,0 days 00:00:00.249004,0.948334968733143,2.5042534898780344,0.12661395234158632,8,1.1909723986096876,0.07957197618126645,0.0438103558831923,0.8501251275522044,COMPLETE
587,0.8830293255131965,2026-03-23 18:01:42.022103,2026-03-23 18:01:42.283374,0 days 00:00:00.261271,0.9391192227377917,2.462256106371073,0.13642284662267462,8,1.123357398570077,1.1956006251180756e-08,0.036935075786218775,0.8035291275445735,COMPLETE
588,0.8846070381231672,2026-03-23 18:01:42.298245,2026-03-23 18:01:42.578335,0 days 00:00:00.280090,0.9604886477239212,1.749010824206414,0.10401909327663184,8,1.1763485573283974,0.06501182824320906,0.04882575406246684,0.8725781936280607,COMPLETE
589,0.8879638318670577,2026-03-23 18:01:42.595047,2026-03-23 18:01:42.881946,0 days 00:00:00.286899,0.9482529538966884,2.5735606943234983,0.11508107734047472,8,1.1017604080813699,0.0046183149705087785,0.02741754004459032,0.8571862774901917,COMPLETE
590,0.8846959921798632,2026-03-23 18:01:42.898369,2026-03-23 18:01:43.185647,0 days 00:00:00.287278,0.9512111011180319,2.6961603465218547,0.11751199803139775,8,2.70351304021944,0.0034211516248714158,0.02182304378842626,0.8439350321838779,COMPLETE
591,0.8861221896383187,2026-03-23 18:01:43.199010,2026-03-23 18:01:43.471953,0 days 00:00:00.272943,0.9438663539760876,2.6291907933403116,0.11304878163672459,8,1.3150529153070463,0.002280751533382383,0.07530130539794931,0.8547030728711459,COMPLETE
592,0.8819833822091887,2026-03-23 18:01:43.487761,2026-03-23 18:01:43.760272,0 days 00:00:00.272511,0.817079747732103,2.794357823313973,0.10990644424596224,8,1.2085567843363811,0.005025942675447385,0.03207121414070874,0.8907677214577775,COMPLETE
593,0.8851163245356793,2026-03-23 18:01:43.775656,2026-03-23 18:01:44.067021,0 days 00:00:00.291365,0.9519907622723169,2.5812052170510507,0.12221858571745722,8,1.2546446673314828,0.00242900093039223,0.04092399686024262,0.8325029562400361,COMPLETE
594,0.8846089931573803,2026-03-23 18:01:44.082566,2026-03-23 18:01:44.413278,0 days 00:00:00.330712,0.9328791874885992,2.454640311334496,0.05002869875733184,8,1.3650382884410965,0.006743737856390021,0.02933697448500527,0.8677024160741267,COMPLETE
595,0.8865239491691104,2026-03-23 18:01:44.428223,2026-03-23 18:01:44.717550,0 days 00:00:00.289327,0.9408864049308764,2.752607582305919,0.1073114894641379,8,1.1097524142463102,0.0038509552540492613,0.053866047163263785,0.8483341757874292,COMPLETE
596,0.8855865102639296,2026-03-23 18:01:44.730024,2026-03-23 18:01:45.006478,0 days 00:00:00.276454,0.955185941287921,2.5225621724109124,0.1268362402594524,8,1.1502884599235086,0.007730635579368748,0.026306884580044262,0.8834570025575115,COMPLETE
597,0.8858416422287391,2026-03-23 18:01:45.025360,2026-03-23 18:01:45.295025,0 days 00:00:00.269665,0.9459043886480585,2.6075703751115515,0.11706605728686835,8,1.1214272333901194,0.003851074931557978,0.034976977503307125,0.8605225318301891,COMPLETE
598,0.8865777126099706,2026-03-23 18:01:45.309110,2026-03-23 18:01:45.580474,0 days 00:00:00.271364,0.9611115424983094,2.3969002308038987,0.10402879984078968,8,1.0942643328649941,0.009588664796465713,0.021381640905236626,0.8745716656204598,COMPLETE
599,0.8845806451612903,2026-03-23 18:01:45.597340,2026-03-23 18:01:45.860949,0 days 00:00:00.263609,0.9365520023513622,2.8103569751096558,0.12253154587259674,8,1.234913216009328,0.005519936718909355,0.043933211346476334,0.8398673617118537,COMPLETE
600,0.8844936461388074,2026-03-23 18:01:45.878342,2026-03-23 18:01:46.186297,0 days 00:00:00.307955,0.9515530277833906,2.659143985235538,0.11442609243348721,8,1.167658861561964,0.012156442227866488,0.06632584888883877,0.855038077405834,COMPLETE
601,0.8853323558162267,2026-03-23 18:01:46.198982,2026-03-23 18:01:46.482164,0 days 00:00:00.283182,0.9665847778891413,2.524170777340535,0.12976888412107485,8,1.0890551300759577,0.0063181338421971125,0.03827815257442337,0.8655431150358771,COMPLETE
602,0.8825014662756598,2026-03-23 18:01:46.498175,2026-03-23 18:01:46.786522,0 days 00:00:00.288347,0.9435208686352763,2.358417164414166,0.092664225514574,8,1.0475154991553477,0.002659644717386879,0.031959338523455526,0.9093443753648955,COMPLETE
603,0.8857839687194525,2026-03-23 18:01:46.801728,2026-03-23 18:01:47.082837,0 days 00:00:00.281109,0.9329354535203334,2.418228054179786,0.13344548782350313,8,1.1704716936714357,0.0097171848091955,0.026337522582378894,0.8762151714900137,COMPLETE
604,0.8858787878787878,2026-03-23 18:01:47.098013,2026-03-23 18:01:47.392879,0 days 00:00:00.294866,0.9610854785660166,2.6687721320597264,0.10917725711051864,8,1.6566884009604768,0.13462147361184218,0.05023927531508331,0.8492470964394682,COMPLETE
605,0.8836441837732161,2026-03-23 18:01:47.409185,2026-03-23 18:01:47.683136,0 days 00:00:00.273951,0.8721282262627792,2.5708485797898675,0.10168534483228832,8,1.1088838852424836,0.014859118192774174,0.056687127130083705,0.8639072469846849,COMPLETE
606,0.8861026392961876,2026-03-23 18:01:47.697865,2026-03-23 18:01:47.958454,0 days 00:00:00.260589,0.9483212523593673,1.4858198828629114,0.12440089915228919,8,1.0419990888761697,0.004316342132454968,0.039716306672308875,0.8848518328094894,COMPLETE
607,0.8873822091886607,2026-03-23 18:01:47.975640,2026-03-23 18:01:48.251600,0 days 00:00:00.275960,0.9545890685762217,2.4515154318055297,0.13819624994616278,8,1.2234199452160692,0.007308590491677128,0.023302478839208964,0.941258297008266,COMPLETE
608,0.8831055718475074,2026-03-23 18:01:48.266255,2026-03-23 18:01:48.535009,0 days 00:00:00.268754,0.937795920781714,2.3304777444199463,0.14158480292914583,8,1.3113757367997017,0.008223308581703411,0.022234244710190906,0.9159094846529257,COMPLETE
609,0.8808347996089931,2026-03-23 18:01:48.549307,2026-03-23 18:01:48.814038,0 days 00:00:00.264731,0.955090580421504,2.4838411488427687,0.11587762289193765,8,1.2693623992002412,0.012652833847702787,0.03153616588092144,0.9990383808944419,COMPLETE
610,0.884357771260997,2026-03-23 18:01:48.830266,2026-03-23 18:01:49.113659,0 days 00:00:00.283393,0.9454440008627015,2.2914037273964443,0.09808143690200084,8,1.2449259054055413,0.18673834253393715,0.0487378776729751,0.8244381536601862,COMPLETE
611,0.8839051808406647,2026-03-23 18:01:49.129378,2026-03-23 18:01:49.389767,0 days 00:00:00.260389,0.9300182171167852,2.4595345783332894,0.13976808207185068,8,1.4381736571228214,0.01932108563468973,0.10000072987762103,0.9340200721620892,COMPLETE
612,0.8828220918866079,2026-03-23 18:01:49.404691,2026-03-23 18:01:49.675879,0 days 00:00:00.271188,0.9414909452458365,2.2403362499171373,0.11166157930719459,8,1.376553872609629,0.10548417393093283,0.46393927263212137,0.9920040020241859,COMPLETE
613,0.8838768328445749,2026-03-23 18:01:49.692586,2026-03-23 18:01:49.993672,0 days 00:00:00.301086,0.9512162453050979,2.4324254702052968,0.08267722475204321,8,1.2021929825827047,0.007787724181098411,0.020439112809752157,0.9231016299695664,COMPLETE
