number,value,datetime_start,datetime_complete,duration,params_colsample_bytree,params_gamma,params_learning_rate,params_max_depth,params_min_child_weight,params_reg_alpha,params_reg_lambda,params_subsample,state
0,0.8737497556207233,2026-03-23 17:58:35.691706,2026-03-23 17:58:36.156250,0 days 00:00:00.464544,0.662397808134481,2.993292420985183,0.030710573677773714,8,6.1652988679205905,3.3323645788192616e-08,15.994091701280443,0.6624074561769746,COMPLETE
1,0.8821202346041055,2026-03-23 17:58:36.175586,2026-03-23 17:58:36.562819,0 days 00:00:00.387233,0.6849356442713105,4.8495492608099715,0.06054365855469246,7,1.0524813290090214,4.329370014459266e-07,0.0476878541548261,0.9329770563201687,COMPLETE
2,0.8802932551319647,2026-03-23 17:58:36.583895,2026-03-23 17:58:37.277730,0 days 00:00:00.693835,0.6557975442608167,1.4561457009902097,0.024878734419814436,6,2.9251420662620613,4.258943089524393e-06,0.2265486450485179,0.8447411578889518,COMPLETE
3,0.883407624633431,2026-03-23 17:58:37.296036,2026-03-23 17:58:37.762062,0 days 00:00:00.466026,0.6185801650879991,2.571172192068058,0.03920673972242137,7,1.6424199098700283,0.0029369981104377003,0.04273302319375403,0.836965827544817,COMPLETE
4,0.8639227761485827,2026-03-23 17:58:37.783834,2026-03-23 17:58:38.026715,0 days 00:00:00.242881,0.6390688456025535,4.041986740582305,0.012151617026673379,8,11.017726329332461,0.014391207615728067,0.42472797953697183,0.7218455076693483,COMPLETE
5,0.857145650048876,2026-03-23 17:58:38.046815,2026-03-23 17:58:38.297378,0 days 00:00:00.250563,0.8650089137415928,4.546602010393911,0.014413697528610409,5,1.0892095664617725,6.388511557344611e-06,0.8389112347840599,0.7035119926400067,COMPLETE
6,0.8703010752688173,2026-03-23 17:58:38.316689,2026-03-23 17:58:38.720872,0 days 00:00:00.404183,0.9579309401710595,3.8756641168055728,0.05143828405076928,4,11.126473726362773,0.002404915432737351,25.703078530155583,0.9757995766256756,COMPLETE
7,0.8416109481915933,2026-03-23 17:58:38.741126,2026-03-23 17:58:39.006270,0 days 00:00:00.265144,0.7085396127095583,1.6266516538163218,0.01303561122512888,4,1.11894423226026,0.28749982347407854,0.2087468133288228,0.7554709158757928,COMPLETE
8,0.8817653958944282,2026-03-23 17:58:39.025346,2026-03-23 17:58:39.605297,0 days 00:00:00.579951,0.9947547746402069,4.010984903770199,0.023200867504756827,6,1.4193280334856115,0.08916674715636537,0.054330455407981273,0.6298202574719083,COMPLETE
9,0.8646588465298143,2026-03-23 17:58:39.625501,2026-03-23 17:58:39.891884,0 days 00:00:00.266383,0.6296178606936361,3.6450358402049368,0.010166803740022877,7,5.791981807906877,1.683416412018213e-05,0.026828486654670216,0.9085081386743783,COMPLETE
10,0.8776402737047898,2026-03-23 17:58:39.911083,2026-03-23 17:58:40.303797,0 days 00:00:00.392714,0.7707251581533257,0.08980937807409806,0.1583947083699527,3,2.14811645802385,4.3444691085504115,0.011062222658903343,0.8262452362725613,COMPLETE
11,0.8829843597262952,2026-03-23 17:58:40.324242,2026-03-23 17:58:40.665165,0 days 00:00:00.340923,0.7435145190038788,2.230725746541046,0.07082212183832219,7,1.7520439483327708,4.077391468444027e-08,2.242636398411736,0.9193086824158574,COMPLETE
12,0.8843851417399804,2026-03-23 17:58:40.685238,2026-03-23 17:58:41.094935,0 days 00:00:00.409697,0.8111115572120128,2.316936986365618,0.08848876453029195,7,1.9414748041655097,0.0001653282123997987,3.1880835564182064,0.8786566744908333,COMPLETE
13,0.8806891495601173,2026-03-23 17:58:41.117149,2026-03-23 17:58:41.432157,0 days 00:00:00.315008,0.8433892859373125,2.76582882187381,0.105627570472361,7,2.521389209978733,0.0005844317258424099,4.206934155990672,0.8604063212686379,COMPLETE
14,0.8831573802541545,2026-03-23 17:58:41.451289,2026-03-23 17:58:41.797133,0 days 00:00:00.345844,0.818170930502504,1.7204118749910395,0.10213768326528573,8,3.439103407628125,0.0001319968782396929,5.372836536582569,0.78603076838465,COMPLETE
15,0.8835806451612903,2026-03-23 17:58:41.817220,2026-03-23 17:58:42.389727,0 days 00:00:00.572507,0.8997265647408832,0.827781406926889,0.03787853229407561,6,1.8433510559644803,0.00023557327983584573,1.2387515455604654,0.8739392608865626,COMPLETE
16,0.8826774193548387,2026-03-23 17:58:42.409201,2026-03-23 17:58:42.869091,0 days 00:00:00.459890,0.8957721845770973,0.4294336766666748,0.09206809667293595,5,4.5146434896316165,7.94431386074773e-05,1.2408299094848398,0.9989969068114635,COMPLETE
17,0.8832717497556206,2026-03-23 17:58:42.888530,2026-03-23 17:58:43.236784,0 days 00:00:00.348254,0.9080417125672742,0.9151650142522019,0.17848332475021594,6,2.0885260073576153,2.1054455505130043e-06,5.276440121780659,0.8887781922242812,COMPLETE
18,0.8767497556207233,2026-03-23 17:58:43.255810,2026-03-23 17:58:44.009732,0 days 00:00:00.753922,0.7811543073740298,0.9323679102270582,0.037029175563739726,5,4.1943275024925395,0.00036834887982293776,47.67438446142808,0.7896629454089337,COMPLETE
19,0.8800664711632454,2026-03-23 17:58:44.028493,2026-03-23 17:58:44.859481,0 days 00:00:00.830988,0.930746924386335,2.1637280559024568,0.019277403114403114,6,1.3921132539296608,0.03387557668886888,11.558175145767358,0.8760530415775851,COMPLETE
20,0.8772580645161291,2026-03-23 17:58:44.877066,2026-03-23 17:58:45.176994,0 days 00:00:00.299928,0.8585903926458035,3.217047827783804,0.1349176482082375,4,2.5674779490597395,2.991838516159543e-07,1.7679929251529454,0.9593360206319026,COMPLETE
21,0.8835894428152492,2026-03-23 17:58:45.196375,2026-03-23 17:58:45.606266,0 days 00:00:00.409891,0.7236518953127804,2.3453337146688007,0.04330356622489106,7,1.6574436608152745,0.00499994453527138,0.33056150125297545,0.8192084933403653,COMPLETE
22,0.8841544477028347,2026-03-23 17:58:45.626505,2026-03-23 17:58:45.996275,0 days 00:00:00.369770,0.7388982621170698,1.1079712478507209,0.07253075509907853,7,1.8534809632499352,0.003228336154945688,0.4252285349710947,0.8189826012235379,COMPLETE
23,0.8842570869990225,2026-03-23 17:58:46.016150,2026-03-23 17:58:46.359373,0 days 00:00:00.343223,0.7321402985710589,2.0099079215245155,0.08305512975192045,8,1.3976103463897498,0.0046190198800158165,0.39528761655566913,0.815180879333553,COMPLETE
24,0.8851427174975562,2026-03-23 17:58:46.376084,2026-03-23 17:58:46.782223,0 days 00:00:00.406139,0.7933455800842123,1.9220842717613573,0.0766227216766507,8,1.3657249929704733,1.013929538003361,0.10278639945367374,0.7599057639104962,COMPLETE
25,0.881019550342131,2026-03-23 17:58:46.805037,2026-03-23 17:58:47.122269,0 days 00:00:00.317232,0.8118300001959051,1.9155152617556666,0.13136426541033558,8,1.44332273537633,3.569823816984257,0.10820447530201685,0.7304020274363361,COMPLETE
26,0.8822316715542522,2026-03-23 17:58:47.141550,2026-03-23 17:58:47.529480,0 days 00:00:00.387930,0.7728383111243101,3.3230655973243,0.08402932209780421,8,1.299790595920197,1.1488269814926368,0.11681666717345147,0.7587933733355094,COMPLETE
27,0.8837878787878789,2026-03-23 17:58:47.550000,2026-03-23 17:58:47.883956,0 days 00:00:00.333956,0.8021483286469459,1.3316955509605455,0.11899302091442193,8,1.2644807352518936,0.32909169515550796,0.119487933754755,0.7701956137595111,COMPLETE
28,0.8811603128054741,2026-03-23 17:58:47.902767,2026-03-23 17:58:48.367616,0 days 00:00:00.464849,0.8316281847903718,1.8374425693621417,0.05412459354562146,8,2.379917004454404,0.05016905052995136,0.6862871298197484,0.6907939095057634,COMPLETE
29,0.881286412512219,2026-03-23 17:58:48.387243,2026-03-23 17:58:48.783100,0 days 00:00:00.395857,0.7488621218277184,2.8451843584555845,0.07681137358946605,8,3.149580541288356,5.87126620926705e-05,2.992869823164107,0.6477639824328913,COMPLETE
30,0.8795571847507332,2026-03-23 17:58:48.804388,2026-03-23 17:58:49.259993,0 days 00:00:00.455605,0.6934454829698626,2.545060839300965,0.06495047074576688,8,1.0244058701234713,0.5146368872347215,12.155578708325308,0.6769967145632586,COMPLETE
31,0.8843147605083089,2026-03-23 17:58:49.281613,2026-03-23 17:58:49.644572,0 days 00:00:00.362959,0.7346379079643323,1.2456793843346603,0.08425373307281132,7,1.9583179426228419,0.0011862556329207648,0.5396264023006418,0.82346679993291,COMPLETE
32,0.8825659824046921,2026-03-23 17:58:49.664986,2026-03-23 17:58:49.990661,0 days 00:00:00.325675,0.6770815229087339,2.06391357420115,0.09106922873819011,7,1.9975613425942895,0.0007677947974879289,0.555354265101886,0.8039639447586535,COMPLETE
33,0.8836842619745846,2026-03-23 17:58:50.013020,2026-03-23 17:58:50.457473,0 days 00:00:00.444453,0.7899150723382571,1.365971251649942,0.055873027660122185,7,1.5712775747335717,2.606856475512105e-05,0.15827041129721076,0.8949282503261204,COMPLETE
34,0.8830009775171066,2026-03-23 17:58:50.479341,2026-03-23 17:58:50.767295,0 days 00:00:00.287954,0.7554485233899203,0.44650480872127996,0.10990432509597631,8,1.1823714974275346,0.015417564442210319,0.07034196236244292,0.8485896935001601,COMPLETE
35,0.871891495601173,2026-03-23 17:58:50.787897,2026-03-23 17:58:51.179842,0 days 00:00:00.391945,0.6021834301509251,1.546965721279327,0.062443778929918516,7,2.7362697103424307,9.951532028379305,0.27069549746054533,0.7377084991227357,COMPLETE
36,0.8831055718475074,2026-03-23 17:58:51.200553,2026-03-23 17:58:51.499509,0 days 00:00:00.298956,0.7173528489857287,2.4308998877068477,0.14703042931769908,8,2.2683768180880066,0.006175226538060809,0.02387057359483385,0.9337706716615429,COMPLETE
37,0.8819657869012707,2026-03-23 17:58:51.519878,2026-03-23 17:58:51.882474,0 days 00:00:00.362596,0.6835609975401781,3.020529012207769,0.04986496456748003,7,1.5419215510747983,0.0013108105156366746,1.003102676964083,0.7814745410447079,COMPLETE
38,0.8831612903225806,2026-03-23 17:58:51.902296,2026-03-23 17:58:52.287642,0 days 00:00:00.385346,0.8745497190661975,1.1607426157154273,0.08232097544954818,6,1.219954180466671,3.393919865398478e-06,0.44983748077634034,0.8419301594370655,COMPLETE
39,0.8769472140762464,2026-03-23 17:58:52.307462,2026-03-23 17:58:52.797523,0 days 00:00:00.490061,0.8316205048205425,2.013088246768931,0.03237626837861466,8,9.098741877545365,0.011777068545808376,0.19162510025534318,0.803189921332007,COMPLETE
40,0.878288367546432,2026-03-23 17:58:52.818134,2026-03-23 17:58:53.230985,0 days 00:00:00.412851,0.655874821874246,4.611211174493228,0.045905047342708345,7,2.96616913683259,0.18067693659369893,1.7076985833551337,0.7149912952294396,COMPLETE
41,0.8843822091886607,2026-03-23 17:58:53.250893,2026-03-23 17:58:51.682639,-1 days +23:59:58.431746,0.7343385957659175,1.157525115724739,0.07283590507298772,7,1.8818818843744862,0.0031253536499421582,0.3651802907852098,0.8092117212245202,COMPLETE
42,0.8834193548387096,2026-03-23 17:58:51.702568,2026-03-23 17:58:52.080286,0 days 00:00:00.377718,0.7033709032013122,1.6566050870929694,0.09386921713381902,7,1.9794988462458238,0.000988020490958134,0.7321046576122251,0.7555247499471163,COMPLETE
43,0.8833763440860215,2026-03-23 17:58:52.099322,2026-03-23 17:58:52.425454,0 days 00:00:00.326132,0.7616010741972563,0.6030572623680489,0.12342023694045398,6,1.0028951461369044,1.943845395615547e-05,0.2978797067331913,0.8539806183321297,COMPLETE
44,0.880868035190616,2026-03-23 17:58:52.447235,2026-03-23 17:58:52.818882,0 days 00:00:00.371647,0.7271283761178217,1.3893571651967567,0.0668927922539836,8,1.5157844590047043,0.001962734619646917,0.07083132430867338,0.6005800047171014,COMPLETE
45,0.88424926686217,2026-03-23 17:58:52.838144,2026-03-23 17:58:53.207676,0 days 00:00:00.369532,0.7902960296649729,1.8462338740713924,0.07867018298090227,7,1.7057435827771397,0.00021597241417539045,0.03481512047503099,0.8261024245513608,COMPLETE
46,0.8834780058651027,2026-03-23 17:58:53.228201,2026-03-23 17:58:53.638568,0 days 00:00:00.410367,0.765873875371562,1.1517702527524651,0.05987185660481378,8,1.3522033251553154,0.030238497252974308,0.1617169620697524,0.8098214231757036,COMPLETE
47,0.8839667644183773,2026-03-23 17:58:53.659807,2026-03-23 17:58:53.961415,0 days 00:00:00.301608,0.736299254040452,0.046415888966250485,0.19346496001404595,6,1.1390951760753596,0.07861606957207275,0.5960003968009797,0.869850729384638,COMPLETE
48,0.877989247311828,2026-03-23 17:58:53.981234,2026-03-23 17:58:54.367132,0 days 00:00:00.385898,0.6684011698811312,2.6934726913749394,0.10342845730404161,3,3.90763391883798,0.010798600537022907,0.996579873923399,0.7730757128996519,COMPLETE
49,0.8838895405669599,2026-03-23 17:58:54.385842,2026-03-23 17:58:54.698446,0 days 00:00:00.312604,0.7062741385720777,2.2123787130019967,0.07233092705877822,7,1.8352108440901957,4.355619295102057e-05,0.36102262873462054,0.835953285784968,COMPLETE
50,0.881394916911046,2026-03-23 17:58:54.718001,2026-03-23 17:58:55.123770,0 days 00:00:00.405769,0.8007381835274342,0.7603070089402382,0.08987287319765662,5,2.114212391299626,0.0004944567039151005,3.0604302454687504,0.7454636247308191,COMPLETE
51,0.8848651026392961,2026-03-23 17:58:55.143667,2026-03-23 17:58:55.544655,0 days 00:00:00.400988,0.7899527510920119,1.7596518599638058,0.07940631113362605,7,1.6951952098220655,0.000151530062410273,0.030773140399946945,0.8275885458719311,COMPLETE
52,0.8816324535679374,2026-03-23 17:58:55.563501,2026-03-23 17:58:55.873295,0 days 00:00:00.309794,0.8207457330237609,1.6511515567551187,0.11241670816800244,7,1.735864696748581,0.0001426694134244431,0.02410482478691811,0.7938266175224467,COMPLETE
53,0.8804819159335289,2026-03-23 17:58:55.892375,2026-03-23 17:58:56.233763,0 days 00:00:00.341388,0.7791793083748964,1.5199487921214834,0.09549394753623396,6,2.3247511922496207,1.224273813557606e-06,0.012530227361947954,0.8924752305304228,COMPLETE
54,0.885227761485826,2026-03-23 17:58:56.251902,2026-03-23 17:58:56.665947,0 days 00:00:00.414045,0.8432740284128758,1.8101752795789716,0.05852199486840336,8,1.4164986739094108,8.861104439082191e-06,0.055953980564728244,0.8370710654702871,COMPLETE
55,0.883030303030303,2026-03-23 17:58:56.686958,2026-03-23 17:58:57.095519,0 days 00:00:00.408561,0.8561397014764142,1.0116839385297665,0.05864660185836575,7,1.8824008104718215,8.318057719087963e-06,0.05277930005006474,0.865463293040264,COMPLETE
56,0.8834916911045942,2026-03-23 17:58:57.115040,2026-03-23 17:58:57.549283,0 days 00:00:00.434243,0.843207427330053,2.3371436022855847,0.04975649222353937,7,1.6050201792779106,2.54283434143707e-07,0.03461571884031534,0.9144653665421887,COMPLETE
57,0.8823255131964809,2026-03-23 17:58:57.570770,2026-03-23 17:58:58.000852,0 days 00:00:00.430082,0.874312831983052,1.2212598137406832,0.0432552008589744,7,2.642156908648014,1.1747900106586425e-05,0.07717797974255794,0.8336677044834486,COMPLETE
58,0.8819872922776147,2026-03-23 17:58:58.020093,2026-03-23 17:58:58.402127,0 days 00:00:00.382034,0.8132391781320657,1.7710336186563522,0.06836686035936052,8,4.887330836151734,1.0924230053361557e-08,0.016694884005994462,0.934768592828608,COMPLETE
59,0.8836412512218963,2026-03-23 17:58:58.421055,2026-03-23 17:58:58.811842,0 days 00:00:00.390787,0.790854932772704,2.1418018264196728,0.07564039146851034,6,1.107176036587125,6.584025771819653e-07,0.09605488002713802,0.8794724931230796,COMPLETE
60,0.8682316715542523,2026-03-23 17:58:58.831859,2026-03-23 17:58:59.110093,0 days 00:00:00.278234,0.6416518368879359,1.489085411854833,0.01789528035385612,8,7.18106807676596,8.943153273602179e-05,0.03741089827801569,0.8511377829273096,COMPLETE
61,0.8844183773216031,2026-03-23 17:58:59.128673,2026-03-23 17:58:59.486372,0 days 00:00:00.357699,0.749368112999863,2.0384172382214505,0.08584166235190378,8,1.4230042006209174,0.0003708984930342375,0.1996427461911771,0.8201405453138225,COMPLETE
62,0.8831837732160313,2026-03-23 17:58:59.504233,2026-03-23 17:58:59.843150,0 days 00:00:00.338917,0.7477439616192647,1.939714809716371,0.10092520772970817,8,1.4942900177912068,0.00033912255006875896,0.25858917431069445,0.7986566632065538,COMPLETE
63,0.8845933528836754,2026-03-23 17:58:59.863434,2026-03-23 17:59:00.208515,0 days 00:00:00.345081,0.7776802433897214,2.374865121311828,0.08800931456781348,8,1.279198897009676,0.0001787278757360133,0.1576271361424011,0.829298756255849,COMPLETE
64,0.8834467253176931,2026-03-23 17:59:00.227133,2026-03-23 17:59:00.617248,0 days 00:00:00.390115,0.8318885897367124,2.602964004410339,0.06498352441126405,8,1.3108926252874125,3.865768935778247e-05,0.14353798619808134,0.7822154250100957,COMPLETE
65,0.8835024437927664,2026-03-23 17:59:00.636605,2026-03-23 17:59:01.034301,0 days 00:00:00.397696,0.7756803041280798,2.307419041651998,0.07171502474276932,8,1.2087920745660998,0.00014350612106504574,0.20977747590061546,0.7689557755833781,COMPLETE
66,0.8826735092864124,2026-03-23 17:59:01.057413,2026-03-23 17:59:01.346418,0 days 00:00:00.289005,0.8055443171598134,2.8640992957319567,0.11881946802548451,8,1.7083791103617734,4.156558556412854e-06,0.05036726789602572,0.834580118216563,COMPLETE
67,0.8826783968719453,2026-03-23 17:59:01.365282,2026-03-23 17:59:01.762766,0 days 00:00:00.397484,0.76013803119319,2.4845741889728634,0.08745073923235132,4,1.4010280853851687,9.598574879754641e-05,0.07617495208829105,0.8130286850847486,COMPLETE
68,0.8848260019550342,2026-03-23 17:59:01.778804,2026-03-23 17:59:02.198328,0 days 00:00:00.419524,0.7884254782865948,3.0422242677845373,0.05292606830919417,8,1.0827094305185676,0.0002578570459772543,0.09361427608270165,0.859224478108666,COMPLETE
69,0.8833597262952102,2026-03-23 17:59:02.216517,2026-03-23 17:59:02.578351,0 days 00:00:00.361834,0.8466295442364951,3.2678218048300436,0.05362072618449438,8,1.100486451780001,0.00022350801322799382,0.01849695556181141,0.9051491477199369,COMPLETE
70,0.8811241446725318,2026-03-23 17:59:02.598212,2026-03-23 17:59:03.131104,0 days 00:00:00.532892,0.8213162677856617,2.653124970858089,0.03170216996382845,8,1.270811803558254,1.1720185931776326e-05,8.314531468732582,0.8585791689640234,COMPLETE
71,0.8838484848484849,2026-03-23 17:59:03.150222,2026-03-23 17:59:03.519086,0 days 00:00:00.368864,0.7879243158887334,3.062025576872742,0.05946888592902784,8,1.453604887623833,0.0005918301740302276,0.10293955986772482,0.8792415317759702,COMPLETE
72,0.8851075268817205,2026-03-23 17:59:03.538072,2026-03-23 17:59:03.940898,0 days 00:00:00.402826,0.8004638071708101,2.066171700602365,0.046380491950601566,8,1.0626491109582274,0.00200703072837482,0.1326686222896999,0.8405220133170781,COMPLETE
73,0.8849071358748778,2026-03-23 17:59:03.961450,2026-03-23 17:59:04.341112,0 days 00:00:00.379662,0.8008846206874738,3.4397847671460764,0.04599521529676306,8,1.0625835656779805,3.24807663902574e-05,0.1341307950583029,0.8442792345160443,COMPLETE
74,0.8835131964809384,2026-03-23 17:59:04.365595,2026-03-23 17:59:04.884881,0 days 00:00:00.519286,0.7962477821809905,2.092863111850763,0.026580865118008407,8,1.0466971307526909,1.9344593759383616e-05,0.05906804748022122,0.8448538909018282,COMPLETE
75,0.883811339198436,2026-03-23 17:59:04.903056,2026-03-23 17:59:05.335724,0 days 00:00:00.432668,0.780877524474586,3.9144676249094674,0.03558794192493416,8,1.1511028221926887,3.43794172730517e-05,0.13045721711696665,0.82615480612898,COMPLETE
76,0.8823890518084068,2026-03-23 17:59:05.355753,2026-03-23 17:59:05.743911,0 days 00:00:00.388158,0.8287162198139667,3.6274263407249254,0.04543869073884909,8,1.001769453109005,5.279941257296698e-05,0.04259658848068109,0.8591999215324037,COMPLETE
77,0.8837585532746823,2026-03-23 17:59:05.763231,2026-03-23 17:59:06.141832,0 days 00:00:00.378601,0.7999562174509891,3.544977284210271,0.04857660900319382,8,1.2097625015620717,6.536411460195909e-06,0.0903353113974531,0.8451836832724938,COMPLETE
78,0.8824242424242423,2026-03-23 17:59:06.159163,2026-03-23 17:59:06.582206,0 days 00:00:00.423043,0.9910158684295107,4.263624740944185,0.041997369205162706,8,1.3318515955972003,0.0003209093565276792,0.1935925820865171,0.7927512079257857,COMPLETE
79,0.8815669599217987,2026-03-23 17:59:06.601075,2026-03-23 17:59:06.960314,0 days 00:00:00.359239,0.7535808723095151,3.1481668363318804,0.04030853007747368,8,1.1171330216978834,1.5411253603677861,0.06066583465137465,0.8196477098949144,COMPLETE
80,0.8851280547409579,2026-03-23 17:59:06.980421,2026-03-23 17:59:07.492027,0 days 00:00:00.511606,0.807737614326498,1.8752432488691584,0.035375411383843175,8,1.0731092825249886,2.5873006656481737e-06,0.16790800376007406,0.8346064192866256,COMPLETE
81,0.8836725317693059,2026-03-23 17:59:07.510756,2026-03-23 17:59:07.863546,0 days 00:00:00.352790,0.8092994120521346,3.4406834415020198,0.05491568050633915,8,1.2590838339421406,3.035983460710205e-06,0.1763766641842497,0.8378550043944839,COMPLETE
82,0.8749217986314761,2026-03-23 17:59:07.885650,2026-03-23 17:59:08.163800,0 days 00:00:00.278150,0.7693368694589557,1.7640090605932621,0.028847148156951257,8,1.0596893628678334,8.33295465442407e-05,0.23582657874610985,0.8293088591447866,COMPLETE
83,0.8838826979472142,2026-03-23 17:59:08.181247,2026-03-23 17:59:08.590933,0 days 00:00:00.409686,0.8232440593364774,1.9441014088255997,0.033800104172032476,8,1.1670108168280444,1.2655705005074914e-07,0.13934642891596555,0.8599285769743341,COMPLETE
84,0.8823880742913002,2026-03-23 17:59:08.610990,2026-03-23 17:59:09.018382,0 days 00:00:00.407392,0.8387690833720922,2.4028743699854176,0.036447764833610556,8,1.3470008977432328,1.5673336552117913e-06,0.08838196182113404,0.870320843142908,COMPLETE
85,0.8806500488758555,2026-03-23 17:59:09.039199,2026-03-23 17:59:09.365488,0 days 00:00:00.326289,0.8543344541709744,3.7854059319772353,0.048077091066610116,8,1.442557107899438,0.00154593473931296,0.11000464876257053,0.8023752748108443,COMPLETE
86,0.8842629521016618,2026-03-23 17:59:09.391233,2026-03-23 17:59:09.803976,0 days 00:00:00.412743,0.7855289654216261,2.2155391372831152,0.0400519860429002,8,1.080725317702208,1.3200460222246882e-05,0.03076301584735843,0.8136626837974281,COMPLETE
