number,value,datetime_start,datetime_complete,duration,params_colsample_bytree,params_gamma,params_learning_rate,params_max_depth,params_min_child_weight,params_reg_alpha,params_reg_lambda,params_subsample,state
1932,0.8852375366568915,2026-03-23 18:08:14.062732,2026-03-23 18:08:14.394917,0 days 00:00:00.332185,0.9791096016971488,1.7344061461848599,0.11982568287319093,8,3.5145204657190474,0.06515380683429176,0.0451742927885133,0.8394692720416335,COMPLETE
1933,0.8890029325513198,2026-03-23 18:08:14.408262,2026-03-23 18:08:14.749445,0 days 00:00:00.341183,0.9726379471244601,1.4726865134538896,0.14423626027,8,1.094916327740707,0.013008310957958815,0.036975889871562646,0.8681788145525356,COMPLETE
1934,0.8867086999022482,2026-03-23 18:08:14.762480,2026-03-23 18:08:15.058072,0 days 00:00:00.295592,0.9585761756904477,1.271106522187901,0.14745442196100322,8,1.0829640464928711,0.007761360740251677,0.05101746210135888,0.8633232245816866,COMPLETE
1935,0.8865151515151515,2026-03-23 18:08:15.079609,2026-03-23 18:08:15.394945,0 days 00:00:00.315336,0.9473619083092037,1.3935104656240727,0.14768322413451002,8,1.0543177155441992,0.012063452677089505,0.043118558712221824,0.866056697689261,COMPLETE
1936,0.8869286412512218,2026-03-23 18:08:15.412912,2026-03-23 18:08:15.685259,0 days 00:00:00.272347,0.9539850302259878,1.2999848784724692,0.15604319825706126,8,1.0786620282840738,0.014356861150678238,0.040209755110844785,0.8570338083412725,COMPLETE
1937,0.8832932551319648,2026-03-23 18:08:15.702904,2026-03-23 18:08:16.084407,0 days 00:00:00.381503,0.9645020717812913,1.4115700493537529,0.1422074782766094,4,1.0458983300418294,0.0085192133965989,0.037311362365875934,0.8585074780399458,COMPLETE
1938,0.8832668621700879,2026-03-23 18:08:16.101204,2026-03-23 18:08:16.405571,0 days 00:00:00.304367,0.9660336503970315,1.445468403348017,0.1573155572385937,7,1.0007280543222,0.012125594696702163,0.04947998450859883,0.8667643292634403,COMPLETE
1939,0.8849569892473119,2026-03-23 18:08:16.437181,2026-03-23 18:08:16.751458,0 days 00:00:00.314277,0.7708254390336952,2.45714103601444,0.13894885059255865,8,1.0907840727004077,0.007353489023886462,0.03739576050518037,0.8505362898786673,COMPLETE
1940,0.8889247311827958,2026-03-23 18:08:16.766494,2026-03-23 18:08:17.065816,0 days 00:00:00.299322,0.9599190530848276,1.9961175180827422,0.1469958825109189,8,1.104240698059967,0.015992516627570882,0.056155257310273626,0.8682104317411394,COMPLETE
1941,0.8863822091886608,2026-03-23 18:08:17.079671,2026-03-23 18:08:17.361748,0 days 00:00:00.282077,0.9520373009586192,2.1820894356718767,0.16548552529600044,8,1.0536179341439094,0.016601107168342732,0.06881416796156323,0.8735685355175156,COMPLETE
1942,0.8847644183773217,2026-03-23 18:08:17.374159,2026-03-23 18:08:17.648066,0 days 00:00:00.273907,0.9454912323155756,2.026840801427423,0.15315235234168892,8,1.1154884169786898,0.012167124196385892,0.08829207511672518,0.8710974468130714,COMPLETE
1943,0.8857771260997067,2026-03-23 18:08:17.660563,2026-03-23 18:08:17.942517,0 days 00:00:00.281954,0.954849863479278,2.2124534360744437,0.1612448186977454,8,1.0423453172867307,0.0157985519124532,0.042506065469404254,0.8708730369256253,COMPLETE
1944,0.884405669599218,2026-03-23 18:08:17.956930,2026-03-23 18:08:18.238097,0 days 00:00:00.281167,0.945705591613582,2.1488138344517314,0.1499959413035166,8,3.257181144056141,0.007745379419857462,0.07193231018855362,0.8764838732074336,COMPLETE
1945,0.8864877810361681,2026-03-23 18:08:18.251415,2026-03-23 18:08:18.536578,0 days 00:00:00.285163,0.9574940369156775,2.121393166447289,0.16388833062419222,8,1.1152057109489382,0.01060130716766845,0.04706098915436409,0.8687316482981405,COMPLETE
1946,0.8853401759530792,2026-03-23 18:08:18.551503,2026-03-23 18:08:18.822323,0 days 00:00:00.270820,0.956447079540177,2.0887875036986663,0.1725538319650523,8,1.0467792754653054,0.017144833836852877,0.07381378101935843,0.8704606002299485,COMPLETE
1947,0.8871837732160313,2026-03-23 18:08:18.835819,2026-03-23 18:08:19.146030,0 days 00:00:00.310211,0.9433666670535095,2.261807463763171,0.15387417095593386,8,1.127983885740724,0.011261161918645825,0.06127899054436776,0.8649586671635058,COMPLETE
1948,0.8836715542521995,2026-03-23 18:08:19.163370,2026-03-23 18:08:19.441459,0 days 00:00:00.278089,0.9555445628334028,2.086917291914131,0.16041978534972162,8,1.0018332989644565,0.017826193603421605,0.06062195811264282,0.8724628032872875,COMPLETE
1949,0.8831603128054741,2026-03-23 18:08:19.455235,2026-03-23 18:08:19.784641,0 days 00:00:00.329406,0.9383876402389637,1.9559825495200307,0.14750669177299588,8,1.1042837854162442,0.006784411089462263,0.055589198840798874,0.8782117459128981,COMPLETE
1950,0.8849872922776149,2026-03-23 18:08:19.799683,2026-03-23 18:08:20.095842,0 days 00:00:00.296159,0.9493590541157128,2.0292203046077617,0.14439475212502492,8,1.1417970222531126,0.020134630677794405,0.10650658250291985,0.8647152029202084,COMPLETE
1951,0.879839687194526,2026-03-23 18:08:20.109002,2026-03-23 18:08:20.458463,0 days 00:00:00.349461,0.9629688499018229,2.0080593176618153,0.17882669675712526,3,1.0380651596675672,0.01055672207522192,0.0893236791399342,0.878640099760682,COMPLETE
1952,0.8859032258064518,2026-03-23 18:08:20.472091,2026-03-23 18:08:20.921933,0 days 00:00:00.449842,0.9546837196910828,2.239737852251269,0.15742055810219044,8,1.0723138288985041,0.005022787968710078,0.08547286774055528,0.8634699042751359,COMPLETE
1953,0.8866392961876832,2026-03-23 18:08:20.937994,2026-03-23 18:08:21.234058,0 days 00:00:00.296064,0.9617082685957816,1.984311185246406,0.145631125925027,8,1.1580521116177043,0.020162614055927786,0.06555750173950876,0.8618089735831854,COMPLETE
1954,0.8793812316715544,2026-03-23 18:08:21.248590,2026-03-23 18:08:21.530267,0 days 00:00:00.281677,0.9618878809308337,2.3437105916333776,0.16944255782140544,8,8.672056052820025,0.012881980296795803,0.06496867699001743,0.8742110346903106,COMPLETE
1955,0.8849648093841642,2026-03-23 18:08:21.544170,2026-03-23 18:08:21.837251,0 days 00:00:00.293081,0.941958710148199,2.0430637863092933,0.15409907401112363,8,1.084484784243816,0.005405808488273903,0.0583598970378494,0.8687384249772889,COMPLETE
1956,0.8864486803519062,2026-03-23 18:08:21.850259,2026-03-23 18:08:22.138409,0 days 00:00:00.288150,0.9485200083041636,2.093301164461968,0.13964775073855595,8,1.040160083381393,0.02415686602284097,0.07459610596634433,0.8616334570596702,COMPLETE
1957,0.8832629521016618,2026-03-23 18:08:22.151423,2026-03-23 18:08:22.463398,0 days 00:00:00.311975,0.6331589759839911,1.9594569761225418,0.1457597697885213,8,4.0000166733285925,0.008672007133474074,0.05558199409846139,0.878320381370794,COMPLETE
1958,0.8870811339198434,2026-03-23 18:08:22.477524,2026-03-23 18:08:22.794087,0 days 00:00:00.316563,0.9333927795445037,2.269414023284881,0.1622608661395015,8,1.0020098600398992,0.015958497192030442,0.04971639123198266,0.858510704651031,COMPLETE
1959,0.8830332355816226,2026-03-23 18:08:22.808710,2026-03-23 18:08:23.106157,0 days 00:00:00.297447,0.9644737438550817,2.1650556979748368,0.1345968436051606,8,1.1353702952269924,0.011368437595232053,0.05335873205468666,0.8702696748386382,COMPLETE
1960,0.8840156402737048,2026-03-23 18:08:23.119854,2026-03-23 18:08:23.379405,0 days 00:00:00.259551,0.9574194752732719,1.9462931617527208,0.17946605783218347,8,1.0990016341164226,0.02508413704625141,0.05740585231697178,0.8806233361005918,COMPLETE
1961,0.8801065493646139,2026-03-23 18:08:23.393133,2026-03-23 18:08:23.682689,0 days 00:00:00.289556,0.950333787581935,1.8989329932342485,0.15625871442553566,8,7.989330143618355,0.003241052809013514,0.06855708545746814,0.8669857963445388,COMPLETE
1962,0.8880918866080156,2026-03-23 18:08:23.695477,2026-03-23 18:08:23.971830,0 days 00:00:00.276353,0.9616141383249835,2.044120227247236,0.13633941401755734,8,1.168684804392475,0.006408008599553775,0.04970389556364353,0.858435378387153,COMPLETE
1963,0.8822678396871946,2026-03-23 18:08:23.986179,2026-03-23 18:08:24.284653,0 days 00:00:00.298474,0.9676184976233473,1.9124739283283654,0.14806334973780227,8,2.627661746452758,0.012016432881223551,0.052896726170634394,0.8742682832776469,COMPLETE
1964,0.8849335288367546,2026-03-23 18:08:24.297054,2026-03-23 18:08:24.596536,0 days 00:00:00.299482,0.9312664828423889,2.5805668634685537,0.1684285318434902,8,1.1130206244892673,0.021342664774982784,0.07947072584921878,0.8612033623946357,COMPLETE
1965,0.8848181818181817,2026-03-23 18:08:24.610634,2026-03-23 18:08:24.909555,0 days 00:00:00.298921,0.9679727376360306,2.1374242728461734,0.14089737710778372,8,1.1655517306100311,0.008423671615815595,0.0465456061803067,0.8668580268332974,COMPLETE
1966,0.8837106549364613,2026-03-23 18:08:24.923802,2026-03-23 18:08:25.264375,0 days 00:00:00.340573,0.9539531864433967,1.9656948065571618,0.13368417583055647,8,1.0504775566016922,0.015864755114396993,0.06006538649313369,0.8551396312430921,COMPLETE
1967,0.8838435972629521,2026-03-23 18:08:25.278481,2026-03-23 18:08:25.570380,0 days 00:00:00.291899,0.96170156927442,1.8560854367816289,0.15251579248973632,8,1.0466858084836308,0.0038649137214891998,0.04400959268179315,0.8803980340968481,COMPLETE
1968,0.882448680351906,2026-03-23 18:08:25.583127,2026-03-23 18:08:25.865730,0 days 00:00:00.282603,0.9412264353364201,2.411842110598931,0.16400416594231187,8,1.1983346005791509,0.00515346899948402,0.06460410350382612,0.8701949313816904,COMPLETE
1969,0.8875190615835777,2026-03-23 18:08:25.880481,2026-03-23 18:08:26.170159,0 days 00:00:00.289678,0.9692239954455975,2.065045214410524,0.1428225507321206,8,1.0013357484777488,0.023289706986081852,0.04720055459592597,0.8547653225481441,COMPLETE
1970,0.8859345063538612,2026-03-23 18:08:26.182942,2026-03-23 18:08:26.464957,0 days 00:00:00.282015,0.9577277703402741,1.8898699104972938,0.1305891908516806,8,1.0886589991327043,0.014497464479142016,0.04020148816196724,0.8816449171864184,COMPLETE
1971,0.8793587487781036,2026-03-23 18:08:26.478980,2026-03-23 18:08:26.783045,0 days 00:00:00.304065,0.9684840814850675,2.0163702922839595,0.17547613363880735,8,9.787528930743864,0.008002570068838097,0.05346767249789055,0.863079374799077,COMPLETE
1972,0.8824232649071357,2026-03-23 18:08:26.798412,2026-03-23 18:08:27.110569,0 days 00:00:00.312157,0.9430975265464605,1.9161012277288505,0.1535836916520403,8,3.43565083470872,0.027339212131139146,0.042308929449815874,0.8721893553255224,COMPLETE
1973,0.8864457478005865,2026-03-23 18:08:27.124265,2026-03-23 18:08:27.385682,0 days 00:00:00.261417,0.9496561246184216,2.155354820362078,0.18632131616913755,8,1.1428886715098268,0.011248546899922088,0.08066393751858225,0.85757278729134,COMPLETE
1974,0.8837155425219942,2026-03-23 18:08:27.399868,2026-03-23 18:08:27.690741,0 days 00:00:00.290873,0.9700370739756915,1.853747742389036,0.13390002793828312,8,1.0860766363806544,0.0156775736355909,0.036412485198791186,0.8646443031503199,COMPLETE
1975,0.8833822091886608,2026-03-23 18:08:27.703863,2026-03-23 18:08:27.996444,0 days 00:00:00.292581,0.959192919858544,2.6304520032003915,0.14493649026306535,7,1.1950291882754311,0.028193027768746663,0.05474267150263008,0.8513948968555253,COMPLETE
1976,0.8859051808406648,2026-03-23 18:08:28.008802,2026-03-23 18:08:28.321760,0 days 00:00:00.312958,0.9347753370295278,2.0088261328353094,0.16089932360897327,8,1.135425674963443,0.006778778328454507,0.044898698611497166,0.8755344072884572,COMPLETE
1977,0.8863460410557183,2026-03-23 18:08:28.334638,2026-03-23 18:08:26.678640,-1 days +23:59:58.344002,0.9695922902187182,2.205355579094772,0.1294806753704856,8,1.0511227887678447,0.01861483726277377,0.036424850786107583,0.8831174866885318,COMPLETE
1978,0.8856578690127077,2026-03-23 18:08:26.690373,2026-03-23 18:08:27.004628,0 days 00:00:00.314255,0.9624506359950998,1.1906545325025664,0.1394894960168234,8,1.1114045443862508,0.003772674880868374,0.06492616779537337,0.7614094088297683,COMPLETE
1979,0.8860400782013685,2026-03-23 18:08:27.018354,2026-03-23 18:08:27.325669,0 days 00:00:00.307315,0.9709930692875752,1.8313989144813105,0.14724081635256595,8,1.000526380241534,0.008575736424758545,0.03248658630736162,0.8592185208973795,COMPLETE
1980,0.8833734115347018,2026-03-23 18:08:27.338558,2026-03-23 18:08:27.637263,0 days 00:00:00.298705,0.9514709879549312,1.2855607260385504,0.16765735912758,8,1.1910287949604752,0.015081141255208015,0.03983989176652052,0.8690020197971122,COMPLETE
1981,0.8790068426197457,2026-03-23 18:08:27.650088,2026-03-23 18:08:27.911890,0 days 00:00:00.261802,0.9747049011609679,2.297293819397706,0.15534058653225508,8,1.078774447095334,0.029581736119329956,0.047631862194971564,0.9993559676165746,COMPLETE
1982,0.8852326490713588,2026-03-23 18:08:27.925804,2026-03-23 18:08:28.220789,0 days 00:00:00.294985,0.9631160714187129,1.9486110817096585,0.12950644100411465,8,1.1597084748367514,0.010847529444677572,0.10035004370315809,0.8477720487671737,COMPLETE
1983,0.8856168132942328,2026-03-23 18:08:28.235060,2026-03-23 18:08:28.522983,0 days 00:00:00.287923,0.9703468949941483,2.543986599829204,0.13913518615133094,8,1.2068162422147293,0.024234203201724255,0.031662447081166264,0.8732942369131398,COMPLETE
1984,0.8810850439882697,2026-03-23 18:08:28.537334,2026-03-23 18:08:28.852310,0 days 00:00:00.314976,0.8423243237216667,2.114993684051806,0.14683968911249684,8,1.0386097933552494,0.004988676782225093,0.7503928152340301,0.8537492662093198,COMPLETE
1985,0.884516129032258,2026-03-23 18:08:28.866377,2026-03-23 18:08:29.163843,0 days 00:00:00.297466,0.9737271286108802,1.8232799953551522,0.12640759595847,8,3.6469725284281673,0.029684358772928632,0.040184540357767466,0.8633099556611926,COMPLETE
1986,0.8837595307917888,2026-03-23 18:08:29.180185,2026-03-23 18:08:29.452871,0 days 00:00:00.272686,0.9402285539012765,1.9411498967185885,0.17476879791114397,8,2.8937909265337387,0.009639173649593383,0.054639913695767935,0.8815637711446526,COMPLETE
1987,0.8818543499511242,2026-03-23 18:08:29.467247,2026-03-23 18:08:29.742886,0 days 00:00:00.275639,0.9560859509739996,1.8052078905583857,0.1584778343704672,8,4.915067087758261,0.0027609916581094705,0.03453248386807305,0.8671391750449553,COMPLETE
1988,0.8845913978494624,2026-03-23 18:08:29.759493,2026-03-23 18:08:30.026867,0 days 00:00:00.267374,0.9309272633848533,2.0060673422163675,0.1899870094044778,8,1.1018736698730582,0.014459310903164827,0.048724739618441044,0.847148233607109,COMPLETE
1989,0.884822091886608,2026-03-23 18:08:30.043006,2026-03-23 18:08:30.336432,0 days 00:00:00.293426,0.9740101284563806,1.3137771472369155,0.134967754673355,8,1.22058903408804,0.007700582598812658,0.031010297597432675,0.8567702163861745,COMPLETE
1990,0.8843880742913002,2026-03-23 18:08:30.349174,2026-03-23 18:08:30.660725,0 days 00:00:00.311551,0.9468875921502061,2.682146352633737,0.14811053331362678,8,1.153541254434082,0.01747451523287841,0.042420092838782675,0.8754699554627368,COMPLETE
1991,0.87972238514174,2026-03-23 18:08:30.674279,2026-03-23 18:08:31.050244,0 days 00:00:00.375965,0.9637150866003554,2.3372249124763513,0.02205170390636138,8,2.433304117464729,0.03185676898403893,0.035521960421744755,0.861547423716767,COMPLETE
1992,0.8853118279569893,2026-03-23 18:08:31.064110,2026-03-23 18:08:31.359044,0 days 00:00:00.294934,0.9729610649416955,2.0767410872965466,0.12664791978860002,8,1.0008805811235746,0.02095037771227817,0.07249598676608174,0.8527394516352801,COMPLETE
1993,0.8843695014662758,2026-03-23 18:08:31.371705,2026-03-23 18:08:31.646498,0 days 00:00:00.274793,0.9197671216796864,1.8556901196969036,0.16707456976188095,8,1.0741808927744885,1.664563323576867e-05,0.02937758797338666,0.8843517158887736,COMPLETE
1994,0.882661779081134,2026-03-23 18:08:31.659805,2026-03-23 18:08:32.014668,0 days 00:00:00.354863,0.9600907500866575,1.3790699993168338,0.13741290456140023,5,1.1189514755010534,0.004659004594028517,0.06085708426262932,0.8704732364840072,COMPLETE
1995,0.8851730205278592,2026-03-23 18:08:32.029376,2026-03-23 18:08:32.308727,0 days 00:00:00.279351,0.9676095650143556,2.4846304860650816,0.1522251762728055,8,1.0506442995211798,0.03519743333166834,0.03713903152984729,0.8434712980709699,COMPLETE
1996,0.8838895405669599,2026-03-23 18:08:32.323019,2026-03-23 18:08:32.621209,0 days 00:00:00.298190,0.9776385670076116,1.910731511533542,0.12856600312072397,8,1.2134207629089149,0.010507676612327264,0.1236103896075524,0.8621717678368782,COMPLETE
1997,0.8831143695014663,2026-03-23 18:08:32.634158,2026-03-23 18:08:32.922980,0 days 00:00:00.288822,0.8125346803740172,1.782554525113602,0.14242505631370994,8,1.1412405676092185,0.020490541748520077,0.04638616460212084,0.8766033797768966,COMPLETE
1998,0.8794652981427176,2026-03-23 18:08:32.937908,2026-03-23 18:08:33.317009,0 days 00:00:00.379101,0.9497264116206229,1.4861508776357695,0.1782729970095593,6,5.934114871453605,0.013764143419732889,0.029113687989859624,0.6428285076541433,COMPLETE
1999,0.8856608015640273,2026-03-23 18:08:33.330505,2026-03-23 18:08:33.640438,0 days 00:00:00.309933,0.9745783531053397,2.2145944212802235,0.16009385655621602,8,1.0001841468964956,0.006583710924480738,0.04101684656437545,0.8537227589690521,COMPLETE
