number,value,datetime_start,datetime_complete,duration,params_colsample_bytree,params_gamma,params_learning_rate,params_max_depth,params_min_child_weight,params_reg_alpha,params_reg_lambda,params_subsample,state
614,0.8819286412512221,2026-03-23 18:01:50.012280,2026-03-23 18:01:50.275912,0 days 00:00:00.263632,0.9201307300944435,2.3514267650391547,0.12480943305176313,8,1.0872123069541197,0.023944227799615716,0.035309188484579465,0.6733606490777385,COMPLETE
615,0.8858044965786902,2026-03-23 18:01:50.291504,2026-03-23 18:01:50.569844,0 days 00:00:00.278340,0.9572807783303643,2.5447050875736905,0.1326822451810324,8,1.039362480504826,0.0809830570242198,0.042001389417578125,0.8325223386530625,COMPLETE
616,0.8866881720430108,2026-03-23 18:01:50.583882,2026-03-23 18:01:50.877129,0 days 00:00:00.293247,0.9366707184916623,1.9595656259393592,0.14670070247640768,8,1.0029049165037613,0.014493652855081564,0.06163380799134043,0.8432070044770917,COMPLETE
617,0.8862512218963832,2026-03-23 18:01:50.893166,2026-03-23 18:01:51.182860,0 days 00:00:00.289694,0.9305597802229324,1.6629488947559128,0.10434848435924368,8,1.1398881932737945,0.05626430187506525,0.02373715765019804,0.8536393673273213,COMPLETE
618,0.8857214076246335,2026-03-23 18:01:51.197763,2026-03-23 18:01:51.471642,0 days 00:00:00.273879,0.942089375910021,1.3611197214723436,0.12048198877897116,8,1.0017817058775316,0.009561470656062332,0.02799997990762897,0.9393059937058131,COMPLETE
619,0.8786539589442816,2026-03-23 18:01:51.486827,2026-03-23 18:01:51.754614,0 days 00:00:00.267787,0.9500731551166844,2.068369445097748,0.13843830532440735,7,6.442031764189878,4.097402672883706e-06,0.03328775108519666,0.9851799919737112,COMPLETE
620,0.8836666666666667,2026-03-23 18:01:51.770467,2026-03-23 18:01:52.113915,0 days 00:00:00.343448,0.9699984248253166,2.311182024815185,0.12852602782612288,5,1.2035185745370398,0.25763908428425153,0.04605150536505227,0.8386117795187276,COMPLETE
621,0.8810019550342131,2026-03-23 18:01:52.128151,2026-03-23 18:01:52.397319,0 days 00:00:00.269168,0.9610983998020555,1.9284737363058873,0.1481808547766552,8,5.180926593899571,0.02864947711468305,0.04019820452923284,0.9462144758166725,COMPLETE
622,0.8832023460410556,2026-03-23 18:01:52.412033,2026-03-23 18:01:52.697362,0 days 00:00:00.285329,0.9552402696561552,2.430348882897104,0.11225999586879368,8,1.0879875612471406,0.01727449065959557,0.02609500388787145,0.9576055252490363,COMPLETE
623,0.8845865102639294,2026-03-23 18:01:52.712560,2026-03-23 18:01:52.989444,0 days 00:00:00.276884,0.9260627766448741,2.1280151851488753,0.11842925536218965,8,1.3177857881530681,0.006307472337858398,0.05641264275864498,0.8458796616785078,COMPLETE
624,0.8850303030303032,2026-03-23 18:01:53.004587,2026-03-23 18:01:53.287559,0 days 00:00:00.282972,0.9471647253068943,2.22364874666621,0.1307040028612737,8,1.068553917343031,0.04627564223414193,0.07213371224412368,0.6446443865477561,COMPLETE
625,0.8820801564027372,2026-03-23 18:01:53.300832,2026-03-23 18:01:53.626075,0 days 00:00:00.325243,0.9386324270220192,1.8097304369171348,0.14080768396359541,4,1.1459291573440926,0.0032719893021326742,0.030283707131192553,0.8552313665931106,COMPLETE
626,0.88316715542522,2026-03-23 18:01:53.640684,2026-03-23 18:01:53.910433,0 days 00:00:00.269749,0.9615654604990881,1.7042078169751596,0.15093351408500896,8,1.1933412051438277,0.08127759380921587,0.035733714522694277,0.8610431011142194,COMPLETE
627,0.881683284457478,2026-03-23 18:01:53.923944,2026-03-23 18:01:54.200017,0 days 00:00:00.276073,0.9121987193281609,2.541090978932583,0.1040392332937402,8,1.0711171220848859,0.012339055969616068,0.019628240560685555,0.9604640660830285,COMPLETE
628,0.8846891495601172,2026-03-23 18:01:54.217673,2026-03-23 18:01:54.524289,0 days 00:00:00.306616,0.9699485107711004,1.5371950643184964,0.0910847161765595,8,1.2641452835768408,0.024144604284212327,0.0480240527567599,0.7702625600284053,COMPLETE
629,0.8861329423264906,2026-03-23 18:01:54.541160,2026-03-23 18:01:54.835037,0 days 00:00:00.293877,0.9338584933763386,2.0534241709282406,0.12165031035701517,8,1.1206245662830034,0.15310362448853165,0.02439047445063082,0.8147483098291067,COMPLETE
630,0.8871837732160314,2026-03-23 18:01:54.850100,2026-03-23 18:01:53.165706,-1 days +23:59:58.315606,0.9494935183646904,1.9142039896569998,0.11001098814228132,8,1.0496501324498557,0.04365787366976603,0.03890907407175485,0.8290033666032399,COMPLETE
631,0.8850596285434995,2026-03-23 18:01:53.179116,2026-03-23 18:01:53.504864,0 days 00:00:00.325748,0.9444569733585811,1.890269092199591,0.09750795125348737,7,1.1669330559033575,0.06430783216010763,0.055668390479314434,0.8245490098511545,COMPLETE
632,0.8827448680351907,2026-03-23 18:01:53.519586,2026-03-23 18:01:53.754560,0 days 00:00:00.234974,0.9504035986851452,1.7840632316124099,0.10788106297183286,8,1.0938366597098215,0.08969407859147574,0.04388126035420995,0.8059739121354955,COMPLETE
633,0.8855728250244379,2026-03-23 18:01:53.766354,2026-03-23 18:01:54.034954,0 days 00:00:00.268600,0.9371566377041332,1.9194748805141535,0.10465032290971389,8,1.0428760243297555,0.06309231484505856,0.03892266267505766,0.8230770545668289,COMPLETE
634,0.8878465298142718,2026-03-23 18:01:54.050781,2026-03-23 18:01:54.363379,0 days 00:00:00.312598,0.944432706579041,1.6482551099712883,0.1129711502312184,8,1.11703081146812,0.03791430108768273,0.04922432492119,0.8333625928627975,COMPLETE
635,0.8860234604105572,2026-03-23 18:01:54.376503,2026-03-23 18:01:54.692775,0 days 00:00:00.316272,0.9252961795514091,1.413840975571619,0.11187711468887028,8,1.190714996104298,0.11576189071643492,0.03873867263360736,0.8154798948961534,COMPLETE
636,0.8855425219941349,2026-03-23 18:01:54.707603,2026-03-23 18:01:55.065069,0 days 00:00:00.357466,0.9402942419248184,1.5755393908416477,0.10085355389838845,8,1.2625894941061588,0.04644879678104961,0.06303250480369847,0.832520792756907,COMPLETE
637,0.877396871945259,2026-03-23 18:01:55.078866,2026-03-23 18:01:55.455476,0 days 00:00:00.376610,0.9481966645907677,1.671290967747213,0.11127612964353241,8,1.2267814323689696,0.04290667222960173,36.30540041300246,0.8246701320954655,COMPLETE
638,0.8850078201368524,2026-03-23 18:01:55.467123,2026-03-23 18:01:55.757850,0 days 00:00:00.290727,0.9298392202048904,1.6203923532620232,0.11502375799931966,8,1.1538666040349854,0.10403645707562657,0.0341838066792803,0.8296265989116164,COMPLETE
639,0.8831231671554252,2026-03-23 18:01:55.773601,2026-03-23 18:01:56.048038,0 days 00:00:00.274437,0.9346815997823211,1.7170444563711635,0.10827739847041663,8,1.3497034864033164,0.05524569161098512,0.04588086084998253,0.9420155437481759,COMPLETE
640,0.8864672531769304,2026-03-23 18:01:56.063800,2026-03-23 18:01:56.355049,0 days 00:00:00.291249,0.9553396676055226,1.572573815876004,0.1003039007465194,8,1.1115243132776,0.19105750362464605,0.02959730783642701,0.8342657912498223,COMPLETE
641,0.8832306940371456,2026-03-23 18:01:56.370578,2026-03-23 18:01:56.633729,0 days 00:00:00.263151,0.9535230509756701,1.7311477945620353,0.12066580677524066,8,1.2143104080536606,0.0021581623223621226,0.0521199724266473,0.9730733695271643,COMPLETE
642,0.8846979472140762,2026-03-23 18:01:56.649765,2026-03-23 18:01:56.924388,0 days 00:00:00.274623,0.9234650909663509,1.7438141450569873,0.11463323466354097,8,1.1324950182602527,0.07850317112853669,0.03983733419645291,0.8100950682648488,COMPLETE
643,0.8855698924731183,2026-03-23 18:01:56.939183,2026-03-23 18:01:57.317423,0 days 00:00:00.378240,0.9424756490914612,1.8386045800625996,0.10629521378225823,8,1.0918521491389868,0.03658336272442587,0.03227333707111258,0.8387143443153788,COMPLETE
644,0.8867165200391006,2026-03-23 18:01:57.334335,2026-03-23 18:01:57.614786,0 days 00:00:00.280451,0.9482491463243672,1.641987251762459,0.09529594090872823,8,1.1650287573019549,0.05755509021726962,0.026733381154820098,0.8282048667312834,COMPLETE
645,0.8781652003910068,2026-03-23 18:01:57.630347,2026-03-23 18:01:58.048039,0 days 00:00:00.417692,0.7561252399358636,1.833031610891167,0.12065273425751691,3,4.730382958313877,0.13820727627952667,0.07476682989315446,0.8346196850878166,COMPLETE
646,0.8836510263929618,2026-03-23 18:01:58.063622,2026-03-23 18:01:58.440868,0 days 00:00:00.377246,0.9582816347149279,1.480463547718296,0.06234588135546418,8,1.2870559325270359,0.004732197779741221,0.045244068166932785,0.7886239782041023,COMPLETE
647,0.8848015640273705,2026-03-23 18:01:58.458620,2026-03-23 18:01:58.737264,0 days 00:00:00.278644,0.9158783776195812,2.657933552377215,0.11488708783091557,8,1.0448726483890778,0.033307652170529924,0.03620790626956431,0.8154325574355329,COMPLETE
648,0.8849960899315739,2026-03-23 18:01:58.755137,2026-03-23 18:01:59.032522,0 days 00:00:00.277385,0.9406648085142009,1.8040005060369433,0.10831570718069972,8,1.1208786192600204,0.08561136833644928,0.022403308996427687,0.8418474296940676,COMPLETE
649,0.8859755620723362,2026-03-23 18:01:59.045461,2026-03-23 18:01:59.358754,0 days 00:00:00.313293,0.9318518473161846,1.5310258001966863,0.12517134801940505,8,1.212718954961807,0.007177587619948578,0.053542919008954575,0.8378907613894043,COMPLETE
650,0.8859491691104594,2026-03-23 18:01:59.375574,2026-03-23 18:01:59.684585,0 days 00:00:00.309011,0.9571908315668971,1.9089306616007264,0.10138357699355645,8,1.0035319735297137,0.034107972996577585,0.029718318778413324,0.8254624442443587,COMPLETE
651,0.8852609970674485,2026-03-23 18:01:59.701872,2026-03-23 18:01:59.998220,0 days 00:00:00.296348,0.9711096338158554,1.6555925828242708,0.11784052687529464,8,1.0847402989043566,0.057244172542047604,0.04001066202229908,0.844648347415169,COMPLETE
652,0.8847360703812317,2026-03-23 18:02:00.014088,2026-03-23 18:02:00.270819,0 days 00:00:00.256731,0.9436214727583239,2.5745619479354716,0.12698639442670456,8,1.1556519056866064,0.0031310617652611917,0.02625687959992142,0.8391976105667672,COMPLETE
653,0.8820000000000001,2026-03-23 18:02:00.285624,2026-03-23 18:02:00.568498,0 days 00:00:00.282874,0.9229772355774484,4.452426335358687,0.11151725815658198,8,1.5070271513363946,0.311954944902347,0.03296866389967998,0.8305501677534483,COMPLETE
654,0.8829042033235582,2026-03-23 18:02:00.584378,2026-03-23 18:02:00.861489,0 days 00:00:00.277111,0.9341573899515861,1.98857133650761,0.11734454971934286,8,1.0495295081740916,0.010436807496181715,0.06553503004476667,0.9637195694250221,COMPLETE
655,0.8816754643206257,2026-03-23 18:02:00.877195,2026-03-23 18:02:01.194808,0 days 00:00:00.317613,0.9519377524201442,1.8494205932099042,0.09184848003521084,6,1.092225912753403,0.005288177988811729,0.017022461059229377,0.8467134835273691,COMPLETE
656,0.8861065493646139,2026-03-23 18:02:01.206543,2026-03-23 18:02:01.483932,0 days 00:00:00.277389,0.9617099504065139,1.7036156186354872,0.10727403812891867,8,1.238151098994114,0.12550294839523168,0.04548571111225475,0.8479755862548056,COMPLETE
657,0.8850879765395894,2026-03-23 18:02:01.500255,2026-03-23 18:02:01.899345,0 days 00:00:00.399090,0.9395822395329394,2.6791506477229556,0.03078400446433643,8,1.0011816697269655,0.026458186651818476,0.021057855135894213,0.8202591388186694,COMPLETE
658,0.886468230694037,2026-03-23 18:02:01.916248,2026-03-23 18:02:02.207163,0 days 00:00:00.290915,0.9475561759712586,1.937570170238077,0.12710338531557566,8,1.1382215097613622,0.04466501797454745,0.03739148966986205,0.8349621172294452,COMPLETE
659,0.8837390029325513,2026-03-23 18:02:02.221152,2026-03-23 18:02:02.505209,0 days 00:00:00.284057,0.9063611146746449,1.766169697460398,0.09825959758197299,8,1.0829440746212844,0.01692039900829382,0.05822801240959123,0.8515362794609772,COMPLETE
660,0.8844936461388074,2026-03-23 18:02:02.520187,2026-03-23 18:02:02.776131,0 days 00:00:00.255944,0.9741248383158316,2.558490396749422,0.131811602704944,8,1.4261172093420191,0.08342769458912667,0.028078862372252718,0.9710044525035937,COMPLETE
661,0.8843998044965787,2026-03-23 18:02:02.791576,2026-03-23 18:02:03.089886,0 days 00:00:00.298310,0.964528494820119,1.626301881268745,0.12151497340633519,8,1.1836239796506116,0.009740042527153953,0.0459732164792193,0.8423493182695216,COMPLETE
662,0.8856041055718475,2026-03-23 18:02:03.104730,2026-03-23 18:02:03.387372,0 days 00:00:00.282642,0.9289034764940918,1.901699913222692,0.10960262197723988,8,1.0538182747874392,0.19583021201232742,0.03139487117323719,0.8521614180537646,COMPLETE
663,0.8863040078201367,2026-03-23 18:02:03.401374,2026-03-23 18:02:03.697593,0 days 00:00:00.296219,0.9530446031970258,1.78223773930609,0.13341432206530235,8,2.1157905253592704,0.03759036884962336,0.12610285910700234,0.8311070502078356,COMPLETE
664,0.8844173998044966,2026-03-23 18:02:03.713839,2026-03-23 18:02:03.979114,0 days 00:00:00.265275,0.9387835245196179,2.481091422292395,0.1030701132500943,8,1.1225212814913608,0.0032115964918004564,0.03633228855586073,0.9303280790488212,COMPLETE
665,0.8838592375366567,2026-03-23 18:02:03.994550,2026-03-23 18:02:04.315796,0 days 00:00:00.321246,0.9169669696994226,1.3343579514381338,0.1160243522355399,8,1.0014421423544493,2.7316812751419284e-05,0.05011461409736916,0.856377047836171,COMPLETE
666,0.8847517106549363,2026-03-23 18:02:04.334638,2026-03-23 18:02:04.636962,0 days 00:00:00.302324,0.9473440663718705,2.033108535013733,0.1264651407273257,8,1.251763111937352,0.007055287528197599,0.02341883749046518,0.9486753124032472,COMPLETE
667,0.8853235581622678,2026-03-23 18:02:04.652012,2026-03-23 18:02:04.915251,0 days 00:00:00.263239,0.9599524458951081,2.8165455243120894,0.13502827846709936,8,1.1818212776122583,0.020070464900295244,0.04282963518753533,0.8476298488779108,COMPLETE
668,0.8834105571847508,2026-03-23 18:02:04.931453,2026-03-23 18:02:05.210388,0 days 00:00:00.278935,0.970799524138174,2.626127402979597,0.08806541606285831,8,1.0776853669737751,1.5337595731595123e-05,0.03320569032892484,0.8179172427028529,COMPLETE
669,0.8853704789833823,2026-03-23 18:02:05.225451,2026-03-23 18:02:05.532889,0 days 00:00:00.307438,0.9322876526350763,1.9776769602123474,0.1134543727466954,8,1.3196486275299455,0.052999046001654934,0.25760505580678095,0.8592226717445811,COMPLETE
670,0.8851358748778103,2026-03-23 18:02:05.549771,2026-03-23 18:02:05.842016,0 days 00:00:00.292245,0.9536685319345736,1.8425574961490412,0.12187234975400268,8,1.1253768111942084,0.013729715484820559,0.026255650708899958,0.8391648703805772,COMPLETE
671,0.8860860215053765,2026-03-23 18:02:05.857534,2026-03-23 18:02:06.133094,0 days 00:00:00.275560,0.9429030752911928,1.7112072203287036,0.13763416991668853,8,1.0594243260829468,0.0018150466017496764,0.058175971856719945,0.8506535893979417,COMPLETE
672,0.8755669599217986,2026-03-23 18:02:06.148189,2026-03-23 18:02:06.403756,0 days 00:00:00.255567,0.9358123316090052,2.080558103048884,0.02314451088454092,8,1.1771583849935625,0.004577205651135414,0.018917132522438374,0.8660221460360208,COMPLETE
673,0.88452688172043,2026-03-23 18:02:06.418663,2026-03-23 18:02:06.721667,0 days 00:00:00.303004,0.9653149447253446,2.7240556831627982,0.09715101642417144,8,1.117134298770132,0.07973294890190787,0.03931278694889935,0.8407362797401383,COMPLETE
674,0.8843567937438905,2026-03-23 18:02:06.736856,2026-03-23 18:02:07.010632,0 days 00:00:00.273776,0.9235241322280888,1.4838710044061412,0.10467251460190789,8,1.0401214172390714,0.46201552791791256,0.03121826645764067,0.827214884485813,COMPLETE
675,0.8867106549364613,2026-03-23 18:02:07.025816,2026-03-23 18:02:07.289807,0 days 00:00:00.263991,0.9747435395646004,2.4625464428050248,0.12889335381713515,8,1.2313444042704467,0.028873798791131635,0.023982102897679623,0.854681838719885,COMPLETE
676,0.8870537634408603,2026-03-23 18:02:07.305162,2026-03-23 18:02:07.608798,0 days 00:00:00.303636,0.9559185541843367,1.9105207224019063,0.11814077846571126,8,1.0454014575291808,0.14315406312875428,0.050758641361442314,0.8456884199626501,COMPLETE
677,0.8790772238514174,2026-03-23 18:02:07.623541,2026-03-23 18:02:07.881117,0 days 00:00:00.257576,0.9474432906327063,2.5510856896859617,0.1428730238609988,8,1.1311016437837977,0.00707663062353099,0.036858548556779704,0.613578222210597,COMPLETE
678,0.884991202346041,2026-03-23 18:02:07.895129,2026-03-23 18:02:08.205740,0 days 00:00:00.310611,0.9627496799388566,1.6128910637907854,0.1126735452404453,8,1.081140003886337,0.01965289580793697,0.06977590903283597,0.8626691502331577,COMPLETE
679,0.8834486803519063,2026-03-23 18:02:08.221718,2026-03-23 18:02:08.569807,0 days 00:00:00.348089,0.8958319374905795,1.7887132295782189,0.1065349240869523,8,1.1766598137315958,0.03536926687784296,5.684858152808361,0.8582118336321574,COMPLETE
680,0.8821163245356793,2026-03-23 18:02:08.585025,2026-03-23 18:02:08.912346,0 days 00:00:00.327321,0.9388409749635804,2.1064501047843036,0.12383326925876029,5,2.807665833920057,0.06179269703454877,0.028835262046377826,0.8680378583989822,COMPLETE
681,0.8868778103616812,2026-03-23 18:02:08.928700,2026-03-23 18:02:09.204947,0 days 00:00:00.276247,0.9477661041051111,1.9608085718056798,0.13393522993407944,8,1.001198642654294,0.10247684157288034,0.043126638382328025,0.8321000024628746,COMPLETE
682,0.8863567937438905,2026-03-23 18:02:09.219892,2026-03-23 18:02:09.484756,0 days 00:00:00.264864,0.9284930442302228,2.38011566709387,0.14195146107337292,8,1.2824602054906453,0.009577750677799573,0.08995230864707278,0.850950340910086,COMPLETE
683,0.8706197458455524,2026-03-23 18:02:09.496599,2026-03-23 18:02:09.734431,0 days 00:00:00.237832,0.9733762516866302,2.6795217559909523,0.011864181289605872,8,7.441405361970086,0.014701964091621828,0.034563727073869836,0.7970607371571422,COMPLETE
684,0.8859657869012707,2026-03-23 18:02:09.746365,2026-03-23 18:02:10.048425,0 days 00:00:00.302060,0.9559721259329977,1.2257004393179605,0.11653856259360248,8,1.0870655496406911,0.000632097257230742,0.02252866636742414,0.8420232859698515,COMPLETE
685,0.8849980449657868,2026-03-23 18:02:10.062481,2026-03-23 18:02:10.362603,0 days 00:00:00.300122,0.9413863114799307,1.8539747706280814,0.12815503006343942,8,1.0002417675139383,0.004904411556098937,0.05175529119897377,0.905555050529059,COMPLETE
686,0.8843176930596286,2026-03-23 18:02:10.374717,2026-03-23 18:02:10.670543,0 days 00:00:00.295826,0.9188595165171632,1.709931118782428,0.10789726116356511,8,1.1377650426448622,0.04860790692906388,0.02819920330545616,0.8656593931305403,COMPLETE
687,0.8863225806451613,2026-03-23 18:02:10.684773,2026-03-23 18:02:10.973125,0 days 00:00:00.288352,0.9294821703565854,2.1542678811824505,0.09943028383483925,8,1.210418988902888,0.002682354041298381,0.04126622689773808,0.8578088690193749,COMPLETE
688,0.8834780058651026,2026-03-23 18:02:10.987246,2026-03-23 18:02:11.274076,0 days 00:00:00.286830,0.9613237946673616,2.567085222231655,0.07441821106953703,8,1.049604429399058,0.022279289703892903,0.1896329195382601,0.922178697169718,COMPLETE
689,0.8862160312805474,2026-03-23 18:02:11.289509,2026-03-23 18:02:11.575631,0 days 00:00:00.286122,0.9492996543478005,2.0335779203759543,0.15342863208143429,8,1.114718549055717,0.030153838740281384,0.03578429789099271,0.8358659475072644,COMPLETE
690,0.8850664711632454,2026-03-23 18:02:11.592863,2026-03-23 18:02:11.861187,0 days 00:00:00.268324,0.9771553901076393,2.458546649261418,0.1344294997695386,8,1.0436142194796918,0.2252133922150589,0.0616984429199093,0.8730042601284189,COMPLETE
691,0.8846353861192571,2026-03-23 18:02:11.877827,2026-03-23 18:02:12.163319,0 days 00:00:00.285492,0.7065650778268656,1.5674096757002731,0.09430908292728848,8,1.1680067092085071,0.06366071336472795,0.030883994730819337,0.8464913453076107,COMPLETE
692,0.8872482893450635,2026-03-23 18:02:12.178011,2026-03-23 18:02:12.501318,0 days 00:00:00.323307,0.9686680165698563,1.8963044924636394,0.12120885541121186,8,1.3370017713790572,0.10595747726538732,0.01942723473416581,0.8634185170372113,COMPLETE
693,0.8857145650048875,2026-03-23 18:02:12.515705,2026-03-23 18:02:12.795980,0 days 00:00:00.280275,0.9688313366301787,1.9065108023847956,0.11253769921415362,8,1.0798700807025265,0.14206470380754022,0.017382202952043072,0.8761361054151998,COMPLETE
694,0.8843343108504399,2026-03-23 18:02:12.811210,2026-03-23 18:02:13.106652,0 days 00:00:00.295442,0.6618684491719354,1.808259574836534,0.11975840162272255,8,1.0005296706778048,0.10842378544634318,0.01397674274198137,0.8663526299775823,COMPLETE
695,0.8798191593352884,2026-03-23 18:02:13.121790,2026-03-23 18:02:13.406744,0 days 00:00:00.284954,0.9792403513265582,1.9520457264923705,0.12155276174909296,8,9.922810327469977,0.22579987570745236,0.015631426793696366,0.8825940373902029,COMPLETE
696,0.8865650048875855,2026-03-23 18:02:13.421236,2026-03-23 18:02:13.704283,0 days 00:00:00.283047,0.9708984732972021,2.0092925564762014,0.1052251669656131,8,2.339683693335243,0.1667100476602232,0.022020918561551264,0.8935394596754686,COMPLETE
697,0.8722414467253177,2026-03-23 18:02:13.720985,2026-03-23 18:02:14.071259,0 days 00:00:00.350274,0.9656839851168877,1.7596735613272918,0.010340092449456476,7,1.3487874038216068,0.09004453590404957,0.016642765748410008,0.8214356720225566,COMPLETE
698,0.8853509286412511,2026-03-23 18:02:14.086419,2026-03-23 18:02:14.368189,0 days 00:00:00.281770,0.9757212383656848,1.8593445236995603,0.11219744505126575,8,1.1118917212045454,0.07426291225696378,0.01198165142703884,0.8091437577387683,COMPLETE
699,0.8836314760508308,2026-03-23 18:02:14.383517,2026-03-23 18:02:14.696712,0 days 00:00:00.313195,0.9611435032380886,1.6676254375486945,0.11890106586172049,8,1.2034834348856116,0.054566725572853164,0.021244138749392457,0.8614603327045678,COMPLETE
700,0.8839667644183774,2026-03-23 18:02:14.710791,2026-03-23 18:02:14.990956,0 days 00:00:00.280165,0.963945151478953,2.0588410600450713,0.10144431991469274,8,1.0506743520509503,0.10990102537041703,0.01835270221628975,0.8694370583017402,COMPLETE
701,0.885099706744868,2026-03-23 18:02:15.006863,2026-03-23 18:02:15.291181,0 days 00:00:00.284318,0.9543765928202769,1.8939582080777955,0.12626373770754146,8,1.148506146289162,0.397020413521233,0.024928386779882766,0.7535729069671269,COMPLETE
